2020-04-28 08:56:01,926 - elsapy.elsclient - INFO - Module loaded.
2020-04-28 08:56:01,928 - elsapy.elsentity - INFO - Module loaded.
2020-04-28 08:56:01,929 - elsapy.utils - INFO - Module loaded.
2020-04-28 08:56:01,930 - elsapy.elsprofile - INFO - Module loaded.
2020-04-28 08:56:01,931 - elsapy.elsdoc - INFO - Module loaded.
2020-04-28 08:56:01,932 - elsapy.elssearch - INFO - Module loaded.
2020-04-28 08:56:19,266 - elsapy.elsclient - INFO - Module loaded.
2020-04-28 08:56:19,267 - elsapy.elsentity - INFO - Module loaded.
2020-04-28 08:56:19,268 - elsapy.utils - INFO - Module loaded.
2020-04-28 08:56:19,268 - elsapy.elsprofile - INFO - Module loaded.
2020-04-28 08:56:19,269 - elsapy.elsdoc - INFO - Module loaded.
2020-04-28 08:56:19,270 - elsapy.elssearch - INFO - Module loaded.
2020-04-28 09:10:35,341 - elsapy.elsclient - INFO - Module loaded.
2020-04-28 09:10:35,343 - elsapy.elsentity - INFO - Module loaded.
2020-04-28 09:10:35,343 - elsapy.utils - INFO - Module loaded.
2020-04-28 09:10:35,344 - elsapy.elsprofile - INFO - Module loaded.
2020-04-28 09:10:35,344 - elsapy.elsdoc - INFO - Module loaded.
2020-04-28 09:10:35,345 - elsapy.elssearch - INFO - Module loaded.
2020-04-28 16:38:17,941 - elsapy.elsclient - INFO - Module loaded.
2020-04-28 16:38:17,943 - elsapy.elsentity - INFO - Module loaded.
2020-04-28 16:38:17,944 - elsapy.utils - INFO - Module loaded.
2020-04-28 16:38:17,944 - elsapy.elsprofile - INFO - Module loaded.
2020-04-28 16:38:17,945 - elsapy.elsdoc - INFO - Module loaded.
2020-04-28 16:38:17,946 - elsapy.elssearch - INFO - Module loaded.
2020-04-28 16:38:32,672 - elsapy.elsclient - INFO - Module loaded.
2020-04-28 16:38:32,673 - elsapy.elsentity - INFO - Module loaded.
2020-04-28 16:38:32,674 - elsapy.utils - INFO - Module loaded.
2020-04-28 16:38:32,675 - elsapy.elsprofile - INFO - Module loaded.
2020-04-28 16:38:32,675 - elsapy.elsdoc - INFO - Module loaded.
2020-04-28 16:38:32,676 - elsapy.elssearch - INFO - Module loaded.
2020-04-28 16:42:58,049 - elsapy.elsclient - INFO - Module loaded.
2020-04-28 16:42:58,051 - elsapy.elsentity - INFO - Module loaded.
2020-04-28 16:42:58,052 - elsapy.utils - INFO - Module loaded.
2020-04-28 16:42:58,052 - elsapy.elsprofile - INFO - Module loaded.
2020-04-28 16:42:58,053 - elsapy.elsdoc - INFO - Module loaded.
2020-04-28 16:42:58,055 - elsapy.elssearch - INFO - Module loaded.
2020-04-28 16:43:23,001 - elsapy.elsclient - INFO - Module loaded.
2020-04-28 16:43:23,002 - elsapy.elsentity - INFO - Module loaded.
2020-04-28 16:43:23,003 - elsapy.utils - INFO - Module loaded.
2020-04-28 16:43:23,003 - elsapy.elsprofile - INFO - Module loaded.
2020-04-28 16:43:23,004 - elsapy.elsdoc - INFO - Module loaded.
2020-04-28 16:43:23,005 - elsapy.elssearch - INFO - Module loaded.
2020-04-28 16:43:48,027 - elsapy.elsclient - INFO - Module loaded.
2020-04-28 16:43:48,028 - elsapy.elsentity - INFO - Module loaded.
2020-04-28 16:43:48,029 - elsapy.utils - INFO - Module loaded.
2020-04-28 16:43:48,029 - elsapy.elsprofile - INFO - Module loaded.
2020-04-28 16:43:48,030 - elsapy.elsdoc - INFO - Module loaded.
2020-04-28 16:43:48,031 - elsapy.elssearch - INFO - Module loaded.
2020-04-28 16:48:54,952 - elsapy.elsclient - INFO - Module loaded.
2020-04-28 16:48:54,954 - elsapy.elsentity - INFO - Module loaded.
2020-04-28 16:48:54,955 - elsapy.utils - INFO - Module loaded.
2020-04-28 16:48:54,955 - elsapy.elsprofile - INFO - Module loaded.
2020-04-28 16:48:54,956 - elsapy.elsdoc - INFO - Module loaded.
2020-04-28 16:48:54,957 - elsapy.elssearch - INFO - Module loaded.
2020-04-28 16:50:33,123 - elsapy.elsclient - INFO - Module loaded.
2020-04-28 16:50:33,125 - elsapy.elsentity - INFO - Module loaded.
2020-04-28 16:50:33,125 - elsapy.utils - INFO - Module loaded.
2020-04-28 16:50:33,126 - elsapy.elsprofile - INFO - Module loaded.
2020-04-28 16:50:33,126 - elsapy.elsdoc - INFO - Module loaded.
2020-04-28 16:50:33,127 - elsapy.elssearch - INFO - Module loaded.
2020-04-28 16:51:37,821 - elsapy.elsclient - INFO - Module loaded.
2020-04-28 16:51:37,822 - elsapy.elsentity - INFO - Module loaded.
2020-04-28 16:51:37,823 - elsapy.utils - INFO - Module loaded.
2020-04-28 16:51:37,823 - elsapy.elsprofile - INFO - Module loaded.
2020-04-28 16:51:37,824 - elsapy.elsdoc - INFO - Module loaded.
2020-04-28 16:51:37,825 - elsapy.elssearch - INFO - Module loaded.
2020-04-28 16:54:02,894 - elsapy.elsclient - INFO - Module loaded.
2020-04-28 16:54:02,896 - elsapy.elsentity - INFO - Module loaded.
2020-04-28 16:54:02,897 - elsapy.utils - INFO - Module loaded.
2020-04-28 16:54:02,898 - elsapy.elsprofile - INFO - Module loaded.
2020-04-28 16:54:02,899 - elsapy.elsdoc - INFO - Module loaded.
2020-04-28 16:54:02,900 - elsapy.elssearch - INFO - Module loaded.
2020-04-28 16:59:19,065 - elsapy.elsclient - INFO - Module loaded.
2020-04-28 16:59:19,067 - elsapy.elsentity - INFO - Module loaded.
2020-04-28 16:59:19,074 - elsapy.utils - INFO - Module loaded.
2020-04-28 16:59:19,074 - elsapy.elsprofile - INFO - Module loaded.
2020-04-28 16:59:19,075 - elsapy.elsdoc - INFO - Module loaded.
2020-04-28 16:59:19,076 - elsapy.elssearch - INFO - Module loaded.
