2020-04-10 08:54:49,160 - elsapy.elsclient - INFO - Module loaded.
2020-04-10 08:54:49,163 - elsapy.elsentity - INFO - Module loaded.
2020-04-10 08:54:49,165 - elsapy.utils - INFO - Module loaded.
2020-04-10 08:54:49,166 - elsapy.elsprofile - INFO - Module loaded.
2020-04-10 08:54:49,168 - elsapy.elsdoc - INFO - Module loaded.
2020-04-10 08:54:49,169 - elsapy.elssearch - INFO - Module loaded.
2020-04-10 08:55:13,698 - elsapy.elsclient - INFO - Module loaded.
2020-04-10 08:55:13,700 - elsapy.elsentity - INFO - Module loaded.
2020-04-10 08:55:13,702 - elsapy.utils - INFO - Module loaded.
2020-04-10 08:55:13,708 - elsapy.elsprofile - INFO - Module loaded.
2020-04-10 08:55:13,710 - elsapy.elsdoc - INFO - Module loaded.
2020-04-10 08:55:13,711 - elsapy.elssearch - INFO - Module loaded.
2020-04-10 09:07:09,663 - elsapy.elsclient - INFO - Module loaded.
2020-04-10 09:07:09,664 - elsapy.elsentity - INFO - Module loaded.
2020-04-10 09:07:09,665 - elsapy.utils - INFO - Module loaded.
2020-04-10 09:07:09,665 - elsapy.elsprofile - INFO - Module loaded.
2020-04-10 09:07:09,666 - elsapy.elsdoc - INFO - Module loaded.
2020-04-10 09:07:09,667 - elsapy.elssearch - INFO - Module loaded.
2020-04-10 09:07:44,447 - elsapy.elsclient - INFO - Module loaded.
2020-04-10 09:07:44,448 - elsapy.elsentity - INFO - Module loaded.
2020-04-10 09:07:44,449 - elsapy.utils - INFO - Module loaded.
2020-04-10 09:07:44,449 - elsapy.elsprofile - INFO - Module loaded.
2020-04-10 09:07:44,451 - elsapy.elsdoc - INFO - Module loaded.
2020-04-10 09:07:44,451 - elsapy.elssearch - INFO - Module loaded.
2020-04-10 09:08:15,341 - elsapy.elsclient - INFO - Module loaded.
2020-04-10 09:08:15,342 - elsapy.elsentity - INFO - Module loaded.
2020-04-10 09:08:15,343 - elsapy.utils - INFO - Module loaded.
2020-04-10 09:08:15,343 - elsapy.elsprofile - INFO - Module loaded.
2020-04-10 09:08:15,344 - elsapy.elsdoc - INFO - Module loaded.
2020-04-10 09:08:15,345 - elsapy.elssearch - INFO - Module loaded.
2020-04-10 09:10:41,371 - elsapy.elsclient - INFO - Module loaded.
2020-04-10 09:10:41,373 - elsapy.elsentity - INFO - Module loaded.
2020-04-10 09:10:41,374 - elsapy.utils - INFO - Module loaded.
2020-04-10 09:10:41,374 - elsapy.elsprofile - INFO - Module loaded.
2020-04-10 09:10:41,375 - elsapy.elsdoc - INFO - Module loaded.
2020-04-10 09:10:41,376 - elsapy.elssearch - INFO - Module loaded.
2020-04-10 09:19:08,405 - elsapy.elsclient - INFO - Module loaded.
2020-04-10 09:19:08,406 - elsapy.elsentity - INFO - Module loaded.
2020-04-10 09:19:08,407 - elsapy.utils - INFO - Module loaded.
2020-04-10 09:19:08,408 - elsapy.elsprofile - INFO - Module loaded.
2020-04-10 09:19:08,409 - elsapy.elsdoc - INFO - Module loaded.
2020-04-10 09:19:08,410 - elsapy.elssearch - INFO - Module loaded.
2020-04-10 09:26:57,036 - elsapy.elsclient - INFO - Module loaded.
2020-04-10 09:26:57,037 - elsapy.elsentity - INFO - Module loaded.
2020-04-10 09:26:57,038 - elsapy.utils - INFO - Module loaded.
2020-04-10 09:26:57,038 - elsapy.elsprofile - INFO - Module loaded.
2020-04-10 09:26:57,039 - elsapy.elsdoc - INFO - Module loaded.
2020-04-10 09:26:57,041 - elsapy.elssearch - INFO - Module loaded.
2020-04-10 09:30:58,641 - elsapy.elsclient - INFO - Module loaded.
2020-04-10 09:30:58,642 - elsapy.elsentity - INFO - Module loaded.
2020-04-10 09:30:58,643 - elsapy.utils - INFO - Module loaded.
2020-04-10 09:30:58,644 - elsapy.elsprofile - INFO - Module loaded.
2020-04-10 09:30:58,645 - elsapy.elsdoc - INFO - Module loaded.
2020-04-10 09:30:58,646 - elsapy.elssearch - INFO - Module loaded.
2020-04-10 09:32:39,765 - elsapy.elsclient - INFO - Module loaded.
2020-04-10 09:32:39,767 - elsapy.elsentity - INFO - Module loaded.
2020-04-10 09:32:39,768 - elsapy.utils - INFO - Module loaded.
2020-04-10 09:32:39,768 - elsapy.elsprofile - INFO - Module loaded.
2020-04-10 09:32:39,769 - elsapy.elsdoc - INFO - Module loaded.
2020-04-10 09:32:39,770 - elsapy.elssearch - INFO - Module loaded.
2020-04-10 09:33:47,788 - elsapy.elsclient - INFO - Module loaded.
2020-04-10 09:33:47,790 - elsapy.elsentity - INFO - Module loaded.
2020-04-10 09:33:47,791 - elsapy.utils - INFO - Module loaded.
2020-04-10 09:33:47,791 - elsapy.elsprofile - INFO - Module loaded.
2020-04-10 09:33:47,792 - elsapy.elsdoc - INFO - Module loaded.
2020-04-10 09:33:47,793 - elsapy.elssearch - INFO - Module loaded.
2020-04-10 09:34:07,270 - elsapy.elsclient - INFO - Module loaded.
2020-04-10 09:34:07,272 - elsapy.elsentity - INFO - Module loaded.
2020-04-10 09:34:07,273 - elsapy.utils - INFO - Module loaded.
2020-04-10 09:34:07,273 - elsapy.elsprofile - INFO - Module loaded.
2020-04-10 09:34:07,274 - elsapy.elsdoc - INFO - Module loaded.
2020-04-10 09:34:07,275 - elsapy.elssearch - INFO - Module loaded.
2020-04-10 09:34:44,804 - elsapy.elsclient - INFO - Module loaded.
2020-04-10 09:34:44,806 - elsapy.elsentity - INFO - Module loaded.
2020-04-10 09:34:44,806 - elsapy.utils - INFO - Module loaded.
2020-04-10 09:34:44,807 - elsapy.elsprofile - INFO - Module loaded.
2020-04-10 09:34:44,808 - elsapy.elsdoc - INFO - Module loaded.
2020-04-10 09:34:44,809 - elsapy.elssearch - INFO - Module loaded.
2020-04-10 09:41:14,362 - elsapy.elsclient - INFO - Module loaded.
2020-04-10 09:41:14,364 - elsapy.elsentity - INFO - Module loaded.
2020-04-10 09:41:14,365 - elsapy.utils - INFO - Module loaded.
2020-04-10 09:41:14,365 - elsapy.elsprofile - INFO - Module loaded.
2020-04-10 09:41:14,366 - elsapy.elsdoc - INFO - Module loaded.
2020-04-10 09:41:14,367 - elsapy.elssearch - INFO - Module loaded.
2020-04-10 09:46:20,752 - elsapy.elsclient - INFO - Module loaded.
2020-04-10 09:46:20,753 - elsapy.elsentity - INFO - Module loaded.
2020-04-10 09:46:20,754 - elsapy.utils - INFO - Module loaded.
2020-04-10 09:46:20,755 - elsapy.elsprofile - INFO - Module loaded.
2020-04-10 09:46:20,756 - elsapy.elsdoc - INFO - Module loaded.
2020-04-10 09:46:20,757 - elsapy.elssearch - INFO - Module loaded.
2020-04-10 14:19:09,309 - elsapy.elsclient - INFO - Module loaded.
2020-04-10 14:19:09,312 - elsapy.elsentity - INFO - Module loaded.
2020-04-10 14:19:09,313 - elsapy.utils - INFO - Module loaded.
2020-04-10 14:19:09,314 - elsapy.elsprofile - INFO - Module loaded.
2020-04-10 14:19:09,315 - elsapy.elsdoc - INFO - Module loaded.
2020-04-10 14:19:09,316 - elsapy.elssearch - INFO - Module loaded.
2020-04-10 14:24:44,808 - elsapy.elsclient - INFO - Module loaded.
2020-04-10 14:24:44,810 - elsapy.elsentity - INFO - Module loaded.
2020-04-10 14:24:44,811 - elsapy.utils - INFO - Module loaded.
2020-04-10 14:24:44,811 - elsapy.elsprofile - INFO - Module loaded.
2020-04-10 14:24:44,812 - elsapy.elsdoc - INFO - Module loaded.
2020-04-10 14:24:44,813 - elsapy.elssearch - INFO - Module loaded.
2020-04-10 14:32:39,205 - elsapy.elsclient - INFO - Module loaded.
2020-04-10 14:32:39,206 - elsapy.elsentity - INFO - Module loaded.
2020-04-10 14:32:39,207 - elsapy.utils - INFO - Module loaded.
2020-04-10 14:32:39,208 - elsapy.elsprofile - INFO - Module loaded.
2020-04-10 14:32:39,209 - elsapy.elsdoc - INFO - Module loaded.
2020-04-10 14:32:39,210 - elsapy.elssearch - INFO - Module loaded.
2020-04-10 14:37:36,494 - elsapy.elsclient - INFO - Module loaded.
2020-04-10 14:37:36,495 - elsapy.elsentity - INFO - Module loaded.
2020-04-10 14:37:36,496 - elsapy.utils - INFO - Module loaded.
2020-04-10 14:37:36,496 - elsapy.elsprofile - INFO - Module loaded.
2020-04-10 14:37:36,497 - elsapy.elsdoc - INFO - Module loaded.
2020-04-10 14:37:36,498 - elsapy.elssearch - INFO - Module loaded.
2020-04-10 14:38:53,798 - elsapy.elsclient - INFO - Module loaded.
2020-04-10 14:38:53,800 - elsapy.elsentity - INFO - Module loaded.
2020-04-10 14:38:53,801 - elsapy.utils - INFO - Module loaded.
2020-04-10 14:38:53,801 - elsapy.elsprofile - INFO - Module loaded.
2020-04-10 14:38:53,802 - elsapy.elsdoc - INFO - Module loaded.
2020-04-10 14:38:53,803 - elsapy.elssearch - INFO - Module loaded.
2020-04-10 14:45:16,297 - elsapy.elsclient - INFO - Module loaded.
2020-04-10 14:45:16,298 - elsapy.elsentity - INFO - Module loaded.
2020-04-10 14:45:16,299 - elsapy.utils - INFO - Module loaded.
2020-04-10 14:45:16,300 - elsapy.elsprofile - INFO - Module loaded.
2020-04-10 14:45:16,301 - elsapy.elsdoc - INFO - Module loaded.
2020-04-10 14:45:16,302 - elsapy.elssearch - INFO - Module loaded.
2020-04-10 14:46:56,275 - elsapy.elsclient - INFO - Module loaded.
2020-04-10 14:46:56,277 - elsapy.elsentity - INFO - Module loaded.
2020-04-10 14:46:56,278 - elsapy.utils - INFO - Module loaded.
2020-04-10 14:46:56,278 - elsapy.elsprofile - INFO - Module loaded.
2020-04-10 14:46:56,279 - elsapy.elsdoc - INFO - Module loaded.
2020-04-10 14:46:56,280 - elsapy.elssearch - INFO - Module loaded.
2020-04-10 14:49:37,185 - elsapy.elsclient - INFO - Module loaded.
2020-04-10 14:49:37,187 - elsapy.elsentity - INFO - Module loaded.
2020-04-10 14:49:37,188 - elsapy.utils - INFO - Module loaded.
2020-04-10 14:49:37,188 - elsapy.elsprofile - INFO - Module loaded.
2020-04-10 14:49:37,189 - elsapy.elsdoc - INFO - Module loaded.
2020-04-10 14:49:37,190 - elsapy.elssearch - INFO - Module loaded.
2020-04-10 14:51:53,310 - elsapy.elsclient - INFO - Module loaded.
2020-04-10 14:51:53,312 - elsapy.elsentity - INFO - Module loaded.
2020-04-10 14:51:53,313 - elsapy.utils - INFO - Module loaded.
2020-04-10 14:51:53,313 - elsapy.elsprofile - INFO - Module loaded.
2020-04-10 14:51:53,314 - elsapy.elsdoc - INFO - Module loaded.
2020-04-10 14:51:53,315 - elsapy.elssearch - INFO - Module loaded.
2020-04-10 14:52:19,249 - elsapy.elsclient - INFO - Module loaded.
2020-04-10 14:52:19,250 - elsapy.elsentity - INFO - Module loaded.
2020-04-10 14:52:19,252 - elsapy.utils - INFO - Module loaded.
2020-04-10 14:52:19,252 - elsapy.elsprofile - INFO - Module loaded.
2020-04-10 14:52:19,254 - elsapy.elsdoc - INFO - Module loaded.
2020-04-10 14:52:19,255 - elsapy.elssearch - INFO - Module loaded.
2020-04-10 15:30:39,646 - elsapy.elsclient - INFO - Module loaded.
2020-04-10 15:30:39,647 - elsapy.elsentity - INFO - Module loaded.
2020-04-10 15:30:39,648 - elsapy.utils - INFO - Module loaded.
2020-04-10 15:30:39,648 - elsapy.elsprofile - INFO - Module loaded.
2020-04-10 15:30:39,649 - elsapy.elsdoc - INFO - Module loaded.
2020-04-10 15:30:39,650 - elsapy.elssearch - INFO - Module loaded.
2020-04-10 15:30:59,594 - elsapy.elsclient - INFO - Module loaded.
2020-04-10 15:30:59,596 - elsapy.elsentity - INFO - Module loaded.
2020-04-10 15:30:59,597 - elsapy.utils - INFO - Module loaded.
2020-04-10 15:30:59,597 - elsapy.elsprofile - INFO - Module loaded.
2020-04-10 15:30:59,598 - elsapy.elsdoc - INFO - Module loaded.
2020-04-10 15:30:59,599 - elsapy.elssearch - INFO - Module loaded.
2020-04-10 15:32:06,668 - elsapy.elsclient - INFO - Module loaded.
2020-04-10 15:32:06,671 - elsapy.elsentity - INFO - Module loaded.
2020-04-10 15:32:06,673 - elsapy.utils - INFO - Module loaded.
2020-04-10 15:32:06,673 - elsapy.elsprofile - INFO - Module loaded.
2020-04-10 15:32:06,675 - elsapy.elsdoc - INFO - Module loaded.
2020-04-10 15:32:06,677 - elsapy.elssearch - INFO - Module loaded.
2020-04-10 15:35:13,071 - elsapy.elsclient - INFO - Module loaded.
2020-04-10 15:35:13,074 - elsapy.elsentity - INFO - Module loaded.
2020-04-10 15:35:13,075 - elsapy.utils - INFO - Module loaded.
2020-04-10 15:35:13,075 - elsapy.elsprofile - INFO - Module loaded.
2020-04-10 15:35:13,077 - elsapy.elsdoc - INFO - Module loaded.
2020-04-10 15:35:13,078 - elsapy.elssearch - INFO - Module loaded.
2020-04-10 15:41:07,178 - elsapy.elsclient - INFO - Module loaded.
2020-04-10 15:41:07,180 - elsapy.elsentity - INFO - Module loaded.
2020-04-10 15:41:07,181 - elsapy.utils - INFO - Module loaded.
2020-04-10 15:41:07,181 - elsapy.elsprofile - INFO - Module loaded.
2020-04-10 15:41:07,182 - elsapy.elsdoc - INFO - Module loaded.
2020-04-10 15:41:07,183 - elsapy.elssearch - INFO - Module loaded.
2020-04-10 15:42:04,084 - elsapy.elsclient - INFO - Module loaded.
2020-04-10 15:42:04,086 - elsapy.elsentity - INFO - Module loaded.
2020-04-10 15:42:04,087 - elsapy.utils - INFO - Module loaded.
2020-04-10 15:42:04,087 - elsapy.elsprofile - INFO - Module loaded.
2020-04-10 15:42:04,088 - elsapy.elsdoc - INFO - Module loaded.
2020-04-10 15:42:04,090 - elsapy.elssearch - INFO - Module loaded.
2020-04-10 15:42:21,935 - elsapy.elsclient - INFO - Module loaded.
2020-04-10 15:42:21,937 - elsapy.elsentity - INFO - Module loaded.
2020-04-10 15:42:21,938 - elsapy.utils - INFO - Module loaded.
2020-04-10 15:42:21,938 - elsapy.elsprofile - INFO - Module loaded.
2020-04-10 15:42:21,939 - elsapy.elsdoc - INFO - Module loaded.
2020-04-10 15:42:21,940 - elsapy.elssearch - INFO - Module loaded.
2020-04-10 15:50:33,934 - elsapy.elsclient - INFO - Module loaded.
2020-04-10 15:50:33,936 - elsapy.elsentity - INFO - Module loaded.
2020-04-10 15:50:33,936 - elsapy.utils - INFO - Module loaded.
2020-04-10 15:50:33,937 - elsapy.elsprofile - INFO - Module loaded.
2020-04-10 15:50:33,938 - elsapy.elsdoc - INFO - Module loaded.
2020-04-10 15:50:33,939 - elsapy.elssearch - INFO - Module loaded.
2020-04-10 15:51:08,270 - elsapy.elsclient - INFO - Module loaded.
2020-04-10 15:51:08,271 - elsapy.elsentity - INFO - Module loaded.
2020-04-10 15:51:08,272 - elsapy.utils - INFO - Module loaded.
2020-04-10 15:51:08,272 - elsapy.elsprofile - INFO - Module loaded.
2020-04-10 15:51:08,273 - elsapy.elsdoc - INFO - Module loaded.
2020-04-10 15:51:08,274 - elsapy.elssearch - INFO - Module loaded.
2020-04-10 16:00:18,509 - elsapy.elsclient - INFO - Module loaded.
2020-04-10 16:00:18,511 - elsapy.elsentity - INFO - Module loaded.
2020-04-10 16:00:18,512 - elsapy.utils - INFO - Module loaded.
2020-04-10 16:00:18,512 - elsapy.elsprofile - INFO - Module loaded.
2020-04-10 16:00:18,513 - elsapy.elsdoc - INFO - Module loaded.
2020-04-10 16:00:18,515 - elsapy.elssearch - INFO - Module loaded.
2020-04-10 16:33:40,981 - elsapy.elsclient - INFO - Module loaded.
2020-04-10 16:33:40,983 - elsapy.elsentity - INFO - Module loaded.
2020-04-10 16:33:40,984 - elsapy.utils - INFO - Module loaded.
2020-04-10 16:33:40,984 - elsapy.elsprofile - INFO - Module loaded.
2020-04-10 16:33:40,986 - elsapy.elsdoc - INFO - Module loaded.
2020-04-10 16:33:40,987 - elsapy.elssearch - INFO - Module loaded.
2020-04-10 16:43:21,332 - elsapy.elsclient - INFO - Module loaded.
2020-04-10 16:43:21,333 - elsapy.elsentity - INFO - Module loaded.
2020-04-10 16:43:21,334 - elsapy.utils - INFO - Module loaded.
2020-04-10 16:43:21,335 - elsapy.elsprofile - INFO - Module loaded.
2020-04-10 16:43:21,336 - elsapy.elsdoc - INFO - Module loaded.
2020-04-10 16:43:21,337 - elsapy.elssearch - INFO - Module loaded.
2020-04-10 17:01:42,822 - elsapy.elsclient - INFO - Module loaded.
2020-04-10 17:01:42,823 - elsapy.elsentity - INFO - Module loaded.
2020-04-10 17:01:42,825 - elsapy.utils - INFO - Module loaded.
2020-04-10 17:01:42,826 - elsapy.elsprofile - INFO - Module loaded.
2020-04-10 17:01:42,827 - elsapy.elsdoc - INFO - Module loaded.
2020-04-10 17:01:42,828 - elsapy.elssearch - INFO - Module loaded.
