2020-04-22 08:54:49,824 - elsapy.elsclient - INFO - Module loaded.
2020-04-22 08:54:49,826 - elsapy.elsentity - INFO - Module loaded.
2020-04-22 08:54:49,827 - elsapy.utils - INFO - Module loaded.
2020-04-22 08:54:49,827 - elsapy.elsprofile - INFO - Module loaded.
2020-04-22 08:54:49,828 - elsapy.elsdoc - INFO - Module loaded.
2020-04-22 08:54:49,829 - elsapy.elssearch - INFO - Module loaded.
2020-04-22 08:59:51,274 - elsapy.elsclient - INFO - Module loaded.
2020-04-22 08:59:51,276 - elsapy.elsentity - INFO - Module loaded.
2020-04-22 08:59:51,276 - elsapy.utils - INFO - Module loaded.
2020-04-22 08:59:51,277 - elsapy.elsprofile - INFO - Module loaded.
2020-04-22 08:59:51,278 - elsapy.elsdoc - INFO - Module loaded.
2020-04-22 08:59:51,278 - elsapy.elssearch - INFO - Module loaded.
2020-04-22 09:05:04,801 - elsapy.elsclient - INFO - Module loaded.
2020-04-22 09:05:04,804 - elsapy.elsentity - INFO - Module loaded.
2020-04-22 09:05:04,805 - elsapy.utils - INFO - Module loaded.
2020-04-22 09:05:04,805 - elsapy.elsprofile - INFO - Module loaded.
2020-04-22 09:05:04,806 - elsapy.elsdoc - INFO - Module loaded.
2020-04-22 09:05:04,807 - elsapy.elssearch - INFO - Module loaded.
2020-04-22 09:06:29,534 - elsapy.elsclient - INFO - Module loaded.
2020-04-22 09:06:29,534 - elsapy.elsentity - INFO - Module loaded.
2020-04-22 09:06:29,535 - elsapy.utils - INFO - Module loaded.
2020-04-22 09:06:29,535 - elsapy.elsprofile - INFO - Module loaded.
2020-04-22 09:06:29,536 - elsapy.elsdoc - INFO - Module loaded.
2020-04-22 09:06:29,536 - elsapy.elssearch - INFO - Module loaded.
2020-04-22 09:07:08,465 - elsapy.elsclient - INFO - Module loaded.
2020-04-22 09:07:08,468 - elsapy.elsentity - INFO - Module loaded.
2020-04-22 09:07:08,469 - elsapy.utils - INFO - Module loaded.
2020-04-22 09:07:08,470 - elsapy.elsprofile - INFO - Module loaded.
2020-04-22 09:07:08,471 - elsapy.elsdoc - INFO - Module loaded.
2020-04-22 09:07:08,472 - elsapy.elssearch - INFO - Module loaded.
2020-04-22 09:19:52,755 - elsapy.elsclient - INFO - Module loaded.
2020-04-22 09:19:52,756 - elsapy.elsentity - INFO - Module loaded.
2020-04-22 09:19:52,757 - elsapy.utils - INFO - Module loaded.
2020-04-22 09:19:52,758 - elsapy.elsprofile - INFO - Module loaded.
2020-04-22 09:19:52,759 - elsapy.elsdoc - INFO - Module loaded.
2020-04-22 09:19:52,760 - elsapy.elssearch - INFO - Module loaded.
2020-04-22 09:32:58,862 - elsapy.elsclient - INFO - Module loaded.
2020-04-22 09:32:58,863 - elsapy.elsentity - INFO - Module loaded.
2020-04-22 09:32:58,864 - elsapy.utils - INFO - Module loaded.
2020-04-22 09:32:58,864 - elsapy.elsprofile - INFO - Module loaded.
2020-04-22 09:32:58,865 - elsapy.elsdoc - INFO - Module loaded.
2020-04-22 09:32:58,866 - elsapy.elssearch - INFO - Module loaded.
2020-04-22 09:33:25,102 - elsapy.elsclient - INFO - Module loaded.
2020-04-22 09:33:25,103 - elsapy.elsentity - INFO - Module loaded.
2020-04-22 09:33:25,103 - elsapy.utils - INFO - Module loaded.
2020-04-22 09:33:25,104 - elsapy.elsprofile - INFO - Module loaded.
2020-04-22 09:33:25,104 - elsapy.elsdoc - INFO - Module loaded.
2020-04-22 09:33:25,105 - elsapy.elssearch - INFO - Module loaded.
2020-04-22 09:35:55,134 - elsapy.elsclient - INFO - Module loaded.
2020-04-22 09:35:55,135 - elsapy.elsentity - INFO - Module loaded.
2020-04-22 09:35:55,136 - elsapy.utils - INFO - Module loaded.
2020-04-22 09:35:55,136 - elsapy.elsprofile - INFO - Module loaded.
2020-04-22 09:35:55,137 - elsapy.elsdoc - INFO - Module loaded.
2020-04-22 09:35:55,138 - elsapy.elssearch - INFO - Module loaded.
2020-04-22 09:36:05,649 - elsapy.elsclient - INFO - Module loaded.
2020-04-22 09:36:05,650 - elsapy.elsentity - INFO - Module loaded.
2020-04-22 09:36:05,651 - elsapy.utils - INFO - Module loaded.
2020-04-22 09:36:05,651 - elsapy.elsprofile - INFO - Module loaded.
2020-04-22 09:36:05,652 - elsapy.elsdoc - INFO - Module loaded.
2020-04-22 09:36:05,653 - elsapy.elssearch - INFO - Module loaded.
2020-04-22 09:38:09,115 - elsapy.elsclient - INFO - Module loaded.
2020-04-22 09:38:09,116 - elsapy.elsentity - INFO - Module loaded.
2020-04-22 09:38:09,117 - elsapy.utils - INFO - Module loaded.
2020-04-22 09:38:09,117 - elsapy.elsprofile - INFO - Module loaded.
2020-04-22 09:38:09,118 - elsapy.elsdoc - INFO - Module loaded.
2020-04-22 09:38:09,118 - elsapy.elssearch - INFO - Module loaded.
2020-04-22 10:32:47,522 - elsapy.elsclient - INFO - Module loaded.
2020-04-22 10:32:47,523 - elsapy.elsentity - INFO - Module loaded.
2020-04-22 10:32:47,524 - elsapy.utils - INFO - Module loaded.
2020-04-22 10:32:47,524 - elsapy.elsprofile - INFO - Module loaded.
2020-04-22 10:32:47,525 - elsapy.elsdoc - INFO - Module loaded.
2020-04-22 10:32:47,526 - elsapy.elssearch - INFO - Module loaded.
2020-04-22 10:42:52,216 - elsapy.elsclient - INFO - Module loaded.
2020-04-22 10:42:52,217 - elsapy.elsentity - INFO - Module loaded.
2020-04-22 10:42:52,218 - elsapy.utils - INFO - Module loaded.
2020-04-22 10:42:52,218 - elsapy.elsprofile - INFO - Module loaded.
2020-04-22 10:42:52,219 - elsapy.elsdoc - INFO - Module loaded.
2020-04-22 10:42:52,220 - elsapy.elssearch - INFO - Module loaded.
2020-04-22 11:03:51,048 - elsapy.elsclient - INFO - Module loaded.
2020-04-22 11:03:51,049 - elsapy.elsentity - INFO - Module loaded.
2020-04-22 11:03:51,050 - elsapy.utils - INFO - Module loaded.
2020-04-22 11:03:51,050 - elsapy.elsprofile - INFO - Module loaded.
2020-04-22 11:03:51,051 - elsapy.elsdoc - INFO - Module loaded.
2020-04-22 11:03:51,051 - elsapy.elssearch - INFO - Module loaded.
2020-04-22 11:03:55,470 - elsapy.elsclient - INFO - Module loaded.
2020-04-22 11:03:55,471 - elsapy.elsentity - INFO - Module loaded.
2020-04-22 11:03:55,471 - elsapy.utils - INFO - Module loaded.
2020-04-22 11:03:55,472 - elsapy.elsprofile - INFO - Module loaded.
2020-04-22 11:03:55,472 - elsapy.elsdoc - INFO - Module loaded.
2020-04-22 11:03:55,473 - elsapy.elssearch - INFO - Module loaded.
2020-04-22 11:07:29,624 - elsapy.elsclient - INFO - Module loaded.
2020-04-22 11:07:29,625 - elsapy.elsentity - INFO - Module loaded.
2020-04-22 11:07:29,626 - elsapy.utils - INFO - Module loaded.
2020-04-22 11:07:29,626 - elsapy.elsprofile - INFO - Module loaded.
2020-04-22 11:07:29,627 - elsapy.elsdoc - INFO - Module loaded.
2020-04-22 11:07:29,628 - elsapy.elssearch - INFO - Module loaded.
2020-04-22 11:18:57,016 - elsapy.elsclient - INFO - Module loaded.
2020-04-22 11:18:57,017 - elsapy.elsentity - INFO - Module loaded.
2020-04-22 11:18:57,018 - elsapy.utils - INFO - Module loaded.
2020-04-22 11:18:57,018 - elsapy.elsprofile - INFO - Module loaded.
2020-04-22 11:18:57,019 - elsapy.elsdoc - INFO - Module loaded.
2020-04-22 11:18:57,020 - elsapy.elssearch - INFO - Module loaded.
2020-04-22 13:06:50,397 - elsapy.elsclient - INFO - Module loaded.
2020-04-22 13:06:50,398 - elsapy.elsentity - INFO - Module loaded.
2020-04-22 13:06:50,399 - elsapy.utils - INFO - Module loaded.
2020-04-22 13:06:50,399 - elsapy.elsprofile - INFO - Module loaded.
2020-04-22 13:06:50,400 - elsapy.elsdoc - INFO - Module loaded.
2020-04-22 13:06:50,401 - elsapy.elssearch - INFO - Module loaded.
2020-04-22 13:36:14,972 - elsapy.elsclient - INFO - Module loaded.
2020-04-22 13:36:14,974 - elsapy.elsentity - INFO - Module loaded.
2020-04-22 13:36:14,975 - elsapy.utils - INFO - Module loaded.
2020-04-22 13:36:14,975 - elsapy.elsprofile - INFO - Module loaded.
2020-04-22 13:36:14,976 - elsapy.elsdoc - INFO - Module loaded.
2020-04-22 13:36:14,977 - elsapy.elssearch - INFO - Module loaded.
2020-04-22 13:41:31,226 - elsapy.elsclient - INFO - Module loaded.
2020-04-22 13:41:31,227 - elsapy.elsentity - INFO - Module loaded.
2020-04-22 13:41:31,228 - elsapy.utils - INFO - Module loaded.
2020-04-22 13:41:31,228 - elsapy.elsprofile - INFO - Module loaded.
2020-04-22 13:41:31,229 - elsapy.elsdoc - INFO - Module loaded.
2020-04-22 13:41:31,230 - elsapy.elssearch - INFO - Module loaded.
2020-04-22 13:43:40,974 - elsapy.elsclient - INFO - Module loaded.
2020-04-22 13:43:40,975 - elsapy.elsentity - INFO - Module loaded.
2020-04-22 13:43:40,975 - elsapy.utils - INFO - Module loaded.
2020-04-22 13:43:40,976 - elsapy.elsprofile - INFO - Module loaded.
2020-04-22 13:43:40,976 - elsapy.elsdoc - INFO - Module loaded.
2020-04-22 13:43:40,977 - elsapy.elssearch - INFO - Module loaded.
2020-04-22 13:52:49,994 - elsapy.elsclient - INFO - Module loaded.
2020-04-22 13:52:49,995 - elsapy.elsentity - INFO - Module loaded.
2020-04-22 13:52:49,996 - elsapy.utils - INFO - Module loaded.
2020-04-22 13:52:49,996 - elsapy.elsprofile - INFO - Module loaded.
2020-04-22 13:52:49,997 - elsapy.elsdoc - INFO - Module loaded.
2020-04-22 13:52:49,998 - elsapy.elssearch - INFO - Module loaded.
2020-04-22 14:00:39,385 - elsapy.elsclient - INFO - Module loaded.
2020-04-22 14:00:39,386 - elsapy.elsentity - INFO - Module loaded.
2020-04-22 14:00:39,387 - elsapy.utils - INFO - Module loaded.
2020-04-22 14:00:39,387 - elsapy.elsprofile - INFO - Module loaded.
2020-04-22 14:00:39,388 - elsapy.elsdoc - INFO - Module loaded.
2020-04-22 14:00:39,389 - elsapy.elssearch - INFO - Module loaded.
2020-04-22 14:01:24,976 - elsapy.elsclient - INFO - Module loaded.
2020-04-22 14:01:24,977 - elsapy.elsentity - INFO - Module loaded.
2020-04-22 14:01:24,977 - elsapy.utils - INFO - Module loaded.
2020-04-22 14:01:24,978 - elsapy.elsprofile - INFO - Module loaded.
2020-04-22 14:01:24,979 - elsapy.elsdoc - INFO - Module loaded.
2020-04-22 14:01:24,979 - elsapy.elssearch - INFO - Module loaded.
2020-04-22 14:02:58,601 - elsapy.elsclient - INFO - Module loaded.
2020-04-22 14:02:58,602 - elsapy.elsentity - INFO - Module loaded.
2020-04-22 14:02:58,603 - elsapy.utils - INFO - Module loaded.
2020-04-22 14:02:58,604 - elsapy.elsprofile - INFO - Module loaded.
2020-04-22 14:02:58,604 - elsapy.elsdoc - INFO - Module loaded.
2020-04-22 14:02:58,605 - elsapy.elssearch - INFO - Module loaded.
2020-04-22 14:03:36,907 - elsapy.elsclient - INFO - Module loaded.
2020-04-22 14:03:36,908 - elsapy.elsentity - INFO - Module loaded.
2020-04-22 14:03:36,909 - elsapy.utils - INFO - Module loaded.
2020-04-22 14:03:36,909 - elsapy.elsprofile - INFO - Module loaded.
2020-04-22 14:03:36,910 - elsapy.elsdoc - INFO - Module loaded.
2020-04-22 14:03:36,910 - elsapy.elssearch - INFO - Module loaded.
2020-04-22 14:04:05,279 - elsapy.elsclient - INFO - Module loaded.
2020-04-22 14:04:05,280 - elsapy.elsentity - INFO - Module loaded.
2020-04-22 14:04:05,281 - elsapy.utils - INFO - Module loaded.
2020-04-22 14:04:05,281 - elsapy.elsprofile - INFO - Module loaded.
2020-04-22 14:04:05,282 - elsapy.elsdoc - INFO - Module loaded.
2020-04-22 14:04:05,283 - elsapy.elssearch - INFO - Module loaded.
2020-04-22 14:05:16,442 - elsapy.elsclient - INFO - Module loaded.
2020-04-22 14:05:16,443 - elsapy.elsentity - INFO - Module loaded.
2020-04-22 14:05:16,443 - elsapy.utils - INFO - Module loaded.
2020-04-22 14:05:16,444 - elsapy.elsprofile - INFO - Module loaded.
2020-04-22 14:05:16,444 - elsapy.elsdoc - INFO - Module loaded.
2020-04-22 14:05:16,445 - elsapy.elssearch - INFO - Module loaded.
2020-04-22 14:06:07,892 - elsapy.elsclient - INFO - Module loaded.
2020-04-22 14:06:07,893 - elsapy.elsentity - INFO - Module loaded.
2020-04-22 14:06:07,895 - elsapy.utils - INFO - Module loaded.
2020-04-22 14:06:07,895 - elsapy.elsprofile - INFO - Module loaded.
2020-04-22 14:06:07,896 - elsapy.elsdoc - INFO - Module loaded.
2020-04-22 14:06:07,897 - elsapy.elssearch - INFO - Module loaded.
