2020-04-14 09:39:20,110 - elsapy.elsclient - INFO - Module loaded.
2020-04-14 09:39:20,112 - elsapy.elsentity - INFO - Module loaded.
2020-04-14 09:39:20,113 - elsapy.utils - INFO - Module loaded.
2020-04-14 09:39:20,114 - elsapy.elsprofile - INFO - Module loaded.
2020-04-14 09:39:20,115 - elsapy.elsdoc - INFO - Module loaded.
2020-04-14 09:39:20,116 - elsapy.elssearch - INFO - Module loaded.
2020-04-14 09:43:10,316 - elsapy.elsclient - INFO - Module loaded.
2020-04-14 09:43:10,318 - elsapy.elsentity - INFO - Module loaded.
2020-04-14 09:43:10,318 - elsapy.utils - INFO - Module loaded.
2020-04-14 09:43:10,319 - elsapy.elsprofile - INFO - Module loaded.
2020-04-14 09:43:10,320 - elsapy.elsdoc - INFO - Module loaded.
2020-04-14 09:43:10,321 - elsapy.elssearch - INFO - Module loaded.
2020-04-14 09:43:47,880 - elsapy.elsclient - INFO - Module loaded.
2020-04-14 09:43:47,881 - elsapy.elsentity - INFO - Module loaded.
2020-04-14 09:43:47,882 - elsapy.utils - INFO - Module loaded.
2020-04-14 09:43:47,882 - elsapy.elsprofile - INFO - Module loaded.
2020-04-14 09:43:47,883 - elsapy.elsdoc - INFO - Module loaded.
2020-04-14 09:43:47,884 - elsapy.elssearch - INFO - Module loaded.
2020-04-14 10:07:52,884 - elsapy.elsclient - INFO - Module loaded.
2020-04-14 10:07:52,885 - elsapy.elsentity - INFO - Module loaded.
2020-04-14 10:07:52,886 - elsapy.utils - INFO - Module loaded.
2020-04-14 10:07:52,886 - elsapy.elsprofile - INFO - Module loaded.
2020-04-14 10:07:52,887 - elsapy.elsdoc - INFO - Module loaded.
2020-04-14 10:07:52,888 - elsapy.elssearch - INFO - Module loaded.
2020-04-14 10:08:36,527 - elsapy.elsclient - INFO - Module loaded.
2020-04-14 10:08:36,528 - elsapy.elsentity - INFO - Module loaded.
2020-04-14 10:08:36,528 - elsapy.utils - INFO - Module loaded.
2020-04-14 10:08:36,529 - elsapy.elsprofile - INFO - Module loaded.
2020-04-14 10:08:36,530 - elsapy.elsdoc - INFO - Module loaded.
2020-04-14 10:08:36,530 - elsapy.elssearch - INFO - Module loaded.
2020-04-14 10:08:59,389 - elsapy.elsclient - INFO - Module loaded.
2020-04-14 10:08:59,390 - elsapy.elsentity - INFO - Module loaded.
2020-04-14 10:08:59,391 - elsapy.utils - INFO - Module loaded.
2020-04-14 10:08:59,391 - elsapy.elsprofile - INFO - Module loaded.
2020-04-14 10:08:59,392 - elsapy.elsdoc - INFO - Module loaded.
2020-04-14 10:08:59,393 - elsapy.elssearch - INFO - Module loaded.
2020-04-14 10:26:43,425 - elsapy.elsclient - INFO - Module loaded.
2020-04-14 10:26:43,426 - elsapy.elsentity - INFO - Module loaded.
2020-04-14 10:26:43,427 - elsapy.utils - INFO - Module loaded.
2020-04-14 10:26:43,427 - elsapy.elsprofile - INFO - Module loaded.
2020-04-14 10:26:43,428 - elsapy.elsdoc - INFO - Module loaded.
2020-04-14 10:26:43,428 - elsapy.elssearch - INFO - Module loaded.
2020-04-14 10:28:56,154 - elsapy.elsclient - INFO - Module loaded.
2020-04-14 10:28:56,155 - elsapy.elsentity - INFO - Module loaded.
2020-04-14 10:28:56,156 - elsapy.utils - INFO - Module loaded.
2020-04-14 10:28:56,156 - elsapy.elsprofile - INFO - Module loaded.
2020-04-14 10:28:56,157 - elsapy.elsdoc - INFO - Module loaded.
2020-04-14 10:28:56,158 - elsapy.elssearch - INFO - Module loaded.
2020-04-14 10:30:31,585 - elsapy.elsclient - INFO - Module loaded.
2020-04-14 10:30:31,586 - elsapy.elsentity - INFO - Module loaded.
2020-04-14 10:30:31,587 - elsapy.utils - INFO - Module loaded.
2020-04-14 10:30:31,587 - elsapy.elsprofile - INFO - Module loaded.
2020-04-14 10:30:31,588 - elsapy.elsdoc - INFO - Module loaded.
2020-04-14 10:30:31,588 - elsapy.elssearch - INFO - Module loaded.
2020-04-14 10:30:46,986 - elsapy.elsclient - INFO - Module loaded.
2020-04-14 10:30:46,988 - elsapy.elsentity - INFO - Module loaded.
2020-04-14 10:30:46,988 - elsapy.utils - INFO - Module loaded.
2020-04-14 10:30:46,989 - elsapy.elsprofile - INFO - Module loaded.
2020-04-14 10:30:46,989 - elsapy.elsdoc - INFO - Module loaded.
2020-04-14 10:30:46,990 - elsapy.elssearch - INFO - Module loaded.
2020-04-14 10:36:11,034 - elsapy.elsclient - INFO - Module loaded.
2020-04-14 10:36:11,035 - elsapy.elsentity - INFO - Module loaded.
2020-04-14 10:36:11,036 - elsapy.utils - INFO - Module loaded.
2020-04-14 10:36:11,037 - elsapy.elsprofile - INFO - Module loaded.
2020-04-14 10:36:11,038 - elsapy.elsdoc - INFO - Module loaded.
2020-04-14 10:36:11,038 - elsapy.elssearch - INFO - Module loaded.
2020-04-14 10:36:16,770 - elsapy.elsclient - INFO - Module loaded.
2020-04-14 10:36:16,771 - elsapy.elsentity - INFO - Module loaded.
2020-04-14 10:36:16,772 - elsapy.utils - INFO - Module loaded.
2020-04-14 10:36:16,772 - elsapy.elsprofile - INFO - Module loaded.
2020-04-14 10:36:16,773 - elsapy.elsdoc - INFO - Module loaded.
2020-04-14 10:36:16,774 - elsapy.elssearch - INFO - Module loaded.
2020-04-14 10:37:02,401 - elsapy.elsclient - INFO - Module loaded.
2020-04-14 10:37:02,402 - elsapy.elsentity - INFO - Module loaded.
2020-04-14 10:37:02,403 - elsapy.utils - INFO - Module loaded.
2020-04-14 10:37:02,403 - elsapy.elsprofile - INFO - Module loaded.
2020-04-14 10:37:02,404 - elsapy.elsdoc - INFO - Module loaded.
2020-04-14 10:37:02,405 - elsapy.elssearch - INFO - Module loaded.
2020-04-14 10:42:34,928 - elsapy.elsclient - INFO - Module loaded.
2020-04-14 10:42:34,929 - elsapy.elsentity - INFO - Module loaded.
2020-04-14 10:42:34,929 - elsapy.utils - INFO - Module loaded.
2020-04-14 10:42:34,930 - elsapy.elsprofile - INFO - Module loaded.
2020-04-14 10:42:34,931 - elsapy.elsdoc - INFO - Module loaded.
2020-04-14 10:42:34,931 - elsapy.elssearch - INFO - Module loaded.
2020-04-14 10:44:33,193 - elsapy.elsclient - INFO - Module loaded.
2020-04-14 10:44:33,194 - elsapy.elsentity - INFO - Module loaded.
2020-04-14 10:44:33,195 - elsapy.utils - INFO - Module loaded.
2020-04-14 10:44:33,195 - elsapy.elsprofile - INFO - Module loaded.
2020-04-14 10:44:33,196 - elsapy.elsdoc - INFO - Module loaded.
2020-04-14 10:44:33,197 - elsapy.elssearch - INFO - Module loaded.
2020-04-14 10:50:06,572 - elsapy.elsclient - INFO - Module loaded.
2020-04-14 10:50:06,573 - elsapy.elsentity - INFO - Module loaded.
2020-04-14 10:50:06,574 - elsapy.utils - INFO - Module loaded.
2020-04-14 10:50:06,574 - elsapy.elsprofile - INFO - Module loaded.
2020-04-14 10:50:06,575 - elsapy.elsdoc - INFO - Module loaded.
2020-04-14 10:50:06,576 - elsapy.elssearch - INFO - Module loaded.
2020-04-14 10:51:31,393 - elsapy.elsclient - INFO - Module loaded.
2020-04-14 10:51:31,394 - elsapy.elsentity - INFO - Module loaded.
2020-04-14 10:51:31,395 - elsapy.utils - INFO - Module loaded.
2020-04-14 10:51:31,395 - elsapy.elsprofile - INFO - Module loaded.
2020-04-14 10:51:31,396 - elsapy.elsdoc - INFO - Module loaded.
2020-04-14 10:51:31,397 - elsapy.elssearch - INFO - Module loaded.
2020-04-14 10:59:57,760 - elsapy.elsclient - INFO - Module loaded.
2020-04-14 10:59:57,761 - elsapy.elsentity - INFO - Module loaded.
2020-04-14 10:59:57,762 - elsapy.utils - INFO - Module loaded.
2020-04-14 10:59:57,762 - elsapy.elsprofile - INFO - Module loaded.
2020-04-14 10:59:57,763 - elsapy.elsdoc - INFO - Module loaded.
2020-04-14 10:59:57,764 - elsapy.elssearch - INFO - Module loaded.
2020-04-14 11:07:19,750 - elsapy.elsclient - INFO - Module loaded.
2020-04-14 11:07:19,751 - elsapy.elsentity - INFO - Module loaded.
2020-04-14 11:07:19,752 - elsapy.utils - INFO - Module loaded.
2020-04-14 11:07:19,752 - elsapy.elsprofile - INFO - Module loaded.
2020-04-14 11:07:19,753 - elsapy.elsdoc - INFO - Module loaded.
2020-04-14 11:07:19,754 - elsapy.elssearch - INFO - Module loaded.
2020-04-14 11:07:40,658 - elsapy.elsclient - INFO - Module loaded.
2020-04-14 11:07:40,659 - elsapy.elsentity - INFO - Module loaded.
2020-04-14 11:07:40,660 - elsapy.utils - INFO - Module loaded.
2020-04-14 11:07:40,660 - elsapy.elsprofile - INFO - Module loaded.
2020-04-14 11:07:40,661 - elsapy.elsdoc - INFO - Module loaded.
2020-04-14 11:07:40,662 - elsapy.elssearch - INFO - Module loaded.
2020-04-14 11:25:24,308 - elsapy.elsclient - INFO - Module loaded.
2020-04-14 11:25:24,309 - elsapy.elsentity - INFO - Module loaded.
2020-04-14 11:25:24,310 - elsapy.utils - INFO - Module loaded.
2020-04-14 11:25:24,310 - elsapy.elsprofile - INFO - Module loaded.
2020-04-14 11:25:24,311 - elsapy.elsdoc - INFO - Module loaded.
2020-04-14 11:25:24,312 - elsapy.elssearch - INFO - Module loaded.
2020-04-14 11:25:44,240 - elsapy.elsclient - INFO - Module loaded.
2020-04-14 11:25:44,241 - elsapy.elsentity - INFO - Module loaded.
2020-04-14 11:25:44,242 - elsapy.utils - INFO - Module loaded.
2020-04-14 11:25:44,242 - elsapy.elsprofile - INFO - Module loaded.
2020-04-14 11:25:44,243 - elsapy.elsdoc - INFO - Module loaded.
2020-04-14 11:25:44,244 - elsapy.elssearch - INFO - Module loaded.
2020-04-14 11:26:54,730 - elsapy.elsclient - INFO - Module loaded.
2020-04-14 11:26:54,732 - elsapy.elsentity - INFO - Module loaded.
2020-04-14 11:26:54,732 - elsapy.utils - INFO - Module loaded.
2020-04-14 11:26:54,733 - elsapy.elsprofile - INFO - Module loaded.
2020-04-14 11:26:54,733 - elsapy.elsdoc - INFO - Module loaded.
2020-04-14 11:26:54,734 - elsapy.elssearch - INFO - Module loaded.
2020-04-14 11:27:01,032 - elsapy.elsclient - INFO - Module loaded.
2020-04-14 11:27:01,034 - elsapy.elsentity - INFO - Module loaded.
2020-04-14 11:27:01,034 - elsapy.utils - INFO - Module loaded.
2020-04-14 11:27:01,035 - elsapy.elsprofile - INFO - Module loaded.
2020-04-14 11:27:01,036 - elsapy.elsdoc - INFO - Module loaded.
2020-04-14 11:27:01,036 - elsapy.elssearch - INFO - Module loaded.
2020-04-14 11:32:21,096 - elsapy.elsclient - INFO - Module loaded.
2020-04-14 11:32:21,097 - elsapy.elsentity - INFO - Module loaded.
2020-04-14 11:32:21,098 - elsapy.utils - INFO - Module loaded.
2020-04-14 11:32:21,098 - elsapy.elsprofile - INFO - Module loaded.
2020-04-14 11:32:21,099 - elsapy.elsdoc - INFO - Module loaded.
2020-04-14 11:32:21,100 - elsapy.elssearch - INFO - Module loaded.
2020-04-14 11:33:06,954 - elsapy.elsclient - INFO - Module loaded.
2020-04-14 11:33:06,955 - elsapy.elsentity - INFO - Module loaded.
2020-04-14 11:33:06,955 - elsapy.utils - INFO - Module loaded.
2020-04-14 11:33:06,956 - elsapy.elsprofile - INFO - Module loaded.
2020-04-14 11:33:06,957 - elsapy.elsdoc - INFO - Module loaded.
2020-04-14 11:33:06,957 - elsapy.elssearch - INFO - Module loaded.
2020-04-14 11:34:20,394 - elsapy.elsclient - INFO - Module loaded.
2020-04-14 11:34:20,395 - elsapy.elsentity - INFO - Module loaded.
2020-04-14 11:34:20,396 - elsapy.utils - INFO - Module loaded.
2020-04-14 11:34:20,397 - elsapy.elsprofile - INFO - Module loaded.
2020-04-14 11:34:20,397 - elsapy.elsdoc - INFO - Module loaded.
2020-04-14 11:34:20,398 - elsapy.elssearch - INFO - Module loaded.
2020-04-14 11:34:54,987 - elsapy.elsclient - INFO - Module loaded.
2020-04-14 11:34:54,988 - elsapy.elsentity - INFO - Module loaded.
2020-04-14 11:34:54,989 - elsapy.utils - INFO - Module loaded.
2020-04-14 11:34:54,990 - elsapy.elsprofile - INFO - Module loaded.
2020-04-14 11:34:54,990 - elsapy.elsdoc - INFO - Module loaded.
2020-04-14 11:34:54,991 - elsapy.elssearch - INFO - Module loaded.
2020-04-14 11:34:59,609 - elsapy.elsclient - INFO - Module loaded.
2020-04-14 11:34:59,610 - elsapy.elsentity - INFO - Module loaded.
2020-04-14 11:34:59,611 - elsapy.utils - INFO - Module loaded.
2020-04-14 11:34:59,611 - elsapy.elsprofile - INFO - Module loaded.
2020-04-14 11:34:59,612 - elsapy.elsdoc - INFO - Module loaded.
2020-04-14 11:34:59,613 - elsapy.elssearch - INFO - Module loaded.
2020-04-14 11:37:54,863 - elsapy.elsclient - INFO - Module loaded.
2020-04-14 11:37:54,864 - elsapy.elsentity - INFO - Module loaded.
2020-04-14 11:37:54,865 - elsapy.utils - INFO - Module loaded.
2020-04-14 11:37:54,865 - elsapy.elsprofile - INFO - Module loaded.
2020-04-14 11:37:54,866 - elsapy.elsdoc - INFO - Module loaded.
2020-04-14 11:37:54,867 - elsapy.elssearch - INFO - Module loaded.
2020-04-14 11:38:06,643 - elsapy.elsclient - INFO - Module loaded.
2020-04-14 11:38:06,644 - elsapy.elsentity - INFO - Module loaded.
2020-04-14 11:38:06,645 - elsapy.utils - INFO - Module loaded.
2020-04-14 11:38:06,645 - elsapy.elsprofile - INFO - Module loaded.
2020-04-14 11:38:06,646 - elsapy.elsdoc - INFO - Module loaded.
2020-04-14 11:38:06,646 - elsapy.elssearch - INFO - Module loaded.
2020-04-14 11:39:13,288 - elsapy.elsclient - INFO - Module loaded.
2020-04-14 11:39:13,289 - elsapy.elsentity - INFO - Module loaded.
2020-04-14 11:39:13,290 - elsapy.utils - INFO - Module loaded.
2020-04-14 11:39:13,290 - elsapy.elsprofile - INFO - Module loaded.
2020-04-14 11:39:13,291 - elsapy.elsdoc - INFO - Module loaded.
2020-04-14 11:39:13,292 - elsapy.elssearch - INFO - Module loaded.
2020-04-14 11:39:38,926 - elsapy.elsclient - INFO - Module loaded.
2020-04-14 11:39:38,927 - elsapy.elsentity - INFO - Module loaded.
2020-04-14 11:39:38,927 - elsapy.utils - INFO - Module loaded.
2020-04-14 11:39:38,928 - elsapy.elsprofile - INFO - Module loaded.
2020-04-14 11:39:38,929 - elsapy.elsdoc - INFO - Module loaded.
2020-04-14 11:39:38,929 - elsapy.elssearch - INFO - Module loaded.
2020-04-14 11:46:19,318 - elsapy.elsclient - INFO - Module loaded.
2020-04-14 11:46:19,319 - elsapy.elsentity - INFO - Module loaded.
2020-04-14 11:46:19,320 - elsapy.utils - INFO - Module loaded.
2020-04-14 11:46:19,320 - elsapy.elsprofile - INFO - Module loaded.
2020-04-14 11:46:19,321 - elsapy.elsdoc - INFO - Module loaded.
2020-04-14 11:46:19,321 - elsapy.elssearch - INFO - Module loaded.
2020-04-14 11:46:46,125 - elsapy.elsclient - INFO - Module loaded.
2020-04-14 11:46:46,126 - elsapy.elsentity - INFO - Module loaded.
2020-04-14 11:46:46,127 - elsapy.utils - INFO - Module loaded.
2020-04-14 11:46:46,127 - elsapy.elsprofile - INFO - Module loaded.
2020-04-14 11:46:46,128 - elsapy.elsdoc - INFO - Module loaded.
2020-04-14 11:46:46,128 - elsapy.elssearch - INFO - Module loaded.
2020-04-14 11:47:46,858 - elsapy.elsclient - INFO - Module loaded.
2020-04-14 11:47:46,859 - elsapy.elsentity - INFO - Module loaded.
2020-04-14 11:47:46,860 - elsapy.utils - INFO - Module loaded.
2020-04-14 11:47:46,860 - elsapy.elsprofile - INFO - Module loaded.
2020-04-14 11:47:46,861 - elsapy.elsdoc - INFO - Module loaded.
2020-04-14 11:47:46,862 - elsapy.elssearch - INFO - Module loaded.
2020-04-14 12:44:57,127 - elsapy.elsclient - INFO - Module loaded.
2020-04-14 12:44:57,128 - elsapy.elsentity - INFO - Module loaded.
2020-04-14 12:44:57,129 - elsapy.utils - INFO - Module loaded.
2020-04-14 12:44:57,129 - elsapy.elsprofile - INFO - Module loaded.
2020-04-14 12:44:57,131 - elsapy.elsdoc - INFO - Module loaded.
2020-04-14 12:44:57,132 - elsapy.elssearch - INFO - Module loaded.
2020-04-14 13:24:40,325 - elsapy.elsclient - INFO - Module loaded.
2020-04-14 13:24:40,327 - elsapy.elsentity - INFO - Module loaded.
2020-04-14 13:24:40,328 - elsapy.utils - INFO - Module loaded.
2020-04-14 13:24:40,328 - elsapy.elsprofile - INFO - Module loaded.
2020-04-14 13:24:40,329 - elsapy.elsdoc - INFO - Module loaded.
2020-04-14 13:24:40,329 - elsapy.elssearch - INFO - Module loaded.
2020-04-14 13:25:13,979 - elsapy.elsclient - INFO - Module loaded.
2020-04-14 13:25:13,980 - elsapy.elsentity - INFO - Module loaded.
2020-04-14 13:25:13,981 - elsapy.utils - INFO - Module loaded.
2020-04-14 13:25:13,981 - elsapy.elsprofile - INFO - Module loaded.
2020-04-14 13:25:13,982 - elsapy.elsdoc - INFO - Module loaded.
2020-04-14 13:25:13,983 - elsapy.elssearch - INFO - Module loaded.
2020-04-14 13:29:55,082 - elsapy.elsclient - INFO - Module loaded.
2020-04-14 13:29:55,084 - elsapy.elsentity - INFO - Module loaded.
2020-04-14 13:29:55,084 - elsapy.utils - INFO - Module loaded.
2020-04-14 13:29:55,085 - elsapy.elsprofile - INFO - Module loaded.
2020-04-14 13:29:55,085 - elsapy.elsdoc - INFO - Module loaded.
2020-04-14 13:29:55,086 - elsapy.elssearch - INFO - Module loaded.
2020-04-14 13:32:58,831 - elsapy.elsclient - INFO - Module loaded.
2020-04-14 13:32:58,832 - elsapy.elsentity - INFO - Module loaded.
2020-04-14 13:32:58,833 - elsapy.utils - INFO - Module loaded.
2020-04-14 13:32:58,833 - elsapy.elsprofile - INFO - Module loaded.
2020-04-14 13:32:58,834 - elsapy.elsdoc - INFO - Module loaded.
2020-04-14 13:32:58,834 - elsapy.elssearch - INFO - Module loaded.
2020-04-14 13:34:00,450 - elsapy.elsclient - INFO - Module loaded.
2020-04-14 13:34:00,451 - elsapy.elsentity - INFO - Module loaded.
2020-04-14 13:34:00,452 - elsapy.utils - INFO - Module loaded.
2020-04-14 13:34:00,452 - elsapy.elsprofile - INFO - Module loaded.
2020-04-14 13:34:00,453 - elsapy.elsdoc - INFO - Module loaded.
2020-04-14 13:34:00,454 - elsapy.elssearch - INFO - Module loaded.
2020-04-14 13:35:12,552 - elsapy.elsclient - INFO - Module loaded.
2020-04-14 13:35:12,554 - elsapy.elsentity - INFO - Module loaded.
2020-04-14 13:35:12,554 - elsapy.utils - INFO - Module loaded.
2020-04-14 13:35:12,555 - elsapy.elsprofile - INFO - Module loaded.
2020-04-14 13:35:12,556 - elsapy.elsdoc - INFO - Module loaded.
2020-04-14 13:35:12,556 - elsapy.elssearch - INFO - Module loaded.
2020-04-14 13:37:40,398 - elsapy.elsclient - INFO - Module loaded.
2020-04-14 13:37:40,399 - elsapy.elsentity - INFO - Module loaded.
2020-04-14 13:37:40,400 - elsapy.utils - INFO - Module loaded.
2020-04-14 13:37:40,400 - elsapy.elsprofile - INFO - Module loaded.
2020-04-14 13:37:40,401 - elsapy.elsdoc - INFO - Module loaded.
2020-04-14 13:37:40,402 - elsapy.elssearch - INFO - Module loaded.
2020-04-14 13:37:49,411 - elsapy.elsclient - INFO - Module loaded.
2020-04-14 13:37:49,412 - elsapy.elsentity - INFO - Module loaded.
2020-04-14 13:37:49,413 - elsapy.utils - INFO - Module loaded.
2020-04-14 13:37:49,413 - elsapy.elsprofile - INFO - Module loaded.
2020-04-14 13:37:49,414 - elsapy.elsdoc - INFO - Module loaded.
2020-04-14 13:37:49,415 - elsapy.elssearch - INFO - Module loaded.
2020-04-14 13:37:58,612 - elsapy.elsclient - INFO - Module loaded.
2020-04-14 13:37:58,613 - elsapy.elsentity - INFO - Module loaded.
2020-04-14 13:37:58,614 - elsapy.utils - INFO - Module loaded.
2020-04-14 13:37:58,614 - elsapy.elsprofile - INFO - Module loaded.
2020-04-14 13:37:58,615 - elsapy.elsdoc - INFO - Module loaded.
2020-04-14 13:37:58,616 - elsapy.elssearch - INFO - Module loaded.
2020-04-14 13:38:28,231 - elsapy.elsclient - INFO - Module loaded.
2020-04-14 13:38:28,232 - elsapy.elsentity - INFO - Module loaded.
2020-04-14 13:38:28,233 - elsapy.utils - INFO - Module loaded.
2020-04-14 13:38:28,233 - elsapy.elsprofile - INFO - Module loaded.
2020-04-14 13:38:28,234 - elsapy.elsdoc - INFO - Module loaded.
2020-04-14 13:38:28,235 - elsapy.elssearch - INFO - Module loaded.
2020-04-14 13:38:49,508 - elsapy.elsclient - INFO - Module loaded.
2020-04-14 13:38:49,509 - elsapy.elsentity - INFO - Module loaded.
2020-04-14 13:38:49,510 - elsapy.utils - INFO - Module loaded.
2020-04-14 13:38:49,510 - elsapy.elsprofile - INFO - Module loaded.
2020-04-14 13:38:49,511 - elsapy.elsdoc - INFO - Module loaded.
2020-04-14 13:38:49,512 - elsapy.elssearch - INFO - Module loaded.
2020-04-14 13:39:31,150 - elsapy.elsclient - INFO - Module loaded.
2020-04-14 13:39:31,151 - elsapy.elsentity - INFO - Module loaded.
2020-04-14 13:39:31,152 - elsapy.utils - INFO - Module loaded.
2020-04-14 13:39:31,152 - elsapy.elsprofile - INFO - Module loaded.
2020-04-14 13:39:31,153 - elsapy.elsdoc - INFO - Module loaded.
2020-04-14 13:39:31,153 - elsapy.elssearch - INFO - Module loaded.
2020-04-14 13:39:59,074 - elsapy.elsclient - INFO - Module loaded.
2020-04-14 13:39:59,075 - elsapy.elsentity - INFO - Module loaded.
2020-04-14 13:39:59,076 - elsapy.utils - INFO - Module loaded.
2020-04-14 13:39:59,077 - elsapy.elsprofile - INFO - Module loaded.
2020-04-14 13:39:59,077 - elsapy.elsdoc - INFO - Module loaded.
2020-04-14 13:39:59,078 - elsapy.elssearch - INFO - Module loaded.
2020-04-14 13:40:20,658 - elsapy.elsclient - INFO - Module loaded.
2020-04-14 13:40:20,660 - elsapy.elsentity - INFO - Module loaded.
2020-04-14 13:40:20,660 - elsapy.utils - INFO - Module loaded.
2020-04-14 13:40:20,661 - elsapy.elsprofile - INFO - Module loaded.
2020-04-14 13:40:20,661 - elsapy.elsdoc - INFO - Module loaded.
2020-04-14 13:40:20,662 - elsapy.elssearch - INFO - Module loaded.
2020-04-14 13:40:51,924 - elsapy.elsclient - INFO - Module loaded.
2020-04-14 13:40:51,925 - elsapy.elsentity - INFO - Module loaded.
2020-04-14 13:40:51,926 - elsapy.utils - INFO - Module loaded.
2020-04-14 13:40:51,926 - elsapy.elsprofile - INFO - Module loaded.
2020-04-14 13:40:51,927 - elsapy.elsdoc - INFO - Module loaded.
2020-04-14 13:40:51,928 - elsapy.elssearch - INFO - Module loaded.
2020-04-14 13:41:04,646 - elsapy.elsclient - INFO - Module loaded.
2020-04-14 13:41:04,647 - elsapy.elsentity - INFO - Module loaded.
2020-04-14 13:41:04,648 - elsapy.utils - INFO - Module loaded.
2020-04-14 13:41:04,648 - elsapy.elsprofile - INFO - Module loaded.
2020-04-14 13:41:04,649 - elsapy.elsdoc - INFO - Module loaded.
2020-04-14 13:41:04,650 - elsapy.elssearch - INFO - Module loaded.
2020-04-14 13:41:14,198 - elsapy.elsclient - INFO - Module loaded.
2020-04-14 13:41:14,199 - elsapy.elsentity - INFO - Module loaded.
2020-04-14 13:41:14,199 - elsapy.utils - INFO - Module loaded.
2020-04-14 13:41:14,200 - elsapy.elsprofile - INFO - Module loaded.
2020-04-14 13:41:14,200 - elsapy.elsdoc - INFO - Module loaded.
2020-04-14 13:41:14,201 - elsapy.elssearch - INFO - Module loaded.
2020-04-14 13:41:24,746 - elsapy.elsclient - INFO - Module loaded.
2020-04-14 13:41:24,747 - elsapy.elsentity - INFO - Module loaded.
2020-04-14 13:41:24,748 - elsapy.utils - INFO - Module loaded.
2020-04-14 13:41:24,748 - elsapy.elsprofile - INFO - Module loaded.
2020-04-14 13:41:24,749 - elsapy.elsdoc - INFO - Module loaded.
2020-04-14 13:41:24,750 - elsapy.elssearch - INFO - Module loaded.
2020-04-14 13:41:54,766 - elsapy.elsclient - INFO - Module loaded.
2020-04-14 13:41:54,767 - elsapy.elsentity - INFO - Module loaded.
2020-04-14 13:41:54,768 - elsapy.utils - INFO - Module loaded.
2020-04-14 13:41:54,768 - elsapy.elsprofile - INFO - Module loaded.
2020-04-14 13:41:54,769 - elsapy.elsdoc - INFO - Module loaded.
2020-04-14 13:41:54,770 - elsapy.elssearch - INFO - Module loaded.
2020-04-14 13:42:03,061 - elsapy.elsclient - INFO - Module loaded.
2020-04-14 13:42:03,062 - elsapy.elsentity - INFO - Module loaded.
2020-04-14 13:42:03,063 - elsapy.utils - INFO - Module loaded.
2020-04-14 13:42:03,063 - elsapy.elsprofile - INFO - Module loaded.
2020-04-14 13:42:03,064 - elsapy.elsdoc - INFO - Module loaded.
2020-04-14 13:42:03,065 - elsapy.elssearch - INFO - Module loaded.
2020-04-14 13:42:35,950 - elsapy.elsclient - INFO - Module loaded.
2020-04-14 13:42:35,951 - elsapy.elsentity - INFO - Module loaded.
2020-04-14 13:42:35,952 - elsapy.utils - INFO - Module loaded.
2020-04-14 13:42:35,952 - elsapy.elsprofile - INFO - Module loaded.
2020-04-14 13:42:35,953 - elsapy.elsdoc - INFO - Module loaded.
2020-04-14 13:42:35,953 - elsapy.elssearch - INFO - Module loaded.
2020-04-14 13:46:41,780 - elsapy.elsclient - INFO - Module loaded.
2020-04-14 13:46:41,781 - elsapy.elsentity - INFO - Module loaded.
2020-04-14 13:46:41,782 - elsapy.utils - INFO - Module loaded.
2020-04-14 13:46:41,782 - elsapy.elsprofile - INFO - Module loaded.
2020-04-14 13:46:41,783 - elsapy.elsdoc - INFO - Module loaded.
2020-04-14 13:46:41,785 - elsapy.elssearch - INFO - Module loaded.
2020-04-14 13:47:31,653 - elsapy.elsclient - INFO - Module loaded.
2020-04-14 13:47:31,654 - elsapy.elsentity - INFO - Module loaded.
2020-04-14 13:47:31,655 - elsapy.utils - INFO - Module loaded.
2020-04-14 13:47:31,655 - elsapy.elsprofile - INFO - Module loaded.
2020-04-14 13:47:31,656 - elsapy.elsdoc - INFO - Module loaded.
2020-04-14 13:47:31,657 - elsapy.elssearch - INFO - Module loaded.
2020-04-14 13:48:03,639 - elsapy.elsclient - INFO - Module loaded.
2020-04-14 13:48:03,640 - elsapy.elsentity - INFO - Module loaded.
2020-04-14 13:48:03,641 - elsapy.utils - INFO - Module loaded.
2020-04-14 13:48:03,641 - elsapy.elsprofile - INFO - Module loaded.
2020-04-14 13:48:03,642 - elsapy.elsdoc - INFO - Module loaded.
2020-04-14 13:48:03,643 - elsapy.elssearch - INFO - Module loaded.
2020-04-14 13:49:27,133 - elsapy.elsclient - INFO - Module loaded.
2020-04-14 13:49:27,134 - elsapy.elsentity - INFO - Module loaded.
2020-04-14 13:49:27,135 - elsapy.utils - INFO - Module loaded.
2020-04-14 13:49:27,135 - elsapy.elsprofile - INFO - Module loaded.
2020-04-14 13:49:27,136 - elsapy.elsdoc - INFO - Module loaded.
2020-04-14 13:49:27,136 - elsapy.elssearch - INFO - Module loaded.
2020-04-14 13:50:44,651 - elsapy.elsclient - INFO - Module loaded.
2020-04-14 13:50:44,652 - elsapy.elsentity - INFO - Module loaded.
2020-04-14 13:50:44,653 - elsapy.utils - INFO - Module loaded.
2020-04-14 13:50:44,654 - elsapy.elsprofile - INFO - Module loaded.
2020-04-14 13:50:44,655 - elsapy.elsdoc - INFO - Module loaded.
2020-04-14 13:50:44,656 - elsapy.elssearch - INFO - Module loaded.
2020-04-14 14:13:09,153 - elsapy.elsclient - INFO - Module loaded.
2020-04-14 14:13:09,154 - elsapy.elsentity - INFO - Module loaded.
2020-04-14 14:13:09,155 - elsapy.utils - INFO - Module loaded.
2020-04-14 14:13:09,155 - elsapy.elsprofile - INFO - Module loaded.
2020-04-14 14:13:09,156 - elsapy.elsdoc - INFO - Module loaded.
2020-04-14 14:13:09,157 - elsapy.elssearch - INFO - Module loaded.
2020-04-14 14:14:33,063 - elsapy.elsclient - INFO - Module loaded.
2020-04-14 14:14:33,065 - elsapy.elsentity - INFO - Module loaded.
2020-04-14 14:14:33,066 - elsapy.utils - INFO - Module loaded.
2020-04-14 14:14:33,066 - elsapy.elsprofile - INFO - Module loaded.
2020-04-14 14:14:33,067 - elsapy.elsdoc - INFO - Module loaded.
2020-04-14 14:14:33,068 - elsapy.elssearch - INFO - Module loaded.
2020-04-14 15:07:41,176 - elsapy.elsclient - INFO - Module loaded.
2020-04-14 15:07:41,177 - elsapy.elsentity - INFO - Module loaded.
2020-04-14 15:07:41,178 - elsapy.utils - INFO - Module loaded.
2020-04-14 15:07:41,178 - elsapy.elsprofile - INFO - Module loaded.
2020-04-14 15:07:41,179 - elsapy.elsdoc - INFO - Module loaded.
2020-04-14 15:07:41,180 - elsapy.elssearch - INFO - Module loaded.
2020-04-14 15:08:19,213 - elsapy.elsclient - INFO - Module loaded.
2020-04-14 15:08:19,214 - elsapy.elsentity - INFO - Module loaded.
2020-04-14 15:08:19,215 - elsapy.utils - INFO - Module loaded.
2020-04-14 15:08:19,216 - elsapy.elsprofile - INFO - Module loaded.
2020-04-14 15:08:19,216 - elsapy.elsdoc - INFO - Module loaded.
2020-04-14 15:08:19,217 - elsapy.elssearch - INFO - Module loaded.
2020-04-14 15:36:48,212 - elsapy.elsclient - INFO - Module loaded.
2020-04-14 15:36:48,214 - elsapy.elsentity - INFO - Module loaded.
2020-04-14 15:36:48,214 - elsapy.utils - INFO - Module loaded.
2020-04-14 15:36:48,215 - elsapy.elsprofile - INFO - Module loaded.
2020-04-14 15:36:48,215 - elsapy.elsdoc - INFO - Module loaded.
2020-04-14 15:36:48,216 - elsapy.elssearch - INFO - Module loaded.
2020-04-14 15:37:41,748 - elsapy.elsclient - INFO - Module loaded.
2020-04-14 15:37:41,749 - elsapy.elsentity - INFO - Module loaded.
2020-04-14 15:37:41,750 - elsapy.utils - INFO - Module loaded.
2020-04-14 15:37:41,750 - elsapy.elsprofile - INFO - Module loaded.
2020-04-14 15:37:41,751 - elsapy.elsdoc - INFO - Module loaded.
2020-04-14 15:37:41,752 - elsapy.elssearch - INFO - Module loaded.
2020-04-14 15:39:04,660 - elsapy.elsclient - INFO - Module loaded.
2020-04-14 15:39:04,661 - elsapy.elsentity - INFO - Module loaded.
2020-04-14 15:39:04,662 - elsapy.utils - INFO - Module loaded.
2020-04-14 15:39:04,662 - elsapy.elsprofile - INFO - Module loaded.
2020-04-14 15:39:04,663 - elsapy.elsdoc - INFO - Module loaded.
2020-04-14 15:39:04,664 - elsapy.elssearch - INFO - Module loaded.
2020-04-14 16:21:44,917 - elsapy.elsclient - INFO - Module loaded.
2020-04-14 16:21:44,919 - elsapy.elsentity - INFO - Module loaded.
2020-04-14 16:21:44,920 - elsapy.utils - INFO - Module loaded.
2020-04-14 16:21:44,920 - elsapy.elsprofile - INFO - Module loaded.
2020-04-14 16:21:44,922 - elsapy.elsdoc - INFO - Module loaded.
2020-04-14 16:21:44,923 - elsapy.elssearch - INFO - Module loaded.
2020-04-14 16:23:10,739 - elsapy.elsclient - INFO - Module loaded.
2020-04-14 16:23:10,740 - elsapy.elsentity - INFO - Module loaded.
2020-04-14 16:23:10,741 - elsapy.utils - INFO - Module loaded.
2020-04-14 16:23:10,741 - elsapy.elsprofile - INFO - Module loaded.
2020-04-14 16:23:10,742 - elsapy.elsdoc - INFO - Module loaded.
2020-04-14 16:23:10,743 - elsapy.elssearch - INFO - Module loaded.
2020-04-14 16:28:29,206 - elsapy.elsclient - INFO - Module loaded.
2020-04-14 16:28:29,207 - elsapy.elsentity - INFO - Module loaded.
2020-04-14 16:28:29,207 - elsapy.utils - INFO - Module loaded.
2020-04-14 16:28:29,208 - elsapy.elsprofile - INFO - Module loaded.
2020-04-14 16:28:29,209 - elsapy.elsdoc - INFO - Module loaded.
2020-04-14 16:28:29,209 - elsapy.elssearch - INFO - Module loaded.
2020-04-14 16:30:35,400 - elsapy.elsclient - INFO - Module loaded.
2020-04-14 16:30:35,401 - elsapy.elsentity - INFO - Module loaded.
2020-04-14 16:30:35,402 - elsapy.utils - INFO - Module loaded.
2020-04-14 16:30:35,402 - elsapy.elsprofile - INFO - Module loaded.
2020-04-14 16:30:35,403 - elsapy.elsdoc - INFO - Module loaded.
2020-04-14 16:30:35,404 - elsapy.elssearch - INFO - Module loaded.
2020-04-14 16:32:42,841 - elsapy.elsclient - INFO - Module loaded.
2020-04-14 16:32:42,843 - elsapy.elsentity - INFO - Module loaded.
2020-04-14 16:32:42,844 - elsapy.utils - INFO - Module loaded.
2020-04-14 16:32:42,844 - elsapy.elsprofile - INFO - Module loaded.
2020-04-14 16:32:42,845 - elsapy.elsdoc - INFO - Module loaded.
2020-04-14 16:32:42,846 - elsapy.elssearch - INFO - Module loaded.
2020-04-14 16:33:44,276 - elsapy.elsclient - INFO - Module loaded.
2020-04-14 16:33:44,277 - elsapy.elsentity - INFO - Module loaded.
2020-04-14 16:33:44,278 - elsapy.utils - INFO - Module loaded.
2020-04-14 16:33:44,278 - elsapy.elsprofile - INFO - Module loaded.
2020-04-14 16:33:44,279 - elsapy.elsdoc - INFO - Module loaded.
2020-04-14 16:33:44,279 - elsapy.elssearch - INFO - Module loaded.
2020-04-14 16:38:41,792 - elsapy.elsclient - INFO - Module loaded.
2020-04-14 16:38:41,793 - elsapy.elsentity - INFO - Module loaded.
2020-04-14 16:38:41,794 - elsapy.utils - INFO - Module loaded.
2020-04-14 16:38:41,794 - elsapy.elsprofile - INFO - Module loaded.
2020-04-14 16:38:41,795 - elsapy.elsdoc - INFO - Module loaded.
2020-04-14 16:38:41,795 - elsapy.elssearch - INFO - Module loaded.
2020-04-14 16:38:51,791 - elsapy.elsclient - INFO - Module loaded.
2020-04-14 16:38:51,792 - elsapy.elsentity - INFO - Module loaded.
2020-04-14 16:38:51,793 - elsapy.utils - INFO - Module loaded.
2020-04-14 16:38:51,793 - elsapy.elsprofile - INFO - Module loaded.
2020-04-14 16:38:51,795 - elsapy.elsdoc - INFO - Module loaded.
2020-04-14 16:38:51,795 - elsapy.elssearch - INFO - Module loaded.
2020-04-14 16:39:52,245 - elsapy.elsclient - INFO - Module loaded.
2020-04-14 16:39:52,246 - elsapy.elsentity - INFO - Module loaded.
2020-04-14 16:39:52,247 - elsapy.utils - INFO - Module loaded.
2020-04-14 16:39:52,247 - elsapy.elsprofile - INFO - Module loaded.
2020-04-14 16:39:52,248 - elsapy.elsdoc - INFO - Module loaded.
2020-04-14 16:39:52,249 - elsapy.elssearch - INFO - Module loaded.
2020-04-14 16:40:46,485 - elsapy.elsclient - INFO - Module loaded.
2020-04-14 16:40:46,486 - elsapy.elsentity - INFO - Module loaded.
2020-04-14 16:40:46,488 - elsapy.utils - INFO - Module loaded.
2020-04-14 16:40:46,488 - elsapy.elsprofile - INFO - Module loaded.
2020-04-14 16:40:46,490 - elsapy.elsdoc - INFO - Module loaded.
2020-04-14 16:40:46,491 - elsapy.elssearch - INFO - Module loaded.
2020-04-14 16:42:52,147 - elsapy.elsclient - INFO - Module loaded.
2020-04-14 16:42:52,149 - elsapy.elsentity - INFO - Module loaded.
2020-04-14 16:42:52,149 - elsapy.utils - INFO - Module loaded.
2020-04-14 16:42:52,150 - elsapy.elsprofile - INFO - Module loaded.
2020-04-14 16:42:52,150 - elsapy.elsdoc - INFO - Module loaded.
2020-04-14 16:42:52,151 - elsapy.elssearch - INFO - Module loaded.
2020-04-14 16:46:44,626 - elsapy.elsclient - INFO - Module loaded.
2020-04-14 16:46:44,627 - elsapy.elsentity - INFO - Module loaded.
2020-04-14 16:46:44,628 - elsapy.utils - INFO - Module loaded.
2020-04-14 16:46:44,628 - elsapy.elsprofile - INFO - Module loaded.
2020-04-14 16:46:44,629 - elsapy.elsdoc - INFO - Module loaded.
2020-04-14 16:46:44,630 - elsapy.elssearch - INFO - Module loaded.
2020-04-14 16:48:13,440 - elsapy.elsclient - INFO - Module loaded.
2020-04-14 16:48:13,442 - elsapy.elsentity - INFO - Module loaded.
2020-04-14 16:48:13,443 - elsapy.utils - INFO - Module loaded.
2020-04-14 16:48:13,444 - elsapy.elsprofile - INFO - Module loaded.
2020-04-14 16:48:13,445 - elsapy.elsdoc - INFO - Module loaded.
2020-04-14 16:48:13,445 - elsapy.elssearch - INFO - Module loaded.
2020-04-14 16:48:42,814 - elsapy.elsclient - INFO - Module loaded.
2020-04-14 16:48:42,815 - elsapy.elsentity - INFO - Module loaded.
2020-04-14 16:48:42,816 - elsapy.utils - INFO - Module loaded.
2020-04-14 16:48:42,817 - elsapy.elsprofile - INFO - Module loaded.
2020-04-14 16:48:42,817 - elsapy.elsdoc - INFO - Module loaded.
2020-04-14 16:48:42,818 - elsapy.elssearch - INFO - Module loaded.
2020-04-14 16:49:06,246 - elsapy.elsclient - INFO - Module loaded.
2020-04-14 16:49:06,248 - elsapy.elsentity - INFO - Module loaded.
2020-04-14 16:49:06,248 - elsapy.utils - INFO - Module loaded.
2020-04-14 16:49:06,249 - elsapy.elsprofile - INFO - Module loaded.
2020-04-14 16:49:06,249 - elsapy.elsdoc - INFO - Module loaded.
2020-04-14 16:49:06,250 - elsapy.elssearch - INFO - Module loaded.
2020-04-14 16:49:20,596 - elsapy.elsclient - INFO - Module loaded.
2020-04-14 16:49:20,597 - elsapy.elsentity - INFO - Module loaded.
2020-04-14 16:49:20,598 - elsapy.utils - INFO - Module loaded.
2020-04-14 16:49:20,598 - elsapy.elsprofile - INFO - Module loaded.
2020-04-14 16:49:20,599 - elsapy.elsdoc - INFO - Module loaded.
2020-04-14 16:49:20,600 - elsapy.elssearch - INFO - Module loaded.
2020-04-14 16:55:27,209 - elsapy.elsclient - INFO - Module loaded.
2020-04-14 16:55:27,210 - elsapy.elsentity - INFO - Module loaded.
2020-04-14 16:55:27,210 - elsapy.utils - INFO - Module loaded.
2020-04-14 16:55:27,211 - elsapy.elsprofile - INFO - Module loaded.
2020-04-14 16:55:27,211 - elsapy.elsdoc - INFO - Module loaded.
2020-04-14 16:55:27,212 - elsapy.elssearch - INFO - Module loaded.
2020-04-14 17:00:46,328 - elsapy.elsclient - INFO - Module loaded.
2020-04-14 17:00:46,329 - elsapy.elsentity - INFO - Module loaded.
2020-04-14 17:00:46,329 - elsapy.utils - INFO - Module loaded.
2020-04-14 17:00:46,329 - elsapy.elsprofile - INFO - Module loaded.
2020-04-14 17:00:46,330 - elsapy.elsdoc - INFO - Module loaded.
2020-04-14 17:00:46,331 - elsapy.elssearch - INFO - Module loaded.
2020-04-14 17:01:23,572 - elsapy.elsclient - INFO - Module loaded.
2020-04-14 17:01:23,573 - elsapy.elsentity - INFO - Module loaded.
2020-04-14 17:01:23,574 - elsapy.utils - INFO - Module loaded.
2020-04-14 17:01:23,574 - elsapy.elsprofile - INFO - Module loaded.
2020-04-14 17:01:23,575 - elsapy.elsdoc - INFO - Module loaded.
2020-04-14 17:01:23,576 - elsapy.elssearch - INFO - Module loaded.
2020-04-14 17:05:22,101 - elsapy.elsclient - INFO - Module loaded.
2020-04-14 17:05:22,102 - elsapy.elsentity - INFO - Module loaded.
2020-04-14 17:05:22,103 - elsapy.utils - INFO - Module loaded.
2020-04-14 17:05:22,103 - elsapy.elsprofile - INFO - Module loaded.
2020-04-14 17:05:22,104 - elsapy.elsdoc - INFO - Module loaded.
2020-04-14 17:05:22,104 - elsapy.elssearch - INFO - Module loaded.
2020-04-14 17:09:59,363 - elsapy.elsclient - INFO - Module loaded.
2020-04-14 17:09:59,364 - elsapy.elsentity - INFO - Module loaded.
2020-04-14 17:09:59,365 - elsapy.utils - INFO - Module loaded.
2020-04-14 17:09:59,365 - elsapy.elsprofile - INFO - Module loaded.
2020-04-14 17:09:59,366 - elsapy.elsdoc - INFO - Module loaded.
2020-04-14 17:09:59,367 - elsapy.elssearch - INFO - Module loaded.
2020-04-14 17:10:30,358 - elsapy.elsclient - INFO - Module loaded.
2020-04-14 17:10:30,360 - elsapy.elsentity - INFO - Module loaded.
2020-04-14 17:10:30,362 - elsapy.utils - INFO - Module loaded.
2020-04-14 17:10:30,362 - elsapy.elsprofile - INFO - Module loaded.
2020-04-14 17:10:30,363 - elsapy.elsdoc - INFO - Module loaded.
2020-04-14 17:10:30,364 - elsapy.elssearch - INFO - Module loaded.
