2020-04-17 08:58:21,219 - elsapy.elsclient - INFO - Module loaded.
2020-04-17 08:58:21,221 - elsapy.elsentity - INFO - Module loaded.
2020-04-17 08:58:21,222 - elsapy.utils - INFO - Module loaded.
2020-04-17 08:58:21,223 - elsapy.elsprofile - INFO - Module loaded.
2020-04-17 08:58:21,225 - elsapy.elsdoc - INFO - Module loaded.
2020-04-17 08:58:21,226 - elsapy.elssearch - INFO - Module loaded.
2020-04-17 09:46:20,297 - elsapy.elsclient - INFO - Module loaded.
2020-04-17 09:46:20,298 - elsapy.elsentity - INFO - Module loaded.
2020-04-17 09:46:20,299 - elsapy.utils - INFO - Module loaded.
2020-04-17 09:46:20,299 - elsapy.elsprofile - INFO - Module loaded.
2020-04-17 09:46:20,300 - elsapy.elsdoc - INFO - Module loaded.
2020-04-17 09:46:20,301 - elsapy.elssearch - INFO - Module loaded.
2020-04-17 09:51:25,588 - elsapy.elsclient - INFO - Module loaded.
2020-04-17 09:51:25,589 - elsapy.elsentity - INFO - Module loaded.
2020-04-17 09:51:25,590 - elsapy.utils - INFO - Module loaded.
2020-04-17 09:51:25,590 - elsapy.elsprofile - INFO - Module loaded.
2020-04-17 09:51:25,591 - elsapy.elsdoc - INFO - Module loaded.
2020-04-17 09:51:25,592 - elsapy.elssearch - INFO - Module loaded.
2020-04-17 09:52:15,857 - elsapy.elsclient - INFO - Module loaded.
2020-04-17 09:52:15,859 - elsapy.elsentity - INFO - Module loaded.
2020-04-17 09:52:15,859 - elsapy.utils - INFO - Module loaded.
2020-04-17 09:52:15,860 - elsapy.elsprofile - INFO - Module loaded.
2020-04-17 09:52:15,860 - elsapy.elsdoc - INFO - Module loaded.
2020-04-17 09:52:15,861 - elsapy.elssearch - INFO - Module loaded.
2020-04-17 09:54:37,020 - elsapy.elsclient - INFO - Module loaded.
2020-04-17 09:54:37,021 - elsapy.elsentity - INFO - Module loaded.
2020-04-17 09:54:37,022 - elsapy.utils - INFO - Module loaded.
2020-04-17 09:54:37,022 - elsapy.elsprofile - INFO - Module loaded.
2020-04-17 09:54:37,023 - elsapy.elsdoc - INFO - Module loaded.
2020-04-17 09:54:37,024 - elsapy.elssearch - INFO - Module loaded.
2020-04-17 09:56:07,112 - elsapy.elsclient - INFO - Module loaded.
2020-04-17 09:56:07,113 - elsapy.elsentity - INFO - Module loaded.
2020-04-17 09:56:07,114 - elsapy.utils - INFO - Module loaded.
2020-04-17 09:56:07,114 - elsapy.elsprofile - INFO - Module loaded.
2020-04-17 09:56:07,115 - elsapy.elsdoc - INFO - Module loaded.
2020-04-17 09:56:07,116 - elsapy.elssearch - INFO - Module loaded.
2020-04-17 09:57:35,289 - elsapy.elsclient - INFO - Module loaded.
2020-04-17 09:57:35,290 - elsapy.elsentity - INFO - Module loaded.
2020-04-17 09:57:35,291 - elsapy.utils - INFO - Module loaded.
2020-04-17 09:57:35,291 - elsapy.elsprofile - INFO - Module loaded.
2020-04-17 09:57:35,292 - elsapy.elsdoc - INFO - Module loaded.
2020-04-17 09:57:35,293 - elsapy.elssearch - INFO - Module loaded.
2020-04-17 09:59:52,986 - elsapy.elsclient - INFO - Module loaded.
2020-04-17 09:59:52,987 - elsapy.elsentity - INFO - Module loaded.
2020-04-17 09:59:52,988 - elsapy.utils - INFO - Module loaded.
2020-04-17 09:59:52,988 - elsapy.elsprofile - INFO - Module loaded.
2020-04-17 09:59:52,989 - elsapy.elsdoc - INFO - Module loaded.
2020-04-17 09:59:52,990 - elsapy.elssearch - INFO - Module loaded.
2020-04-17 10:02:54,917 - elsapy.elsclient - INFO - Module loaded.
2020-04-17 10:02:54,918 - elsapy.elsentity - INFO - Module loaded.
2020-04-17 10:02:54,919 - elsapy.utils - INFO - Module loaded.
2020-04-17 10:02:54,919 - elsapy.elsprofile - INFO - Module loaded.
2020-04-17 10:02:54,920 - elsapy.elsdoc - INFO - Module loaded.
2020-04-17 10:02:54,921 - elsapy.elssearch - INFO - Module loaded.
2020-04-17 10:04:46,611 - elsapy.elsclient - INFO - Module loaded.
2020-04-17 10:04:46,612 - elsapy.elsentity - INFO - Module loaded.
2020-04-17 10:04:46,613 - elsapy.utils - INFO - Module loaded.
2020-04-17 10:04:46,613 - elsapy.elsprofile - INFO - Module loaded.
2020-04-17 10:04:46,613 - elsapy.elsdoc - INFO - Module loaded.
2020-04-17 10:04:46,614 - elsapy.elssearch - INFO - Module loaded.
2020-04-17 10:16:27,823 - elsapy.elsclient - INFO - Module loaded.
2020-04-17 10:16:27,824 - elsapy.elsentity - INFO - Module loaded.
2020-04-17 10:16:27,825 - elsapy.utils - INFO - Module loaded.
2020-04-17 10:16:27,825 - elsapy.elsprofile - INFO - Module loaded.
2020-04-17 10:16:27,826 - elsapy.elsdoc - INFO - Module loaded.
2020-04-17 10:16:27,826 - elsapy.elssearch - INFO - Module loaded.
2020-04-17 10:21:12,950 - elsapy.elsclient - INFO - Module loaded.
2020-04-17 10:21:12,951 - elsapy.elsentity - INFO - Module loaded.
2020-04-17 10:21:12,952 - elsapy.utils - INFO - Module loaded.
2020-04-17 10:21:12,952 - elsapy.elsprofile - INFO - Module loaded.
2020-04-17 10:21:12,953 - elsapy.elsdoc - INFO - Module loaded.
2020-04-17 10:21:12,954 - elsapy.elssearch - INFO - Module loaded.
2020-04-17 10:21:30,005 - elsapy.elsclient - INFO - Module loaded.
2020-04-17 10:21:30,006 - elsapy.elsentity - INFO - Module loaded.
2020-04-17 10:21:30,006 - elsapy.utils - INFO - Module loaded.
2020-04-17 10:21:30,006 - elsapy.elsprofile - INFO - Module loaded.
2020-04-17 10:21:30,007 - elsapy.elsdoc - INFO - Module loaded.
2020-04-17 10:21:30,008 - elsapy.elssearch - INFO - Module loaded.
2020-04-17 10:22:28,897 - elsapy.elsclient - INFO - Module loaded.
2020-04-17 10:22:28,898 - elsapy.elsentity - INFO - Module loaded.
2020-04-17 10:22:28,899 - elsapy.utils - INFO - Module loaded.
2020-04-17 10:22:28,899 - elsapy.elsprofile - INFO - Module loaded.
2020-04-17 10:22:28,900 - elsapy.elsdoc - INFO - Module loaded.
2020-04-17 10:22:28,901 - elsapy.elssearch - INFO - Module loaded.
2020-04-17 10:50:36,736 - elsapy.elsclient - INFO - Module loaded.
2020-04-17 10:50:36,736 - elsapy.elsentity - INFO - Module loaded.
2020-04-17 10:50:36,736 - elsapy.utils - INFO - Module loaded.
2020-04-17 10:50:36,737 - elsapy.elsprofile - INFO - Module loaded.
2020-04-17 10:50:36,737 - elsapy.elsdoc - INFO - Module loaded.
2020-04-17 10:50:36,738 - elsapy.elssearch - INFO - Module loaded.
2020-04-17 10:51:30,850 - elsapy.elsclient - INFO - Module loaded.
2020-04-17 10:51:30,851 - elsapy.elsentity - INFO - Module loaded.
2020-04-17 10:51:30,852 - elsapy.utils - INFO - Module loaded.
2020-04-17 10:51:30,852 - elsapy.elsprofile - INFO - Module loaded.
2020-04-17 10:51:30,853 - elsapy.elsdoc - INFO - Module loaded.
2020-04-17 10:51:30,854 - elsapy.elssearch - INFO - Module loaded.
2020-04-17 11:01:55,876 - elsapy.elsclient - INFO - Module loaded.
2020-04-17 11:01:55,877 - elsapy.elsentity - INFO - Module loaded.
2020-04-17 11:01:55,878 - elsapy.utils - INFO - Module loaded.
2020-04-17 11:01:55,878 - elsapy.elsprofile - INFO - Module loaded.
2020-04-17 11:01:55,879 - elsapy.elsdoc - INFO - Module loaded.
2020-04-17 11:01:55,879 - elsapy.elssearch - INFO - Module loaded.
2020-04-17 11:02:35,772 - elsapy.elsclient - INFO - Module loaded.
2020-04-17 11:02:35,774 - elsapy.elsentity - INFO - Module loaded.
2020-04-17 11:02:35,774 - elsapy.utils - INFO - Module loaded.
2020-04-17 11:02:35,775 - elsapy.elsprofile - INFO - Module loaded.
2020-04-17 11:02:35,775 - elsapy.elsdoc - INFO - Module loaded.
2020-04-17 11:02:35,776 - elsapy.elssearch - INFO - Module loaded.
2020-04-17 11:04:40,631 - elsapy.elsclient - INFO - Module loaded.
2020-04-17 11:04:40,632 - elsapy.elsentity - INFO - Module loaded.
2020-04-17 11:04:40,633 - elsapy.utils - INFO - Module loaded.
2020-04-17 11:04:40,633 - elsapy.elsprofile - INFO - Module loaded.
2020-04-17 11:04:40,634 - elsapy.elsdoc - INFO - Module loaded.
2020-04-17 11:04:40,635 - elsapy.elssearch - INFO - Module loaded.
2020-04-17 11:11:31,602 - elsapy.elsclient - INFO - Module loaded.
2020-04-17 11:11:31,603 - elsapy.elsentity - INFO - Module loaded.
2020-04-17 11:11:31,603 - elsapy.utils - INFO - Module loaded.
2020-04-17 11:11:31,604 - elsapy.elsprofile - INFO - Module loaded.
2020-04-17 11:11:31,604 - elsapy.elsdoc - INFO - Module loaded.
2020-04-17 11:11:31,605 - elsapy.elssearch - INFO - Module loaded.
2020-04-17 11:11:44,805 - elsapy.elsclient - INFO - Module loaded.
2020-04-17 11:11:44,806 - elsapy.elsentity - INFO - Module loaded.
2020-04-17 11:11:44,807 - elsapy.utils - INFO - Module loaded.
2020-04-17 11:11:44,807 - elsapy.elsprofile - INFO - Module loaded.
2020-04-17 11:11:44,808 - elsapy.elsdoc - INFO - Module loaded.
2020-04-17 11:11:44,809 - elsapy.elssearch - INFO - Module loaded.
2020-04-17 11:13:04,611 - elsapy.elsclient - INFO - Module loaded.
2020-04-17 11:13:04,612 - elsapy.elsentity - INFO - Module loaded.
2020-04-17 11:13:04,613 - elsapy.utils - INFO - Module loaded.
2020-04-17 11:13:04,613 - elsapy.elsprofile - INFO - Module loaded.
2020-04-17 11:13:04,614 - elsapy.elsdoc - INFO - Module loaded.
2020-04-17 11:13:04,614 - elsapy.elssearch - INFO - Module loaded.
2020-04-17 11:13:55,189 - elsapy.elsclient - INFO - Module loaded.
2020-04-17 11:13:55,190 - elsapy.elsentity - INFO - Module loaded.
2020-04-17 11:13:55,191 - elsapy.utils - INFO - Module loaded.
2020-04-17 11:13:55,191 - elsapy.elsprofile - INFO - Module loaded.
2020-04-17 11:13:55,192 - elsapy.elsdoc - INFO - Module loaded.
2020-04-17 11:13:55,193 - elsapy.elssearch - INFO - Module loaded.
2020-04-17 11:14:16,517 - elsapy.elsclient - INFO - Module loaded.
2020-04-17 11:14:16,518 - elsapy.elsentity - INFO - Module loaded.
2020-04-17 11:14:16,519 - elsapy.utils - INFO - Module loaded.
2020-04-17 11:14:16,519 - elsapy.elsprofile - INFO - Module loaded.
2020-04-17 11:14:16,520 - elsapy.elsdoc - INFO - Module loaded.
2020-04-17 11:14:16,520 - elsapy.elssearch - INFO - Module loaded.
2020-04-17 11:22:43,777 - elsapy.elsclient - INFO - Module loaded.
2020-04-17 11:22:43,779 - elsapy.elsentity - INFO - Module loaded.
2020-04-17 11:22:43,779 - elsapy.utils - INFO - Module loaded.
2020-04-17 11:22:43,780 - elsapy.elsprofile - INFO - Module loaded.
2020-04-17 11:22:43,780 - elsapy.elsdoc - INFO - Module loaded.
2020-04-17 11:22:43,782 - elsapy.elssearch - INFO - Module loaded.
2020-04-17 11:23:40,574 - elsapy.elsclient - INFO - Module loaded.
2020-04-17 11:23:40,575 - elsapy.elsentity - INFO - Module loaded.
2020-04-17 11:23:40,576 - elsapy.utils - INFO - Module loaded.
2020-04-17 11:23:40,576 - elsapy.elsprofile - INFO - Module loaded.
2020-04-17 11:23:40,577 - elsapy.elsdoc - INFO - Module loaded.
2020-04-17 11:23:40,577 - elsapy.elssearch - INFO - Module loaded.
2020-04-17 11:23:58,334 - elsapy.elsclient - INFO - Module loaded.
2020-04-17 11:23:58,335 - elsapy.elsentity - INFO - Module loaded.
2020-04-17 11:23:58,336 - elsapy.utils - INFO - Module loaded.
2020-04-17 11:23:58,336 - elsapy.elsprofile - INFO - Module loaded.
2020-04-17 11:23:58,337 - elsapy.elsdoc - INFO - Module loaded.
2020-04-17 11:23:58,338 - elsapy.elssearch - INFO - Module loaded.
2020-04-17 11:25:23,216 - elsapy.elsclient - INFO - Module loaded.
2020-04-17 11:25:23,217 - elsapy.elsentity - INFO - Module loaded.
2020-04-17 11:25:23,217 - elsapy.utils - INFO - Module loaded.
2020-04-17 11:25:23,218 - elsapy.elsprofile - INFO - Module loaded.
2020-04-17 11:25:23,218 - elsapy.elsdoc - INFO - Module loaded.
2020-04-17 11:25:23,219 - elsapy.elssearch - INFO - Module loaded.
2020-04-17 11:26:44,810 - elsapy.elsclient - INFO - Module loaded.
2020-04-17 11:26:44,811 - elsapy.elsentity - INFO - Module loaded.
2020-04-17 11:26:44,812 - elsapy.utils - INFO - Module loaded.
2020-04-17 11:26:44,812 - elsapy.elsprofile - INFO - Module loaded.
2020-04-17 11:26:44,813 - elsapy.elsdoc - INFO - Module loaded.
2020-04-17 11:26:44,814 - elsapy.elssearch - INFO - Module loaded.
2020-04-17 11:28:27,769 - elsapy.elsclient - INFO - Module loaded.
2020-04-17 11:28:27,770 - elsapy.elsentity - INFO - Module loaded.
2020-04-17 11:28:27,771 - elsapy.utils - INFO - Module loaded.
2020-04-17 11:28:27,771 - elsapy.elsprofile - INFO - Module loaded.
2020-04-17 11:28:27,772 - elsapy.elsdoc - INFO - Module loaded.
2020-04-17 11:28:27,772 - elsapy.elssearch - INFO - Module loaded.
2020-04-17 13:31:08,687 - elsapy.elsclient - INFO - Module loaded.
2020-04-17 13:31:08,689 - elsapy.elsentity - INFO - Module loaded.
2020-04-17 13:31:08,690 - elsapy.utils - INFO - Module loaded.
2020-04-17 13:31:08,690 - elsapy.elsprofile - INFO - Module loaded.
2020-04-17 13:31:08,691 - elsapy.elsdoc - INFO - Module loaded.
2020-04-17 13:31:08,692 - elsapy.elssearch - INFO - Module loaded.
2020-04-17 13:31:56,568 - elsapy.elsclient - INFO - Module loaded.
2020-04-17 13:31:56,570 - elsapy.elsentity - INFO - Module loaded.
2020-04-17 13:31:56,570 - elsapy.utils - INFO - Module loaded.
2020-04-17 13:31:56,570 - elsapy.elsprofile - INFO - Module loaded.
2020-04-17 13:31:56,571 - elsapy.elsdoc - INFO - Module loaded.
2020-04-17 13:31:56,572 - elsapy.elssearch - INFO - Module loaded.
2020-04-17 13:32:21,986 - elsapy.elsclient - INFO - Module loaded.
2020-04-17 13:32:21,987 - elsapy.elsentity - INFO - Module loaded.
2020-04-17 13:32:21,988 - elsapy.utils - INFO - Module loaded.
2020-04-17 13:32:21,988 - elsapy.elsprofile - INFO - Module loaded.
2020-04-17 13:32:21,989 - elsapy.elsdoc - INFO - Module loaded.
2020-04-17 13:32:21,990 - elsapy.elssearch - INFO - Module loaded.
2020-04-17 13:33:34,442 - elsapy.elsclient - INFO - Module loaded.
2020-04-17 13:33:34,443 - elsapy.elsentity - INFO - Module loaded.
2020-04-17 13:33:34,444 - elsapy.utils - INFO - Module loaded.
2020-04-17 13:33:34,445 - elsapy.elsprofile - INFO - Module loaded.
2020-04-17 13:33:34,446 - elsapy.elsdoc - INFO - Module loaded.
2020-04-17 13:33:34,447 - elsapy.elssearch - INFO - Module loaded.
2020-04-17 13:37:05,554 - elsapy.elsclient - INFO - Module loaded.
2020-04-17 13:37:05,555 - elsapy.elsentity - INFO - Module loaded.
2020-04-17 13:37:05,555 - elsapy.utils - INFO - Module loaded.
2020-04-17 13:37:05,556 - elsapy.elsprofile - INFO - Module loaded.
2020-04-17 13:37:05,557 - elsapy.elsdoc - INFO - Module loaded.
2020-04-17 13:37:05,557 - elsapy.elssearch - INFO - Module loaded.
2020-04-17 13:38:04,786 - elsapy.elsclient - INFO - Module loaded.
2020-04-17 13:38:04,787 - elsapy.elsentity - INFO - Module loaded.
2020-04-17 13:38:04,787 - elsapy.utils - INFO - Module loaded.
2020-04-17 13:38:04,788 - elsapy.elsprofile - INFO - Module loaded.
2020-04-17 13:38:04,791 - elsapy.elsdoc - INFO - Module loaded.
2020-04-17 13:38:04,792 - elsapy.elssearch - INFO - Module loaded.
2020-04-17 13:39:10,292 - elsapy.elsclient - INFO - Module loaded.
2020-04-17 13:39:10,293 - elsapy.elsentity - INFO - Module loaded.
2020-04-17 13:39:10,294 - elsapy.utils - INFO - Module loaded.
2020-04-17 13:39:10,295 - elsapy.elsprofile - INFO - Module loaded.
2020-04-17 13:39:10,295 - elsapy.elsdoc - INFO - Module loaded.
2020-04-17 13:39:10,296 - elsapy.elssearch - INFO - Module loaded.
2020-04-17 13:39:41,602 - elsapy.elsclient - INFO - Module loaded.
2020-04-17 13:39:41,603 - elsapy.elsentity - INFO - Module loaded.
2020-04-17 13:39:41,604 - elsapy.utils - INFO - Module loaded.
2020-04-17 13:39:41,604 - elsapy.elsprofile - INFO - Module loaded.
2020-04-17 13:39:41,605 - elsapy.elsdoc - INFO - Module loaded.
2020-04-17 13:39:41,606 - elsapy.elssearch - INFO - Module loaded.
2020-04-17 13:41:21,390 - elsapy.elsclient - INFO - Module loaded.
2020-04-17 13:41:21,391 - elsapy.elsentity - INFO - Module loaded.
2020-04-17 13:41:21,392 - elsapy.utils - INFO - Module loaded.
2020-04-17 13:41:21,392 - elsapy.elsprofile - INFO - Module loaded.
2020-04-17 13:41:21,393 - elsapy.elsdoc - INFO - Module loaded.
2020-04-17 13:41:21,394 - elsapy.elssearch - INFO - Module loaded.
2020-04-17 13:46:58,836 - elsapy.elsclient - INFO - Module loaded.
2020-04-17 13:46:58,837 - elsapy.elsentity - INFO - Module loaded.
2020-04-17 13:46:58,837 - elsapy.utils - INFO - Module loaded.
2020-04-17 13:46:58,838 - elsapy.elsprofile - INFO - Module loaded.
2020-04-17 13:46:58,838 - elsapy.elsdoc - INFO - Module loaded.
2020-04-17 13:46:58,839 - elsapy.elssearch - INFO - Module loaded.
2020-04-17 13:49:18,836 - elsapy.elsclient - INFO - Module loaded.
2020-04-17 13:49:18,837 - elsapy.elsentity - INFO - Module loaded.
2020-04-17 13:49:18,837 - elsapy.utils - INFO - Module loaded.
2020-04-17 13:49:18,838 - elsapy.elsprofile - INFO - Module loaded.
2020-04-17 13:49:18,839 - elsapy.elsdoc - INFO - Module loaded.
2020-04-17 13:49:18,840 - elsapy.elssearch - INFO - Module loaded.
2020-04-17 14:05:52,782 - elsapy.elsclient - INFO - Module loaded.
2020-04-17 14:05:52,783 - elsapy.elsentity - INFO - Module loaded.
2020-04-17 14:05:52,784 - elsapy.utils - INFO - Module loaded.
2020-04-17 14:05:52,784 - elsapy.elsprofile - INFO - Module loaded.
2020-04-17 14:05:52,785 - elsapy.elsdoc - INFO - Module loaded.
2020-04-17 14:05:52,785 - elsapy.elssearch - INFO - Module loaded.
2020-04-17 14:19:49,128 - elsapy.elsclient - INFO - Module loaded.
2020-04-17 14:19:49,129 - elsapy.elsentity - INFO - Module loaded.
2020-04-17 14:19:49,130 - elsapy.utils - INFO - Module loaded.
2020-04-17 14:19:49,130 - elsapy.elsprofile - INFO - Module loaded.
2020-04-17 14:19:49,131 - elsapy.elsdoc - INFO - Module loaded.
2020-04-17 14:19:49,132 - elsapy.elssearch - INFO - Module loaded.
2020-04-17 14:22:33,915 - elsapy.elsclient - INFO - Module loaded.
2020-04-17 14:22:33,917 - elsapy.elsentity - INFO - Module loaded.
2020-04-17 14:22:33,917 - elsapy.utils - INFO - Module loaded.
2020-04-17 14:22:33,917 - elsapy.elsprofile - INFO - Module loaded.
2020-04-17 14:22:33,918 - elsapy.elsdoc - INFO - Module loaded.
2020-04-17 14:22:33,919 - elsapy.elssearch - INFO - Module loaded.
2020-04-17 14:23:00,410 - elsapy.elsclient - INFO - Module loaded.
2020-04-17 14:23:00,411 - elsapy.elsentity - INFO - Module loaded.
2020-04-17 14:23:00,412 - elsapy.utils - INFO - Module loaded.
2020-04-17 14:23:00,412 - elsapy.elsprofile - INFO - Module loaded.
2020-04-17 14:23:00,413 - elsapy.elsdoc - INFO - Module loaded.
2020-04-17 14:23:00,414 - elsapy.elssearch - INFO - Module loaded.
2020-04-17 14:24:06,629 - elsapy.elsclient - INFO - Module loaded.
2020-04-17 14:24:06,630 - elsapy.elsentity - INFO - Module loaded.
2020-04-17 14:24:06,631 - elsapy.utils - INFO - Module loaded.
2020-04-17 14:24:06,631 - elsapy.elsprofile - INFO - Module loaded.
2020-04-17 14:24:06,632 - elsapy.elsdoc - INFO - Module loaded.
2020-04-17 14:24:06,633 - elsapy.elssearch - INFO - Module loaded.
2020-04-17 14:33:34,228 - elsapy.elsclient - INFO - Module loaded.
2020-04-17 14:33:34,229 - elsapy.elsentity - INFO - Module loaded.
2020-04-17 14:33:34,230 - elsapy.utils - INFO - Module loaded.
2020-04-17 14:33:34,230 - elsapy.elsprofile - INFO - Module loaded.
2020-04-17 14:33:34,231 - elsapy.elsdoc - INFO - Module loaded.
2020-04-17 14:33:34,231 - elsapy.elssearch - INFO - Module loaded.
2020-04-17 14:40:41,144 - elsapy.elsclient - INFO - Module loaded.
2020-04-17 14:40:41,145 - elsapy.elsentity - INFO - Module loaded.
2020-04-17 14:40:41,145 - elsapy.utils - INFO - Module loaded.
2020-04-17 14:40:41,146 - elsapy.elsprofile - INFO - Module loaded.
2020-04-17 14:40:41,147 - elsapy.elsdoc - INFO - Module loaded.
2020-04-17 14:40:41,147 - elsapy.elssearch - INFO - Module loaded.
2020-04-17 14:46:56,575 - elsapy.elsclient - INFO - Module loaded.
2020-04-17 14:46:56,576 - elsapy.elsentity - INFO - Module loaded.
2020-04-17 14:46:56,577 - elsapy.utils - INFO - Module loaded.
2020-04-17 14:46:56,577 - elsapy.elsprofile - INFO - Module loaded.
2020-04-17 14:46:56,578 - elsapy.elsdoc - INFO - Module loaded.
2020-04-17 14:46:56,579 - elsapy.elssearch - INFO - Module loaded.
2020-04-17 14:48:26,886 - elsapy.elsclient - INFO - Module loaded.
2020-04-17 14:48:26,887 - elsapy.elsentity - INFO - Module loaded.
2020-04-17 14:48:26,887 - elsapy.utils - INFO - Module loaded.
2020-04-17 14:48:26,887 - elsapy.elsprofile - INFO - Module loaded.
2020-04-17 14:48:26,888 - elsapy.elsdoc - INFO - Module loaded.
2020-04-17 14:48:26,889 - elsapy.elssearch - INFO - Module loaded.
2020-04-17 14:55:22,250 - elsapy.elsclient - INFO - Module loaded.
2020-04-17 14:55:22,251 - elsapy.elsentity - INFO - Module loaded.
2020-04-17 14:55:22,252 - elsapy.utils - INFO - Module loaded.
2020-04-17 14:55:22,252 - elsapy.elsprofile - INFO - Module loaded.
2020-04-17 14:55:22,253 - elsapy.elsdoc - INFO - Module loaded.
2020-04-17 14:55:22,253 - elsapy.elssearch - INFO - Module loaded.
2020-04-17 14:57:25,482 - elsapy.elsclient - INFO - Module loaded.
2020-04-17 14:57:25,484 - elsapy.elsentity - INFO - Module loaded.
2020-04-17 14:57:25,484 - elsapy.utils - INFO - Module loaded.
2020-04-17 14:57:25,485 - elsapy.elsprofile - INFO - Module loaded.
2020-04-17 14:57:25,486 - elsapy.elsdoc - INFO - Module loaded.
2020-04-17 14:57:25,486 - elsapy.elssearch - INFO - Module loaded.
2020-04-17 14:59:03,834 - elsapy.elsclient - INFO - Module loaded.
2020-04-17 14:59:03,835 - elsapy.elsentity - INFO - Module loaded.
2020-04-17 14:59:03,836 - elsapy.utils - INFO - Module loaded.
2020-04-17 14:59:03,836 - elsapy.elsprofile - INFO - Module loaded.
2020-04-17 14:59:03,838 - elsapy.elsdoc - INFO - Module loaded.
2020-04-17 14:59:03,838 - elsapy.elssearch - INFO - Module loaded.
2020-04-17 15:20:22,648 - elsapy.elsclient - INFO - Module loaded.
2020-04-17 15:20:22,649 - elsapy.elsentity - INFO - Module loaded.
2020-04-17 15:20:22,650 - elsapy.utils - INFO - Module loaded.
2020-04-17 15:20:22,650 - elsapy.elsprofile - INFO - Module loaded.
2020-04-17 15:20:22,650 - elsapy.elsdoc - INFO - Module loaded.
2020-04-17 15:20:22,651 - elsapy.elssearch - INFO - Module loaded.
2020-04-17 15:27:18,844 - elsapy.elsclient - INFO - Module loaded.
2020-04-17 15:27:18,846 - elsapy.elsentity - INFO - Module loaded.
2020-04-17 15:27:18,847 - elsapy.utils - INFO - Module loaded.
2020-04-17 15:27:18,847 - elsapy.elsprofile - INFO - Module loaded.
2020-04-17 15:27:18,848 - elsapy.elsdoc - INFO - Module loaded.
2020-04-17 15:27:18,849 - elsapy.elssearch - INFO - Module loaded.
2020-04-17 15:48:07,211 - elsapy.elsclient - INFO - Module loaded.
2020-04-17 15:48:07,213 - elsapy.elsentity - INFO - Module loaded.
2020-04-17 15:48:07,213 - elsapy.utils - INFO - Module loaded.
2020-04-17 15:48:07,213 - elsapy.elsprofile - INFO - Module loaded.
2020-04-17 15:48:07,214 - elsapy.elsdoc - INFO - Module loaded.
2020-04-17 15:48:07,215 - elsapy.elssearch - INFO - Module loaded.
2020-04-17 15:49:43,220 - elsapy.elsclient - INFO - Module loaded.
2020-04-17 15:49:43,221 - elsapy.elsentity - INFO - Module loaded.
2020-04-17 15:49:43,222 - elsapy.utils - INFO - Module loaded.
2020-04-17 15:49:43,222 - elsapy.elsprofile - INFO - Module loaded.
2020-04-17 15:49:43,223 - elsapy.elsdoc - INFO - Module loaded.
2020-04-17 15:49:43,223 - elsapy.elssearch - INFO - Module loaded.
2020-04-17 15:52:09,304 - elsapy.elsclient - INFO - Module loaded.
2020-04-17 15:52:09,305 - elsapy.elsentity - INFO - Module loaded.
2020-04-17 15:52:09,306 - elsapy.utils - INFO - Module loaded.
2020-04-17 15:52:09,306 - elsapy.elsprofile - INFO - Module loaded.
2020-04-17 15:52:09,307 - elsapy.elsdoc - INFO - Module loaded.
2020-04-17 15:52:09,308 - elsapy.elssearch - INFO - Module loaded.
2020-04-17 15:52:45,051 - elsapy.elsclient - INFO - Module loaded.
2020-04-17 15:52:45,052 - elsapy.elsentity - INFO - Module loaded.
2020-04-17 15:52:45,053 - elsapy.utils - INFO - Module loaded.
2020-04-17 15:52:45,053 - elsapy.elsprofile - INFO - Module loaded.
2020-04-17 15:52:45,054 - elsapy.elsdoc - INFO - Module loaded.
2020-04-17 15:52:45,055 - elsapy.elssearch - INFO - Module loaded.
2020-04-17 15:53:33,078 - elsapy.elsclient - INFO - Module loaded.
2020-04-17 15:53:33,079 - elsapy.elsentity - INFO - Module loaded.
2020-04-17 15:53:33,080 - elsapy.utils - INFO - Module loaded.
2020-04-17 15:53:33,080 - elsapy.elsprofile - INFO - Module loaded.
2020-04-17 15:53:33,081 - elsapy.elsdoc - INFO - Module loaded.
2020-04-17 15:53:33,081 - elsapy.elssearch - INFO - Module loaded.
2020-04-17 15:53:59,614 - elsapy.elsclient - INFO - Module loaded.
2020-04-17 15:53:59,616 - elsapy.elsentity - INFO - Module loaded.
2020-04-17 15:53:59,617 - elsapy.utils - INFO - Module loaded.
2020-04-17 15:53:59,617 - elsapy.elsprofile - INFO - Module loaded.
2020-04-17 15:53:59,618 - elsapy.elsdoc - INFO - Module loaded.
2020-04-17 15:53:59,619 - elsapy.elssearch - INFO - Module loaded.
2020-04-17 16:16:42,611 - elsapy.elsclient - INFO - Module loaded.
2020-04-17 16:16:42,612 - elsapy.elsentity - INFO - Module loaded.
2020-04-17 16:16:42,613 - elsapy.utils - INFO - Module loaded.
2020-04-17 16:16:42,614 - elsapy.elsprofile - INFO - Module loaded.
2020-04-17 16:16:42,615 - elsapy.elsdoc - INFO - Module loaded.
2020-04-17 16:16:42,616 - elsapy.elssearch - INFO - Module loaded.
2020-04-17 16:17:12,381 - elsapy.elsclient - INFO - Module loaded.
2020-04-17 16:17:12,383 - elsapy.elsentity - INFO - Module loaded.
2020-04-17 16:17:12,384 - elsapy.utils - INFO - Module loaded.
2020-04-17 16:17:12,384 - elsapy.elsprofile - INFO - Module loaded.
2020-04-17 16:17:12,385 - elsapy.elsdoc - INFO - Module loaded.
2020-04-17 16:17:12,385 - elsapy.elssearch - INFO - Module loaded.
2020-04-17 16:17:37,924 - elsapy.elsclient - INFO - Module loaded.
2020-04-17 16:17:37,925 - elsapy.elsentity - INFO - Module loaded.
2020-04-17 16:17:37,925 - elsapy.utils - INFO - Module loaded.
2020-04-17 16:17:37,926 - elsapy.elsprofile - INFO - Module loaded.
2020-04-17 16:17:37,926 - elsapy.elsdoc - INFO - Module loaded.
2020-04-17 16:17:37,927 - elsapy.elssearch - INFO - Module loaded.
2020-04-17 16:18:12,152 - elsapy.elsclient - INFO - Module loaded.
2020-04-17 16:18:12,154 - elsapy.elsentity - INFO - Module loaded.
2020-04-17 16:18:12,154 - elsapy.utils - INFO - Module loaded.
2020-04-17 16:18:12,155 - elsapy.elsprofile - INFO - Module loaded.
2020-04-17 16:18:12,155 - elsapy.elsdoc - INFO - Module loaded.
2020-04-17 16:18:12,156 - elsapy.elssearch - INFO - Module loaded.
2020-04-17 16:23:00,305 - elsapy.elsclient - INFO - Module loaded.
2020-04-17 16:23:00,306 - elsapy.elsentity - INFO - Module loaded.
2020-04-17 16:23:00,307 - elsapy.utils - INFO - Module loaded.
2020-04-17 16:23:00,307 - elsapy.elsprofile - INFO - Module loaded.
2020-04-17 16:23:00,308 - elsapy.elsdoc - INFO - Module loaded.
2020-04-17 16:23:00,309 - elsapy.elssearch - INFO - Module loaded.
2020-04-17 16:23:58,576 - elsapy.elsclient - INFO - Module loaded.
2020-04-17 16:23:58,577 - elsapy.elsentity - INFO - Module loaded.
2020-04-17 16:23:58,578 - elsapy.utils - INFO - Module loaded.
2020-04-17 16:23:58,578 - elsapy.elsprofile - INFO - Module loaded.
2020-04-17 16:23:58,579 - elsapy.elsdoc - INFO - Module loaded.
2020-04-17 16:23:58,580 - elsapy.elssearch - INFO - Module loaded.
2020-04-17 16:24:37,134 - elsapy.elsclient - INFO - Module loaded.
2020-04-17 16:24:37,135 - elsapy.elsentity - INFO - Module loaded.
2020-04-17 16:24:37,136 - elsapy.utils - INFO - Module loaded.
2020-04-17 16:24:37,136 - elsapy.elsprofile - INFO - Module loaded.
2020-04-17 16:24:37,137 - elsapy.elsdoc - INFO - Module loaded.
2020-04-17 16:24:37,137 - elsapy.elssearch - INFO - Module loaded.
