2020-04-21 10:09:27,336 - elsapy.elsclient - INFO - Module loaded.
2020-04-21 10:09:27,338 - elsapy.elsentity - INFO - Module loaded.
2020-04-21 10:09:27,339 - elsapy.utils - INFO - Module loaded.
2020-04-21 10:09:27,339 - elsapy.elsprofile - INFO - Module loaded.
2020-04-21 10:09:27,340 - elsapy.elsdoc - INFO - Module loaded.
2020-04-21 10:09:27,341 - elsapy.elssearch - INFO - Module loaded.
2020-04-21 10:09:44,464 - elsapy.elsclient - INFO - Module loaded.
2020-04-21 10:09:44,465 - elsapy.elsentity - INFO - Module loaded.
2020-04-21 10:09:44,466 - elsapy.utils - INFO - Module loaded.
2020-04-21 10:09:44,467 - elsapy.elsprofile - INFO - Module loaded.
2020-04-21 10:09:44,468 - elsapy.elsdoc - INFO - Module loaded.
2020-04-21 10:09:44,469 - elsapy.elssearch - INFO - Module loaded.
2020-04-21 10:52:57,910 - elsapy.elsclient - INFO - Module loaded.
2020-04-21 10:52:57,912 - elsapy.elsentity - INFO - Module loaded.
2020-04-21 10:52:57,912 - elsapy.utils - INFO - Module loaded.
2020-04-21 10:52:57,913 - elsapy.elsprofile - INFO - Module loaded.
2020-04-21 10:52:57,913 - elsapy.elsdoc - INFO - Module loaded.
2020-04-21 10:52:57,914 - elsapy.elssearch - INFO - Module loaded.
2020-04-21 10:58:48,892 - elsapy.elsclient - INFO - Module loaded.
2020-04-21 10:58:48,893 - elsapy.elsentity - INFO - Module loaded.
2020-04-21 10:58:48,894 - elsapy.utils - INFO - Module loaded.
2020-04-21 10:58:48,894 - elsapy.elsprofile - INFO - Module loaded.
2020-04-21 10:58:48,895 - elsapy.elsdoc - INFO - Module loaded.
2020-04-21 10:58:48,896 - elsapy.elssearch - INFO - Module loaded.
2020-04-21 11:00:18,018 - elsapy.elsclient - INFO - Module loaded.
2020-04-21 11:00:18,019 - elsapy.elsentity - INFO - Module loaded.
2020-04-21 11:00:18,020 - elsapy.utils - INFO - Module loaded.
2020-04-21 11:00:18,020 - elsapy.elsprofile - INFO - Module loaded.
2020-04-21 11:00:18,021 - elsapy.elsdoc - INFO - Module loaded.
2020-04-21 11:00:18,022 - elsapy.elssearch - INFO - Module loaded.
2020-04-21 11:24:13,483 - elsapy.elsclient - INFO - Module loaded.
2020-04-21 11:24:13,484 - elsapy.elsentity - INFO - Module loaded.
2020-04-21 11:24:13,485 - elsapy.utils - INFO - Module loaded.
2020-04-21 11:24:13,485 - elsapy.elsprofile - INFO - Module loaded.
2020-04-21 11:24:13,486 - elsapy.elsdoc - INFO - Module loaded.
2020-04-21 11:24:13,487 - elsapy.elssearch - INFO - Module loaded.
2020-04-21 11:27:14,505 - elsapy.elsclient - INFO - Module loaded.
2020-04-21 11:27:14,506 - elsapy.elsentity - INFO - Module loaded.
2020-04-21 11:27:14,507 - elsapy.utils - INFO - Module loaded.
2020-04-21 11:27:14,507 - elsapy.elsprofile - INFO - Module loaded.
2020-04-21 11:27:14,508 - elsapy.elsdoc - INFO - Module loaded.
2020-04-21 11:27:14,509 - elsapy.elssearch - INFO - Module loaded.
2020-04-21 11:28:51,325 - elsapy.elsclient - INFO - Module loaded.
2020-04-21 11:28:51,326 - elsapy.elsentity - INFO - Module loaded.
2020-04-21 11:28:51,327 - elsapy.utils - INFO - Module loaded.
2020-04-21 11:28:51,327 - elsapy.elsprofile - INFO - Module loaded.
2020-04-21 11:28:51,328 - elsapy.elsdoc - INFO - Module loaded.
2020-04-21 11:28:51,328 - elsapy.elssearch - INFO - Module loaded.
2020-04-21 11:33:23,120 - elsapy.elsclient - INFO - Module loaded.
2020-04-21 11:33:23,122 - elsapy.elsentity - INFO - Module loaded.
2020-04-21 11:33:23,123 - elsapy.utils - INFO - Module loaded.
2020-04-21 11:33:23,123 - elsapy.elsprofile - INFO - Module loaded.
2020-04-21 11:33:23,124 - elsapy.elsdoc - INFO - Module loaded.
2020-04-21 11:33:23,125 - elsapy.elssearch - INFO - Module loaded.
2020-04-21 12:39:40,021 - elsapy.elsclient - INFO - Module loaded.
2020-04-21 12:39:40,023 - elsapy.elsentity - INFO - Module loaded.
2020-04-21 12:39:40,023 - elsapy.utils - INFO - Module loaded.
2020-04-21 12:39:40,023 - elsapy.elsprofile - INFO - Module loaded.
2020-04-21 12:39:40,024 - elsapy.elsdoc - INFO - Module loaded.
2020-04-21 12:39:40,025 - elsapy.elssearch - INFO - Module loaded.
2020-04-21 12:49:02,876 - elsapy.elsclient - INFO - Module loaded.
2020-04-21 12:49:02,877 - elsapy.elsentity - INFO - Module loaded.
2020-04-21 12:49:02,878 - elsapy.utils - INFO - Module loaded.
2020-04-21 12:49:02,878 - elsapy.elsprofile - INFO - Module loaded.
2020-04-21 12:49:02,879 - elsapy.elsdoc - INFO - Module loaded.
2020-04-21 12:49:02,879 - elsapy.elssearch - INFO - Module loaded.
2020-04-21 12:49:35,771 - elsapy.elsclient - INFO - Module loaded.
2020-04-21 12:49:35,772 - elsapy.elsentity - INFO - Module loaded.
2020-04-21 12:49:35,773 - elsapy.utils - INFO - Module loaded.
2020-04-21 12:49:35,773 - elsapy.elsprofile - INFO - Module loaded.
2020-04-21 12:49:35,774 - elsapy.elsdoc - INFO - Module loaded.
2020-04-21 12:49:35,774 - elsapy.elssearch - INFO - Module loaded.
2020-04-21 13:01:15,484 - elsapy.elsclient - INFO - Module loaded.
2020-04-21 13:01:15,485 - elsapy.elsentity - INFO - Module loaded.
2020-04-21 13:01:15,485 - elsapy.utils - INFO - Module loaded.
2020-04-21 13:01:15,486 - elsapy.elsprofile - INFO - Module loaded.
2020-04-21 13:01:15,487 - elsapy.elsdoc - INFO - Module loaded.
2020-04-21 13:01:15,489 - elsapy.elssearch - INFO - Module loaded.
2020-04-21 13:01:43,935 - elsapy.elsclient - INFO - Module loaded.
2020-04-21 13:01:43,936 - elsapy.elsentity - INFO - Module loaded.
2020-04-21 13:01:43,937 - elsapy.utils - INFO - Module loaded.
2020-04-21 13:01:43,937 - elsapy.elsprofile - INFO - Module loaded.
2020-04-21 13:01:43,938 - elsapy.elsdoc - INFO - Module loaded.
2020-04-21 13:01:43,938 - elsapy.elssearch - INFO - Module loaded.
