2020-04-30 08:45:18,026 - elsapy.elsclient - INFO - Module loaded.
2020-04-30 08:45:18,028 - elsapy.elsentity - INFO - Module loaded.
2020-04-30 08:45:18,029 - elsapy.utils - INFO - Module loaded.
2020-04-30 08:45:18,030 - elsapy.elsprofile - INFO - Module loaded.
2020-04-30 08:45:18,031 - elsapy.elsdoc - INFO - Module loaded.
2020-04-30 08:45:18,032 - elsapy.elssearch - INFO - Module loaded.
2020-04-30 08:51:17,081 - elsapy.elsclient - INFO - Module loaded.
2020-04-30 08:51:17,082 - elsapy.elsentity - INFO - Module loaded.
2020-04-30 08:51:17,083 - elsapy.utils - INFO - Module loaded.
2020-04-30 08:51:17,083 - elsapy.elsprofile - INFO - Module loaded.
2020-04-30 08:51:17,084 - elsapy.elsdoc - INFO - Module loaded.
2020-04-30 08:51:17,084 - elsapy.elssearch - INFO - Module loaded.
2020-04-30 09:03:37,634 - elsapy.elsclient - INFO - Module loaded.
2020-04-30 09:03:37,636 - elsapy.elsentity - INFO - Module loaded.
2020-04-30 09:03:37,636 - elsapy.utils - INFO - Module loaded.
2020-04-30 09:03:37,637 - elsapy.elsprofile - INFO - Module loaded.
2020-04-30 09:03:37,637 - elsapy.elsdoc - INFO - Module loaded.
2020-04-30 09:03:37,638 - elsapy.elssearch - INFO - Module loaded.
2020-04-30 10:29:02,548 - elsapy.elsclient - INFO - Module loaded.
2020-04-30 10:29:02,550 - elsapy.elsentity - INFO - Module loaded.
2020-04-30 10:29:02,551 - elsapy.utils - INFO - Module loaded.
2020-04-30 10:29:02,552 - elsapy.elsprofile - INFO - Module loaded.
2020-04-30 10:29:02,552 - elsapy.elsdoc - INFO - Module loaded.
2020-04-30 10:29:02,553 - elsapy.elssearch - INFO - Module loaded.
2020-04-30 10:29:23,931 - elsapy.elsclient - INFO - Module loaded.
2020-04-30 10:29:23,932 - elsapy.elsentity - INFO - Module loaded.
2020-04-30 10:29:23,933 - elsapy.utils - INFO - Module loaded.
2020-04-30 10:29:23,933 - elsapy.elsprofile - INFO - Module loaded.
2020-04-30 10:29:23,934 - elsapy.elsdoc - INFO - Module loaded.
2020-04-30 10:29:23,935 - elsapy.elssearch - INFO - Module loaded.
2020-04-30 10:35:43,310 - elsapy.elsclient - INFO - Module loaded.
2020-04-30 10:35:43,312 - elsapy.elsentity - INFO - Module loaded.
2020-04-30 10:35:43,313 - elsapy.utils - INFO - Module loaded.
2020-04-30 10:35:43,313 - elsapy.elsprofile - INFO - Module loaded.
2020-04-30 10:35:43,314 - elsapy.elsdoc - INFO - Module loaded.
2020-04-30 10:35:43,314 - elsapy.elssearch - INFO - Module loaded.
2020-04-30 10:36:02,121 - elsapy.elsclient - INFO - Module loaded.
2020-04-30 10:36:02,122 - elsapy.elsentity - INFO - Module loaded.
2020-04-30 10:36:02,123 - elsapy.utils - INFO - Module loaded.
2020-04-30 10:36:02,123 - elsapy.elsprofile - INFO - Module loaded.
2020-04-30 10:36:02,124 - elsapy.elsdoc - INFO - Module loaded.
2020-04-30 10:36:02,125 - elsapy.elssearch - INFO - Module loaded.
2020-04-30 11:12:08,612 - elsapy.elsclient - INFO - Module loaded.
2020-04-30 11:12:08,613 - elsapy.elsentity - INFO - Module loaded.
2020-04-30 11:12:08,614 - elsapy.utils - INFO - Module loaded.
2020-04-30 11:12:08,614 - elsapy.elsprofile - INFO - Module loaded.
2020-04-30 11:12:08,615 - elsapy.elsdoc - INFO - Module loaded.
2020-04-30 11:12:08,616 - elsapy.elssearch - INFO - Module loaded.
2020-04-30 11:12:13,332 - elsapy.elsclient - INFO - Module loaded.
2020-04-30 11:12:13,333 - elsapy.elsentity - INFO - Module loaded.
2020-04-30 11:12:13,333 - elsapy.utils - INFO - Module loaded.
2020-04-30 11:12:13,334 - elsapy.elsprofile - INFO - Module loaded.
2020-04-30 11:12:13,335 - elsapy.elsdoc - INFO - Module loaded.
2020-04-30 11:12:13,335 - elsapy.elssearch - INFO - Module loaded.
2020-04-30 11:37:19,054 - elsapy.elsclient - INFO - Module loaded.
2020-04-30 11:37:19,057 - elsapy.elsentity - INFO - Module loaded.
2020-04-30 11:37:19,058 - elsapy.utils - INFO - Module loaded.
2020-04-30 11:37:19,058 - elsapy.elsprofile - INFO - Module loaded.
2020-04-30 11:37:19,059 - elsapy.elsdoc - INFO - Module loaded.
2020-04-30 11:37:19,060 - elsapy.elssearch - INFO - Module loaded.
2020-04-30 11:37:47,218 - elsapy.elsclient - INFO - Module loaded.
2020-04-30 11:37:47,219 - elsapy.elsentity - INFO - Module loaded.
2020-04-30 11:37:47,220 - elsapy.utils - INFO - Module loaded.
2020-04-30 11:37:47,220 - elsapy.elsprofile - INFO - Module loaded.
2020-04-30 11:37:47,221 - elsapy.elsdoc - INFO - Module loaded.
2020-04-30 11:37:47,221 - elsapy.elssearch - INFO - Module loaded.
2020-04-30 11:38:52,593 - elsapy.elsclient - INFO - Module loaded.
2020-04-30 11:38:52,594 - elsapy.elsentity - INFO - Module loaded.
2020-04-30 11:38:52,595 - elsapy.utils - INFO - Module loaded.
2020-04-30 11:38:52,595 - elsapy.elsprofile - INFO - Module loaded.
2020-04-30 11:38:52,596 - elsapy.elsdoc - INFO - Module loaded.
2020-04-30 11:38:52,597 - elsapy.elssearch - INFO - Module loaded.
2020-04-30 11:39:05,761 - elsapy.elsclient - INFO - Module loaded.
2020-04-30 11:39:05,763 - elsapy.elsentity - INFO - Module loaded.
2020-04-30 11:39:05,764 - elsapy.utils - INFO - Module loaded.
2020-04-30 11:39:05,764 - elsapy.elsprofile - INFO - Module loaded.
2020-04-30 11:39:05,765 - elsapy.elsdoc - INFO - Module loaded.
2020-04-30 11:39:05,765 - elsapy.elssearch - INFO - Module loaded.
2020-04-30 12:47:39,057 - elsapy.elsclient - INFO - Module loaded.
2020-04-30 12:47:39,059 - elsapy.elsentity - INFO - Module loaded.
2020-04-30 12:47:39,059 - elsapy.utils - INFO - Module loaded.
2020-04-30 12:47:39,060 - elsapy.elsprofile - INFO - Module loaded.
2020-04-30 12:47:39,060 - elsapy.elsdoc - INFO - Module loaded.
2020-04-30 12:47:39,061 - elsapy.elssearch - INFO - Module loaded.
2020-04-30 12:48:02,068 - elsapy.elsclient - INFO - Module loaded.
2020-04-30 12:48:02,069 - elsapy.elsentity - INFO - Module loaded.
2020-04-30 12:48:02,070 - elsapy.utils - INFO - Module loaded.
2020-04-30 12:48:02,070 - elsapy.elsprofile - INFO - Module loaded.
2020-04-30 12:48:02,071 - elsapy.elsdoc - INFO - Module loaded.
2020-04-30 12:48:02,072 - elsapy.elssearch - INFO - Module loaded.
