2020-04-09 08:54:08,416 - elsapy.elsclient - INFO - Module loaded.
2020-04-09 08:54:08,418 - elsapy.elsentity - INFO - Module loaded.
2020-04-09 08:54:08,419 - elsapy.utils - INFO - Module loaded.
2020-04-09 08:54:08,419 - elsapy.elsprofile - INFO - Module loaded.
2020-04-09 08:54:08,421 - elsapy.elsdoc - INFO - Module loaded.
2020-04-09 08:54:08,422 - elsapy.elssearch - INFO - Module loaded.
2020-04-09 09:59:14,441 - elsapy.elsclient - INFO - Module loaded.
2020-04-09 09:59:14,444 - elsapy.elsentity - INFO - Module loaded.
2020-04-09 09:59:14,446 - elsapy.utils - INFO - Module loaded.
2020-04-09 09:59:14,446 - elsapy.elsprofile - INFO - Module loaded.
2020-04-09 09:59:14,447 - elsapy.elsdoc - INFO - Module loaded.
2020-04-09 09:59:14,448 - elsapy.elssearch - INFO - Module loaded.
2020-04-09 10:03:28,718 - elsapy.elsclient - INFO - Module loaded.
2020-04-09 10:03:28,719 - elsapy.elsentity - INFO - Module loaded.
2020-04-09 10:03:28,720 - elsapy.utils - INFO - Module loaded.
2020-04-09 10:03:28,720 - elsapy.elsprofile - INFO - Module loaded.
2020-04-09 10:03:28,721 - elsapy.elsdoc - INFO - Module loaded.
2020-04-09 10:03:28,721 - elsapy.elssearch - INFO - Module loaded.
2020-04-09 10:03:40,399 - elsapy.elsclient - INFO - Module loaded.
2020-04-09 10:03:40,400 - elsapy.elsentity - INFO - Module loaded.
2020-04-09 10:03:40,401 - elsapy.utils - INFO - Module loaded.
2020-04-09 10:03:40,401 - elsapy.elsprofile - INFO - Module loaded.
2020-04-09 10:03:40,402 - elsapy.elsdoc - INFO - Module loaded.
2020-04-09 10:03:40,403 - elsapy.elssearch - INFO - Module loaded.
2020-04-09 10:22:11,209 - elsapy.elsclient - INFO - Module loaded.
2020-04-09 10:22:11,210 - elsapy.elsentity - INFO - Module loaded.
2020-04-09 10:22:11,211 - elsapy.utils - INFO - Module loaded.
2020-04-09 10:22:11,211 - elsapy.elsprofile - INFO - Module loaded.
2020-04-09 10:22:11,212 - elsapy.elsdoc - INFO - Module loaded.
2020-04-09 10:22:11,213 - elsapy.elssearch - INFO - Module loaded.
2020-04-09 10:23:04,570 - elsapy.elsclient - INFO - Module loaded.
2020-04-09 10:23:04,571 - elsapy.elsentity - INFO - Module loaded.
2020-04-09 10:23:04,572 - elsapy.utils - INFO - Module loaded.
2020-04-09 10:23:04,572 - elsapy.elsprofile - INFO - Module loaded.
2020-04-09 10:23:04,573 - elsapy.elsdoc - INFO - Module loaded.
2020-04-09 10:23:04,573 - elsapy.elssearch - INFO - Module loaded.
2020-04-09 10:23:39,781 - elsapy.elsclient - INFO - Module loaded.
2020-04-09 10:23:39,782 - elsapy.elsentity - INFO - Module loaded.
2020-04-09 10:23:39,783 - elsapy.utils - INFO - Module loaded.
2020-04-09 10:23:39,783 - elsapy.elsprofile - INFO - Module loaded.
2020-04-09 10:23:39,784 - elsapy.elsdoc - INFO - Module loaded.
2020-04-09 10:23:39,785 - elsapy.elssearch - INFO - Module loaded.
2020-04-09 10:28:21,463 - elsapy.elsclient - INFO - Module loaded.
2020-04-09 10:28:21,464 - elsapy.elsentity - INFO - Module loaded.
2020-04-09 10:28:21,465 - elsapy.utils - INFO - Module loaded.
2020-04-09 10:28:21,465 - elsapy.elsprofile - INFO - Module loaded.
2020-04-09 10:28:21,466 - elsapy.elsdoc - INFO - Module loaded.
2020-04-09 10:28:21,466 - elsapy.elssearch - INFO - Module loaded.
2020-04-09 10:30:03,264 - elsapy.elsclient - INFO - Module loaded.
2020-04-09 10:30:03,265 - elsapy.elsentity - INFO - Module loaded.
2020-04-09 10:30:03,265 - elsapy.utils - INFO - Module loaded.
2020-04-09 10:30:03,266 - elsapy.elsprofile - INFO - Module loaded.
2020-04-09 10:30:03,266 - elsapy.elsdoc - INFO - Module loaded.
2020-04-09 10:30:03,267 - elsapy.elssearch - INFO - Module loaded.
2020-04-09 10:59:41,607 - elsapy.elsclient - INFO - Module loaded.
2020-04-09 10:59:41,608 - elsapy.elsentity - INFO - Module loaded.
2020-04-09 10:59:41,609 - elsapy.utils - INFO - Module loaded.
2020-04-09 10:59:41,609 - elsapy.elsprofile - INFO - Module loaded.
2020-04-09 10:59:41,610 - elsapy.elsdoc - INFO - Module loaded.
2020-04-09 10:59:41,611 - elsapy.elssearch - INFO - Module loaded.
2020-04-09 11:11:00,885 - elsapy.elsclient - INFO - Module loaded.
2020-04-09 11:11:00,886 - elsapy.elsentity - INFO - Module loaded.
2020-04-09 11:11:00,887 - elsapy.utils - INFO - Module loaded.
2020-04-09 11:11:00,887 - elsapy.elsprofile - INFO - Module loaded.
2020-04-09 11:11:00,888 - elsapy.elsdoc - INFO - Module loaded.
2020-04-09 11:11:00,889 - elsapy.elssearch - INFO - Module loaded.
2020-04-09 13:33:15,486 - elsapy.elsclient - INFO - Module loaded.
2020-04-09 13:33:15,488 - elsapy.elsentity - INFO - Module loaded.
2020-04-09 13:33:15,488 - elsapy.utils - INFO - Module loaded.
2020-04-09 13:33:15,489 - elsapy.elsprofile - INFO - Module loaded.
2020-04-09 13:33:15,489 - elsapy.elsdoc - INFO - Module loaded.
2020-04-09 13:33:15,490 - elsapy.elssearch - INFO - Module loaded.
2020-04-09 13:33:54,341 - elsapy.elsclient - INFO - Module loaded.
2020-04-09 13:33:54,342 - elsapy.elsentity - INFO - Module loaded.
2020-04-09 13:33:54,343 - elsapy.utils - INFO - Module loaded.
2020-04-09 13:33:54,343 - elsapy.elsprofile - INFO - Module loaded.
2020-04-09 13:33:54,344 - elsapy.elsdoc - INFO - Module loaded.
2020-04-09 13:33:54,344 - elsapy.elssearch - INFO - Module loaded.
2020-04-09 13:35:37,286 - elsapy.elsclient - INFO - Module loaded.
2020-04-09 13:35:37,288 - elsapy.elsentity - INFO - Module loaded.
2020-04-09 13:35:37,288 - elsapy.utils - INFO - Module loaded.
2020-04-09 13:35:37,289 - elsapy.elsprofile - INFO - Module loaded.
2020-04-09 13:35:37,289 - elsapy.elsdoc - INFO - Module loaded.
2020-04-09 13:35:37,290 - elsapy.elssearch - INFO - Module loaded.
2020-04-09 13:35:41,852 - elsapy.elsclient - INFO - Module loaded.
2020-04-09 13:35:41,853 - elsapy.elsentity - INFO - Module loaded.
2020-04-09 13:35:41,853 - elsapy.utils - INFO - Module loaded.
2020-04-09 13:35:41,854 - elsapy.elsprofile - INFO - Module loaded.
2020-04-09 13:35:41,854 - elsapy.elsdoc - INFO - Module loaded.
2020-04-09 13:35:41,855 - elsapy.elssearch - INFO - Module loaded.
2020-04-09 13:36:07,245 - elsapy.elsclient - INFO - Module loaded.
2020-04-09 13:36:07,246 - elsapy.elsentity - INFO - Module loaded.
2020-04-09 13:36:07,247 - elsapy.utils - INFO - Module loaded.
2020-04-09 13:36:07,247 - elsapy.elsprofile - INFO - Module loaded.
2020-04-09 13:36:07,248 - elsapy.elsdoc - INFO - Module loaded.
2020-04-09 13:36:07,249 - elsapy.elssearch - INFO - Module loaded.
2020-04-09 13:46:10,973 - elsapy.elsclient - INFO - Module loaded.
2020-04-09 13:46:10,975 - elsapy.elsentity - INFO - Module loaded.
2020-04-09 13:46:10,976 - elsapy.utils - INFO - Module loaded.
2020-04-09 13:46:10,976 - elsapy.elsprofile - INFO - Module loaded.
2020-04-09 13:46:10,977 - elsapy.elsdoc - INFO - Module loaded.
2020-04-09 13:46:10,978 - elsapy.elssearch - INFO - Module loaded.
2020-04-09 13:48:12,359 - elsapy.elsclient - INFO - Module loaded.
2020-04-09 13:48:12,360 - elsapy.elsentity - INFO - Module loaded.
2020-04-09 13:48:12,360 - elsapy.utils - INFO - Module loaded.
2020-04-09 13:48:12,360 - elsapy.elsprofile - INFO - Module loaded.
2020-04-09 13:48:12,361 - elsapy.elsdoc - INFO - Module loaded.
2020-04-09 13:48:12,362 - elsapy.elssearch - INFO - Module loaded.
2020-04-09 14:05:06,113 - elsapy.elsclient - INFO - Module loaded.
2020-04-09 14:05:06,114 - elsapy.elsentity - INFO - Module loaded.
2020-04-09 14:05:06,115 - elsapy.utils - INFO - Module loaded.
2020-04-09 14:05:06,115 - elsapy.elsprofile - INFO - Module loaded.
2020-04-09 14:05:06,116 - elsapy.elsdoc - INFO - Module loaded.
2020-04-09 14:05:06,116 - elsapy.elssearch - INFO - Module loaded.
2020-04-09 14:05:42,678 - elsapy.elsclient - INFO - Module loaded.
2020-04-09 14:05:42,679 - elsapy.elsentity - INFO - Module loaded.
2020-04-09 14:05:42,679 - elsapy.utils - INFO - Module loaded.
2020-04-09 14:05:42,680 - elsapy.elsprofile - INFO - Module loaded.
2020-04-09 14:05:42,680 - elsapy.elsdoc - INFO - Module loaded.
2020-04-09 14:05:42,681 - elsapy.elssearch - INFO - Module loaded.
2020-04-09 14:06:04,088 - elsapy.elsclient - INFO - Module loaded.
2020-04-09 14:06:04,090 - elsapy.elsentity - INFO - Module loaded.
2020-04-09 14:06:04,090 - elsapy.utils - INFO - Module loaded.
2020-04-09 14:06:04,091 - elsapy.elsprofile - INFO - Module loaded.
2020-04-09 14:06:04,092 - elsapy.elsdoc - INFO - Module loaded.
2020-04-09 14:06:04,093 - elsapy.elssearch - INFO - Module loaded.
2020-04-09 14:29:44,568 - elsapy.elsclient - INFO - Module loaded.
2020-04-09 14:29:44,569 - elsapy.elsentity - INFO - Module loaded.
2020-04-09 14:29:44,570 - elsapy.utils - INFO - Module loaded.
2020-04-09 14:29:44,570 - elsapy.elsprofile - INFO - Module loaded.
2020-04-09 14:29:44,571 - elsapy.elsdoc - INFO - Module loaded.
2020-04-09 14:29:44,572 - elsapy.elssearch - INFO - Module loaded.
2020-04-09 14:29:53,019 - elsapy.elsclient - INFO - Module loaded.
2020-04-09 14:29:53,021 - elsapy.elsentity - INFO - Module loaded.
2020-04-09 14:29:53,022 - elsapy.utils - INFO - Module loaded.
2020-04-09 14:29:53,023 - elsapy.elsprofile - INFO - Module loaded.
2020-04-09 14:29:53,024 - elsapy.elsdoc - INFO - Module loaded.
2020-04-09 14:29:53,025 - elsapy.elssearch - INFO - Module loaded.
2020-04-09 14:36:57,684 - elsapy.elsclient - INFO - Module loaded.
2020-04-09 14:36:57,685 - elsapy.elsentity - INFO - Module loaded.
2020-04-09 14:36:57,686 - elsapy.utils - INFO - Module loaded.
2020-04-09 14:36:57,686 - elsapy.elsprofile - INFO - Module loaded.
2020-04-09 14:36:57,687 - elsapy.elsdoc - INFO - Module loaded.
2020-04-09 14:36:57,687 - elsapy.elssearch - INFO - Module loaded.
2020-04-09 15:26:24,572 - elsapy.elsclient - INFO - Module loaded.
2020-04-09 15:26:24,573 - elsapy.elsentity - INFO - Module loaded.
2020-04-09 15:26:24,574 - elsapy.utils - INFO - Module loaded.
2020-04-09 15:26:24,575 - elsapy.elsprofile - INFO - Module loaded.
2020-04-09 15:26:24,575 - elsapy.elsdoc - INFO - Module loaded.
2020-04-09 15:26:24,576 - elsapy.elssearch - INFO - Module loaded.
2020-04-09 15:27:07,337 - elsapy.elsclient - INFO - Module loaded.
2020-04-09 15:27:07,339 - elsapy.elsentity - INFO - Module loaded.
2020-04-09 15:27:07,339 - elsapy.utils - INFO - Module loaded.
2020-04-09 15:27:07,339 - elsapy.elsprofile - INFO - Module loaded.
2020-04-09 15:27:07,340 - elsapy.elsdoc - INFO - Module loaded.
2020-04-09 15:27:07,341 - elsapy.elssearch - INFO - Module loaded.
2020-04-09 15:28:54,142 - elsapy.elsclient - INFO - Module loaded.
2020-04-09 15:28:54,143 - elsapy.elsentity - INFO - Module loaded.
2020-04-09 15:28:54,144 - elsapy.utils - INFO - Module loaded.
2020-04-09 15:28:54,144 - elsapy.elsprofile - INFO - Module loaded.
2020-04-09 15:28:54,145 - elsapy.elsdoc - INFO - Module loaded.
2020-04-09 15:28:54,145 - elsapy.elssearch - INFO - Module loaded.
2020-04-09 15:28:59,848 - elsapy.elsclient - INFO - Module loaded.
2020-04-09 15:28:59,849 - elsapy.elsentity - INFO - Module loaded.
2020-04-09 15:28:59,849 - elsapy.utils - INFO - Module loaded.
2020-04-09 15:28:59,850 - elsapy.elsprofile - INFO - Module loaded.
2020-04-09 15:28:59,850 - elsapy.elsdoc - INFO - Module loaded.
2020-04-09 15:28:59,851 - elsapy.elssearch - INFO - Module loaded.
2020-04-09 16:17:35,940 - elsapy.elsclient - INFO - Module loaded.
2020-04-09 16:17:35,941 - elsapy.elsentity - INFO - Module loaded.
2020-04-09 16:17:35,943 - elsapy.utils - INFO - Module loaded.
2020-04-09 16:17:35,943 - elsapy.elsprofile - INFO - Module loaded.
2020-04-09 16:17:35,944 - elsapy.elsdoc - INFO - Module loaded.
2020-04-09 16:17:35,946 - elsapy.elssearch - INFO - Module loaded.
2020-04-09 16:28:47,417 - elsapy.elsclient - INFO - Module loaded.
2020-04-09 16:28:47,418 - elsapy.elsentity - INFO - Module loaded.
2020-04-09 16:28:47,418 - elsapy.utils - INFO - Module loaded.
2020-04-09 16:28:47,419 - elsapy.elsprofile - INFO - Module loaded.
2020-04-09 16:28:47,419 - elsapy.elsdoc - INFO - Module loaded.
2020-04-09 16:28:47,420 - elsapy.elssearch - INFO - Module loaded.
2020-04-09 16:55:49,112 - elsapy.elsclient - INFO - Module loaded.
2020-04-09 16:55:49,113 - elsapy.elsentity - INFO - Module loaded.
2020-04-09 16:55:49,113 - elsapy.utils - INFO - Module loaded.
2020-04-09 16:55:49,114 - elsapy.elsprofile - INFO - Module loaded.
2020-04-09 16:55:49,114 - elsapy.elsdoc - INFO - Module loaded.
2020-04-09 16:55:49,115 - elsapy.elssearch - INFO - Module loaded.
2020-04-09 16:59:31,915 - elsapy.elsclient - INFO - Module loaded.
2020-04-09 16:59:31,916 - elsapy.elsentity - INFO - Module loaded.
2020-04-09 16:59:31,917 - elsapy.utils - INFO - Module loaded.
2020-04-09 16:59:31,917 - elsapy.elsprofile - INFO - Module loaded.
2020-04-09 16:59:31,918 - elsapy.elsdoc - INFO - Module loaded.
2020-04-09 16:59:31,919 - elsapy.elssearch - INFO - Module loaded.
2020-04-09 16:59:58,161 - elsapy.elsclient - INFO - Module loaded.
2020-04-09 16:59:58,162 - elsapy.elsentity - INFO - Module loaded.
2020-04-09 16:59:58,163 - elsapy.utils - INFO - Module loaded.
2020-04-09 16:59:58,163 - elsapy.elsprofile - INFO - Module loaded.
2020-04-09 16:59:58,164 - elsapy.elsdoc - INFO - Module loaded.
2020-04-09 16:59:58,165 - elsapy.elssearch - INFO - Module loaded.
2020-04-09 17:00:38,131 - elsapy.elsclient - INFO - Module loaded.
2020-04-09 17:00:38,132 - elsapy.elsentity - INFO - Module loaded.
2020-04-09 17:00:38,133 - elsapy.utils - INFO - Module loaded.
2020-04-09 17:00:38,133 - elsapy.elsprofile - INFO - Module loaded.
2020-04-09 17:00:38,134 - elsapy.elsdoc - INFO - Module loaded.
2020-04-09 17:00:38,135 - elsapy.elssearch - INFO - Module loaded.
2020-04-09 17:02:16,787 - elsapy.elsclient - INFO - Module loaded.
2020-04-09 17:02:16,788 - elsapy.elsentity - INFO - Module loaded.
2020-04-09 17:02:16,789 - elsapy.utils - INFO - Module loaded.
2020-04-09 17:02:16,789 - elsapy.elsprofile - INFO - Module loaded.
2020-04-09 17:02:16,790 - elsapy.elsdoc - INFO - Module loaded.
2020-04-09 17:02:16,791 - elsapy.elssearch - INFO - Module loaded.
2020-04-09 17:02:50,181 - elsapy.elsclient - INFO - Module loaded.
2020-04-09 17:02:50,183 - elsapy.elsentity - INFO - Module loaded.
2020-04-09 17:02:50,183 - elsapy.utils - INFO - Module loaded.
2020-04-09 17:02:50,184 - elsapy.elsprofile - INFO - Module loaded.
2020-04-09 17:02:50,185 - elsapy.elsdoc - INFO - Module loaded.
2020-04-09 17:02:50,185 - elsapy.elssearch - INFO - Module loaded.
