2020-04-02 09:22:49,803 - elsapy.elsclient - INFO - Module loaded.
2020-04-02 09:22:49,806 - elsapy.elsentity - INFO - Module loaded.
2020-04-02 09:22:49,808 - elsapy.utils - INFO - Module loaded.
2020-04-02 09:22:49,808 - elsapy.elsprofile - INFO - Module loaded.
2020-04-02 09:22:49,810 - elsapy.elsdoc - INFO - Module loaded.
2020-04-02 09:22:49,811 - elsapy.elssearch - INFO - Module loaded.
2020-04-02 09:25:29,272 - elsapy.elsclient - INFO - Sending GET request to https://api.elsevier.com/content/affiliation/affiliation_id/60006314
2020-04-02 09:25:30,707 - elsapy.elsentity - INFO - Data loaded for https://api.elsevier.com/content/affiliation/affiliation_id/60006314
2020-04-02 09:25:30,712 - elsapy.elsentity - INFO - Wrote https://api.elsevier.com/content/affiliation/affiliation_id/60006314 to file
2020-04-02 09:53:57,967 - elsapy.elsclient - INFO - Module loaded.
2020-04-02 09:53:57,969 - elsapy.elsentity - INFO - Module loaded.
2020-04-02 09:53:57,970 - elsapy.utils - INFO - Module loaded.
2020-04-02 09:53:57,970 - elsapy.elsprofile - INFO - Module loaded.
2020-04-02 09:53:57,971 - elsapy.elsdoc - INFO - Module loaded.
2020-04-02 09:53:57,972 - elsapy.elssearch - INFO - Module loaded.
2020-04-02 09:55:09,535 - elsapy.elsclient - INFO - Module loaded.
2020-04-02 09:55:09,537 - elsapy.elsentity - INFO - Module loaded.
2020-04-02 09:55:09,538 - elsapy.utils - INFO - Module loaded.
2020-04-02 09:55:09,538 - elsapy.elsprofile - INFO - Module loaded.
2020-04-02 09:55:09,539 - elsapy.elsdoc - INFO - Module loaded.
2020-04-02 09:55:09,540 - elsapy.elssearch - INFO - Module loaded.
2020-04-02 09:58:13,112 - elsapy.elsclient - INFO - Module loaded.
2020-04-02 09:58:13,113 - elsapy.elsentity - INFO - Module loaded.
2020-04-02 09:58:13,114 - elsapy.utils - INFO - Module loaded.
2020-04-02 09:58:13,115 - elsapy.elsprofile - INFO - Module loaded.
2020-04-02 09:58:13,116 - elsapy.elsdoc - INFO - Module loaded.
2020-04-02 09:58:13,117 - elsapy.elssearch - INFO - Module loaded.
2020-04-02 10:01:09,354 - elsapy.elsclient - INFO - Module loaded.
2020-04-02 10:01:09,356 - elsapy.elsentity - INFO - Module loaded.
2020-04-02 10:01:09,357 - elsapy.utils - INFO - Module loaded.
2020-04-02 10:01:09,357 - elsapy.elsprofile - INFO - Module loaded.
2020-04-02 10:01:09,358 - elsapy.elsdoc - INFO - Module loaded.
2020-04-02 10:01:09,359 - elsapy.elssearch - INFO - Module loaded.
2020-04-02 10:01:55,844 - elsapy.elsclient - INFO - Module loaded.
2020-04-02 10:01:55,846 - elsapy.elsentity - INFO - Module loaded.
2020-04-02 10:01:55,847 - elsapy.utils - INFO - Module loaded.
2020-04-02 10:01:55,847 - elsapy.elsprofile - INFO - Module loaded.
2020-04-02 10:01:55,848 - elsapy.elsdoc - INFO - Module loaded.
2020-04-02 10:01:55,849 - elsapy.elssearch - INFO - Module loaded.
2020-04-02 10:02:11,270 - elsapy.elsclient - INFO - Module loaded.
2020-04-02 10:02:11,271 - elsapy.elsentity - INFO - Module loaded.
2020-04-02 10:02:11,272 - elsapy.utils - INFO - Module loaded.
2020-04-02 10:02:11,272 - elsapy.elsprofile - INFO - Module loaded.
2020-04-02 10:02:11,273 - elsapy.elsdoc - INFO - Module loaded.
2020-04-02 10:02:11,274 - elsapy.elssearch - INFO - Module loaded.
2020-04-02 10:02:25,372 - elsapy.elsclient - INFO - Module loaded.
2020-04-02 10:02:25,374 - elsapy.elsentity - INFO - Module loaded.
2020-04-02 10:02:25,375 - elsapy.utils - INFO - Module loaded.
2020-04-02 10:02:25,376 - elsapy.elsprofile - INFO - Module loaded.
2020-04-02 10:02:25,377 - elsapy.elsdoc - INFO - Module loaded.
2020-04-02 10:02:25,378 - elsapy.elssearch - INFO - Module loaded.
2020-04-02 10:02:40,839 - elsapy.elsclient - INFO - Module loaded.
2020-04-02 10:02:40,841 - elsapy.elsentity - INFO - Module loaded.
2020-04-02 10:02:40,842 - elsapy.utils - INFO - Module loaded.
2020-04-02 10:02:40,842 - elsapy.elsprofile - INFO - Module loaded.
2020-04-02 10:02:40,843 - elsapy.elsdoc - INFO - Module loaded.
2020-04-02 10:02:40,844 - elsapy.elssearch - INFO - Module loaded.
2020-04-02 10:03:08,931 - elsapy.elsclient - INFO - Module loaded.
2020-04-02 10:03:08,932 - elsapy.elsentity - INFO - Module loaded.
2020-04-02 10:03:08,933 - elsapy.utils - INFO - Module loaded.
2020-04-02 10:03:08,934 - elsapy.elsprofile - INFO - Module loaded.
2020-04-02 10:03:08,935 - elsapy.elsdoc - INFO - Module loaded.
2020-04-02 10:03:08,935 - elsapy.elssearch - INFO - Module loaded.
2020-04-02 10:03:27,710 - elsapy.elsclient - INFO - Module loaded.
2020-04-02 10:03:27,711 - elsapy.elsentity - INFO - Module loaded.
2020-04-02 10:03:27,712 - elsapy.utils - INFO - Module loaded.
2020-04-02 10:03:27,713 - elsapy.elsprofile - INFO - Module loaded.
2020-04-02 10:03:27,714 - elsapy.elsdoc - INFO - Module loaded.
2020-04-02 10:03:27,715 - elsapy.elssearch - INFO - Module loaded.
2020-04-02 10:05:07,246 - elsapy.elsclient - INFO - Module loaded.
2020-04-02 10:05:07,248 - elsapy.elsentity - INFO - Module loaded.
2020-04-02 10:05:07,248 - elsapy.utils - INFO - Module loaded.
2020-04-02 10:05:07,249 - elsapy.elsprofile - INFO - Module loaded.
2020-04-02 10:05:07,250 - elsapy.elsdoc - INFO - Module loaded.
2020-04-02 10:05:07,251 - elsapy.elssearch - INFO - Module loaded.
2020-04-02 10:05:33,144 - elsapy.elsclient - INFO - Module loaded.
2020-04-02 10:05:33,146 - elsapy.elsentity - INFO - Module loaded.
2020-04-02 10:05:33,147 - elsapy.utils - INFO - Module loaded.
2020-04-02 10:05:33,147 - elsapy.elsprofile - INFO - Module loaded.
2020-04-02 10:05:33,148 - elsapy.elsdoc - INFO - Module loaded.
2020-04-02 10:05:33,149 - elsapy.elssearch - INFO - Module loaded.
2020-04-02 10:05:53,876 - elsapy.elsclient - INFO - Module loaded.
2020-04-02 10:05:53,877 - elsapy.elsentity - INFO - Module loaded.
2020-04-02 10:05:53,878 - elsapy.utils - INFO - Module loaded.
2020-04-02 10:05:53,879 - elsapy.elsprofile - INFO - Module loaded.
2020-04-02 10:05:53,880 - elsapy.elsdoc - INFO - Module loaded.
2020-04-02 10:05:53,881 - elsapy.elssearch - INFO - Module loaded.
2020-04-02 10:06:12,231 - elsapy.elsclient - INFO - Module loaded.
2020-04-02 10:06:12,232 - elsapy.elsentity - INFO - Module loaded.
2020-04-02 10:06:12,233 - elsapy.utils - INFO - Module loaded.
2020-04-02 10:06:12,234 - elsapy.elsprofile - INFO - Module loaded.
2020-04-02 10:06:12,235 - elsapy.elsdoc - INFO - Module loaded.
2020-04-02 10:06:12,236 - elsapy.elssearch - INFO - Module loaded.
2020-04-02 10:13:22,838 - elsapy.elsclient - INFO - Module loaded.
2020-04-02 10:13:22,839 - elsapy.elsentity - INFO - Module loaded.
2020-04-02 10:13:22,840 - elsapy.utils - INFO - Module loaded.
2020-04-02 10:13:22,841 - elsapy.elsprofile - INFO - Module loaded.
2020-04-02 10:13:22,841 - elsapy.elsdoc - INFO - Module loaded.
2020-04-02 10:13:22,843 - elsapy.elssearch - INFO - Module loaded.
2020-04-02 10:13:33,567 - elsapy.elsclient - INFO - Module loaded.
2020-04-02 10:13:33,568 - elsapy.elsentity - INFO - Module loaded.
2020-04-02 10:13:33,569 - elsapy.utils - INFO - Module loaded.
2020-04-02 10:13:33,570 - elsapy.elsprofile - INFO - Module loaded.
2020-04-02 10:13:33,571 - elsapy.elsdoc - INFO - Module loaded.
2020-04-02 10:13:33,572 - elsapy.elssearch - INFO - Module loaded.
