2020-04-08 08:52:52,621 - elsapy.elsclient - INFO - Module loaded.
2020-04-08 08:52:52,622 - elsapy.elsentity - INFO - Module loaded.
2020-04-08 08:52:52,623 - elsapy.utils - INFO - Module loaded.
2020-04-08 08:52:52,623 - elsapy.elsprofile - INFO - Module loaded.
2020-04-08 08:52:52,625 - elsapy.elsdoc - INFO - Module loaded.
2020-04-08 08:52:52,625 - elsapy.elssearch - INFO - Module loaded.
2020-04-08 10:43:15,210 - elsapy.elsclient - INFO - Module loaded.
2020-04-08 10:43:15,211 - elsapy.elsentity - INFO - Module loaded.
2020-04-08 10:43:15,212 - elsapy.utils - INFO - Module loaded.
2020-04-08 10:43:15,212 - elsapy.elsprofile - INFO - Module loaded.
2020-04-08 10:43:15,213 - elsapy.elsdoc - INFO - Module loaded.
2020-04-08 10:43:15,214 - elsapy.elssearch - INFO - Module loaded.
2020-04-08 11:19:52,977 - elsapy.elsclient - INFO - Module loaded.
2020-04-08 11:19:52,978 - elsapy.elsentity - INFO - Module loaded.
2020-04-08 11:19:52,979 - elsapy.utils - INFO - Module loaded.
2020-04-08 11:19:52,980 - elsapy.elsprofile - INFO - Module loaded.
2020-04-08 11:19:52,980 - elsapy.elsdoc - INFO - Module loaded.
2020-04-08 11:19:52,981 - elsapy.elssearch - INFO - Module loaded.
2020-04-08 11:20:25,504 - elsapy.elsclient - INFO - Module loaded.
2020-04-08 11:20:25,505 - elsapy.elsentity - INFO - Module loaded.
2020-04-08 11:20:25,506 - elsapy.utils - INFO - Module loaded.
2020-04-08 11:20:25,506 - elsapy.elsprofile - INFO - Module loaded.
2020-04-08 11:20:25,507 - elsapy.elsdoc - INFO - Module loaded.
2020-04-08 11:20:25,507 - elsapy.elssearch - INFO - Module loaded.
2020-04-08 11:31:09,705 - elsapy.elsclient - INFO - Module loaded.
2020-04-08 11:31:09,706 - elsapy.elsentity - INFO - Module loaded.
2020-04-08 11:31:09,707 - elsapy.utils - INFO - Module loaded.
2020-04-08 11:31:09,707 - elsapy.elsprofile - INFO - Module loaded.
2020-04-08 11:31:09,708 - elsapy.elsdoc - INFO - Module loaded.
2020-04-08 11:31:09,709 - elsapy.elssearch - INFO - Module loaded.
2020-04-08 11:35:18,450 - elsapy.elsclient - INFO - Module loaded.
2020-04-08 11:35:18,451 - elsapy.elsentity - INFO - Module loaded.
2020-04-08 11:35:18,452 - elsapy.utils - INFO - Module loaded.
2020-04-08 11:35:18,452 - elsapy.elsprofile - INFO - Module loaded.
2020-04-08 11:35:18,453 - elsapy.elsdoc - INFO - Module loaded.
2020-04-08 11:35:18,453 - elsapy.elssearch - INFO - Module loaded.
2020-04-08 11:35:33,780 - elsapy.elsclient - INFO - Module loaded.
2020-04-08 11:35:33,781 - elsapy.elsentity - INFO - Module loaded.
2020-04-08 11:35:33,782 - elsapy.utils - INFO - Module loaded.
2020-04-08 11:35:33,782 - elsapy.elsprofile - INFO - Module loaded.
2020-04-08 11:35:33,783 - elsapy.elsdoc - INFO - Module loaded.
2020-04-08 11:35:33,784 - elsapy.elssearch - INFO - Module loaded.
2020-04-08 13:57:57,823 - elsapy.elsclient - INFO - Module loaded.
2020-04-08 13:57:57,824 - elsapy.elsentity - INFO - Module loaded.
2020-04-08 13:57:57,825 - elsapy.utils - INFO - Module loaded.
2020-04-08 13:57:57,825 - elsapy.elsprofile - INFO - Module loaded.
2020-04-08 13:57:57,826 - elsapy.elsdoc - INFO - Module loaded.
2020-04-08 13:57:57,827 - elsapy.elssearch - INFO - Module loaded.
2020-04-08 14:00:18,914 - elsapy.elsclient - INFO - Module loaded.
2020-04-08 14:00:18,915 - elsapy.elsentity - INFO - Module loaded.
2020-04-08 14:00:18,915 - elsapy.utils - INFO - Module loaded.
2020-04-08 14:00:18,916 - elsapy.elsprofile - INFO - Module loaded.
2020-04-08 14:00:18,916 - elsapy.elsdoc - INFO - Module loaded.
2020-04-08 14:00:18,917 - elsapy.elssearch - INFO - Module loaded.
2020-04-08 14:01:01,165 - elsapy.elsclient - INFO - Module loaded.
2020-04-08 14:01:01,166 - elsapy.elsentity - INFO - Module loaded.
2020-04-08 14:01:01,167 - elsapy.utils - INFO - Module loaded.
2020-04-08 14:01:01,167 - elsapy.elsprofile - INFO - Module loaded.
2020-04-08 14:01:01,168 - elsapy.elsdoc - INFO - Module loaded.
2020-04-08 14:01:01,169 - elsapy.elssearch - INFO - Module loaded.
2020-04-08 14:01:21,153 - elsapy.elsclient - INFO - Module loaded.
2020-04-08 14:01:21,155 - elsapy.elsentity - INFO - Module loaded.
2020-04-08 14:01:21,157 - elsapy.utils - INFO - Module loaded.
2020-04-08 14:01:21,158 - elsapy.elsprofile - INFO - Module loaded.
2020-04-08 14:01:21,159 - elsapy.elsdoc - INFO - Module loaded.
2020-04-08 14:01:21,160 - elsapy.elssearch - INFO - Module loaded.
2020-04-08 14:06:08,756 - elsapy.elsclient - INFO - Module loaded.
2020-04-08 14:06:08,758 - elsapy.elsentity - INFO - Module loaded.
2020-04-08 14:06:08,758 - elsapy.utils - INFO - Module loaded.
2020-04-08 14:06:08,758 - elsapy.elsprofile - INFO - Module loaded.
2020-04-08 14:06:08,759 - elsapy.elsdoc - INFO - Module loaded.
2020-04-08 14:06:08,760 - elsapy.elssearch - INFO - Module loaded.
2020-04-08 14:06:52,631 - elsapy.elsclient - INFO - Module loaded.
2020-04-08 14:06:52,632 - elsapy.elsentity - INFO - Module loaded.
2020-04-08 14:06:52,633 - elsapy.utils - INFO - Module loaded.
2020-04-08 14:06:52,633 - elsapy.elsprofile - INFO - Module loaded.
2020-04-08 14:06:52,634 - elsapy.elsdoc - INFO - Module loaded.
2020-04-08 14:06:52,635 - elsapy.elssearch - INFO - Module loaded.
2020-04-08 14:14:49,589 - elsapy.elsclient - INFO - Module loaded.
2020-04-08 14:14:49,590 - elsapy.elsentity - INFO - Module loaded.
2020-04-08 14:14:49,591 - elsapy.utils - INFO - Module loaded.
2020-04-08 14:14:49,591 - elsapy.elsprofile - INFO - Module loaded.
2020-04-08 14:14:49,592 - elsapy.elsdoc - INFO - Module loaded.
2020-04-08 14:14:49,593 - elsapy.elssearch - INFO - Module loaded.
2020-04-08 14:15:24,030 - elsapy.elsclient - INFO - Module loaded.
2020-04-08 14:15:24,031 - elsapy.elsentity - INFO - Module loaded.
2020-04-08 14:15:24,032 - elsapy.utils - INFO - Module loaded.
2020-04-08 14:15:24,032 - elsapy.elsprofile - INFO - Module loaded.
2020-04-08 14:15:24,033 - elsapy.elsdoc - INFO - Module loaded.
2020-04-08 14:15:24,033 - elsapy.elssearch - INFO - Module loaded.
2020-04-08 14:16:25,124 - elsapy.elsclient - INFO - Module loaded.
2020-04-08 14:16:25,125 - elsapy.elsentity - INFO - Module loaded.
2020-04-08 14:16:25,126 - elsapy.utils - INFO - Module loaded.
2020-04-08 14:16:25,126 - elsapy.elsprofile - INFO - Module loaded.
2020-04-08 14:16:25,127 - elsapy.elsdoc - INFO - Module loaded.
2020-04-08 14:16:25,128 - elsapy.elssearch - INFO - Module loaded.
2020-04-08 14:17:03,291 - elsapy.elsclient - INFO - Module loaded.
2020-04-08 14:17:03,292 - elsapy.elsentity - INFO - Module loaded.
2020-04-08 14:17:03,293 - elsapy.utils - INFO - Module loaded.
2020-04-08 14:17:03,293 - elsapy.elsprofile - INFO - Module loaded.
2020-04-08 14:17:03,294 - elsapy.elsdoc - INFO - Module loaded.
2020-04-08 14:17:03,295 - elsapy.elssearch - INFO - Module loaded.
2020-04-08 14:23:54,982 - elsapy.elsclient - INFO - Module loaded.
2020-04-08 14:23:54,983 - elsapy.elsentity - INFO - Module loaded.
2020-04-08 14:23:54,984 - elsapy.utils - INFO - Module loaded.
2020-04-08 14:23:54,985 - elsapy.elsprofile - INFO - Module loaded.
2020-04-08 14:23:54,986 - elsapy.elsdoc - INFO - Module loaded.
2020-04-08 14:23:54,987 - elsapy.elssearch - INFO - Module loaded.
2020-04-08 14:27:35,702 - elsapy.elsclient - INFO - Module loaded.
2020-04-08 14:27:35,704 - elsapy.elsentity - INFO - Module loaded.
2020-04-08 14:27:35,704 - elsapy.utils - INFO - Module loaded.
2020-04-08 14:27:35,704 - elsapy.elsprofile - INFO - Module loaded.
2020-04-08 14:27:35,705 - elsapy.elsdoc - INFO - Module loaded.
2020-04-08 14:27:35,706 - elsapy.elssearch - INFO - Module loaded.
2020-04-08 14:28:22,069 - elsapy.elsclient - INFO - Module loaded.
2020-04-08 14:28:22,070 - elsapy.elsentity - INFO - Module loaded.
2020-04-08 14:28:22,071 - elsapy.utils - INFO - Module loaded.
2020-04-08 14:28:22,071 - elsapy.elsprofile - INFO - Module loaded.
2020-04-08 14:28:22,072 - elsapy.elsdoc - INFO - Module loaded.
2020-04-08 14:28:22,073 - elsapy.elssearch - INFO - Module loaded.
2020-04-08 14:28:55,499 - elsapy.elsclient - INFO - Module loaded.
2020-04-08 14:28:55,500 - elsapy.elsentity - INFO - Module loaded.
2020-04-08 14:28:55,501 - elsapy.utils - INFO - Module loaded.
2020-04-08 14:28:55,501 - elsapy.elsprofile - INFO - Module loaded.
2020-04-08 14:28:55,502 - elsapy.elsdoc - INFO - Module loaded.
2020-04-08 14:28:55,502 - elsapy.elssearch - INFO - Module loaded.
2020-04-08 14:29:36,473 - elsapy.elsclient - INFO - Module loaded.
2020-04-08 14:29:36,474 - elsapy.elsentity - INFO - Module loaded.
2020-04-08 14:29:36,475 - elsapy.utils - INFO - Module loaded.
2020-04-08 14:29:36,475 - elsapy.elsprofile - INFO - Module loaded.
2020-04-08 14:29:36,476 - elsapy.elsdoc - INFO - Module loaded.
2020-04-08 14:29:36,477 - elsapy.elssearch - INFO - Module loaded.
2020-04-08 14:38:02,950 - elsapy.elsclient - INFO - Module loaded.
2020-04-08 14:38:02,951 - elsapy.elsentity - INFO - Module loaded.
2020-04-08 14:38:02,952 - elsapy.utils - INFO - Module loaded.
2020-04-08 14:38:02,952 - elsapy.elsprofile - INFO - Module loaded.
2020-04-08 14:38:02,953 - elsapy.elsdoc - INFO - Module loaded.
2020-04-08 14:38:02,953 - elsapy.elssearch - INFO - Module loaded.
2020-04-08 14:39:37,637 - elsapy.elsclient - INFO - Module loaded.
2020-04-08 14:39:37,639 - elsapy.elsentity - INFO - Module loaded.
2020-04-08 14:39:37,639 - elsapy.utils - INFO - Module loaded.
2020-04-08 14:39:37,639 - elsapy.elsprofile - INFO - Module loaded.
2020-04-08 14:39:37,639 - elsapy.elsdoc - INFO - Module loaded.
2020-04-08 14:39:37,640 - elsapy.elssearch - INFO - Module loaded.
2020-04-08 14:40:08,864 - elsapy.elsclient - INFO - Module loaded.
2020-04-08 14:40:08,865 - elsapy.elsentity - INFO - Module loaded.
2020-04-08 14:40:08,866 - elsapy.utils - INFO - Module loaded.
2020-04-08 14:40:08,866 - elsapy.elsprofile - INFO - Module loaded.
2020-04-08 14:40:08,867 - elsapy.elsdoc - INFO - Module loaded.
2020-04-08 14:40:08,868 - elsapy.elssearch - INFO - Module loaded.
2020-04-08 14:40:22,958 - elsapy.elsclient - INFO - Module loaded.
2020-04-08 14:40:22,959 - elsapy.elsentity - INFO - Module loaded.
2020-04-08 14:40:22,960 - elsapy.utils - INFO - Module loaded.
2020-04-08 14:40:22,960 - elsapy.elsprofile - INFO - Module loaded.
2020-04-08 14:40:22,961 - elsapy.elsdoc - INFO - Module loaded.
2020-04-08 14:40:22,962 - elsapy.elssearch - INFO - Module loaded.
2020-04-08 14:40:46,749 - elsapy.elsclient - INFO - Module loaded.
2020-04-08 14:40:46,750 - elsapy.elsentity - INFO - Module loaded.
2020-04-08 14:40:46,750 - elsapy.utils - INFO - Module loaded.
2020-04-08 14:40:46,751 - elsapy.elsprofile - INFO - Module loaded.
2020-04-08 14:40:46,751 - elsapy.elsdoc - INFO - Module loaded.
2020-04-08 14:40:46,752 - elsapy.elssearch - INFO - Module loaded.
2020-04-08 14:41:27,420 - elsapy.elsclient - INFO - Module loaded.
2020-04-08 14:41:27,421 - elsapy.elsentity - INFO - Module loaded.
2020-04-08 14:41:27,421 - elsapy.utils - INFO - Module loaded.
2020-04-08 14:41:27,422 - elsapy.elsprofile - INFO - Module loaded.
2020-04-08 14:41:27,422 - elsapy.elsdoc - INFO - Module loaded.
2020-04-08 14:41:27,423 - elsapy.elssearch - INFO - Module loaded.
2020-04-08 14:56:16,623 - elsapy.elsclient - INFO - Module loaded.
2020-04-08 14:56:16,624 - elsapy.elsentity - INFO - Module loaded.
2020-04-08 14:56:16,625 - elsapy.utils - INFO - Module loaded.
2020-04-08 14:56:16,625 - elsapy.elsprofile - INFO - Module loaded.
2020-04-08 14:56:16,626 - elsapy.elsdoc - INFO - Module loaded.
2020-04-08 14:56:16,627 - elsapy.elssearch - INFO - Module loaded.
2020-04-08 14:56:40,659 - elsapy.elsclient - INFO - Module loaded.
2020-04-08 14:56:40,660 - elsapy.elsentity - INFO - Module loaded.
2020-04-08 14:56:40,660 - elsapy.utils - INFO - Module loaded.
2020-04-08 14:56:40,661 - elsapy.elsprofile - INFO - Module loaded.
2020-04-08 14:56:40,661 - elsapy.elsdoc - INFO - Module loaded.
2020-04-08 14:56:40,662 - elsapy.elssearch - INFO - Module loaded.
2020-04-08 14:57:21,826 - elsapy.elsclient - INFO - Module loaded.
2020-04-08 14:57:21,827 - elsapy.elsentity - INFO - Module loaded.
2020-04-08 14:57:21,828 - elsapy.utils - INFO - Module loaded.
2020-04-08 14:57:21,828 - elsapy.elsprofile - INFO - Module loaded.
2020-04-08 14:57:21,829 - elsapy.elsdoc - INFO - Module loaded.
2020-04-08 14:57:21,830 - elsapy.elssearch - INFO - Module loaded.
2020-04-08 14:59:59,394 - elsapy.elsclient - INFO - Module loaded.
2020-04-08 14:59:59,395 - elsapy.elsentity - INFO - Module loaded.
2020-04-08 14:59:59,396 - elsapy.utils - INFO - Module loaded.
2020-04-08 14:59:59,396 - elsapy.elsprofile - INFO - Module loaded.
2020-04-08 14:59:59,397 - elsapy.elsdoc - INFO - Module loaded.
2020-04-08 14:59:59,398 - elsapy.elssearch - INFO - Module loaded.
2020-04-08 15:00:26,264 - elsapy.elsclient - INFO - Module loaded.
2020-04-08 15:00:26,265 - elsapy.elsentity - INFO - Module loaded.
2020-04-08 15:00:26,266 - elsapy.utils - INFO - Module loaded.
2020-04-08 15:00:26,266 - elsapy.elsprofile - INFO - Module loaded.
2020-04-08 15:00:26,267 - elsapy.elsdoc - INFO - Module loaded.
2020-04-08 15:00:26,268 - elsapy.elssearch - INFO - Module loaded.
2020-04-08 15:00:44,019 - elsapy.elsclient - INFO - Module loaded.
2020-04-08 15:00:44,021 - elsapy.elsentity - INFO - Module loaded.
2020-04-08 15:00:44,021 - elsapy.utils - INFO - Module loaded.
2020-04-08 15:00:44,022 - elsapy.elsprofile - INFO - Module loaded.
2020-04-08 15:00:44,022 - elsapy.elsdoc - INFO - Module loaded.
2020-04-08 15:00:44,023 - elsapy.elssearch - INFO - Module loaded.
2020-04-08 15:10:07,573 - elsapy.elsclient - INFO - Module loaded.
2020-04-08 15:10:07,575 - elsapy.elsentity - INFO - Module loaded.
2020-04-08 15:10:07,575 - elsapy.utils - INFO - Module loaded.
2020-04-08 15:10:07,575 - elsapy.elsprofile - INFO - Module loaded.
2020-04-08 15:10:07,576 - elsapy.elsdoc - INFO - Module loaded.
2020-04-08 15:10:07,577 - elsapy.elssearch - INFO - Module loaded.
2020-04-08 15:10:28,323 - elsapy.elsclient - INFO - Module loaded.
2020-04-08 15:10:28,324 - elsapy.elsentity - INFO - Module loaded.
2020-04-08 15:10:28,325 - elsapy.utils - INFO - Module loaded.
2020-04-08 15:10:28,325 - elsapy.elsprofile - INFO - Module loaded.
2020-04-08 15:10:28,326 - elsapy.elsdoc - INFO - Module loaded.
2020-04-08 15:10:28,327 - elsapy.elssearch - INFO - Module loaded.
2020-04-08 15:10:40,901 - elsapy.elsclient - INFO - Module loaded.
2020-04-08 15:10:40,902 - elsapy.elsentity - INFO - Module loaded.
2020-04-08 15:10:40,903 - elsapy.utils - INFO - Module loaded.
2020-04-08 15:10:40,903 - elsapy.elsprofile - INFO - Module loaded.
2020-04-08 15:10:40,904 - elsapy.elsdoc - INFO - Module loaded.
2020-04-08 15:10:40,905 - elsapy.elssearch - INFO - Module loaded.
2020-04-08 15:12:17,056 - elsapy.elsclient - INFO - Module loaded.
2020-04-08 15:12:17,057 - elsapy.elsentity - INFO - Module loaded.
2020-04-08 15:12:17,058 - elsapy.utils - INFO - Module loaded.
2020-04-08 15:12:17,058 - elsapy.elsprofile - INFO - Module loaded.
2020-04-08 15:12:17,059 - elsapy.elsdoc - INFO - Module loaded.
2020-04-08 15:12:17,060 - elsapy.elssearch - INFO - Module loaded.
2020-04-08 15:13:09,789 - elsapy.elsclient - INFO - Module loaded.
2020-04-08 15:13:09,790 - elsapy.elsentity - INFO - Module loaded.
2020-04-08 15:13:09,791 - elsapy.utils - INFO - Module loaded.
2020-04-08 15:13:09,791 - elsapy.elsprofile - INFO - Module loaded.
2020-04-08 15:13:09,791 - elsapy.elsdoc - INFO - Module loaded.
2020-04-08 15:13:09,792 - elsapy.elssearch - INFO - Module loaded.
2020-04-08 15:17:28,405 - elsapy.elsclient - INFO - Module loaded.
2020-04-08 15:17:28,406 - elsapy.elsentity - INFO - Module loaded.
2020-04-08 15:17:28,407 - elsapy.utils - INFO - Module loaded.
2020-04-08 15:17:28,407 - elsapy.elsprofile - INFO - Module loaded.
2020-04-08 15:17:28,408 - elsapy.elsdoc - INFO - Module loaded.
2020-04-08 15:17:28,409 - elsapy.elssearch - INFO - Module loaded.
2020-04-08 15:20:21,273 - elsapy.elsclient - INFO - Module loaded.
2020-04-08 15:20:21,274 - elsapy.elsentity - INFO - Module loaded.
2020-04-08 15:20:21,274 - elsapy.utils - INFO - Module loaded.
2020-04-08 15:20:21,275 - elsapy.elsprofile - INFO - Module loaded.
2020-04-08 15:20:21,275 - elsapy.elsdoc - INFO - Module loaded.
2020-04-08 15:20:21,276 - elsapy.elssearch - INFO - Module loaded.
2020-04-08 15:20:38,813 - elsapy.elsclient - INFO - Module loaded.
2020-04-08 15:20:38,814 - elsapy.elsentity - INFO - Module loaded.
2020-04-08 15:20:38,815 - elsapy.utils - INFO - Module loaded.
2020-04-08 15:20:38,815 - elsapy.elsprofile - INFO - Module loaded.
2020-04-08 15:20:38,816 - elsapy.elsdoc - INFO - Module loaded.
2020-04-08 15:20:38,816 - elsapy.elssearch - INFO - Module loaded.
2020-04-08 15:21:05,845 - elsapy.elsclient - INFO - Module loaded.
2020-04-08 15:21:05,846 - elsapy.elsentity - INFO - Module loaded.
2020-04-08 15:21:05,847 - elsapy.utils - INFO - Module loaded.
2020-04-08 15:21:05,847 - elsapy.elsprofile - INFO - Module loaded.
2020-04-08 15:21:05,847 - elsapy.elsdoc - INFO - Module loaded.
2020-04-08 15:21:05,848 - elsapy.elssearch - INFO - Module loaded.
2020-04-08 15:24:20,840 - elsapy.elsclient - INFO - Module loaded.
2020-04-08 15:24:20,841 - elsapy.elsentity - INFO - Module loaded.
2020-04-08 15:24:20,842 - elsapy.utils - INFO - Module loaded.
2020-04-08 15:24:20,842 - elsapy.elsprofile - INFO - Module loaded.
2020-04-08 15:24:20,843 - elsapy.elsdoc - INFO - Module loaded.
2020-04-08 15:24:20,844 - elsapy.elssearch - INFO - Module loaded.
2020-04-08 15:33:07,100 - elsapy.elsclient - INFO - Module loaded.
2020-04-08 15:33:07,101 - elsapy.elsentity - INFO - Module loaded.
2020-04-08 15:33:07,102 - elsapy.utils - INFO - Module loaded.
2020-04-08 15:33:07,102 - elsapy.elsprofile - INFO - Module loaded.
2020-04-08 15:33:07,103 - elsapy.elsdoc - INFO - Module loaded.
2020-04-08 15:33:07,103 - elsapy.elssearch - INFO - Module loaded.
2020-04-08 15:33:26,159 - elsapy.elsclient - INFO - Module loaded.
2020-04-08 15:33:26,160 - elsapy.elsentity - INFO - Module loaded.
2020-04-08 15:33:26,161 - elsapy.utils - INFO - Module loaded.
2020-04-08 15:33:26,161 - elsapy.elsprofile - INFO - Module loaded.
2020-04-08 15:33:26,162 - elsapy.elsdoc - INFO - Module loaded.
2020-04-08 15:33:26,163 - elsapy.elssearch - INFO - Module loaded.
2020-04-08 15:33:42,288 - elsapy.elsclient - INFO - Module loaded.
2020-04-08 15:33:42,290 - elsapy.elsentity - INFO - Module loaded.
2020-04-08 15:33:42,290 - elsapy.utils - INFO - Module loaded.
2020-04-08 15:33:42,290 - elsapy.elsprofile - INFO - Module loaded.
2020-04-08 15:33:42,291 - elsapy.elsdoc - INFO - Module loaded.
2020-04-08 15:33:42,292 - elsapy.elssearch - INFO - Module loaded.
2020-04-08 15:34:08,615 - elsapy.elsclient - INFO - Module loaded.
2020-04-08 15:34:08,616 - elsapy.elsentity - INFO - Module loaded.
2020-04-08 15:34:08,617 - elsapy.utils - INFO - Module loaded.
2020-04-08 15:34:08,617 - elsapy.elsprofile - INFO - Module loaded.
2020-04-08 15:34:08,618 - elsapy.elsdoc - INFO - Module loaded.
2020-04-08 15:34:08,618 - elsapy.elssearch - INFO - Module loaded.
2020-04-08 15:34:25,194 - elsapy.elsclient - INFO - Module loaded.
2020-04-08 15:34:25,195 - elsapy.elsentity - INFO - Module loaded.
2020-04-08 15:34:25,196 - elsapy.utils - INFO - Module loaded.
2020-04-08 15:34:25,196 - elsapy.elsprofile - INFO - Module loaded.
2020-04-08 15:34:25,197 - elsapy.elsdoc - INFO - Module loaded.
2020-04-08 15:34:25,197 - elsapy.elssearch - INFO - Module loaded.
2020-04-08 15:34:56,212 - elsapy.elsclient - INFO - Module loaded.
2020-04-08 15:34:56,214 - elsapy.elsentity - INFO - Module loaded.
2020-04-08 15:34:56,214 - elsapy.utils - INFO - Module loaded.
2020-04-08 15:34:56,215 - elsapy.elsprofile - INFO - Module loaded.
2020-04-08 15:34:56,215 - elsapy.elsdoc - INFO - Module loaded.
2020-04-08 15:34:56,216 - elsapy.elssearch - INFO - Module loaded.
2020-04-08 15:35:59,276 - elsapy.elsclient - INFO - Module loaded.
2020-04-08 15:35:59,277 - elsapy.elsentity - INFO - Module loaded.
2020-04-08 15:35:59,278 - elsapy.utils - INFO - Module loaded.
2020-04-08 15:35:59,278 - elsapy.elsprofile - INFO - Module loaded.
2020-04-08 15:35:59,279 - elsapy.elsdoc - INFO - Module loaded.
2020-04-08 15:35:59,280 - elsapy.elssearch - INFO - Module loaded.
2020-04-08 15:36:17,224 - elsapy.elsclient - INFO - Module loaded.
2020-04-08 15:36:17,226 - elsapy.elsentity - INFO - Module loaded.
2020-04-08 15:36:17,226 - elsapy.utils - INFO - Module loaded.
2020-04-08 15:36:17,227 - elsapy.elsprofile - INFO - Module loaded.
2020-04-08 15:36:17,227 - elsapy.elsdoc - INFO - Module loaded.
2020-04-08 15:36:17,228 - elsapy.elssearch - INFO - Module loaded.
2020-04-08 15:37:04,301 - elsapy.elsclient - INFO - Module loaded.
2020-04-08 15:37:04,302 - elsapy.elsentity - INFO - Module loaded.
2020-04-08 15:37:04,303 - elsapy.utils - INFO - Module loaded.
2020-04-08 15:37:04,303 - elsapy.elsprofile - INFO - Module loaded.
2020-04-08 15:37:04,304 - elsapy.elsdoc - INFO - Module loaded.
2020-04-08 15:37:04,304 - elsapy.elssearch - INFO - Module loaded.
2020-04-08 15:37:24,564 - elsapy.elsclient - INFO - Module loaded.
2020-04-08 15:37:24,566 - elsapy.elsentity - INFO - Module loaded.
2020-04-08 15:37:24,566 - elsapy.utils - INFO - Module loaded.
2020-04-08 15:37:24,567 - elsapy.elsprofile - INFO - Module loaded.
2020-04-08 15:37:24,567 - elsapy.elsdoc - INFO - Module loaded.
2020-04-08 15:37:24,568 - elsapy.elssearch - INFO - Module loaded.
2020-04-08 15:45:31,822 - elsapy.elsclient - INFO - Module loaded.
2020-04-08 15:45:31,823 - elsapy.elsentity - INFO - Module loaded.
2020-04-08 15:45:31,823 - elsapy.utils - INFO - Module loaded.
2020-04-08 15:45:31,824 - elsapy.elsprofile - INFO - Module loaded.
2020-04-08 15:45:31,824 - elsapy.elsdoc - INFO - Module loaded.
2020-04-08 15:45:31,825 - elsapy.elssearch - INFO - Module loaded.
2020-04-08 15:45:37,374 - elsapy.elsclient - INFO - Module loaded.
2020-04-08 15:45:37,375 - elsapy.elsentity - INFO - Module loaded.
2020-04-08 15:45:37,376 - elsapy.utils - INFO - Module loaded.
2020-04-08 15:45:37,376 - elsapy.elsprofile - INFO - Module loaded.
2020-04-08 15:45:37,377 - elsapy.elsdoc - INFO - Module loaded.
2020-04-08 15:45:37,378 - elsapy.elssearch - INFO - Module loaded.
2020-04-08 15:51:13,690 - elsapy.elsclient - INFO - Module loaded.
2020-04-08 15:51:13,691 - elsapy.elsentity - INFO - Module loaded.
2020-04-08 15:51:13,692 - elsapy.utils - INFO - Module loaded.
2020-04-08 15:51:13,692 - elsapy.elsprofile - INFO - Module loaded.
2020-04-08 15:51:13,693 - elsapy.elsdoc - INFO - Module loaded.
2020-04-08 15:51:13,693 - elsapy.elssearch - INFO - Module loaded.
2020-04-08 15:51:52,079 - elsapy.elsclient - INFO - Module loaded.
2020-04-08 15:51:52,080 - elsapy.elsentity - INFO - Module loaded.
2020-04-08 15:51:52,081 - elsapy.utils - INFO - Module loaded.
2020-04-08 15:51:52,081 - elsapy.elsprofile - INFO - Module loaded.
2020-04-08 15:51:52,082 - elsapy.elsdoc - INFO - Module loaded.
2020-04-08 15:51:52,083 - elsapy.elssearch - INFO - Module loaded.
2020-04-08 15:52:53,559 - elsapy.elsclient - INFO - Module loaded.
2020-04-08 15:52:53,560 - elsapy.elsentity - INFO - Module loaded.
2020-04-08 15:52:53,561 - elsapy.utils - INFO - Module loaded.
2020-04-08 15:52:53,561 - elsapy.elsprofile - INFO - Module loaded.
2020-04-08 15:52:53,562 - elsapy.elsdoc - INFO - Module loaded.
2020-04-08 15:52:53,563 - elsapy.elssearch - INFO - Module loaded.
2020-04-08 15:54:11,043 - elsapy.elsclient - INFO - Module loaded.
2020-04-08 15:54:11,044 - elsapy.elsentity - INFO - Module loaded.
2020-04-08 15:54:11,045 - elsapy.utils - INFO - Module loaded.
2020-04-08 15:54:11,046 - elsapy.elsprofile - INFO - Module loaded.
2020-04-08 15:54:11,047 - elsapy.elsdoc - INFO - Module loaded.
2020-04-08 15:54:11,049 - elsapy.elssearch - INFO - Module loaded.
2020-04-08 15:54:47,523 - elsapy.elsclient - INFO - Module loaded.
2020-04-08 15:54:47,524 - elsapy.elsentity - INFO - Module loaded.
2020-04-08 15:54:47,524 - elsapy.utils - INFO - Module loaded.
2020-04-08 15:54:47,525 - elsapy.elsprofile - INFO - Module loaded.
2020-04-08 15:54:47,525 - elsapy.elsdoc - INFO - Module loaded.
2020-04-08 15:54:47,526 - elsapy.elssearch - INFO - Module loaded.
2020-04-08 16:11:32,668 - elsapy.elsclient - INFO - Module loaded.
2020-04-08 16:11:32,669 - elsapy.elsentity - INFO - Module loaded.
2020-04-08 16:11:32,670 - elsapy.utils - INFO - Module loaded.
2020-04-08 16:11:32,670 - elsapy.elsprofile - INFO - Module loaded.
2020-04-08 16:11:32,671 - elsapy.elsdoc - INFO - Module loaded.
2020-04-08 16:11:32,672 - elsapy.elssearch - INFO - Module loaded.
2020-04-08 16:11:38,362 - elsapy.elsclient - INFO - Module loaded.
2020-04-08 16:11:38,363 - elsapy.elsentity - INFO - Module loaded.
2020-04-08 16:11:38,363 - elsapy.utils - INFO - Module loaded.
2020-04-08 16:11:38,363 - elsapy.elsprofile - INFO - Module loaded.
2020-04-08 16:11:38,364 - elsapy.elsdoc - INFO - Module loaded.
2020-04-08 16:11:38,365 - elsapy.elssearch - INFO - Module loaded.
2020-04-08 16:13:54,618 - elsapy.elsclient - INFO - Module loaded.
2020-04-08 16:13:54,619 - elsapy.elsentity - INFO - Module loaded.
2020-04-08 16:13:54,620 - elsapy.utils - INFO - Module loaded.
2020-04-08 16:13:54,620 - elsapy.elsprofile - INFO - Module loaded.
2020-04-08 16:13:54,621 - elsapy.elsdoc - INFO - Module loaded.
2020-04-08 16:13:54,621 - elsapy.elssearch - INFO - Module loaded.
2020-04-08 16:14:21,677 - elsapy.elsclient - INFO - Module loaded.
2020-04-08 16:14:21,679 - elsapy.elsentity - INFO - Module loaded.
2020-04-08 16:14:21,679 - elsapy.utils - INFO - Module loaded.
2020-04-08 16:14:21,680 - elsapy.elsprofile - INFO - Module loaded.
2020-04-08 16:14:21,680 - elsapy.elsdoc - INFO - Module loaded.
2020-04-08 16:14:21,681 - elsapy.elssearch - INFO - Module loaded.
2020-04-08 16:29:27,474 - elsapy.elsclient - INFO - Module loaded.
2020-04-08 16:29:27,475 - elsapy.elsentity - INFO - Module loaded.
2020-04-08 16:29:27,476 - elsapy.utils - INFO - Module loaded.
2020-04-08 16:29:27,476 - elsapy.elsprofile - INFO - Module loaded.
2020-04-08 16:29:27,477 - elsapy.elsdoc - INFO - Module loaded.
2020-04-08 16:29:27,477 - elsapy.elssearch - INFO - Module loaded.
2020-04-08 16:30:39,514 - elsapy.elsclient - INFO - Module loaded.
2020-04-08 16:30:39,516 - elsapy.elsentity - INFO - Module loaded.
2020-04-08 16:30:39,516 - elsapy.utils - INFO - Module loaded.
2020-04-08 16:30:39,517 - elsapy.elsprofile - INFO - Module loaded.
2020-04-08 16:30:39,517 - elsapy.elsdoc - INFO - Module loaded.
2020-04-08 16:30:39,518 - elsapy.elssearch - INFO - Module loaded.
2020-04-08 16:30:59,011 - elsapy.elsclient - INFO - Module loaded.
2020-04-08 16:30:59,012 - elsapy.elsentity - INFO - Module loaded.
2020-04-08 16:30:59,012 - elsapy.utils - INFO - Module loaded.
2020-04-08 16:30:59,013 - elsapy.elsprofile - INFO - Module loaded.
2020-04-08 16:30:59,013 - elsapy.elsdoc - INFO - Module loaded.
2020-04-08 16:30:59,014 - elsapy.elssearch - INFO - Module loaded.
2020-04-08 16:32:20,152 - elsapy.elsclient - INFO - Module loaded.
2020-04-08 16:32:20,152 - elsapy.elsentity - INFO - Module loaded.
2020-04-08 16:32:20,152 - elsapy.utils - INFO - Module loaded.
2020-04-08 16:32:20,153 - elsapy.elsprofile - INFO - Module loaded.
2020-04-08 16:32:20,153 - elsapy.elsdoc - INFO - Module loaded.
2020-04-08 16:32:20,154 - elsapy.elssearch - INFO - Module loaded.
