2020-04-27 08:38:04,162 - elsapy.elsclient - INFO - Module loaded.
2020-04-27 08:38:04,165 - elsapy.elsentity - INFO - Module loaded.
2020-04-27 08:38:04,166 - elsapy.utils - INFO - Module loaded.
2020-04-27 08:38:04,166 - elsapy.elsprofile - INFO - Module loaded.
2020-04-27 08:38:04,168 - elsapy.elsdoc - INFO - Module loaded.
2020-04-27 08:38:04,169 - elsapy.elssearch - INFO - Module loaded.
2020-04-27 09:43:44,078 - elsapy.elsclient - INFO - Module loaded.
2020-04-27 09:43:44,079 - elsapy.elsentity - INFO - Module loaded.
2020-04-27 09:43:44,080 - elsapy.utils - INFO - Module loaded.
2020-04-27 09:43:44,080 - elsapy.elsprofile - INFO - Module loaded.
2020-04-27 09:43:44,081 - elsapy.elsdoc - INFO - Module loaded.
2020-04-27 09:43:44,082 - elsapy.elssearch - INFO - Module loaded.
2020-04-27 09:44:48,818 - elsapy.elsclient - INFO - Module loaded.
2020-04-27 09:44:48,819 - elsapy.elsentity - INFO - Module loaded.
2020-04-27 09:44:48,820 - elsapy.utils - INFO - Module loaded.
2020-04-27 09:44:48,820 - elsapy.elsprofile - INFO - Module loaded.
2020-04-27 09:44:48,821 - elsapy.elsdoc - INFO - Module loaded.
2020-04-27 09:44:48,822 - elsapy.elssearch - INFO - Module loaded.
2020-04-27 09:46:19,445 - elsapy.elsclient - INFO - Module loaded.
2020-04-27 09:46:19,446 - elsapy.elsentity - INFO - Module loaded.
2020-04-27 09:46:19,447 - elsapy.utils - INFO - Module loaded.
2020-04-27 09:46:19,447 - elsapy.elsprofile - INFO - Module loaded.
2020-04-27 09:46:19,448 - elsapy.elsdoc - INFO - Module loaded.
2020-04-27 09:46:19,449 - elsapy.elssearch - INFO - Module loaded.
2020-04-27 09:54:13,355 - elsapy.elsclient - INFO - Module loaded.
2020-04-27 09:54:13,357 - elsapy.elsentity - INFO - Module loaded.
2020-04-27 09:54:13,357 - elsapy.utils - INFO - Module loaded.
2020-04-27 09:54:13,358 - elsapy.elsprofile - INFO - Module loaded.
2020-04-27 09:54:13,358 - elsapy.elsdoc - INFO - Module loaded.
2020-04-27 09:54:13,359 - elsapy.elssearch - INFO - Module loaded.
2020-04-27 10:42:37,087 - elsapy.elsclient - INFO - Module loaded.
2020-04-27 10:42:37,088 - elsapy.elsentity - INFO - Module loaded.
2020-04-27 10:42:37,089 - elsapy.utils - INFO - Module loaded.
2020-04-27 10:42:37,089 - elsapy.elsprofile - INFO - Module loaded.
2020-04-27 10:42:37,090 - elsapy.elsdoc - INFO - Module loaded.
2020-04-27 10:42:37,091 - elsapy.elssearch - INFO - Module loaded.
2020-04-27 10:49:30,024 - elsapy.elsclient - INFO - Module loaded.
2020-04-27 10:49:30,025 - elsapy.elsentity - INFO - Module loaded.
2020-04-27 10:49:30,026 - elsapy.utils - INFO - Module loaded.
2020-04-27 10:49:30,026 - elsapy.elsprofile - INFO - Module loaded.
2020-04-27 10:49:30,027 - elsapy.elsdoc - INFO - Module loaded.
2020-04-27 10:49:30,028 - elsapy.elssearch - INFO - Module loaded.
2020-04-27 10:50:03,451 - elsapy.elsclient - INFO - Module loaded.
2020-04-27 10:50:03,452 - elsapy.elsentity - INFO - Module loaded.
2020-04-27 10:50:03,453 - elsapy.utils - INFO - Module loaded.
2020-04-27 10:50:03,453 - elsapy.elsprofile - INFO - Module loaded.
2020-04-27 10:50:03,454 - elsapy.elsdoc - INFO - Module loaded.
2020-04-27 10:50:03,455 - elsapy.elssearch - INFO - Module loaded.
2020-04-27 10:51:21,472 - elsapy.elsclient - INFO - Module loaded.
2020-04-27 10:51:21,473 - elsapy.elsentity - INFO - Module loaded.
2020-04-27 10:51:21,473 - elsapy.utils - INFO - Module loaded.
2020-04-27 10:51:21,474 - elsapy.elsprofile - INFO - Module loaded.
2020-04-27 10:51:21,474 - elsapy.elsdoc - INFO - Module loaded.
2020-04-27 10:51:21,475 - elsapy.elssearch - INFO - Module loaded.
2020-04-27 10:51:51,141 - elsapy.elsclient - INFO - Module loaded.
2020-04-27 10:51:51,142 - elsapy.elsentity - INFO - Module loaded.
2020-04-27 10:51:51,142 - elsapy.utils - INFO - Module loaded.
2020-04-27 10:51:51,143 - elsapy.elsprofile - INFO - Module loaded.
2020-04-27 10:51:51,143 - elsapy.elsdoc - INFO - Module loaded.
2020-04-27 10:51:51,144 - elsapy.elssearch - INFO - Module loaded.
2020-04-27 10:52:56,665 - elsapy.elsclient - INFO - Module loaded.
2020-04-27 10:52:56,666 - elsapy.elsentity - INFO - Module loaded.
2020-04-27 10:52:56,667 - elsapy.utils - INFO - Module loaded.
2020-04-27 10:52:56,667 - elsapy.elsprofile - INFO - Module loaded.
2020-04-27 10:52:56,667 - elsapy.elsdoc - INFO - Module loaded.
2020-04-27 10:52:56,667 - elsapy.elssearch - INFO - Module loaded.
2020-04-27 10:55:00,504 - elsapy.elsclient - INFO - Module loaded.
2020-04-27 10:55:00,505 - elsapy.elsentity - INFO - Module loaded.
2020-04-27 10:55:00,505 - elsapy.utils - INFO - Module loaded.
2020-04-27 10:55:00,506 - elsapy.elsprofile - INFO - Module loaded.
2020-04-27 10:55:00,506 - elsapy.elsdoc - INFO - Module loaded.
2020-04-27 10:55:00,507 - elsapy.elssearch - INFO - Module loaded.
2020-04-27 10:56:39,675 - elsapy.elsclient - INFO - Module loaded.
2020-04-27 10:56:39,676 - elsapy.elsentity - INFO - Module loaded.
2020-04-27 10:56:39,677 - elsapy.utils - INFO - Module loaded.
2020-04-27 10:56:39,677 - elsapy.elsprofile - INFO - Module loaded.
2020-04-27 10:56:39,678 - elsapy.elsdoc - INFO - Module loaded.
2020-04-27 10:56:39,678 - elsapy.elssearch - INFO - Module loaded.
2020-04-27 11:03:58,558 - elsapy.elsclient - INFO - Module loaded.
2020-04-27 11:03:58,560 - elsapy.elsentity - INFO - Module loaded.
2020-04-27 11:03:58,561 - elsapy.utils - INFO - Module loaded.
2020-04-27 11:03:58,561 - elsapy.elsprofile - INFO - Module loaded.
2020-04-27 11:03:58,561 - elsapy.elsdoc - INFO - Module loaded.
2020-04-27 11:03:58,562 - elsapy.elssearch - INFO - Module loaded.
2020-04-27 11:08:48,993 - elsapy.elsclient - INFO - Module loaded.
2020-04-27 11:08:48,994 - elsapy.elsentity - INFO - Module loaded.
2020-04-27 11:08:48,994 - elsapy.utils - INFO - Module loaded.
2020-04-27 11:08:48,995 - elsapy.elsprofile - INFO - Module loaded.
2020-04-27 11:08:48,995 - elsapy.elsdoc - INFO - Module loaded.
2020-04-27 11:08:48,996 - elsapy.elssearch - INFO - Module loaded.
2020-04-27 11:09:54,561 - elsapy.elsclient - INFO - Module loaded.
2020-04-27 11:09:54,562 - elsapy.elsentity - INFO - Module loaded.
2020-04-27 11:09:54,563 - elsapy.utils - INFO - Module loaded.
2020-04-27 11:09:54,563 - elsapy.elsprofile - INFO - Module loaded.
2020-04-27 11:09:54,565 - elsapy.elsdoc - INFO - Module loaded.
2020-04-27 11:09:54,566 - elsapy.elssearch - INFO - Module loaded.
2020-04-27 11:13:12,580 - elsapy.elsclient - INFO - Module loaded.
2020-04-27 11:13:12,581 - elsapy.elsentity - INFO - Module loaded.
2020-04-27 11:13:12,582 - elsapy.utils - INFO - Module loaded.
2020-04-27 11:13:12,582 - elsapy.elsprofile - INFO - Module loaded.
2020-04-27 11:13:12,582 - elsapy.elsdoc - INFO - Module loaded.
2020-04-27 11:13:12,583 - elsapy.elssearch - INFO - Module loaded.
