2020-04-06 12:28:21,631 - elsapy.elsclient - INFO - Module loaded.
2020-04-06 12:28:21,634 - elsapy.elsentity - INFO - Module loaded.
2020-04-06 12:28:21,636 - elsapy.utils - INFO - Module loaded.
2020-04-06 12:28:21,636 - elsapy.elsprofile - INFO - Module loaded.
2020-04-06 12:28:21,638 - elsapy.elsdoc - INFO - Module loaded.
2020-04-06 12:28:21,639 - elsapy.elssearch - INFO - Module loaded.
2020-04-06 12:31:27,691 - elsapy.elsclient - INFO - Module loaded.
2020-04-06 12:31:27,692 - elsapy.elsentity - INFO - Module loaded.
2020-04-06 12:31:27,693 - elsapy.utils - INFO - Module loaded.
2020-04-06 12:31:27,693 - elsapy.elsprofile - INFO - Module loaded.
2020-04-06 12:31:27,694 - elsapy.elsdoc - INFO - Module loaded.
2020-04-06 12:31:27,695 - elsapy.elssearch - INFO - Module loaded.
2020-04-06 12:43:31,988 - elsapy.elsclient - INFO - Module loaded.
2020-04-06 12:43:31,989 - elsapy.elsentity - INFO - Module loaded.
2020-04-06 12:43:31,990 - elsapy.utils - INFO - Module loaded.
2020-04-06 12:43:31,990 - elsapy.elsprofile - INFO - Module loaded.
2020-04-06 12:43:31,991 - elsapy.elsdoc - INFO - Module loaded.
2020-04-06 12:43:31,992 - elsapy.elssearch - INFO - Module loaded.
2020-04-06 12:44:07,014 - elsapy.elsclient - INFO - Module loaded.
2020-04-06 12:44:07,015 - elsapy.elsentity - INFO - Module loaded.
2020-04-06 12:44:07,016 - elsapy.utils - INFO - Module loaded.
2020-04-06 12:44:07,016 - elsapy.elsprofile - INFO - Module loaded.
2020-04-06 12:44:07,017 - elsapy.elsdoc - INFO - Module loaded.
2020-04-06 12:44:07,018 - elsapy.elssearch - INFO - Module loaded.
2020-04-06 12:44:16,157 - elsapy.elsclient - INFO - Module loaded.
2020-04-06 12:44:16,158 - elsapy.elsentity - INFO - Module loaded.
2020-04-06 12:44:16,159 - elsapy.utils - INFO - Module loaded.
2020-04-06 12:44:16,159 - elsapy.elsprofile - INFO - Module loaded.
2020-04-06 12:44:16,160 - elsapy.elsdoc - INFO - Module loaded.
2020-04-06 12:44:16,161 - elsapy.elssearch - INFO - Module loaded.
