2020-04-13 09:44:27,509 - elsapy.elsclient - INFO - Module loaded.
2020-04-13 09:44:27,510 - elsapy.elsentity - INFO - Module loaded.
2020-04-13 09:44:27,511 - elsapy.utils - INFO - Module loaded.
2020-04-13 09:44:27,512 - elsapy.elsprofile - INFO - Module loaded.
2020-04-13 09:44:27,513 - elsapy.elsdoc - INFO - Module loaded.
2020-04-13 09:44:27,514 - elsapy.elssearch - INFO - Module loaded.
2020-04-13 09:44:59,293 - elsapy.elsclient - INFO - Module loaded.
2020-04-13 09:44:59,295 - elsapy.elsentity - INFO - Module loaded.
2020-04-13 09:44:59,297 - elsapy.utils - INFO - Module loaded.
2020-04-13 09:44:59,298 - elsapy.elsprofile - INFO - Module loaded.
2020-04-13 09:44:59,299 - elsapy.elsdoc - INFO - Module loaded.
2020-04-13 09:44:59,300 - elsapy.elssearch - INFO - Module loaded.
2020-04-13 10:31:19,063 - elsapy.elsclient - INFO - Module loaded.
2020-04-13 10:31:19,064 - elsapy.elsentity - INFO - Module loaded.
2020-04-13 10:31:19,065 - elsapy.utils - INFO - Module loaded.
2020-04-13 10:31:19,065 - elsapy.elsprofile - INFO - Module loaded.
2020-04-13 10:31:19,066 - elsapy.elsdoc - INFO - Module loaded.
2020-04-13 10:31:19,066 - elsapy.elssearch - INFO - Module loaded.
2020-04-13 10:34:17,149 - elsapy.elsclient - INFO - Module loaded.
2020-04-13 10:34:17,150 - elsapy.elsentity - INFO - Module loaded.
2020-04-13 10:34:17,150 - elsapy.utils - INFO - Module loaded.
2020-04-13 10:34:17,151 - elsapy.elsprofile - INFO - Module loaded.
2020-04-13 10:34:17,152 - elsapy.elsdoc - INFO - Module loaded.
2020-04-13 10:34:17,152 - elsapy.elssearch - INFO - Module loaded.
2020-04-13 10:38:04,939 - elsapy.elsclient - INFO - Module loaded.
2020-04-13 10:38:04,940 - elsapy.elsentity - INFO - Module loaded.
2020-04-13 10:38:04,940 - elsapy.utils - INFO - Module loaded.
2020-04-13 10:38:04,941 - elsapy.elsprofile - INFO - Module loaded.
2020-04-13 10:38:04,941 - elsapy.elsdoc - INFO - Module loaded.
2020-04-13 10:38:04,942 - elsapy.elssearch - INFO - Module loaded.
2020-04-13 10:38:43,902 - elsapy.elsclient - INFO - Module loaded.
2020-04-13 10:38:43,903 - elsapy.elsentity - INFO - Module loaded.
2020-04-13 10:38:43,904 - elsapy.utils - INFO - Module loaded.
2020-04-13 10:38:43,904 - elsapy.elsprofile - INFO - Module loaded.
2020-04-13 10:38:43,905 - elsapy.elsdoc - INFO - Module loaded.
2020-04-13 10:38:43,906 - elsapy.elssearch - INFO - Module loaded.
2020-04-13 10:40:29,693 - elsapy.elsclient - INFO - Module loaded.
2020-04-13 10:40:29,694 - elsapy.elsentity - INFO - Module loaded.
2020-04-13 10:40:29,695 - elsapy.utils - INFO - Module loaded.
2020-04-13 10:40:29,695 - elsapy.elsprofile - INFO - Module loaded.
2020-04-13 10:40:29,696 - elsapy.elsdoc - INFO - Module loaded.
2020-04-13 10:40:29,697 - elsapy.elssearch - INFO - Module loaded.
2020-04-13 10:40:47,981 - elsapy.elsclient - INFO - Module loaded.
2020-04-13 10:40:47,982 - elsapy.elsentity - INFO - Module loaded.
2020-04-13 10:40:47,982 - elsapy.utils - INFO - Module loaded.
2020-04-13 10:40:47,983 - elsapy.elsprofile - INFO - Module loaded.
2020-04-13 10:40:47,983 - elsapy.elsdoc - INFO - Module loaded.
2020-04-13 10:40:47,984 - elsapy.elssearch - INFO - Module loaded.
2020-04-13 10:43:31,515 - elsapy.elsclient - INFO - Module loaded.
2020-04-13 10:43:31,516 - elsapy.elsentity - INFO - Module loaded.
2020-04-13 10:43:31,517 - elsapy.utils - INFO - Module loaded.
2020-04-13 10:43:31,517 - elsapy.elsprofile - INFO - Module loaded.
2020-04-13 10:43:31,518 - elsapy.elsdoc - INFO - Module loaded.
2020-04-13 10:43:31,519 - elsapy.elssearch - INFO - Module loaded.
2020-04-13 10:45:13,858 - elsapy.elsclient - INFO - Module loaded.
2020-04-13 10:45:13,859 - elsapy.elsentity - INFO - Module loaded.
2020-04-13 10:45:13,860 - elsapy.utils - INFO - Module loaded.
2020-04-13 10:45:13,860 - elsapy.elsprofile - INFO - Module loaded.
2020-04-13 10:45:13,861 - elsapy.elsdoc - INFO - Module loaded.
2020-04-13 10:45:13,862 - elsapy.elssearch - INFO - Module loaded.
2020-04-13 10:45:37,884 - elsapy.elsclient - INFO - Module loaded.
2020-04-13 10:45:37,885 - elsapy.elsentity - INFO - Module loaded.
2020-04-13 10:45:37,886 - elsapy.utils - INFO - Module loaded.
2020-04-13 10:45:37,887 - elsapy.elsprofile - INFO - Module loaded.
2020-04-13 10:45:37,888 - elsapy.elsdoc - INFO - Module loaded.
2020-04-13 10:45:37,889 - elsapy.elssearch - INFO - Module loaded.
2020-04-13 10:46:57,467 - elsapy.elsclient - INFO - Module loaded.
2020-04-13 10:46:57,469 - elsapy.elsentity - INFO - Module loaded.
2020-04-13 10:46:57,469 - elsapy.utils - INFO - Module loaded.
2020-04-13 10:46:57,470 - elsapy.elsprofile - INFO - Module loaded.
2020-04-13 10:46:57,470 - elsapy.elsdoc - INFO - Module loaded.
2020-04-13 10:46:57,471 - elsapy.elssearch - INFO - Module loaded.
2020-04-13 10:47:23,295 - elsapy.elsclient - INFO - Module loaded.
2020-04-13 10:47:23,297 - elsapy.elsentity - INFO - Module loaded.
2020-04-13 10:47:23,298 - elsapy.utils - INFO - Module loaded.
2020-04-13 10:47:23,298 - elsapy.elsprofile - INFO - Module loaded.
2020-04-13 10:47:23,299 - elsapy.elsdoc - INFO - Module loaded.
2020-04-13 10:47:23,300 - elsapy.elssearch - INFO - Module loaded.
2020-04-13 10:47:53,439 - elsapy.elsclient - INFO - Module loaded.
2020-04-13 10:47:53,440 - elsapy.elsentity - INFO - Module loaded.
2020-04-13 10:47:53,441 - elsapy.utils - INFO - Module loaded.
2020-04-13 10:47:53,441 - elsapy.elsprofile - INFO - Module loaded.
2020-04-13 10:47:53,442 - elsapy.elsdoc - INFO - Module loaded.
2020-04-13 10:47:53,443 - elsapy.elssearch - INFO - Module loaded.
2020-04-13 11:03:44,365 - elsapy.elsclient - INFO - Module loaded.
2020-04-13 11:03:44,366 - elsapy.elsentity - INFO - Module loaded.
2020-04-13 11:03:44,367 - elsapy.utils - INFO - Module loaded.
2020-04-13 11:03:44,368 - elsapy.elsprofile - INFO - Module loaded.
2020-04-13 11:03:44,368 - elsapy.elsdoc - INFO - Module loaded.
2020-04-13 11:03:44,370 - elsapy.elssearch - INFO - Module loaded.
2020-04-13 11:04:54,463 - elsapy.elsclient - INFO - Module loaded.
2020-04-13 11:04:54,465 - elsapy.elsentity - INFO - Module loaded.
2020-04-13 11:04:54,466 - elsapy.utils - INFO - Module loaded.
2020-04-13 11:04:54,466 - elsapy.elsprofile - INFO - Module loaded.
2020-04-13 11:04:54,467 - elsapy.elsdoc - INFO - Module loaded.
2020-04-13 11:04:54,468 - elsapy.elssearch - INFO - Module loaded.
2020-04-13 11:06:09,064 - elsapy.elsclient - INFO - Module loaded.
2020-04-13 11:06:09,065 - elsapy.elsentity - INFO - Module loaded.
2020-04-13 11:06:09,066 - elsapy.utils - INFO - Module loaded.
2020-04-13 11:06:09,066 - elsapy.elsprofile - INFO - Module loaded.
2020-04-13 11:06:09,067 - elsapy.elsdoc - INFO - Module loaded.
2020-04-13 11:06:09,068 - elsapy.elssearch - INFO - Module loaded.
2020-04-13 11:07:59,868 - elsapy.elsclient - INFO - Module loaded.
2020-04-13 11:07:59,869 - elsapy.elsentity - INFO - Module loaded.
2020-04-13 11:07:59,870 - elsapy.utils - INFO - Module loaded.
2020-04-13 11:07:59,870 - elsapy.elsprofile - INFO - Module loaded.
2020-04-13 11:07:59,871 - elsapy.elsdoc - INFO - Module loaded.
2020-04-13 11:07:59,872 - elsapy.elssearch - INFO - Module loaded.
2020-04-13 11:08:43,164 - elsapy.elsclient - INFO - Module loaded.
2020-04-13 11:08:43,165 - elsapy.elsentity - INFO - Module loaded.
2020-04-13 11:08:43,166 - elsapy.utils - INFO - Module loaded.
2020-04-13 11:08:43,166 - elsapy.elsprofile - INFO - Module loaded.
2020-04-13 11:08:43,167 - elsapy.elsdoc - INFO - Module loaded.
2020-04-13 11:08:43,168 - elsapy.elssearch - INFO - Module loaded.
2020-04-13 11:08:58,841 - elsapy.elsclient - INFO - Module loaded.
2020-04-13 11:08:58,842 - elsapy.elsentity - INFO - Module loaded.
2020-04-13 11:08:58,843 - elsapy.utils - INFO - Module loaded.
2020-04-13 11:08:58,843 - elsapy.elsprofile - INFO - Module loaded.
2020-04-13 11:08:58,844 - elsapy.elsdoc - INFO - Module loaded.
2020-04-13 11:08:58,845 - elsapy.elssearch - INFO - Module loaded.
2020-04-13 11:10:29,139 - elsapy.elsclient - INFO - Module loaded.
2020-04-13 11:10:29,141 - elsapy.elsentity - INFO - Module loaded.
2020-04-13 11:10:29,141 - elsapy.utils - INFO - Module loaded.
2020-04-13 11:10:29,142 - elsapy.elsprofile - INFO - Module loaded.
2020-04-13 11:10:29,143 - elsapy.elsdoc - INFO - Module loaded.
2020-04-13 11:10:29,144 - elsapy.elssearch - INFO - Module loaded.
2020-04-13 11:10:39,811 - elsapy.elsclient - INFO - Module loaded.
2020-04-13 11:10:39,812 - elsapy.elsentity - INFO - Module loaded.
2020-04-13 11:10:39,813 - elsapy.utils - INFO - Module loaded.
2020-04-13 11:10:39,813 - elsapy.elsprofile - INFO - Module loaded.
2020-04-13 11:10:39,814 - elsapy.elsdoc - INFO - Module loaded.
2020-04-13 11:10:39,814 - elsapy.elssearch - INFO - Module loaded.
2020-04-13 11:11:18,334 - elsapy.elsclient - INFO - Module loaded.
2020-04-13 11:11:18,335 - elsapy.elsentity - INFO - Module loaded.
2020-04-13 11:11:18,337 - elsapy.utils - INFO - Module loaded.
2020-04-13 11:11:18,337 - elsapy.elsprofile - INFO - Module loaded.
2020-04-13 11:11:18,339 - elsapy.elsdoc - INFO - Module loaded.
2020-04-13 11:11:18,339 - elsapy.elssearch - INFO - Module loaded.
2020-04-13 11:12:01,647 - elsapy.elsclient - INFO - Module loaded.
2020-04-13 11:12:01,648 - elsapy.elsentity - INFO - Module loaded.
2020-04-13 11:12:01,649 - elsapy.utils - INFO - Module loaded.
2020-04-13 11:12:01,650 - elsapy.elsprofile - INFO - Module loaded.
2020-04-13 11:12:01,650 - elsapy.elsdoc - INFO - Module loaded.
2020-04-13 11:12:01,651 - elsapy.elssearch - INFO - Module loaded.
2020-04-13 11:12:29,296 - elsapy.elsclient - INFO - Module loaded.
2020-04-13 11:12:29,296 - elsapy.elsentity - INFO - Module loaded.
2020-04-13 11:12:29,296 - elsapy.utils - INFO - Module loaded.
2020-04-13 11:12:29,297 - elsapy.elsprofile - INFO - Module loaded.
2020-04-13 11:12:29,297 - elsapy.elsdoc - INFO - Module loaded.
2020-04-13 11:12:29,298 - elsapy.elssearch - INFO - Module loaded.
2020-04-13 11:13:35,312 - elsapy.elsclient - INFO - Module loaded.
2020-04-13 11:13:35,314 - elsapy.elsentity - INFO - Module loaded.
2020-04-13 11:13:35,315 - elsapy.utils - INFO - Module loaded.
2020-04-13 11:13:35,315 - elsapy.elsprofile - INFO - Module loaded.
2020-04-13 11:13:35,316 - elsapy.elsdoc - INFO - Module loaded.
2020-04-13 11:13:35,316 - elsapy.elssearch - INFO - Module loaded.
2020-04-13 11:14:04,482 - elsapy.elsclient - INFO - Module loaded.
2020-04-13 11:14:04,483 - elsapy.elsentity - INFO - Module loaded.
2020-04-13 11:14:04,483 - elsapy.utils - INFO - Module loaded.
2020-04-13 11:14:04,484 - elsapy.elsprofile - INFO - Module loaded.
2020-04-13 11:14:04,484 - elsapy.elsdoc - INFO - Module loaded.
2020-04-13 11:14:04,485 - elsapy.elssearch - INFO - Module loaded.
2020-04-13 11:16:14,777 - elsapy.elsclient - INFO - Module loaded.
2020-04-13 11:16:14,779 - elsapy.elsentity - INFO - Module loaded.
2020-04-13 11:16:14,779 - elsapy.utils - INFO - Module loaded.
2020-04-13 11:16:14,779 - elsapy.elsprofile - INFO - Module loaded.
2020-04-13 11:16:14,780 - elsapy.elsdoc - INFO - Module loaded.
2020-04-13 11:16:14,781 - elsapy.elssearch - INFO - Module loaded.
2020-04-13 11:16:29,025 - elsapy.elsclient - INFO - Module loaded.
2020-04-13 11:16:29,026 - elsapy.elsentity - INFO - Module loaded.
2020-04-13 11:16:29,027 - elsapy.utils - INFO - Module loaded.
2020-04-13 11:16:29,027 - elsapy.elsprofile - INFO - Module loaded.
2020-04-13 11:16:29,028 - elsapy.elsdoc - INFO - Module loaded.
2020-04-13 11:16:29,029 - elsapy.elssearch - INFO - Module loaded.
2020-04-13 11:16:37,384 - elsapy.elsclient - INFO - Module loaded.
2020-04-13 11:16:37,386 - elsapy.elsentity - INFO - Module loaded.
2020-04-13 11:16:37,387 - elsapy.utils - INFO - Module loaded.
2020-04-13 11:16:37,387 - elsapy.elsprofile - INFO - Module loaded.
2020-04-13 11:16:37,389 - elsapy.elsdoc - INFO - Module loaded.
2020-04-13 11:16:37,390 - elsapy.elssearch - INFO - Module loaded.
2020-04-13 11:16:53,903 - elsapy.elsclient - INFO - Module loaded.
2020-04-13 11:16:53,904 - elsapy.elsentity - INFO - Module loaded.
2020-04-13 11:16:53,905 - elsapy.utils - INFO - Module loaded.
2020-04-13 11:16:53,905 - elsapy.elsprofile - INFO - Module loaded.
2020-04-13 11:16:53,906 - elsapy.elsdoc - INFO - Module loaded.
2020-04-13 11:16:53,907 - elsapy.elssearch - INFO - Module loaded.
2020-04-13 11:17:01,028 - elsapy.elsclient - INFO - Module loaded.
2020-04-13 11:17:01,030 - elsapy.elsentity - INFO - Module loaded.
2020-04-13 11:17:01,031 - elsapy.utils - INFO - Module loaded.
2020-04-13 11:17:01,031 - elsapy.elsprofile - INFO - Module loaded.
2020-04-13 11:17:01,032 - elsapy.elsdoc - INFO - Module loaded.
2020-04-13 11:17:01,033 - elsapy.elssearch - INFO - Module loaded.
2020-04-13 11:17:31,216 - elsapy.elsclient - INFO - Module loaded.
2020-04-13 11:17:31,217 - elsapy.elsentity - INFO - Module loaded.
2020-04-13 11:17:31,218 - elsapy.utils - INFO - Module loaded.
2020-04-13 11:17:31,218 - elsapy.elsprofile - INFO - Module loaded.
2020-04-13 11:17:31,219 - elsapy.elsdoc - INFO - Module loaded.
2020-04-13 11:17:31,220 - elsapy.elssearch - INFO - Module loaded.
2020-04-13 11:18:41,307 - elsapy.elsclient - INFO - Module loaded.
2020-04-13 11:18:41,308 - elsapy.elsentity - INFO - Module loaded.
2020-04-13 11:18:41,309 - elsapy.utils - INFO - Module loaded.
2020-04-13 11:18:41,309 - elsapy.elsprofile - INFO - Module loaded.
2020-04-13 11:18:41,310 - elsapy.elsdoc - INFO - Module loaded.
2020-04-13 11:18:41,311 - elsapy.elssearch - INFO - Module loaded.
2020-04-13 11:19:36,194 - elsapy.elsclient - INFO - Module loaded.
2020-04-13 11:19:36,196 - elsapy.elsentity - INFO - Module loaded.
2020-04-13 11:19:36,197 - elsapy.utils - INFO - Module loaded.
2020-04-13 11:19:36,197 - elsapy.elsprofile - INFO - Module loaded.
2020-04-13 11:19:36,198 - elsapy.elsdoc - INFO - Module loaded.
2020-04-13 11:19:36,199 - elsapy.elssearch - INFO - Module loaded.
2020-04-13 11:19:43,286 - elsapy.elsclient - INFO - Module loaded.
2020-04-13 11:19:43,287 - elsapy.elsentity - INFO - Module loaded.
2020-04-13 11:19:43,288 - elsapy.utils - INFO - Module loaded.
2020-04-13 11:19:43,288 - elsapy.elsprofile - INFO - Module loaded.
2020-04-13 11:19:43,289 - elsapy.elsdoc - INFO - Module loaded.
2020-04-13 11:19:43,289 - elsapy.elssearch - INFO - Module loaded.
2020-04-13 11:20:11,231 - elsapy.elsclient - INFO - Module loaded.
2020-04-13 11:20:11,232 - elsapy.elsentity - INFO - Module loaded.
2020-04-13 11:20:11,233 - elsapy.utils - INFO - Module loaded.
2020-04-13 11:20:11,233 - elsapy.elsprofile - INFO - Module loaded.
2020-04-13 11:20:11,234 - elsapy.elsdoc - INFO - Module loaded.
2020-04-13 11:20:11,235 - elsapy.elssearch - INFO - Module loaded.
2020-04-13 11:20:32,450 - elsapy.elsclient - INFO - Module loaded.
2020-04-13 11:20:32,452 - elsapy.elsentity - INFO - Module loaded.
2020-04-13 11:20:32,452 - elsapy.utils - INFO - Module loaded.
2020-04-13 11:20:32,453 - elsapy.elsprofile - INFO - Module loaded.
2020-04-13 11:20:32,453 - elsapy.elsdoc - INFO - Module loaded.
2020-04-13 11:20:32,454 - elsapy.elssearch - INFO - Module loaded.
2020-04-13 11:20:50,021 - elsapy.elsclient - INFO - Module loaded.
2020-04-13 11:20:50,022 - elsapy.elsentity - INFO - Module loaded.
2020-04-13 11:20:50,023 - elsapy.utils - INFO - Module loaded.
2020-04-13 11:20:50,023 - elsapy.elsprofile - INFO - Module loaded.
2020-04-13 11:20:50,024 - elsapy.elsdoc - INFO - Module loaded.
2020-04-13 11:20:50,025 - elsapy.elssearch - INFO - Module loaded.
2020-04-13 11:21:05,530 - elsapy.elsclient - INFO - Module loaded.
2020-04-13 11:21:05,532 - elsapy.elsentity - INFO - Module loaded.
2020-04-13 11:21:05,532 - elsapy.utils - INFO - Module loaded.
2020-04-13 11:21:05,532 - elsapy.elsprofile - INFO - Module loaded.
2020-04-13 11:21:05,533 - elsapy.elsdoc - INFO - Module loaded.
2020-04-13 11:21:05,534 - elsapy.elssearch - INFO - Module loaded.
2020-04-13 11:23:26,753 - elsapy.elsclient - INFO - Module loaded.
2020-04-13 11:23:26,754 - elsapy.elsentity - INFO - Module loaded.
2020-04-13 11:23:26,755 - elsapy.utils - INFO - Module loaded.
2020-04-13 11:23:26,755 - elsapy.elsprofile - INFO - Module loaded.
2020-04-13 11:23:26,756 - elsapy.elsdoc - INFO - Module loaded.
2020-04-13 11:23:26,757 - elsapy.elssearch - INFO - Module loaded.
2020-04-13 11:34:50,931 - elsapy.elsclient - INFO - Module loaded.
2020-04-13 11:34:50,932 - elsapy.elsentity - INFO - Module loaded.
2020-04-13 11:34:50,933 - elsapy.utils - INFO - Module loaded.
2020-04-13 11:34:50,933 - elsapy.elsprofile - INFO - Module loaded.
2020-04-13 11:34:50,934 - elsapy.elsdoc - INFO - Module loaded.
2020-04-13 11:34:50,934 - elsapy.elssearch - INFO - Module loaded.
2020-04-13 11:35:19,720 - elsapy.elsclient - INFO - Module loaded.
2020-04-13 11:35:19,722 - elsapy.elsentity - INFO - Module loaded.
2020-04-13 11:35:19,722 - elsapy.utils - INFO - Module loaded.
2020-04-13 11:35:19,723 - elsapy.elsprofile - INFO - Module loaded.
2020-04-13 11:35:19,723 - elsapy.elsdoc - INFO - Module loaded.
2020-04-13 11:35:19,725 - elsapy.elssearch - INFO - Module loaded.
2020-04-13 11:35:52,655 - elsapy.elsclient - INFO - Module loaded.
2020-04-13 11:35:52,656 - elsapy.elsentity - INFO - Module loaded.
2020-04-13 11:35:52,656 - elsapy.utils - INFO - Module loaded.
2020-04-13 11:35:52,657 - elsapy.elsprofile - INFO - Module loaded.
2020-04-13 11:35:52,658 - elsapy.elsdoc - INFO - Module loaded.
2020-04-13 11:35:52,658 - elsapy.elssearch - INFO - Module loaded.
2020-04-13 11:39:12,187 - elsapy.elsclient - INFO - Module loaded.
2020-04-13 11:39:12,188 - elsapy.elsentity - INFO - Module loaded.
2020-04-13 11:39:12,189 - elsapy.utils - INFO - Module loaded.
2020-04-13 11:39:12,189 - elsapy.elsprofile - INFO - Module loaded.
2020-04-13 11:39:12,190 - elsapy.elsdoc - INFO - Module loaded.
2020-04-13 11:39:12,191 - elsapy.elssearch - INFO - Module loaded.
2020-04-13 13:01:12,707 - elsapy.elsclient - INFO - Module loaded.
2020-04-13 13:01:12,708 - elsapy.elsentity - INFO - Module loaded.
2020-04-13 13:01:12,709 - elsapy.utils - INFO - Module loaded.
2020-04-13 13:01:12,710 - elsapy.elsprofile - INFO - Module loaded.
2020-04-13 13:01:12,711 - elsapy.elsdoc - INFO - Module loaded.
2020-04-13 13:01:12,712 - elsapy.elssearch - INFO - Module loaded.
2020-04-13 13:01:30,755 - elsapy.elsclient - INFO - Module loaded.
2020-04-13 13:01:30,756 - elsapy.elsentity - INFO - Module loaded.
2020-04-13 13:01:30,757 - elsapy.utils - INFO - Module loaded.
2020-04-13 13:01:30,757 - elsapy.elsprofile - INFO - Module loaded.
2020-04-13 13:01:30,758 - elsapy.elsdoc - INFO - Module loaded.
2020-04-13 13:01:30,758 - elsapy.elssearch - INFO - Module loaded.
2020-04-13 13:29:41,262 - elsapy.elsclient - INFO - Module loaded.
2020-04-13 13:29:41,264 - elsapy.elsentity - INFO - Module loaded.
2020-04-13 13:29:41,265 - elsapy.utils - INFO - Module loaded.
2020-04-13 13:29:41,265 - elsapy.elsprofile - INFO - Module loaded.
2020-04-13 13:29:41,266 - elsapy.elsdoc - INFO - Module loaded.
2020-04-13 13:29:41,266 - elsapy.elssearch - INFO - Module loaded.
2020-04-13 13:58:12,100 - elsapy.elsclient - INFO - Module loaded.
2020-04-13 13:58:12,101 - elsapy.elsentity - INFO - Module loaded.
2020-04-13 13:58:12,101 - elsapy.utils - INFO - Module loaded.
2020-04-13 13:58:12,102 - elsapy.elsprofile - INFO - Module loaded.
2020-04-13 13:58:12,103 - elsapy.elsdoc - INFO - Module loaded.
2020-04-13 13:58:12,104 - elsapy.elssearch - INFO - Module loaded.
2020-04-13 13:58:33,096 - elsapy.elsclient - INFO - Module loaded.
2020-04-13 13:58:33,096 - elsapy.elsentity - INFO - Module loaded.
2020-04-13 13:58:33,097 - elsapy.utils - INFO - Module loaded.
2020-04-13 13:58:33,097 - elsapy.elsprofile - INFO - Module loaded.
2020-04-13 13:58:33,098 - elsapy.elsdoc - INFO - Module loaded.
2020-04-13 13:58:33,099 - elsapy.elssearch - INFO - Module loaded.
2020-04-13 14:05:01,455 - elsapy.elsclient - INFO - Module loaded.
2020-04-13 14:05:01,456 - elsapy.elsentity - INFO - Module loaded.
2020-04-13 14:05:01,457 - elsapy.utils - INFO - Module loaded.
2020-04-13 14:05:01,457 - elsapy.elsprofile - INFO - Module loaded.
2020-04-13 14:05:01,458 - elsapy.elsdoc - INFO - Module loaded.
2020-04-13 14:05:01,460 - elsapy.elssearch - INFO - Module loaded.
2020-04-13 14:05:36,110 - elsapy.elsclient - INFO - Module loaded.
2020-04-13 14:05:36,112 - elsapy.elsentity - INFO - Module loaded.
2020-04-13 14:05:36,112 - elsapy.utils - INFO - Module loaded.
2020-04-13 14:05:36,113 - elsapy.elsprofile - INFO - Module loaded.
2020-04-13 14:05:36,113 - elsapy.elsdoc - INFO - Module loaded.
2020-04-13 14:05:36,114 - elsapy.elssearch - INFO - Module loaded.
2020-04-13 16:06:19,185 - elsapy.elsclient - INFO - Module loaded.
2020-04-13 16:06:19,188 - elsapy.elsentity - INFO - Module loaded.
2020-04-13 16:06:19,189 - elsapy.utils - INFO - Module loaded.
2020-04-13 16:06:19,189 - elsapy.elsprofile - INFO - Module loaded.
2020-04-13 16:06:19,190 - elsapy.elsdoc - INFO - Module loaded.
2020-04-13 16:06:19,191 - elsapy.elssearch - INFO - Module loaded.
2020-04-13 16:07:26,732 - elsapy.elsclient - INFO - Module loaded.
2020-04-13 16:07:26,733 - elsapy.elsentity - INFO - Module loaded.
2020-04-13 16:07:26,734 - elsapy.utils - INFO - Module loaded.
2020-04-13 16:07:26,734 - elsapy.elsprofile - INFO - Module loaded.
2020-04-13 16:07:26,735 - elsapy.elsdoc - INFO - Module loaded.
2020-04-13 16:07:26,736 - elsapy.elssearch - INFO - Module loaded.
2020-04-13 16:09:35,847 - elsapy.elsclient - INFO - Module loaded.
2020-04-13 16:09:35,848 - elsapy.elsentity - INFO - Module loaded.
2020-04-13 16:09:35,849 - elsapy.utils - INFO - Module loaded.
2020-04-13 16:09:35,849 - elsapy.elsprofile - INFO - Module loaded.
2020-04-13 16:09:35,850 - elsapy.elsdoc - INFO - Module loaded.
2020-04-13 16:09:35,851 - elsapy.elssearch - INFO - Module loaded.
2020-04-13 16:10:19,415 - elsapy.elsclient - INFO - Module loaded.
2020-04-13 16:10:19,417 - elsapy.elsentity - INFO - Module loaded.
2020-04-13 16:10:19,417 - elsapy.utils - INFO - Module loaded.
2020-04-13 16:10:19,418 - elsapy.elsprofile - INFO - Module loaded.
2020-04-13 16:10:19,419 - elsapy.elsdoc - INFO - Module loaded.
2020-04-13 16:10:19,419 - elsapy.elssearch - INFO - Module loaded.
2020-04-13 16:10:40,063 - elsapy.elsclient - INFO - Module loaded.
2020-04-13 16:10:40,065 - elsapy.elsentity - INFO - Module loaded.
2020-04-13 16:10:40,065 - elsapy.utils - INFO - Module loaded.
2020-04-13 16:10:40,066 - elsapy.elsprofile - INFO - Module loaded.
2020-04-13 16:10:40,066 - elsapy.elsdoc - INFO - Module loaded.
2020-04-13 16:10:40,067 - elsapy.elssearch - INFO - Module loaded.
2020-04-13 16:12:22,866 - elsapy.elsclient - INFO - Module loaded.
2020-04-13 16:12:22,867 - elsapy.elsentity - INFO - Module loaded.
2020-04-13 16:12:22,868 - elsapy.utils - INFO - Module loaded.
2020-04-13 16:12:22,868 - elsapy.elsprofile - INFO - Module loaded.
2020-04-13 16:12:22,869 - elsapy.elsdoc - INFO - Module loaded.
2020-04-13 16:12:22,870 - elsapy.elssearch - INFO - Module loaded.
2020-04-13 16:14:14,014 - elsapy.elsclient - INFO - Module loaded.
2020-04-13 16:14:14,015 - elsapy.elsentity - INFO - Module loaded.
2020-04-13 16:14:14,016 - elsapy.utils - INFO - Module loaded.
2020-04-13 16:14:14,016 - elsapy.elsprofile - INFO - Module loaded.
2020-04-13 16:14:14,017 - elsapy.elsdoc - INFO - Module loaded.
2020-04-13 16:14:14,018 - elsapy.elssearch - INFO - Module loaded.
