2020-05-08 13:59:14,059 - elsapy.elsclient - INFO - Module loaded.
2020-05-08 13:59:14,061 - elsapy.elsentity - INFO - Module loaded.
2020-05-08 13:59:14,062 - elsapy.utils - INFO - Module loaded.
2020-05-08 13:59:14,063 - elsapy.elsprofile - INFO - Module loaded.
2020-05-08 13:59:14,064 - elsapy.elsdoc - INFO - Module loaded.
2020-05-08 13:59:14,065 - elsapy.elssearch - INFO - Module loaded.
2020-05-08 14:01:19,306 - elsapy.elsclient - INFO - Module loaded.
2020-05-08 14:01:19,307 - elsapy.elsentity - INFO - Module loaded.
2020-05-08 14:01:19,308 - elsapy.utils - INFO - Module loaded.
2020-05-08 14:01:19,315 - elsapy.elsprofile - INFO - Module loaded.
2020-05-08 14:01:19,316 - elsapy.elsdoc - INFO - Module loaded.
2020-05-08 14:01:19,317 - elsapy.elssearch - INFO - Module loaded.
2020-05-08 14:05:12,496 - elsapy.elsclient - INFO - Module loaded.
2020-05-08 14:05:12,497 - elsapy.elsentity - INFO - Module loaded.
2020-05-08 14:05:12,498 - elsapy.utils - INFO - Module loaded.
2020-05-08 14:05:12,499 - elsapy.elsprofile - INFO - Module loaded.
2020-05-08 14:05:12,500 - elsapy.elsdoc - INFO - Module loaded.
2020-05-08 14:05:12,501 - elsapy.elssearch - INFO - Module loaded.
2020-05-08 14:06:56,457 - elsapy.elsclient - INFO - Module loaded.
2020-05-08 14:06:56,458 - elsapy.elsentity - INFO - Module loaded.
2020-05-08 14:06:56,459 - elsapy.utils - INFO - Module loaded.
2020-05-08 14:06:56,460 - elsapy.elsprofile - INFO - Module loaded.
2020-05-08 14:06:56,461 - elsapy.elsdoc - INFO - Module loaded.
2020-05-08 14:06:56,462 - elsapy.elssearch - INFO - Module loaded.
2020-05-08 14:08:03,074 - elsapy.elsclient - INFO - Module loaded.
2020-05-08 14:08:03,076 - elsapy.elsentity - INFO - Module loaded.
2020-05-08 14:08:03,077 - elsapy.utils - INFO - Module loaded.
2020-05-08 14:08:03,077 - elsapy.elsprofile - INFO - Module loaded.
2020-05-08 14:08:03,078 - elsapy.elsdoc - INFO - Module loaded.
2020-05-08 14:08:03,079 - elsapy.elssearch - INFO - Module loaded.
2020-05-08 14:11:21,198 - elsapy.elsclient - INFO - Module loaded.
2020-05-08 14:11:21,199 - elsapy.elsentity - INFO - Module loaded.
2020-05-08 14:11:21,200 - elsapy.utils - INFO - Module loaded.
2020-05-08 14:11:21,201 - elsapy.elsprofile - INFO - Module loaded.
2020-05-08 14:11:21,202 - elsapy.elsdoc - INFO - Module loaded.
2020-05-08 14:11:21,203 - elsapy.elssearch - INFO - Module loaded.
2020-05-08 14:13:03,244 - elsapy.elsclient - INFO - Module loaded.
2020-05-08 14:13:03,245 - elsapy.elsentity - INFO - Module loaded.
2020-05-08 14:13:03,245 - elsapy.utils - INFO - Module loaded.
2020-05-08 14:13:03,245 - elsapy.elsprofile - INFO - Module loaded.
2020-05-08 14:13:03,246 - elsapy.elsdoc - INFO - Module loaded.
2020-05-08 14:13:03,246 - elsapy.elssearch - INFO - Module loaded.
2020-05-08 14:14:29,073 - elsapy.elsclient - INFO - Module loaded.
2020-05-08 14:14:29,074 - elsapy.elsentity - INFO - Module loaded.
2020-05-08 14:14:29,075 - elsapy.utils - INFO - Module loaded.
2020-05-08 14:14:29,075 - elsapy.elsprofile - INFO - Module loaded.
2020-05-08 14:14:29,076 - elsapy.elsdoc - INFO - Module loaded.
2020-05-08 14:14:29,077 - elsapy.elssearch - INFO - Module loaded.
2020-05-08 14:15:50,090 - elsapy.elsclient - INFO - Module loaded.
2020-05-08 14:15:50,092 - elsapy.elsentity - INFO - Module loaded.
2020-05-08 14:15:50,092 - elsapy.utils - INFO - Module loaded.
2020-05-08 14:15:50,093 - elsapy.elsprofile - INFO - Module loaded.
2020-05-08 14:15:50,094 - elsapy.elsdoc - INFO - Module loaded.
2020-05-08 14:15:50,095 - elsapy.elssearch - INFO - Module loaded.
2020-05-08 14:21:23,523 - elsapy.elsclient - INFO - Module loaded.
2020-05-08 14:21:23,525 - elsapy.elsentity - INFO - Module loaded.
2020-05-08 14:21:23,526 - elsapy.utils - INFO - Module loaded.
2020-05-08 14:21:23,526 - elsapy.elsprofile - INFO - Module loaded.
2020-05-08 14:21:23,527 - elsapy.elsdoc - INFO - Module loaded.
2020-05-08 14:21:23,528 - elsapy.elssearch - INFO - Module loaded.
2020-05-08 14:22:56,522 - elsapy.elsclient - INFO - Module loaded.
2020-05-08 14:22:56,524 - elsapy.elsentity - INFO - Module loaded.
2020-05-08 14:22:56,525 - elsapy.utils - INFO - Module loaded.
2020-05-08 14:22:56,526 - elsapy.elsprofile - INFO - Module loaded.
2020-05-08 14:22:56,527 - elsapy.elsdoc - INFO - Module loaded.
2020-05-08 14:22:56,528 - elsapy.elssearch - INFO - Module loaded.
2020-05-08 14:24:41,906 - elsapy.elsclient - INFO - Module loaded.
2020-05-08 14:24:41,908 - elsapy.elsentity - INFO - Module loaded.
2020-05-08 14:24:41,909 - elsapy.utils - INFO - Module loaded.
2020-05-08 14:24:41,909 - elsapy.elsprofile - INFO - Module loaded.
2020-05-08 14:24:41,911 - elsapy.elsdoc - INFO - Module loaded.
2020-05-08 14:24:41,912 - elsapy.elssearch - INFO - Module loaded.
2020-05-08 14:25:51,547 - elsapy.elsclient - INFO - Module loaded.
2020-05-08 14:25:51,548 - elsapy.elsentity - INFO - Module loaded.
2020-05-08 14:25:51,549 - elsapy.utils - INFO - Module loaded.
2020-05-08 14:25:51,550 - elsapy.elsprofile - INFO - Module loaded.
2020-05-08 14:25:51,551 - elsapy.elsdoc - INFO - Module loaded.
2020-05-08 14:25:51,552 - elsapy.elssearch - INFO - Module loaded.
2020-05-08 14:29:09,285 - elsapy.elsclient - INFO - Module loaded.
2020-05-08 14:29:09,287 - elsapy.elsentity - INFO - Module loaded.
2020-05-08 14:29:09,288 - elsapy.utils - INFO - Module loaded.
2020-05-08 14:29:09,288 - elsapy.elsprofile - INFO - Module loaded.
2020-05-08 14:29:09,289 - elsapy.elsdoc - INFO - Module loaded.
2020-05-08 14:29:09,290 - elsapy.elssearch - INFO - Module loaded.
2020-05-08 14:29:17,877 - elsapy.elsclient - INFO - Module loaded.
2020-05-08 14:29:17,878 - elsapy.elsentity - INFO - Module loaded.
2020-05-08 14:29:17,879 - elsapy.utils - INFO - Module loaded.
2020-05-08 14:29:17,880 - elsapy.elsprofile - INFO - Module loaded.
2020-05-08 14:29:17,881 - elsapy.elsdoc - INFO - Module loaded.
2020-05-08 14:29:17,882 - elsapy.elssearch - INFO - Module loaded.
2020-05-08 14:32:03,514 - elsapy.elsclient - INFO - Module loaded.
2020-05-08 14:32:03,516 - elsapy.elsentity - INFO - Module loaded.
2020-05-08 14:32:03,517 - elsapy.utils - INFO - Module loaded.
2020-05-08 14:32:03,517 - elsapy.elsprofile - INFO - Module loaded.
2020-05-08 14:32:03,518 - elsapy.elsdoc - INFO - Module loaded.
2020-05-08 14:32:03,519 - elsapy.elssearch - INFO - Module loaded.
2020-05-08 14:35:25,188 - elsapy.elsclient - INFO - Module loaded.
2020-05-08 14:35:25,190 - elsapy.elsentity - INFO - Module loaded.
2020-05-08 14:35:25,191 - elsapy.utils - INFO - Module loaded.
2020-05-08 14:35:25,191 - elsapy.elsprofile - INFO - Module loaded.
2020-05-08 14:35:25,192 - elsapy.elsdoc - INFO - Module loaded.
2020-05-08 14:35:25,193 - elsapy.elssearch - INFO - Module loaded.
2020-05-08 14:35:50,326 - elsapy.elsclient - INFO - Module loaded.
2020-05-08 14:35:50,328 - elsapy.elsentity - INFO - Module loaded.
2020-05-08 14:35:50,329 - elsapy.utils - INFO - Module loaded.
2020-05-08 14:35:50,329 - elsapy.elsprofile - INFO - Module loaded.
2020-05-08 14:35:50,330 - elsapy.elsdoc - INFO - Module loaded.
2020-05-08 14:35:50,331 - elsapy.elssearch - INFO - Module loaded.
2020-05-08 14:37:51,949 - elsapy.elsclient - INFO - Module loaded.
2020-05-08 14:37:51,951 - elsapy.elsentity - INFO - Module loaded.
2020-05-08 14:37:51,952 - elsapy.utils - INFO - Module loaded.
2020-05-08 14:37:51,952 - elsapy.elsprofile - INFO - Module loaded.
2020-05-08 14:37:51,953 - elsapy.elsdoc - INFO - Module loaded.
2020-05-08 14:37:51,954 - elsapy.elssearch - INFO - Module loaded.
2020-05-08 14:55:28,101 - elsapy.elsclient - INFO - Module loaded.
2020-05-08 14:55:28,103 - elsapy.elsentity - INFO - Module loaded.
2020-05-08 14:55:28,104 - elsapy.utils - INFO - Module loaded.
2020-05-08 14:55:28,104 - elsapy.elsprofile - INFO - Module loaded.
2020-05-08 14:55:28,105 - elsapy.elsdoc - INFO - Module loaded.
2020-05-08 14:55:28,106 - elsapy.elssearch - INFO - Module loaded.
2020-05-08 15:05:50,313 - elsapy.elsclient - INFO - Module loaded.
2020-05-08 15:05:50,315 - elsapy.elsentity - INFO - Module loaded.
2020-05-08 15:05:50,316 - elsapy.utils - INFO - Module loaded.
2020-05-08 15:05:50,316 - elsapy.elsprofile - INFO - Module loaded.
2020-05-08 15:05:50,317 - elsapy.elsdoc - INFO - Module loaded.
2020-05-08 15:05:50,318 - elsapy.elssearch - INFO - Module loaded.
2020-05-08 15:06:59,090 - elsapy.elsclient - INFO - Module loaded.
2020-05-08 15:06:59,091 - elsapy.elsentity - INFO - Module loaded.
2020-05-08 15:06:59,092 - elsapy.utils - INFO - Module loaded.
2020-05-08 15:06:59,093 - elsapy.elsprofile - INFO - Module loaded.
2020-05-08 15:06:59,094 - elsapy.elsdoc - INFO - Module loaded.
2020-05-08 15:06:59,095 - elsapy.elssearch - INFO - Module loaded.
2020-05-08 15:09:28,618 - elsapy.elsclient - INFO - Module loaded.
2020-05-08 15:09:28,620 - elsapy.elsentity - INFO - Module loaded.
2020-05-08 15:09:28,621 - elsapy.utils - INFO - Module loaded.
2020-05-08 15:09:28,621 - elsapy.elsprofile - INFO - Module loaded.
2020-05-08 15:09:28,622 - elsapy.elsdoc - INFO - Module loaded.
2020-05-08 15:09:28,623 - elsapy.elssearch - INFO - Module loaded.
2020-05-08 15:11:09,396 - elsapy.elsclient - INFO - Module loaded.
2020-05-08 15:11:09,398 - elsapy.elsentity - INFO - Module loaded.
2020-05-08 15:11:09,399 - elsapy.utils - INFO - Module loaded.
2020-05-08 15:11:09,399 - elsapy.elsprofile - INFO - Module loaded.
2020-05-08 15:11:09,400 - elsapy.elsdoc - INFO - Module loaded.
2020-05-08 15:11:09,401 - elsapy.elssearch - INFO - Module loaded.
2020-05-08 15:12:17,243 - elsapy.elsclient - INFO - Module loaded.
2020-05-08 15:12:17,245 - elsapy.elsentity - INFO - Module loaded.
2020-05-08 15:12:17,246 - elsapy.utils - INFO - Module loaded.
2020-05-08 15:12:17,247 - elsapy.elsprofile - INFO - Module loaded.
2020-05-08 15:12:17,248 - elsapy.elsdoc - INFO - Module loaded.
2020-05-08 15:12:17,249 - elsapy.elssearch - INFO - Module loaded.
2020-05-08 15:13:05,486 - elsapy.elsclient - INFO - Module loaded.
2020-05-08 15:13:05,487 - elsapy.elsentity - INFO - Module loaded.
2020-05-08 15:13:05,488 - elsapy.utils - INFO - Module loaded.
2020-05-08 15:13:05,488 - elsapy.elsprofile - INFO - Module loaded.
2020-05-08 15:13:05,489 - elsapy.elsdoc - INFO - Module loaded.
2020-05-08 15:13:05,490 - elsapy.elssearch - INFO - Module loaded.
2020-05-08 15:17:48,485 - elsapy.elsclient - INFO - Module loaded.
2020-05-08 15:17:48,486 - elsapy.elsentity - INFO - Module loaded.
2020-05-08 15:17:48,487 - elsapy.utils - INFO - Module loaded.
2020-05-08 15:17:48,488 - elsapy.elsprofile - INFO - Module loaded.
2020-05-08 15:17:48,489 - elsapy.elsdoc - INFO - Module loaded.
2020-05-08 15:17:48,489 - elsapy.elssearch - INFO - Module loaded.
2020-05-08 15:23:26,783 - elsapy.elsclient - INFO - Module loaded.
2020-05-08 15:23:26,785 - elsapy.elsentity - INFO - Module loaded.
2020-05-08 15:23:26,786 - elsapy.utils - INFO - Module loaded.
2020-05-08 15:23:26,787 - elsapy.elsprofile - INFO - Module loaded.
2020-05-08 15:23:26,788 - elsapy.elsdoc - INFO - Module loaded.
2020-05-08 15:23:26,788 - elsapy.elssearch - INFO - Module loaded.
2020-05-08 15:25:02,012 - elsapy.elsclient - INFO - Module loaded.
2020-05-08 15:25:02,013 - elsapy.elsentity - INFO - Module loaded.
2020-05-08 15:25:02,014 - elsapy.utils - INFO - Module loaded.
2020-05-08 15:25:02,015 - elsapy.elsprofile - INFO - Module loaded.
2020-05-08 15:25:02,016 - elsapy.elsdoc - INFO - Module loaded.
2020-05-08 15:25:02,017 - elsapy.elssearch - INFO - Module loaded.
2020-05-08 15:25:57,671 - elsapy.elsclient - INFO - Module loaded.
2020-05-08 15:25:57,673 - elsapy.elsentity - INFO - Module loaded.
2020-05-08 15:25:57,674 - elsapy.utils - INFO - Module loaded.
2020-05-08 15:25:57,674 - elsapy.elsprofile - INFO - Module loaded.
2020-05-08 15:25:57,675 - elsapy.elsdoc - INFO - Module loaded.
2020-05-08 15:25:57,676 - elsapy.elssearch - INFO - Module loaded.
