2020-04-23 08:47:37,347 - elsapy.elsclient - INFO - Module loaded.
2020-04-23 08:47:37,349 - elsapy.elsentity - INFO - Module loaded.
2020-04-23 08:47:37,350 - elsapy.utils - INFO - Module loaded.
2020-04-23 08:47:37,350 - elsapy.elsprofile - INFO - Module loaded.
2020-04-23 08:47:37,352 - elsapy.elsdoc - INFO - Module loaded.
2020-04-23 08:47:37,353 - elsapy.elssearch - INFO - Module loaded.
2020-04-23 09:36:44,650 - elsapy.elsclient - INFO - Module loaded.
2020-04-23 09:36:44,651 - elsapy.elsentity - INFO - Module loaded.
2020-04-23 09:36:44,652 - elsapy.utils - INFO - Module loaded.
2020-04-23 09:36:44,653 - elsapy.elsprofile - INFO - Module loaded.
2020-04-23 09:36:44,654 - elsapy.elsdoc - INFO - Module loaded.
2020-04-23 09:36:44,654 - elsapy.elssearch - INFO - Module loaded.
2020-04-23 09:38:21,449 - elsapy.elsclient - INFO - Module loaded.
2020-04-23 09:38:21,450 - elsapy.elsentity - INFO - Module loaded.
2020-04-23 09:38:21,451 - elsapy.utils - INFO - Module loaded.
2020-04-23 09:38:21,451 - elsapy.elsprofile - INFO - Module loaded.
2020-04-23 09:38:21,452 - elsapy.elsdoc - INFO - Module loaded.
2020-04-23 09:38:21,452 - elsapy.elssearch - INFO - Module loaded.
2020-04-23 09:42:03,994 - elsapy.elsclient - INFO - Module loaded.
2020-04-23 09:42:03,996 - elsapy.elsentity - INFO - Module loaded.
2020-04-23 09:42:03,996 - elsapy.utils - INFO - Module loaded.
2020-04-23 09:42:03,997 - elsapy.elsprofile - INFO - Module loaded.
2020-04-23 09:42:03,997 - elsapy.elsdoc - INFO - Module loaded.
2020-04-23 09:42:03,998 - elsapy.elssearch - INFO - Module loaded.
2020-04-23 09:57:15,173 - elsapy.elsclient - INFO - Module loaded.
2020-04-23 09:57:15,175 - elsapy.elsentity - INFO - Module loaded.
2020-04-23 09:57:15,175 - elsapy.utils - INFO - Module loaded.
2020-04-23 09:57:15,176 - elsapy.elsprofile - INFO - Module loaded.
2020-04-23 09:57:15,176 - elsapy.elsdoc - INFO - Module loaded.
2020-04-23 09:57:15,177 - elsapy.elssearch - INFO - Module loaded.
2020-04-23 10:33:14,618 - elsapy.elsclient - INFO - Module loaded.
2020-04-23 10:33:14,620 - elsapy.elsentity - INFO - Module loaded.
2020-04-23 10:33:14,620 - elsapy.utils - INFO - Module loaded.
2020-04-23 10:33:14,621 - elsapy.elsprofile - INFO - Module loaded.
2020-04-23 10:33:14,622 - elsapy.elsdoc - INFO - Module loaded.
2020-04-23 10:33:14,622 - elsapy.elssearch - INFO - Module loaded.
2020-04-23 10:41:36,310 - elsapy.elsclient - INFO - Module loaded.
2020-04-23 10:41:36,311 - elsapy.elsentity - INFO - Module loaded.
2020-04-23 10:41:36,311 - elsapy.utils - INFO - Module loaded.
2020-04-23 10:41:36,312 - elsapy.elsprofile - INFO - Module loaded.
2020-04-23 10:41:36,313 - elsapy.elsdoc - INFO - Module loaded.
2020-04-23 10:41:36,313 - elsapy.elssearch - INFO - Module loaded.
2020-04-23 11:03:48,864 - elsapy.elsclient - INFO - Module loaded.
2020-04-23 11:03:48,865 - elsapy.elsentity - INFO - Module loaded.
2020-04-23 11:03:48,866 - elsapy.utils - INFO - Module loaded.
2020-04-23 11:03:48,866 - elsapy.elsprofile - INFO - Module loaded.
2020-04-23 11:03:48,867 - elsapy.elsdoc - INFO - Module loaded.
2020-04-23 11:03:48,868 - elsapy.elssearch - INFO - Module loaded.
2020-04-23 11:05:18,012 - elsapy.elsclient - INFO - Module loaded.
2020-04-23 11:05:18,014 - elsapy.elsentity - INFO - Module loaded.
2020-04-23 11:05:18,015 - elsapy.utils - INFO - Module loaded.
2020-04-23 11:05:18,015 - elsapy.elsprofile - INFO - Module loaded.
2020-04-23 11:05:18,016 - elsapy.elsdoc - INFO - Module loaded.
2020-04-23 11:05:18,017 - elsapy.elssearch - INFO - Module loaded.
2020-04-23 11:06:25,909 - elsapy.elsclient - INFO - Module loaded.
2020-04-23 11:06:25,910 - elsapy.elsentity - INFO - Module loaded.
2020-04-23 11:06:25,911 - elsapy.utils - INFO - Module loaded.
2020-04-23 11:06:25,911 - elsapy.elsprofile - INFO - Module loaded.
2020-04-23 11:06:25,912 - elsapy.elsdoc - INFO - Module loaded.
2020-04-23 11:06:25,913 - elsapy.elssearch - INFO - Module loaded.
2020-04-23 11:07:10,869 - elsapy.elsclient - INFO - Module loaded.
2020-04-23 11:07:10,871 - elsapy.elsentity - INFO - Module loaded.
2020-04-23 11:07:10,871 - elsapy.utils - INFO - Module loaded.
2020-04-23 11:07:10,872 - elsapy.elsprofile - INFO - Module loaded.
2020-04-23 11:07:10,873 - elsapy.elsdoc - INFO - Module loaded.
2020-04-23 11:07:10,873 - elsapy.elssearch - INFO - Module loaded.
2020-04-23 11:07:42,246 - elsapy.elsclient - INFO - Module loaded.
2020-04-23 11:07:42,247 - elsapy.elsentity - INFO - Module loaded.
2020-04-23 11:07:42,247 - elsapy.utils - INFO - Module loaded.
2020-04-23 11:07:42,248 - elsapy.elsprofile - INFO - Module loaded.
2020-04-23 11:07:42,249 - elsapy.elsdoc - INFO - Module loaded.
2020-04-23 11:07:42,249 - elsapy.elssearch - INFO - Module loaded.
2020-04-23 11:11:35,731 - elsapy.elsclient - INFO - Module loaded.
2020-04-23 11:11:35,733 - elsapy.elsentity - INFO - Module loaded.
2020-04-23 11:11:35,734 - elsapy.utils - INFO - Module loaded.
2020-04-23 11:11:35,734 - elsapy.elsprofile - INFO - Module loaded.
2020-04-23 11:11:35,735 - elsapy.elsdoc - INFO - Module loaded.
2020-04-23 11:11:35,736 - elsapy.elssearch - INFO - Module loaded.
2020-04-23 11:13:33,109 - elsapy.elsclient - INFO - Module loaded.
2020-04-23 11:13:33,111 - elsapy.elsentity - INFO - Module loaded.
2020-04-23 11:13:33,112 - elsapy.utils - INFO - Module loaded.
2020-04-23 11:13:33,112 - elsapy.elsprofile - INFO - Module loaded.
2020-04-23 11:13:33,113 - elsapy.elsdoc - INFO - Module loaded.
2020-04-23 11:13:33,114 - elsapy.elssearch - INFO - Module loaded.
2020-04-23 11:23:12,967 - elsapy.elsclient - INFO - Module loaded.
2020-04-23 11:23:12,969 - elsapy.elsentity - INFO - Module loaded.
2020-04-23 11:23:12,970 - elsapy.utils - INFO - Module loaded.
2020-04-23 11:23:12,970 - elsapy.elsprofile - INFO - Module loaded.
2020-04-23 11:23:12,971 - elsapy.elsdoc - INFO - Module loaded.
2020-04-23 11:23:12,972 - elsapy.elssearch - INFO - Module loaded.
2020-04-23 11:23:20,110 - elsapy.elsclient - INFO - Module loaded.
2020-04-23 11:23:20,111 - elsapy.elsentity - INFO - Module loaded.
2020-04-23 11:23:20,112 - elsapy.utils - INFO - Module loaded.
2020-04-23 11:23:20,112 - elsapy.elsprofile - INFO - Module loaded.
2020-04-23 11:23:20,113 - elsapy.elsdoc - INFO - Module loaded.
2020-04-23 11:23:20,114 - elsapy.elssearch - INFO - Module loaded.
2020-04-23 11:31:50,029 - elsapy.elsclient - INFO - Module loaded.
2020-04-23 11:31:50,030 - elsapy.elsentity - INFO - Module loaded.
2020-04-23 11:31:50,031 - elsapy.utils - INFO - Module loaded.
2020-04-23 11:31:50,031 - elsapy.elsprofile - INFO - Module loaded.
2020-04-23 11:31:50,031 - elsapy.elsdoc - INFO - Module loaded.
2020-04-23 11:31:50,033 - elsapy.elssearch - INFO - Module loaded.
2020-04-23 11:32:29,341 - elsapy.elsclient - INFO - Module loaded.
2020-04-23 11:32:29,343 - elsapy.elsentity - INFO - Module loaded.
2020-04-23 11:32:29,343 - elsapy.utils - INFO - Module loaded.
2020-04-23 11:32:29,344 - elsapy.elsprofile - INFO - Module loaded.
2020-04-23 11:32:29,345 - elsapy.elsdoc - INFO - Module loaded.
2020-04-23 11:32:29,345 - elsapy.elssearch - INFO - Module loaded.
2020-04-23 13:39:37,517 - elsapy.elsclient - INFO - Module loaded.
2020-04-23 13:39:37,518 - elsapy.elsentity - INFO - Module loaded.
2020-04-23 13:39:37,519 - elsapy.utils - INFO - Module loaded.
2020-04-23 13:39:37,520 - elsapy.elsprofile - INFO - Module loaded.
2020-04-23 13:39:37,522 - elsapy.elsdoc - INFO - Module loaded.
2020-04-23 13:39:37,524 - elsapy.elssearch - INFO - Module loaded.
