2020-05-05 11:33:57,739 - elsapy.elsclient - INFO - Module loaded.
2020-05-05 11:33:57,741 - elsapy.elsentity - INFO - Module loaded.
2020-05-05 11:33:57,742 - elsapy.utils - INFO - Module loaded.
2020-05-05 11:33:57,742 - elsapy.elsprofile - INFO - Module loaded.
2020-05-05 11:33:57,743 - elsapy.elsdoc - INFO - Module loaded.
2020-05-05 11:33:57,745 - elsapy.elssearch - INFO - Module loaded.
2020-05-05 11:35:05,862 - elsapy.elsclient - INFO - Module loaded.
2020-05-05 11:35:05,864 - elsapy.elsentity - INFO - Module loaded.
2020-05-05 11:35:05,865 - elsapy.utils - INFO - Module loaded.
2020-05-05 11:35:05,872 - elsapy.elsprofile - INFO - Module loaded.
2020-05-05 11:35:05,873 - elsapy.elsdoc - INFO - Module loaded.
2020-05-05 11:35:05,874 - elsapy.elssearch - INFO - Module loaded.
2020-05-05 14:03:25,639 - elsapy.elsclient - INFO - Module loaded.
2020-05-05 14:03:25,641 - elsapy.elsentity - INFO - Module loaded.
2020-05-05 14:03:25,642 - elsapy.utils - INFO - Module loaded.
2020-05-05 14:03:25,642 - elsapy.elsprofile - INFO - Module loaded.
2020-05-05 14:03:25,643 - elsapy.elsdoc - INFO - Module loaded.
2020-05-05 14:03:25,644 - elsapy.elssearch - INFO - Module loaded.
2020-05-05 14:07:30,642 - elsapy.elsclient - INFO - Module loaded.
2020-05-05 14:07:30,643 - elsapy.elsentity - INFO - Module loaded.
2020-05-05 14:07:30,644 - elsapy.utils - INFO - Module loaded.
2020-05-05 14:07:30,644 - elsapy.elsprofile - INFO - Module loaded.
2020-05-05 14:07:30,645 - elsapy.elsdoc - INFO - Module loaded.
2020-05-05 14:07:30,646 - elsapy.elssearch - INFO - Module loaded.
2020-05-05 14:08:24,390 - elsapy.elsclient - INFO - Module loaded.
2020-05-05 14:08:24,398 - elsapy.elsentity - INFO - Module loaded.
2020-05-05 14:08:24,401 - elsapy.utils - INFO - Module loaded.
2020-05-05 14:08:24,402 - elsapy.elsprofile - INFO - Module loaded.
2020-05-05 14:08:24,405 - elsapy.elsdoc - INFO - Module loaded.
2020-05-05 14:08:24,408 - elsapy.elssearch - INFO - Module loaded.
2020-05-05 14:09:05,078 - elsapy.elsclient - INFO - Module loaded.
2020-05-05 14:09:05,079 - elsapy.elsentity - INFO - Module loaded.
2020-05-05 14:09:05,080 - elsapy.utils - INFO - Module loaded.
2020-05-05 14:09:05,080 - elsapy.elsprofile - INFO - Module loaded.
2020-05-05 14:09:05,081 - elsapy.elsdoc - INFO - Module loaded.
2020-05-05 14:09:05,082 - elsapy.elssearch - INFO - Module loaded.
2020-05-05 14:26:33,817 - elsapy.elsclient - INFO - Module loaded.
2020-05-05 14:26:33,819 - elsapy.elsentity - INFO - Module loaded.
2020-05-05 14:26:33,820 - elsapy.utils - INFO - Module loaded.
2020-05-05 14:26:33,820 - elsapy.elsprofile - INFO - Module loaded.
2020-05-05 14:26:33,821 - elsapy.elsdoc - INFO - Module loaded.
2020-05-05 14:26:33,822 - elsapy.elssearch - INFO - Module loaded.
2020-05-05 14:27:19,017 - elsapy.elsclient - INFO - Module loaded.
2020-05-05 14:27:19,018 - elsapy.elsentity - INFO - Module loaded.
2020-05-05 14:27:19,019 - elsapy.utils - INFO - Module loaded.
2020-05-05 14:27:19,020 - elsapy.elsprofile - INFO - Module loaded.
2020-05-05 14:27:19,021 - elsapy.elsdoc - INFO - Module loaded.
2020-05-05 14:27:19,022 - elsapy.elssearch - INFO - Module loaded.
2020-05-05 14:27:27,124 - elsapy.elsclient - INFO - Module loaded.
2020-05-05 14:27:27,125 - elsapy.elsentity - INFO - Module loaded.
2020-05-05 14:27:27,126 - elsapy.utils - INFO - Module loaded.
2020-05-05 14:27:27,127 - elsapy.elsprofile - INFO - Module loaded.
2020-05-05 14:27:27,128 - elsapy.elsdoc - INFO - Module loaded.
2020-05-05 14:27:27,129 - elsapy.elssearch - INFO - Module loaded.
2020-05-05 14:29:26,699 - elsapy.elsclient - INFO - Module loaded.
2020-05-05 14:29:26,700 - elsapy.elsentity - INFO - Module loaded.
2020-05-05 14:29:26,701 - elsapy.utils - INFO - Module loaded.
2020-05-05 14:29:26,702 - elsapy.elsprofile - INFO - Module loaded.
2020-05-05 14:29:26,702 - elsapy.elsdoc - INFO - Module loaded.
2020-05-05 14:29:26,703 - elsapy.elssearch - INFO - Module loaded.
2020-05-05 14:30:32,434 - elsapy.elsclient - INFO - Module loaded.
2020-05-05 14:30:32,435 - elsapy.elsentity - INFO - Module loaded.
2020-05-05 14:30:32,436 - elsapy.utils - INFO - Module loaded.
2020-05-05 14:30:32,437 - elsapy.elsprofile - INFO - Module loaded.
2020-05-05 14:30:32,438 - elsapy.elsdoc - INFO - Module loaded.
2020-05-05 14:30:32,439 - elsapy.elssearch - INFO - Module loaded.
2020-05-05 14:31:59,290 - elsapy.elsclient - INFO - Module loaded.
2020-05-05 14:31:59,291 - elsapy.elsentity - INFO - Module loaded.
2020-05-05 14:31:59,292 - elsapy.utils - INFO - Module loaded.
2020-05-05 14:31:59,293 - elsapy.elsprofile - INFO - Module loaded.
2020-05-05 14:31:59,294 - elsapy.elsdoc - INFO - Module loaded.
2020-05-05 14:31:59,295 - elsapy.elssearch - INFO - Module loaded.
2020-05-05 14:38:43,345 - elsapy.elsclient - INFO - Module loaded.
2020-05-05 14:38:43,347 - elsapy.elsentity - INFO - Module loaded.
2020-05-05 14:38:43,348 - elsapy.utils - INFO - Module loaded.
2020-05-05 14:38:43,348 - elsapy.elsprofile - INFO - Module loaded.
2020-05-05 14:38:43,349 - elsapy.elsdoc - INFO - Module loaded.
2020-05-05 14:38:43,350 - elsapy.elssearch - INFO - Module loaded.
2020-05-05 14:40:01,204 - elsapy.elsclient - INFO - Module loaded.
2020-05-05 14:40:01,206 - elsapy.elsentity - INFO - Module loaded.
2020-05-05 14:40:01,207 - elsapy.utils - INFO - Module loaded.
2020-05-05 14:40:01,207 - elsapy.elsprofile - INFO - Module loaded.
2020-05-05 14:40:01,208 - elsapy.elsdoc - INFO - Module loaded.
2020-05-05 14:40:01,209 - elsapy.elssearch - INFO - Module loaded.
2020-05-05 14:40:28,804 - elsapy.elsclient - INFO - Module loaded.
2020-05-05 14:40:28,805 - elsapy.elsentity - INFO - Module loaded.
2020-05-05 14:40:28,806 - elsapy.utils - INFO - Module loaded.
2020-05-05 14:40:28,807 - elsapy.elsprofile - INFO - Module loaded.
2020-05-05 14:40:28,808 - elsapy.elsdoc - INFO - Module loaded.
2020-05-05 14:40:28,809 - elsapy.elssearch - INFO - Module loaded.
2020-05-05 14:40:59,285 - elsapy.elsclient - INFO - Module loaded.
2020-05-05 14:40:59,286 - elsapy.elsentity - INFO - Module loaded.
2020-05-05 14:40:59,287 - elsapy.utils - INFO - Module loaded.
2020-05-05 14:40:59,288 - elsapy.elsprofile - INFO - Module loaded.
2020-05-05 14:40:59,289 - elsapy.elsdoc - INFO - Module loaded.
2020-05-05 14:40:59,290 - elsapy.elssearch - INFO - Module loaded.
2020-05-05 15:01:53,967 - elsapy.elsclient - INFO - Module loaded.
2020-05-05 15:01:53,969 - elsapy.elsentity - INFO - Module loaded.
2020-05-05 15:01:53,971 - elsapy.utils - INFO - Module loaded.
2020-05-05 15:01:53,971 - elsapy.elsprofile - INFO - Module loaded.
2020-05-05 15:01:53,972 - elsapy.elsdoc - INFO - Module loaded.
2020-05-05 15:01:53,973 - elsapy.elssearch - INFO - Module loaded.
2020-05-05 15:11:14,061 - elsapy.elsclient - INFO - Module loaded.
2020-05-05 15:11:14,063 - elsapy.elsentity - INFO - Module loaded.
2020-05-05 15:11:14,064 - elsapy.utils - INFO - Module loaded.
2020-05-05 15:11:14,065 - elsapy.elsprofile - INFO - Module loaded.
2020-05-05 15:11:14,066 - elsapy.elsdoc - INFO - Module loaded.
2020-05-05 15:11:14,067 - elsapy.elssearch - INFO - Module loaded.
2020-05-05 15:15:02,837 - elsapy.elsclient - INFO - Module loaded.
2020-05-05 15:15:02,839 - elsapy.elsentity - INFO - Module loaded.
2020-05-05 15:15:02,840 - elsapy.utils - INFO - Module loaded.
2020-05-05 15:15:02,840 - elsapy.elsprofile - INFO - Module loaded.
2020-05-05 15:15:02,841 - elsapy.elsdoc - INFO - Module loaded.
2020-05-05 15:15:02,842 - elsapy.elssearch - INFO - Module loaded.
2020-05-05 15:20:20,475 - elsapy.elsclient - INFO - Module loaded.
2020-05-05 15:20:20,477 - elsapy.elsentity - INFO - Module loaded.
2020-05-05 15:20:20,478 - elsapy.utils - INFO - Module loaded.
2020-05-05 15:20:20,478 - elsapy.elsprofile - INFO - Module loaded.
2020-05-05 15:20:20,479 - elsapy.elsdoc - INFO - Module loaded.
2020-05-05 15:20:20,480 - elsapy.elssearch - INFO - Module loaded.
2020-05-05 15:33:48,221 - elsapy.elsclient - INFO - Module loaded.
2020-05-05 15:33:48,223 - elsapy.elsentity - INFO - Module loaded.
2020-05-05 15:33:48,224 - elsapy.utils - INFO - Module loaded.
2020-05-05 15:33:48,225 - elsapy.elsprofile - INFO - Module loaded.
2020-05-05 15:33:48,226 - elsapy.elsdoc - INFO - Module loaded.
2020-05-05 15:33:48,227 - elsapy.elssearch - INFO - Module loaded.
2020-05-05 15:34:14,400 - elsapy.elsclient - INFO - Module loaded.
2020-05-05 15:34:14,402 - elsapy.elsentity - INFO - Module loaded.
2020-05-05 15:34:14,403 - elsapy.utils - INFO - Module loaded.
2020-05-05 15:34:14,403 - elsapy.elsprofile - INFO - Module loaded.
2020-05-05 15:34:14,404 - elsapy.elsdoc - INFO - Module loaded.
2020-05-05 15:34:14,405 - elsapy.elssearch - INFO - Module loaded.
2020-05-05 15:35:03,856 - elsapy.elsclient - INFO - Module loaded.
2020-05-05 15:35:03,858 - elsapy.elsentity - INFO - Module loaded.
2020-05-05 15:35:03,859 - elsapy.utils - INFO - Module loaded.
2020-05-05 15:35:03,859 - elsapy.elsprofile - INFO - Module loaded.
2020-05-05 15:35:03,860 - elsapy.elsdoc - INFO - Module loaded.
2020-05-05 15:35:03,861 - elsapy.elssearch - INFO - Module loaded.
2020-05-05 15:36:12,401 - elsapy.elsclient - INFO - Module loaded.
2020-05-05 15:36:12,403 - elsapy.elsentity - INFO - Module loaded.
2020-05-05 15:36:12,404 - elsapy.utils - INFO - Module loaded.
2020-05-05 15:36:12,404 - elsapy.elsprofile - INFO - Module loaded.
2020-05-05 15:36:12,406 - elsapy.elsdoc - INFO - Module loaded.
2020-05-05 15:36:12,407 - elsapy.elssearch - INFO - Module loaded.
2020-05-05 15:36:17,936 - elsapy.elsclient - INFO - Module loaded.
2020-05-05 15:36:17,938 - elsapy.elsentity - INFO - Module loaded.
2020-05-05 15:36:17,939 - elsapy.utils - INFO - Module loaded.
2020-05-05 15:36:17,939 - elsapy.elsprofile - INFO - Module loaded.
2020-05-05 15:36:17,940 - elsapy.elsdoc - INFO - Module loaded.
2020-05-05 15:36:17,941 - elsapy.elssearch - INFO - Module loaded.
2020-05-05 15:47:05,814 - elsapy.elsclient - INFO - Module loaded.
2020-05-05 15:47:05,816 - elsapy.elsentity - INFO - Module loaded.
2020-05-05 15:47:05,817 - elsapy.utils - INFO - Module loaded.
2020-05-05 15:47:05,817 - elsapy.elsprofile - INFO - Module loaded.
2020-05-05 15:47:05,818 - elsapy.elsdoc - INFO - Module loaded.
2020-05-05 15:47:05,819 - elsapy.elssearch - INFO - Module loaded.
