2020-05-07 09:01:33,623 - elsapy.elsclient - INFO - Module loaded.
2020-05-07 09:01:33,625 - elsapy.elsentity - INFO - Module loaded.
2020-05-07 09:01:33,627 - elsapy.utils - INFO - Module loaded.
2020-05-07 09:01:33,627 - elsapy.elsprofile - INFO - Module loaded.
2020-05-07 09:01:33,628 - elsapy.elsdoc - INFO - Module loaded.
2020-05-07 09:01:33,629 - elsapy.elssearch - INFO - Module loaded.
2020-05-07 09:03:03,994 - elsapy.elsclient - INFO - Module loaded.
2020-05-07 09:03:03,996 - elsapy.elsentity - INFO - Module loaded.
2020-05-07 09:03:03,997 - elsapy.utils - INFO - Module loaded.
2020-05-07 09:03:04,004 - elsapy.elsprofile - INFO - Module loaded.
2020-05-07 09:03:04,007 - elsapy.elsdoc - INFO - Module loaded.
2020-05-07 09:03:04,009 - elsapy.elssearch - INFO - Module loaded.
2020-05-07 09:13:33,436 - elsapy.elsclient - INFO - Module loaded.
2020-05-07 09:13:33,438 - elsapy.elsentity - INFO - Module loaded.
2020-05-07 09:13:33,439 - elsapy.utils - INFO - Module loaded.
2020-05-07 09:13:33,439 - elsapy.elsprofile - INFO - Module loaded.
2020-05-07 09:13:33,440 - elsapy.elsdoc - INFO - Module loaded.
2020-05-07 09:13:33,441 - elsapy.elssearch - INFO - Module loaded.
2020-05-07 10:43:10,913 - elsapy.elsclient - INFO - Module loaded.
2020-05-07 10:43:10,915 - elsapy.elsentity - INFO - Module loaded.
2020-05-07 10:43:10,916 - elsapy.utils - INFO - Module loaded.
2020-05-07 10:43:10,916 - elsapy.elsprofile - INFO - Module loaded.
2020-05-07 10:43:10,917 - elsapy.elsdoc - INFO - Module loaded.
2020-05-07 10:43:10,918 - elsapy.elssearch - INFO - Module loaded.
2020-05-07 10:56:15,719 - elsapy.elsclient - INFO - Module loaded.
2020-05-07 10:56:15,721 - elsapy.elsentity - INFO - Module loaded.
2020-05-07 10:56:15,721 - elsapy.utils - INFO - Module loaded.
2020-05-07 10:56:15,722 - elsapy.elsprofile - INFO - Module loaded.
2020-05-07 10:56:15,723 - elsapy.elsdoc - INFO - Module loaded.
2020-05-07 10:56:15,723 - elsapy.elssearch - INFO - Module loaded.
2020-05-07 13:48:39,430 - elsapy.elsclient - INFO - Module loaded.
2020-05-07 13:48:39,431 - elsapy.elsentity - INFO - Module loaded.
2020-05-07 13:48:39,432 - elsapy.utils - INFO - Module loaded.
2020-05-07 13:48:39,433 - elsapy.elsprofile - INFO - Module loaded.
2020-05-07 13:48:39,434 - elsapy.elsdoc - INFO - Module loaded.
2020-05-07 13:48:39,435 - elsapy.elssearch - INFO - Module loaded.
2020-05-07 13:49:25,083 - elsapy.elsclient - INFO - Module loaded.
2020-05-07 13:49:25,084 - elsapy.elsentity - INFO - Module loaded.
2020-05-07 13:49:25,085 - elsapy.utils - INFO - Module loaded.
2020-05-07 13:49:25,086 - elsapy.elsprofile - INFO - Module loaded.
2020-05-07 13:49:25,087 - elsapy.elsdoc - INFO - Module loaded.
2020-05-07 13:49:25,087 - elsapy.elssearch - INFO - Module loaded.
