2020-04-15 08:53:37,386 - elsapy.elsclient - INFO - Module loaded.
2020-04-15 08:53:37,389 - elsapy.elsentity - INFO - Module loaded.
2020-04-15 08:53:37,390 - elsapy.utils - INFO - Module loaded.
2020-04-15 08:53:37,390 - elsapy.elsprofile - INFO - Module loaded.
2020-04-15 08:53:37,391 - elsapy.elsdoc - INFO - Module loaded.
2020-04-15 08:53:37,393 - elsapy.elssearch - INFO - Module loaded.
2020-04-15 08:53:59,910 - elsapy.elsclient - INFO - Module loaded.
2020-04-15 08:53:59,912 - elsapy.elsentity - INFO - Module loaded.
2020-04-15 08:53:59,914 - elsapy.utils - INFO - Module loaded.
2020-04-15 08:53:59,915 - elsapy.elsprofile - INFO - Module loaded.
2020-04-15 08:53:59,917 - elsapy.elsdoc - INFO - Module loaded.
2020-04-15 08:53:59,919 - elsapy.elssearch - INFO - Module loaded.
2020-04-15 09:04:59,769 - elsapy.elsclient - INFO - Module loaded.
2020-04-15 09:04:59,770 - elsapy.elsentity - INFO - Module loaded.
2020-04-15 09:04:59,770 - elsapy.utils - INFO - Module loaded.
2020-04-15 09:04:59,771 - elsapy.elsprofile - INFO - Module loaded.
2020-04-15 09:04:59,772 - elsapy.elsdoc - INFO - Module loaded.
2020-04-15 09:04:59,774 - elsapy.elssearch - INFO - Module loaded.
2020-04-15 09:06:59,785 - elsapy.elsclient - INFO - Module loaded.
2020-04-15 09:06:59,787 - elsapy.elsentity - INFO - Module loaded.
2020-04-15 09:06:59,788 - elsapy.utils - INFO - Module loaded.
2020-04-15 09:06:59,789 - elsapy.elsprofile - INFO - Module loaded.
2020-04-15 09:06:59,790 - elsapy.elsdoc - INFO - Module loaded.
2020-04-15 09:06:59,791 - elsapy.elssearch - INFO - Module loaded.
2020-04-15 09:07:43,850 - elsapy.elsclient - INFO - Module loaded.
2020-04-15 09:07:43,852 - elsapy.elsentity - INFO - Module loaded.
2020-04-15 09:07:43,852 - elsapy.utils - INFO - Module loaded.
2020-04-15 09:07:43,853 - elsapy.elsprofile - INFO - Module loaded.
2020-04-15 09:07:43,853 - elsapy.elsdoc - INFO - Module loaded.
2020-04-15 09:07:43,854 - elsapy.elssearch - INFO - Module loaded.
2020-04-15 09:07:53,572 - elsapy.elsclient - INFO - Module loaded.
2020-04-15 09:07:53,573 - elsapy.elsentity - INFO - Module loaded.
2020-04-15 09:07:53,574 - elsapy.utils - INFO - Module loaded.
2020-04-15 09:07:53,575 - elsapy.elsprofile - INFO - Module loaded.
2020-04-15 09:07:53,576 - elsapy.elsdoc - INFO - Module loaded.
2020-04-15 09:07:53,576 - elsapy.elssearch - INFO - Module loaded.
2020-04-15 09:08:26,234 - elsapy.elsclient - INFO - Module loaded.
2020-04-15 09:08:26,235 - elsapy.elsentity - INFO - Module loaded.
2020-04-15 09:08:26,236 - elsapy.utils - INFO - Module loaded.
2020-04-15 09:08:26,236 - elsapy.elsprofile - INFO - Module loaded.
2020-04-15 09:08:26,237 - elsapy.elsdoc - INFO - Module loaded.
2020-04-15 09:08:26,238 - elsapy.elssearch - INFO - Module loaded.
2020-04-15 09:09:50,150 - elsapy.elsclient - INFO - Module loaded.
2020-04-15 09:09:50,151 - elsapy.elsentity - INFO - Module loaded.
2020-04-15 09:09:50,152 - elsapy.utils - INFO - Module loaded.
2020-04-15 09:09:50,152 - elsapy.elsprofile - INFO - Module loaded.
2020-04-15 09:09:50,153 - elsapy.elsdoc - INFO - Module loaded.
2020-04-15 09:09:50,154 - elsapy.elssearch - INFO - Module loaded.
2020-04-15 09:10:22,361 - elsapy.elsclient - INFO - Module loaded.
2020-04-15 09:10:22,364 - elsapy.elsentity - INFO - Module loaded.
2020-04-15 09:10:22,366 - elsapy.utils - INFO - Module loaded.
2020-04-15 09:10:22,366 - elsapy.elsprofile - INFO - Module loaded.
2020-04-15 09:10:22,367 - elsapy.elsdoc - INFO - Module loaded.
2020-04-15 09:10:22,368 - elsapy.elssearch - INFO - Module loaded.
2020-04-15 09:10:39,129 - elsapy.elsclient - INFO - Module loaded.
2020-04-15 09:10:39,130 - elsapy.elsentity - INFO - Module loaded.
2020-04-15 09:10:39,131 - elsapy.utils - INFO - Module loaded.
2020-04-15 09:10:39,132 - elsapy.elsprofile - INFO - Module loaded.
2020-04-15 09:10:39,133 - elsapy.elsdoc - INFO - Module loaded.
2020-04-15 09:10:39,134 - elsapy.elssearch - INFO - Module loaded.
2020-04-15 09:10:54,576 - elsapy.elsclient - INFO - Module loaded.
2020-04-15 09:10:54,578 - elsapy.elsentity - INFO - Module loaded.
2020-04-15 09:10:54,578 - elsapy.utils - INFO - Module loaded.
2020-04-15 09:10:54,579 - elsapy.elsprofile - INFO - Module loaded.
2020-04-15 09:10:54,579 - elsapy.elsdoc - INFO - Module loaded.
2020-04-15 09:10:54,580 - elsapy.elssearch - INFO - Module loaded.
2020-04-15 09:11:07,776 - elsapy.elsclient - INFO - Module loaded.
2020-04-15 09:11:07,777 - elsapy.elsentity - INFO - Module loaded.
2020-04-15 09:11:07,778 - elsapy.utils - INFO - Module loaded.
2020-04-15 09:11:07,778 - elsapy.elsprofile - INFO - Module loaded.
2020-04-15 09:11:07,779 - elsapy.elsdoc - INFO - Module loaded.
2020-04-15 09:11:07,780 - elsapy.elssearch - INFO - Module loaded.
2020-04-15 09:11:20,165 - elsapy.elsclient - INFO - Module loaded.
2020-04-15 09:11:20,166 - elsapy.elsentity - INFO - Module loaded.
2020-04-15 09:11:20,167 - elsapy.utils - INFO - Module loaded.
2020-04-15 09:11:20,167 - elsapy.elsprofile - INFO - Module loaded.
2020-04-15 09:11:20,169 - elsapy.elsdoc - INFO - Module loaded.
2020-04-15 09:11:20,169 - elsapy.elssearch - INFO - Module loaded.
2020-04-15 09:11:33,795 - elsapy.elsclient - INFO - Module loaded.
2020-04-15 09:11:33,796 - elsapy.elsentity - INFO - Module loaded.
2020-04-15 09:11:33,797 - elsapy.utils - INFO - Module loaded.
2020-04-15 09:11:33,797 - elsapy.elsprofile - INFO - Module loaded.
2020-04-15 09:11:33,798 - elsapy.elsdoc - INFO - Module loaded.
2020-04-15 09:11:33,799 - elsapy.elssearch - INFO - Module loaded.
2020-04-15 09:11:44,993 - elsapy.elsclient - INFO - Module loaded.
2020-04-15 09:11:44,995 - elsapy.elsentity - INFO - Module loaded.
2020-04-15 09:11:44,995 - elsapy.utils - INFO - Module loaded.
2020-04-15 09:11:44,995 - elsapy.elsprofile - INFO - Module loaded.
2020-04-15 09:11:44,996 - elsapy.elsdoc - INFO - Module loaded.
2020-04-15 09:11:44,997 - elsapy.elssearch - INFO - Module loaded.
2020-04-15 09:11:55,807 - elsapy.elsclient - INFO - Module loaded.
2020-04-15 09:11:55,809 - elsapy.elsentity - INFO - Module loaded.
2020-04-15 09:11:55,810 - elsapy.utils - INFO - Module loaded.
2020-04-15 09:11:55,810 - elsapy.elsprofile - INFO - Module loaded.
2020-04-15 09:11:55,811 - elsapy.elsdoc - INFO - Module loaded.
2020-04-15 09:11:55,812 - elsapy.elssearch - INFO - Module loaded.
2020-04-15 09:16:40,427 - elsapy.elsclient - INFO - Module loaded.
2020-04-15 09:16:40,428 - elsapy.elsentity - INFO - Module loaded.
2020-04-15 09:16:40,429 - elsapy.utils - INFO - Module loaded.
2020-04-15 09:16:40,429 - elsapy.elsprofile - INFO - Module loaded.
2020-04-15 09:16:40,430 - elsapy.elsdoc - INFO - Module loaded.
2020-04-15 09:16:40,430 - elsapy.elssearch - INFO - Module loaded.
2020-04-15 09:19:32,208 - elsapy.elsclient - INFO - Module loaded.
2020-04-15 09:19:32,209 - elsapy.elsentity - INFO - Module loaded.
2020-04-15 09:19:32,210 - elsapy.utils - INFO - Module loaded.
2020-04-15 09:19:32,210 - elsapy.elsprofile - INFO - Module loaded.
2020-04-15 09:19:32,211 - elsapy.elsdoc - INFO - Module loaded.
2020-04-15 09:19:32,212 - elsapy.elssearch - INFO - Module loaded.
2020-04-15 09:19:56,758 - elsapy.elsclient - INFO - Module loaded.
2020-04-15 09:19:56,759 - elsapy.elsentity - INFO - Module loaded.
2020-04-15 09:19:56,760 - elsapy.utils - INFO - Module loaded.
2020-04-15 09:19:56,760 - elsapy.elsprofile - INFO - Module loaded.
2020-04-15 09:19:56,761 - elsapy.elsdoc - INFO - Module loaded.
2020-04-15 09:19:56,762 - elsapy.elssearch - INFO - Module loaded.
2020-04-15 09:20:13,137 - elsapy.elsclient - INFO - Module loaded.
2020-04-15 09:20:13,139 - elsapy.elsentity - INFO - Module loaded.
2020-04-15 09:20:13,140 - elsapy.utils - INFO - Module loaded.
2020-04-15 09:20:13,140 - elsapy.elsprofile - INFO - Module loaded.
2020-04-15 09:20:13,141 - elsapy.elsdoc - INFO - Module loaded.
2020-04-15 09:20:13,141 - elsapy.elssearch - INFO - Module loaded.
2020-04-15 09:21:15,011 - elsapy.elsclient - INFO - Module loaded.
2020-04-15 09:21:15,012 - elsapy.elsentity - INFO - Module loaded.
2020-04-15 09:21:15,013 - elsapy.utils - INFO - Module loaded.
2020-04-15 09:21:15,013 - elsapy.elsprofile - INFO - Module loaded.
2020-04-15 09:21:15,014 - elsapy.elsdoc - INFO - Module loaded.
2020-04-15 09:21:15,015 - elsapy.elssearch - INFO - Module loaded.
2020-04-15 09:23:24,698 - elsapy.elsclient - INFO - Module loaded.
2020-04-15 09:23:24,700 - elsapy.elsentity - INFO - Module loaded.
2020-04-15 09:23:24,701 - elsapy.utils - INFO - Module loaded.
2020-04-15 09:23:24,702 - elsapy.elsprofile - INFO - Module loaded.
2020-04-15 09:23:24,703 - elsapy.elsdoc - INFO - Module loaded.
2020-04-15 09:23:24,704 - elsapy.elssearch - INFO - Module loaded.
2020-04-15 09:37:41,201 - elsapy.elsclient - INFO - Module loaded.
2020-04-15 09:37:41,202 - elsapy.elsentity - INFO - Module loaded.
2020-04-15 09:37:41,203 - elsapy.utils - INFO - Module loaded.
2020-04-15 09:37:41,203 - elsapy.elsprofile - INFO - Module loaded.
2020-04-15 09:37:41,204 - elsapy.elsdoc - INFO - Module loaded.
2020-04-15 09:37:41,205 - elsapy.elssearch - INFO - Module loaded.
2020-04-15 09:38:05,314 - elsapy.elsclient - INFO - Module loaded.
2020-04-15 09:38:05,316 - elsapy.elsentity - INFO - Module loaded.
2020-04-15 09:38:05,317 - elsapy.utils - INFO - Module loaded.
2020-04-15 09:38:05,317 - elsapy.elsprofile - INFO - Module loaded.
2020-04-15 09:38:05,318 - elsapy.elsdoc - INFO - Module loaded.
2020-04-15 09:38:05,319 - elsapy.elssearch - INFO - Module loaded.
2020-04-15 10:14:48,111 - elsapy.elsclient - INFO - Module loaded.
2020-04-15 10:14:48,112 - elsapy.elsentity - INFO - Module loaded.
2020-04-15 10:14:48,112 - elsapy.utils - INFO - Module loaded.
2020-04-15 10:14:48,113 - elsapy.elsprofile - INFO - Module loaded.
2020-04-15 10:14:48,114 - elsapy.elsdoc - INFO - Module loaded.
2020-04-15 10:14:48,114 - elsapy.elssearch - INFO - Module loaded.
2020-04-15 10:17:14,881 - elsapy.elsclient - INFO - Module loaded.
2020-04-15 10:17:14,883 - elsapy.elsentity - INFO - Module loaded.
2020-04-15 10:17:14,883 - elsapy.utils - INFO - Module loaded.
2020-04-15 10:17:14,883 - elsapy.elsprofile - INFO - Module loaded.
2020-04-15 10:17:14,884 - elsapy.elsdoc - INFO - Module loaded.
2020-04-15 10:17:14,885 - elsapy.elssearch - INFO - Module loaded.
2020-04-15 10:17:48,238 - elsapy.elsclient - INFO - Module loaded.
2020-04-15 10:17:48,239 - elsapy.elsentity - INFO - Module loaded.
2020-04-15 10:17:48,240 - elsapy.utils - INFO - Module loaded.
2020-04-15 10:17:48,240 - elsapy.elsprofile - INFO - Module loaded.
2020-04-15 10:17:48,241 - elsapy.elsdoc - INFO - Module loaded.
2020-04-15 10:17:48,241 - elsapy.elssearch - INFO - Module loaded.
2020-04-15 10:22:11,407 - elsapy.elsclient - INFO - Module loaded.
2020-04-15 10:22:11,408 - elsapy.elsentity - INFO - Module loaded.
2020-04-15 10:22:11,409 - elsapy.utils - INFO - Module loaded.
2020-04-15 10:22:11,409 - elsapy.elsprofile - INFO - Module loaded.
2020-04-15 10:22:11,410 - elsapy.elsdoc - INFO - Module loaded.
2020-04-15 10:22:11,412 - elsapy.elssearch - INFO - Module loaded.
2020-04-15 10:23:46,658 - elsapy.elsclient - INFO - Module loaded.
2020-04-15 10:23:46,659 - elsapy.elsentity - INFO - Module loaded.
2020-04-15 10:23:46,660 - elsapy.utils - INFO - Module loaded.
2020-04-15 10:23:46,660 - elsapy.elsprofile - INFO - Module loaded.
2020-04-15 10:23:46,661 - elsapy.elsdoc - INFO - Module loaded.
2020-04-15 10:23:46,662 - elsapy.elssearch - INFO - Module loaded.
2020-04-15 10:35:19,439 - elsapy.elsclient - INFO - Module loaded.
2020-04-15 10:35:19,440 - elsapy.elsentity - INFO - Module loaded.
2020-04-15 10:35:19,441 - elsapy.utils - INFO - Module loaded.
2020-04-15 10:35:19,441 - elsapy.elsprofile - INFO - Module loaded.
2020-04-15 10:35:19,442 - elsapy.elsdoc - INFO - Module loaded.
2020-04-15 10:35:19,442 - elsapy.elssearch - INFO - Module loaded.
2020-04-15 10:40:43,574 - elsapy.elsclient - INFO - Module loaded.
2020-04-15 10:40:43,575 - elsapy.elsentity - INFO - Module loaded.
2020-04-15 10:40:43,575 - elsapy.utils - INFO - Module loaded.
2020-04-15 10:40:43,576 - elsapy.elsprofile - INFO - Module loaded.
2020-04-15 10:40:43,577 - elsapy.elsdoc - INFO - Module loaded.
2020-04-15 10:40:43,578 - elsapy.elssearch - INFO - Module loaded.
2020-04-15 10:41:28,135 - elsapy.elsclient - INFO - Module loaded.
2020-04-15 10:41:28,136 - elsapy.elsentity - INFO - Module loaded.
2020-04-15 10:41:28,137 - elsapy.utils - INFO - Module loaded.
2020-04-15 10:41:28,137 - elsapy.elsprofile - INFO - Module loaded.
2020-04-15 10:41:28,138 - elsapy.elsdoc - INFO - Module loaded.
2020-04-15 10:41:28,139 - elsapy.elssearch - INFO - Module loaded.
2020-04-15 10:43:21,961 - elsapy.elsclient - INFO - Module loaded.
2020-04-15 10:43:21,962 - elsapy.elsentity - INFO - Module loaded.
2020-04-15 10:43:21,963 - elsapy.utils - INFO - Module loaded.
2020-04-15 10:43:21,963 - elsapy.elsprofile - INFO - Module loaded.
2020-04-15 10:43:21,964 - elsapy.elsdoc - INFO - Module loaded.
2020-04-15 10:43:21,964 - elsapy.elssearch - INFO - Module loaded.
2020-04-15 10:43:26,490 - elsapy.elsclient - INFO - Module loaded.
2020-04-15 10:43:26,491 - elsapy.elsentity - INFO - Module loaded.
2020-04-15 10:43:26,492 - elsapy.utils - INFO - Module loaded.
2020-04-15 10:43:26,492 - elsapy.elsprofile - INFO - Module loaded.
2020-04-15 10:43:26,493 - elsapy.elsdoc - INFO - Module loaded.
2020-04-15 10:43:26,493 - elsapy.elssearch - INFO - Module loaded.
2020-04-15 10:44:37,148 - elsapy.elsclient - INFO - Module loaded.
2020-04-15 10:44:37,149 - elsapy.elsentity - INFO - Module loaded.
2020-04-15 10:44:37,150 - elsapy.utils - INFO - Module loaded.
2020-04-15 10:44:37,150 - elsapy.elsprofile - INFO - Module loaded.
2020-04-15 10:44:37,151 - elsapy.elsdoc - INFO - Module loaded.
2020-04-15 10:44:37,152 - elsapy.elssearch - INFO - Module loaded.
2020-04-15 10:45:00,235 - elsapy.elsclient - INFO - Module loaded.
2020-04-15 10:45:00,236 - elsapy.elsentity - INFO - Module loaded.
2020-04-15 10:45:00,237 - elsapy.utils - INFO - Module loaded.
2020-04-15 10:45:00,237 - elsapy.elsprofile - INFO - Module loaded.
2020-04-15 10:45:00,238 - elsapy.elsdoc - INFO - Module loaded.
2020-04-15 10:45:00,239 - elsapy.elssearch - INFO - Module loaded.
2020-04-15 10:45:22,189 - elsapy.elsclient - INFO - Module loaded.
2020-04-15 10:45:22,190 - elsapy.elsentity - INFO - Module loaded.
2020-04-15 10:45:22,191 - elsapy.utils - INFO - Module loaded.
2020-04-15 10:45:22,191 - elsapy.elsprofile - INFO - Module loaded.
2020-04-15 10:45:22,192 - elsapy.elsdoc - INFO - Module loaded.
2020-04-15 10:45:22,193 - elsapy.elssearch - INFO - Module loaded.
2020-04-15 10:45:36,811 - elsapy.elsclient - INFO - Module loaded.
2020-04-15 10:45:36,813 - elsapy.elsentity - INFO - Module loaded.
2020-04-15 10:45:36,813 - elsapy.utils - INFO - Module loaded.
2020-04-15 10:45:36,814 - elsapy.elsprofile - INFO - Module loaded.
2020-04-15 10:45:36,814 - elsapy.elsdoc - INFO - Module loaded.
2020-04-15 10:45:36,815 - elsapy.elssearch - INFO - Module loaded.
2020-04-15 10:45:51,234 - elsapy.elsclient - INFO - Module loaded.
2020-04-15 10:45:51,235 - elsapy.elsentity - INFO - Module loaded.
2020-04-15 10:45:51,236 - elsapy.utils - INFO - Module loaded.
2020-04-15 10:45:51,236 - elsapy.elsprofile - INFO - Module loaded.
2020-04-15 10:45:51,237 - elsapy.elsdoc - INFO - Module loaded.
2020-04-15 10:45:51,238 - elsapy.elssearch - INFO - Module loaded.
2020-04-15 10:46:09,589 - elsapy.elsclient - INFO - Module loaded.
2020-04-15 10:46:09,590 - elsapy.elsentity - INFO - Module loaded.
2020-04-15 10:46:09,591 - elsapy.utils - INFO - Module loaded.
2020-04-15 10:46:09,591 - elsapy.elsprofile - INFO - Module loaded.
2020-04-15 10:46:09,592 - elsapy.elsdoc - INFO - Module loaded.
2020-04-15 10:46:09,593 - elsapy.elssearch - INFO - Module loaded.
2020-04-15 10:46:27,523 - elsapy.elsclient - INFO - Module loaded.
2020-04-15 10:46:27,524 - elsapy.elsentity - INFO - Module loaded.
2020-04-15 10:46:27,525 - elsapy.utils - INFO - Module loaded.
2020-04-15 10:46:27,525 - elsapy.elsprofile - INFO - Module loaded.
2020-04-15 10:46:27,526 - elsapy.elsdoc - INFO - Module loaded.
2020-04-15 10:46:27,527 - elsapy.elssearch - INFO - Module loaded.
2020-04-15 10:46:42,321 - elsapy.elsclient - INFO - Module loaded.
2020-04-15 10:46:42,322 - elsapy.elsentity - INFO - Module loaded.
2020-04-15 10:46:42,323 - elsapy.utils - INFO - Module loaded.
2020-04-15 10:46:42,323 - elsapy.elsprofile - INFO - Module loaded.
2020-04-15 10:46:42,324 - elsapy.elsdoc - INFO - Module loaded.
2020-04-15 10:46:42,325 - elsapy.elssearch - INFO - Module loaded.
2020-04-15 10:53:43,825 - elsapy.elsclient - INFO - Module loaded.
2020-04-15 10:53:43,826 - elsapy.elsentity - INFO - Module loaded.
2020-04-15 10:53:43,827 - elsapy.utils - INFO - Module loaded.
2020-04-15 10:53:43,827 - elsapy.elsprofile - INFO - Module loaded.
2020-04-15 10:53:43,828 - elsapy.elsdoc - INFO - Module loaded.
2020-04-15 10:53:43,829 - elsapy.elssearch - INFO - Module loaded.
2020-04-15 10:55:24,011 - elsapy.elsclient - INFO - Module loaded.
2020-04-15 10:55:24,013 - elsapy.elsentity - INFO - Module loaded.
2020-04-15 10:55:24,014 - elsapy.utils - INFO - Module loaded.
2020-04-15 10:55:24,015 - elsapy.elsprofile - INFO - Module loaded.
2020-04-15 10:55:24,016 - elsapy.elsdoc - INFO - Module loaded.
2020-04-15 10:55:24,017 - elsapy.elssearch - INFO - Module loaded.
2020-04-15 10:58:12,900 - elsapy.elsclient - INFO - Module loaded.
2020-04-15 10:58:12,901 - elsapy.elsentity - INFO - Module loaded.
2020-04-15 10:58:12,902 - elsapy.utils - INFO - Module loaded.
2020-04-15 10:58:12,902 - elsapy.elsprofile - INFO - Module loaded.
2020-04-15 10:58:12,903 - elsapy.elsdoc - INFO - Module loaded.
2020-04-15 10:58:12,904 - elsapy.elssearch - INFO - Module loaded.
2020-04-15 10:58:57,000 - elsapy.elsclient - INFO - Module loaded.
2020-04-15 10:58:57,002 - elsapy.elsentity - INFO - Module loaded.
2020-04-15 10:58:57,003 - elsapy.utils - INFO - Module loaded.
2020-04-15 10:58:57,003 - elsapy.elsprofile - INFO - Module loaded.
2020-04-15 10:58:57,004 - elsapy.elsdoc - INFO - Module loaded.
2020-04-15 10:58:57,004 - elsapy.elssearch - INFO - Module loaded.
2020-04-15 10:59:18,429 - elsapy.elsclient - INFO - Module loaded.
2020-04-15 10:59:18,431 - elsapy.elsentity - INFO - Module loaded.
2020-04-15 10:59:18,432 - elsapy.utils - INFO - Module loaded.
2020-04-15 10:59:18,432 - elsapy.elsprofile - INFO - Module loaded.
2020-04-15 10:59:18,433 - elsapy.elsdoc - INFO - Module loaded.
2020-04-15 10:59:18,434 - elsapy.elssearch - INFO - Module loaded.
2020-04-15 10:59:32,771 - elsapy.elsclient - INFO - Module loaded.
2020-04-15 10:59:32,772 - elsapy.elsentity - INFO - Module loaded.
2020-04-15 10:59:32,773 - elsapy.utils - INFO - Module loaded.
2020-04-15 10:59:32,773 - elsapy.elsprofile - INFO - Module loaded.
2020-04-15 10:59:32,774 - elsapy.elsdoc - INFO - Module loaded.
2020-04-15 10:59:32,774 - elsapy.elssearch - INFO - Module loaded.
2020-04-15 11:07:44,302 - elsapy.elsclient - INFO - Module loaded.
2020-04-15 11:07:44,304 - elsapy.elsentity - INFO - Module loaded.
2020-04-15 11:07:44,304 - elsapy.utils - INFO - Module loaded.
2020-04-15 11:07:44,305 - elsapy.elsprofile - INFO - Module loaded.
2020-04-15 11:07:44,305 - elsapy.elsdoc - INFO - Module loaded.
2020-04-15 11:07:44,306 - elsapy.elssearch - INFO - Module loaded.
2020-04-15 11:20:36,073 - elsapy.elsclient - INFO - Module loaded.
2020-04-15 11:20:36,074 - elsapy.elsentity - INFO - Module loaded.
2020-04-15 11:20:36,075 - elsapy.utils - INFO - Module loaded.
2020-04-15 11:20:36,075 - elsapy.elsprofile - INFO - Module loaded.
2020-04-15 11:20:36,076 - elsapy.elsdoc - INFO - Module loaded.
2020-04-15 11:20:36,077 - elsapy.elssearch - INFO - Module loaded.
2020-04-15 11:22:48,642 - elsapy.elsclient - INFO - Module loaded.
2020-04-15 11:22:48,643 - elsapy.elsentity - INFO - Module loaded.
2020-04-15 11:22:48,644 - elsapy.utils - INFO - Module loaded.
2020-04-15 11:22:48,644 - elsapy.elsprofile - INFO - Module loaded.
2020-04-15 11:22:48,645 - elsapy.elsdoc - INFO - Module loaded.
2020-04-15 11:22:48,645 - elsapy.elssearch - INFO - Module loaded.
2020-04-15 11:24:14,093 - elsapy.elsclient - INFO - Module loaded.
2020-04-15 11:24:14,095 - elsapy.elsentity - INFO - Module loaded.
2020-04-15 11:24:14,095 - elsapy.utils - INFO - Module loaded.
2020-04-15 11:24:14,096 - elsapy.elsprofile - INFO - Module loaded.
2020-04-15 11:24:14,097 - elsapy.elsdoc - INFO - Module loaded.
2020-04-15 11:24:14,097 - elsapy.elssearch - INFO - Module loaded.
2020-04-15 11:25:59,773 - elsapy.elsclient - INFO - Module loaded.
2020-04-15 11:25:59,774 - elsapy.elsentity - INFO - Module loaded.
2020-04-15 11:25:59,775 - elsapy.utils - INFO - Module loaded.
2020-04-15 11:25:59,775 - elsapy.elsprofile - INFO - Module loaded.
2020-04-15 11:25:59,776 - elsapy.elsdoc - INFO - Module loaded.
2020-04-15 11:25:59,776 - elsapy.elssearch - INFO - Module loaded.
2020-04-15 11:28:15,141 - elsapy.elsclient - INFO - Module loaded.
2020-04-15 11:28:15,142 - elsapy.elsentity - INFO - Module loaded.
2020-04-15 11:28:15,142 - elsapy.utils - INFO - Module loaded.
2020-04-15 11:28:15,143 - elsapy.elsprofile - INFO - Module loaded.
2020-04-15 11:28:15,143 - elsapy.elsdoc - INFO - Module loaded.
2020-04-15 11:28:15,144 - elsapy.elssearch - INFO - Module loaded.
2020-04-15 12:20:45,828 - elsapy.elsclient - INFO - Module loaded.
2020-04-15 12:20:45,829 - elsapy.elsentity - INFO - Module loaded.
2020-04-15 12:20:45,830 - elsapy.utils - INFO - Module loaded.
2020-04-15 12:20:45,830 - elsapy.elsprofile - INFO - Module loaded.
2020-04-15 12:20:45,831 - elsapy.elsdoc - INFO - Module loaded.
2020-04-15 12:20:45,832 - elsapy.elssearch - INFO - Module loaded.
2020-04-15 14:14:16,828 - elsapy.elsclient - INFO - Module loaded.
2020-04-15 14:14:16,829 - elsapy.elsentity - INFO - Module loaded.
2020-04-15 14:14:16,830 - elsapy.utils - INFO - Module loaded.
2020-04-15 14:14:16,831 - elsapy.elsprofile - INFO - Module loaded.
2020-04-15 14:14:16,832 - elsapy.elsdoc - INFO - Module loaded.
2020-04-15 14:14:16,834 - elsapy.elssearch - INFO - Module loaded.
2020-04-15 14:16:10,303 - elsapy.elsclient - INFO - Module loaded.
2020-04-15 14:16:10,304 - elsapy.elsentity - INFO - Module loaded.
2020-04-15 14:16:10,305 - elsapy.utils - INFO - Module loaded.
2020-04-15 14:16:10,305 - elsapy.elsprofile - INFO - Module loaded.
2020-04-15 14:16:10,306 - elsapy.elsdoc - INFO - Module loaded.
2020-04-15 14:16:10,307 - elsapy.elssearch - INFO - Module loaded.
2020-04-15 14:16:47,206 - elsapy.elsclient - INFO - Module loaded.
2020-04-15 14:16:47,207 - elsapy.elsentity - INFO - Module loaded.
2020-04-15 14:16:47,207 - elsapy.utils - INFO - Module loaded.
2020-04-15 14:16:47,208 - elsapy.elsprofile - INFO - Module loaded.
2020-04-15 14:16:47,208 - elsapy.elsdoc - INFO - Module loaded.
2020-04-15 14:16:47,209 - elsapy.elssearch - INFO - Module loaded.
2020-04-15 15:53:28,048 - elsapy.elsclient - INFO - Module loaded.
2020-04-15 15:53:28,050 - elsapy.elsentity - INFO - Module loaded.
2020-04-15 15:53:28,050 - elsapy.utils - INFO - Module loaded.
2020-04-15 15:53:28,051 - elsapy.elsprofile - INFO - Module loaded.
2020-04-15 15:53:28,051 - elsapy.elsdoc - INFO - Module loaded.
2020-04-15 15:53:28,052 - elsapy.elssearch - INFO - Module loaded.
2020-04-15 15:55:50,524 - elsapy.elsclient - INFO - Module loaded.
2020-04-15 15:55:50,525 - elsapy.elsentity - INFO - Module loaded.
2020-04-15 15:55:50,525 - elsapy.utils - INFO - Module loaded.
2020-04-15 15:55:50,526 - elsapy.elsprofile - INFO - Module loaded.
2020-04-15 15:55:50,527 - elsapy.elsdoc - INFO - Module loaded.
2020-04-15 15:55:50,527 - elsapy.elssearch - INFO - Module loaded.
