2020-04-07 09:57:18,097 - elsapy.elsclient - INFO - Module loaded.
2020-04-07 09:57:18,098 - elsapy.elsentity - INFO - Module loaded.
2020-04-07 09:57:18,099 - elsapy.utils - INFO - Module loaded.
2020-04-07 09:57:18,100 - elsapy.elsprofile - INFO - Module loaded.
2020-04-07 09:57:18,101 - elsapy.elsdoc - INFO - Module loaded.
2020-04-07 09:57:18,102 - elsapy.elssearch - INFO - Module loaded.
2020-04-07 09:57:36,504 - elsapy.elsclient - INFO - Module loaded.
2020-04-07 09:57:36,505 - elsapy.elsentity - INFO - Module loaded.
2020-04-07 09:57:36,506 - elsapy.utils - INFO - Module loaded.
2020-04-07 09:57:36,507 - elsapy.elsprofile - INFO - Module loaded.
2020-04-07 09:57:36,508 - elsapy.elsdoc - INFO - Module loaded.
2020-04-07 09:57:36,509 - elsapy.elssearch - INFO - Module loaded.
2020-04-07 13:28:51,091 - elsapy.elsclient - INFO - Module loaded.
2020-04-07 13:28:51,092 - elsapy.elsentity - INFO - Module loaded.
2020-04-07 13:28:51,092 - elsapy.utils - INFO - Module loaded.
2020-04-07 13:28:51,093 - elsapy.elsprofile - INFO - Module loaded.
2020-04-07 13:28:51,096 - elsapy.elsdoc - INFO - Module loaded.
2020-04-07 13:28:51,098 - elsapy.elssearch - INFO - Module loaded.
2020-04-07 13:29:33,246 - elsapy.elsclient - INFO - Module loaded.
2020-04-07 13:29:33,247 - elsapy.elsentity - INFO - Module loaded.
2020-04-07 13:29:33,248 - elsapy.utils - INFO - Module loaded.
2020-04-07 13:29:33,248 - elsapy.elsprofile - INFO - Module loaded.
2020-04-07 13:29:33,249 - elsapy.elsdoc - INFO - Module loaded.
2020-04-07 13:29:33,249 - elsapy.elssearch - INFO - Module loaded.
2020-04-07 13:32:16,554 - elsapy.elsclient - INFO - Module loaded.
2020-04-07 13:32:16,555 - elsapy.elsentity - INFO - Module loaded.
2020-04-07 13:32:16,556 - elsapy.utils - INFO - Module loaded.
2020-04-07 13:32:16,556 - elsapy.elsprofile - INFO - Module loaded.
2020-04-07 13:32:16,557 - elsapy.elsdoc - INFO - Module loaded.
2020-04-07 13:32:16,558 - elsapy.elssearch - INFO - Module loaded.
2020-04-07 13:34:19,247 - elsapy.elsclient - INFO - Module loaded.
2020-04-07 13:34:19,248 - elsapy.elsentity - INFO - Module loaded.
2020-04-07 13:34:19,249 - elsapy.utils - INFO - Module loaded.
2020-04-07 13:34:19,249 - elsapy.elsprofile - INFO - Module loaded.
2020-04-07 13:34:19,249 - elsapy.elsdoc - INFO - Module loaded.
2020-04-07 13:34:19,250 - elsapy.elssearch - INFO - Module loaded.
2020-04-07 13:40:14,366 - elsapy.elsclient - INFO - Module loaded.
2020-04-07 13:40:14,367 - elsapy.elsentity - INFO - Module loaded.
2020-04-07 13:40:14,368 - elsapy.utils - INFO - Module loaded.
2020-04-07 13:40:14,368 - elsapy.elsprofile - INFO - Module loaded.
2020-04-07 13:40:14,369 - elsapy.elsdoc - INFO - Module loaded.
2020-04-07 13:40:14,370 - elsapy.elssearch - INFO - Module loaded.
2020-04-07 13:42:25,045 - elsapy.elsclient - INFO - Module loaded.
2020-04-07 13:42:25,046 - elsapy.elsentity - INFO - Module loaded.
2020-04-07 13:42:25,047 - elsapy.utils - INFO - Module loaded.
2020-04-07 13:42:25,047 - elsapy.elsprofile - INFO - Module loaded.
2020-04-07 13:42:25,048 - elsapy.elsdoc - INFO - Module loaded.
2020-04-07 13:42:25,049 - elsapy.elssearch - INFO - Module loaded.
2020-04-07 13:48:19,388 - elsapy.elsclient - INFO - Module loaded.
2020-04-07 13:48:19,389 - elsapy.elsentity - INFO - Module loaded.
2020-04-07 13:48:19,390 - elsapy.utils - INFO - Module loaded.
2020-04-07 13:48:19,390 - elsapy.elsprofile - INFO - Module loaded.
2020-04-07 13:48:19,391 - elsapy.elsdoc - INFO - Module loaded.
2020-04-07 13:48:19,391 - elsapy.elssearch - INFO - Module loaded.
2020-04-07 13:50:09,448 - elsapy.elsclient - INFO - Module loaded.
2020-04-07 13:50:09,449 - elsapy.elsentity - INFO - Module loaded.
2020-04-07 13:50:09,449 - elsapy.utils - INFO - Module loaded.
2020-04-07 13:50:09,450 - elsapy.elsprofile - INFO - Module loaded.
2020-04-07 13:50:09,450 - elsapy.elsdoc - INFO - Module loaded.
2020-04-07 13:50:09,451 - elsapy.elssearch - INFO - Module loaded.
2020-04-07 13:51:31,058 - elsapy.elsclient - INFO - Module loaded.
2020-04-07 13:51:31,059 - elsapy.elsentity - INFO - Module loaded.
2020-04-07 13:51:31,060 - elsapy.utils - INFO - Module loaded.
2020-04-07 13:51:31,060 - elsapy.elsprofile - INFO - Module loaded.
2020-04-07 13:51:31,061 - elsapy.elsdoc - INFO - Module loaded.
2020-04-07 13:51:31,062 - elsapy.elssearch - INFO - Module loaded.
2020-04-07 13:57:17,796 - elsapy.elsclient - INFO - Module loaded.
2020-04-07 13:57:17,798 - elsapy.elsentity - INFO - Module loaded.
2020-04-07 13:57:17,799 - elsapy.utils - INFO - Module loaded.
2020-04-07 13:57:17,799 - elsapy.elsprofile - INFO - Module loaded.
2020-04-07 13:57:17,800 - elsapy.elsdoc - INFO - Module loaded.
2020-04-07 13:57:17,800 - elsapy.elssearch - INFO - Module loaded.
2020-04-07 15:13:08,472 - elsapy.elsclient - INFO - Module loaded.
2020-04-07 15:13:08,473 - elsapy.elsentity - INFO - Module loaded.
2020-04-07 15:13:08,474 - elsapy.utils - INFO - Module loaded.
2020-04-07 15:13:08,474 - elsapy.elsprofile - INFO - Module loaded.
2020-04-07 15:13:08,475 - elsapy.elsdoc - INFO - Module loaded.
2020-04-07 15:13:08,476 - elsapy.elssearch - INFO - Module loaded.
2020-04-07 15:13:18,128 - elsapy.elsclient - INFO - Module loaded.
2020-04-07 15:13:18,129 - elsapy.elsentity - INFO - Module loaded.
2020-04-07 15:13:18,130 - elsapy.utils - INFO - Module loaded.
2020-04-07 15:13:18,130 - elsapy.elsprofile - INFO - Module loaded.
2020-04-07 15:13:18,131 - elsapy.elsdoc - INFO - Module loaded.
2020-04-07 15:13:18,132 - elsapy.elssearch - INFO - Module loaded.
2020-04-07 15:15:04,753 - elsapy.elsclient - INFO - Module loaded.
2020-04-07 15:15:04,755 - elsapy.elsentity - INFO - Module loaded.
2020-04-07 15:15:04,756 - elsapy.utils - INFO - Module loaded.
2020-04-07 15:15:04,757 - elsapy.elsprofile - INFO - Module loaded.
2020-04-07 15:15:04,759 - elsapy.elsdoc - INFO - Module loaded.
2020-04-07 15:15:04,761 - elsapy.elssearch - INFO - Module loaded.
2020-04-07 15:17:03,634 - elsapy.elsclient - INFO - Module loaded.
2020-04-07 15:17:03,635 - elsapy.elsentity - INFO - Module loaded.
2020-04-07 15:17:03,635 - elsapy.utils - INFO - Module loaded.
2020-04-07 15:17:03,636 - elsapy.elsprofile - INFO - Module loaded.
2020-04-07 15:17:03,636 - elsapy.elsdoc - INFO - Module loaded.
2020-04-07 15:17:03,637 - elsapy.elssearch - INFO - Module loaded.
2020-04-07 15:24:33,418 - elsapy.elsclient - INFO - Module loaded.
2020-04-07 15:24:33,419 - elsapy.elsentity - INFO - Module loaded.
2020-04-07 15:24:33,420 - elsapy.utils - INFO - Module loaded.
2020-04-07 15:24:33,420 - elsapy.elsprofile - INFO - Module loaded.
2020-04-07 15:24:33,421 - elsapy.elsdoc - INFO - Module loaded.
2020-04-07 15:24:33,422 - elsapy.elssearch - INFO - Module loaded.
2020-04-07 15:24:47,388 - elsapy.elsclient - INFO - Module loaded.
2020-04-07 15:24:47,389 - elsapy.elsentity - INFO - Module loaded.
2020-04-07 15:24:47,390 - elsapy.utils - INFO - Module loaded.
2020-04-07 15:24:47,390 - elsapy.elsprofile - INFO - Module loaded.
2020-04-07 15:24:47,391 - elsapy.elsdoc - INFO - Module loaded.
2020-04-07 15:24:47,392 - elsapy.elssearch - INFO - Module loaded.
2020-04-07 15:27:12,118 - elsapy.elsclient - INFO - Module loaded.
2020-04-07 15:27:12,120 - elsapy.elsentity - INFO - Module loaded.
2020-04-07 15:27:12,120 - elsapy.utils - INFO - Module loaded.
2020-04-07 15:27:12,121 - elsapy.elsprofile - INFO - Module loaded.
2020-04-07 15:27:12,121 - elsapy.elsdoc - INFO - Module loaded.
2020-04-07 15:27:12,122 - elsapy.elssearch - INFO - Module loaded.
2020-04-07 15:28:10,601 - elsapy.elsclient - INFO - Module loaded.
2020-04-07 15:28:10,602 - elsapy.elsentity - INFO - Module loaded.
2020-04-07 15:28:10,603 - elsapy.utils - INFO - Module loaded.
2020-04-07 15:28:10,603 - elsapy.elsprofile - INFO - Module loaded.
2020-04-07 15:28:10,604 - elsapy.elsdoc - INFO - Module loaded.
2020-04-07 15:28:10,605 - elsapy.elssearch - INFO - Module loaded.
2020-04-07 15:29:58,705 - elsapy.elsclient - INFO - Module loaded.
2020-04-07 15:29:58,706 - elsapy.elsentity - INFO - Module loaded.
2020-04-07 15:29:58,707 - elsapy.utils - INFO - Module loaded.
2020-04-07 15:29:58,707 - elsapy.elsprofile - INFO - Module loaded.
2020-04-07 15:29:58,708 - elsapy.elsdoc - INFO - Module loaded.
2020-04-07 15:29:58,709 - elsapy.elssearch - INFO - Module loaded.
2020-04-07 15:30:42,546 - elsapy.elsclient - INFO - Module loaded.
2020-04-07 15:30:42,548 - elsapy.elsentity - INFO - Module loaded.
2020-04-07 15:30:42,548 - elsapy.utils - INFO - Module loaded.
2020-04-07 15:30:42,549 - elsapy.elsprofile - INFO - Module loaded.
2020-04-07 15:30:42,549 - elsapy.elsdoc - INFO - Module loaded.
2020-04-07 15:30:42,550 - elsapy.elssearch - INFO - Module loaded.
2020-04-07 15:30:51,993 - elsapy.elsclient - INFO - Module loaded.
2020-04-07 15:30:51,994 - elsapy.elsentity - INFO - Module loaded.
2020-04-07 15:30:51,995 - elsapy.utils - INFO - Module loaded.
2020-04-07 15:30:51,995 - elsapy.elsprofile - INFO - Module loaded.
2020-04-07 15:30:51,996 - elsapy.elsdoc - INFO - Module loaded.
2020-04-07 15:30:51,997 - elsapy.elssearch - INFO - Module loaded.
2020-04-07 15:37:55,029 - elsapy.elsclient - INFO - Module loaded.
2020-04-07 15:37:55,030 - elsapy.elsentity - INFO - Module loaded.
2020-04-07 15:37:55,031 - elsapy.utils - INFO - Module loaded.
2020-04-07 15:37:55,031 - elsapy.elsprofile - INFO - Module loaded.
2020-04-07 15:37:55,032 - elsapy.elsdoc - INFO - Module loaded.
2020-04-07 15:37:55,032 - elsapy.elssearch - INFO - Module loaded.
2020-04-07 15:38:08,178 - elsapy.elsclient - INFO - Module loaded.
2020-04-07 15:38:08,179 - elsapy.elsentity - INFO - Module loaded.
2020-04-07 15:38:08,180 - elsapy.utils - INFO - Module loaded.
2020-04-07 15:38:08,180 - elsapy.elsprofile - INFO - Module loaded.
2020-04-07 15:38:08,181 - elsapy.elsdoc - INFO - Module loaded.
2020-04-07 15:38:08,182 - elsapy.elssearch - INFO - Module loaded.
2020-04-07 15:51:56,144 - elsapy.elsclient - INFO - Module loaded.
2020-04-07 15:51:56,146 - elsapy.elsentity - INFO - Module loaded.
2020-04-07 15:51:56,146 - elsapy.utils - INFO - Module loaded.
2020-04-07 15:51:56,147 - elsapy.elsprofile - INFO - Module loaded.
2020-04-07 15:51:56,147 - elsapy.elsdoc - INFO - Module loaded.
2020-04-07 15:51:56,148 - elsapy.elssearch - INFO - Module loaded.
2020-04-07 15:57:45,095 - elsapy.elsclient - INFO - Module loaded.
2020-04-07 15:57:45,097 - elsapy.elsentity - INFO - Module loaded.
2020-04-07 15:57:45,098 - elsapy.utils - INFO - Module loaded.
2020-04-07 15:57:45,098 - elsapy.elsprofile - INFO - Module loaded.
2020-04-07 15:57:45,099 - elsapy.elsdoc - INFO - Module loaded.
2020-04-07 15:57:45,099 - elsapy.elssearch - INFO - Module loaded.
2020-04-07 15:58:17,924 - elsapy.elsclient - INFO - Module loaded.
2020-04-07 15:58:17,925 - elsapy.elsentity - INFO - Module loaded.
2020-04-07 15:58:17,926 - elsapy.utils - INFO - Module loaded.
2020-04-07 15:58:17,926 - elsapy.elsprofile - INFO - Module loaded.
2020-04-07 15:58:17,927 - elsapy.elsdoc - INFO - Module loaded.
2020-04-07 15:58:17,927 - elsapy.elssearch - INFO - Module loaded.
2020-04-07 16:02:53,843 - elsapy.elsclient - INFO - Module loaded.
2020-04-07 16:02:53,845 - elsapy.elsentity - INFO - Module loaded.
2020-04-07 16:02:53,845 - elsapy.utils - INFO - Module loaded.
2020-04-07 16:02:53,845 - elsapy.elsprofile - INFO - Module loaded.
2020-04-07 16:02:53,846 - elsapy.elsdoc - INFO - Module loaded.
2020-04-07 16:02:53,847 - elsapy.elssearch - INFO - Module loaded.
