2020-04-01 09:01:34,222 - elsapy.elsclient - INFO - Module loaded.
2020-04-01 09:01:34,225 - elsapy.elsentity - INFO - Module loaded.
2020-04-01 09:01:34,226 - elsapy.utils - INFO - Module loaded.
2020-04-01 09:01:34,227 - elsapy.elsprofile - INFO - Module loaded.
2020-04-01 09:01:34,228 - elsapy.elsdoc - INFO - Module loaded.
2020-04-01 09:01:34,230 - elsapy.elssearch - INFO - Module loaded.
2020-04-01 09:02:38,567 - elsapy.elsclient - INFO - Sending GET request to https://api.elsevier.com/content/affiliation/affiliation_id/60006314
2020-04-01 09:02:52,318 - elsapy.elsentity - WARNING - HTTPSConnectionPool(host='api.elsevier.com', port=443): Max retries exceeded with url: /content/affiliation/affiliation_id/60006314 (Caused by SSLError(SSLError("bad handshake: SysCallError(-1, 'Unexpected EOF')")))
2020-04-01 09:02:52,320 - elsapy.elsclient - INFO - Sending GET request to https://api.elsevier.com/content/search/scopus?query=AF-ID%2860006314%29+AND+PUBYEAR+%3D+2020
2020-04-01 09:02:55,662 - elsapy.elsclient - INFO - Sending GET request to https://api.elsevier.com/content/search/scopus?start=25&count=25&query=AF-ID%2860006314%29+AND+PUBYEAR+%3D+2020
2020-04-01 09:02:58,610 - elsapy.elsclient - INFO - Sending GET request to https://api.elsevier.com/content/search/scopus?start=50&count=25&query=AF-ID%2860006314%29+AND+PUBYEAR+%3D+2020
2020-04-01 09:04:44,834 - elsapy.elsclient - INFO - Module loaded.
2020-04-01 09:04:44,836 - elsapy.elsentity - INFO - Module loaded.
2020-04-01 09:04:44,837 - elsapy.utils - INFO - Module loaded.
2020-04-01 09:04:44,837 - elsapy.elsprofile - INFO - Module loaded.
2020-04-01 09:04:44,838 - elsapy.elsdoc - INFO - Module loaded.
2020-04-01 09:04:44,839 - elsapy.elssearch - INFO - Module loaded.
2020-04-01 09:04:56,498 - elsapy.elsclient - INFO - Sending GET request to https://api.elsevier.com/content/affiliation/affiliation_id/60006314
2020-04-01 09:04:58,051 - elsapy.elsentity - INFO - Data loaded for https://api.elsevier.com/content/affiliation/affiliation_id/60006314
2020-04-01 09:04:58,056 - elsapy.elsentity - INFO - Wrote https://api.elsevier.com/content/affiliation/affiliation_id/60006314 to file
2020-04-01 09:04:59,054 - elsapy.elsclient - INFO - Sending GET request to https://api.elsevier.com/content/search/scopus?query=AF-ID%2860006314%29+AND+PUBYEAR+%3D+2020
2020-04-01 09:05:02,413 - elsapy.elsclient - INFO - Sending GET request to https://api.elsevier.com/content/search/scopus?start=25&count=25&query=AF-ID%2860006314%29+AND+PUBYEAR+%3D+2020
2020-04-01 09:05:31,620 - elsapy.elsclient - INFO - Sending GET request to https://api.elsevier.com/content/affiliation/affiliation_id/60006314
2020-04-01 09:05:32,949 - elsapy.elsentity - INFO - Data loaded for https://api.elsevier.com/content/affiliation/affiliation_id/60006314
2020-04-01 09:05:32,950 - elsapy.elsentity - INFO - Wrote https://api.elsevier.com/content/affiliation/affiliation_id/60006314 to file
2020-04-01 09:05:33,951 - elsapy.elsclient - INFO - Sending GET request to https://api.elsevier.com/content/search/scopus?query=AF-ID%2860006314%29+AND+PUBYEAR+%3D+2020
2020-04-01 09:05:36,808 - elsapy.elsclient - INFO - Sending GET request to https://api.elsevier.com/content/search/scopus?start=25&count=25&query=AF-ID%2860006314%29+AND+PUBYEAR+%3D+2020
2020-04-01 09:05:55,315 - elsapy.elsclient - INFO - Sending GET request to https://api.elsevier.com/content/affiliation/affiliation_id/60006314
2020-04-01 09:05:56,594 - elsapy.elsentity - INFO - Data loaded for https://api.elsevier.com/content/affiliation/affiliation_id/60006314
2020-04-01 09:05:56,596 - elsapy.elsentity - INFO - Wrote https://api.elsevier.com/content/affiliation/affiliation_id/60006314 to file
2020-04-01 09:05:57,596 - elsapy.elsclient - INFO - Sending GET request to https://api.elsevier.com/content/search/scopus?query=AF-ID%2860006314%29+AND+PUBYEAR+%3D+2020
2020-04-01 09:06:00,977 - elsapy.elsclient - INFO - Sending GET request to https://api.elsevier.com/content/search/scopus?start=25&count=25&query=AF-ID%2860006314%29+AND+PUBYEAR+%3D+2020
2020-04-01 09:06:03,980 - elsapy.elsclient - INFO - Sending GET request to https://api.elsevier.com/content/search/scopus?start=50&count=25&query=AF-ID%2860006314%29+AND+PUBYEAR+%3D+2020
2020-04-01 09:06:06,952 - elsapy.elsclient - INFO - Sending GET request to https://api.elsevier.com/content/search/scopus?start=75&count=25&query=AF-ID%2860006314%29+AND+PUBYEAR+%3D+2020
2020-04-01 09:06:10,027 - elsapy.elsclient - INFO - Sending GET request to https://api.elsevier.com/content/search/scopus?start=100&count=25&query=AF-ID%2860006314%29+AND+PUBYEAR+%3D+2020
2020-04-01 09:08:46,531 - elsapy.elsclient - INFO - Sending GET request to https://api.elsevier.com/content/affiliation/affiliation_id/60006314
2020-04-01 09:09:02,462 - elsapy.elsentity - WARNING - HTTPSConnectionPool(host='api.elsevier.com', port=443): Max retries exceeded with url: /content/affiliation/affiliation_id/60006314 (Caused by SSLError(SSLError("bad handshake: SysCallError(-1, 'Unexpected EOF')")))
2020-04-01 09:09:02,463 - elsapy.elsclient - INFO - Sending GET request to https://api.elsevier.com/content/search/scopus?query=AF-ID%2860006314%29+AND+PUBYEAR+%3D+2020
2020-04-01 09:09:05,336 - elsapy.elsclient - INFO - Sending GET request to https://api.elsevier.com/content/search/scopus?start=25&count=25&query=AF-ID%2860006314%29+AND+PUBYEAR+%3D+2020
2020-04-01 09:09:08,322 - elsapy.elsclient - INFO - Sending GET request to https://api.elsevier.com/content/search/scopus?start=50&count=25&query=AF-ID%2860006314%29+AND+PUBYEAR+%3D+2020
2020-04-01 09:09:11,262 - elsapy.elsclient - INFO - Sending GET request to https://api.elsevier.com/content/search/scopus?start=75&count=25&query=AF-ID%2860006314%29+AND+PUBYEAR+%3D+2020
2020-04-01 09:09:14,253 - elsapy.elsclient - INFO - Sending GET request to https://api.elsevier.com/content/search/scopus?start=100&count=25&query=AF-ID%2860006314%29+AND+PUBYEAR+%3D+2020
2020-04-01 09:09:17,225 - elsapy.elsclient - INFO - Sending GET request to https://api.elsevier.com/content/search/scopus?start=125&count=25&query=AF-ID%2860006314%29+AND+PUBYEAR+%3D+2020
2020-04-01 09:09:20,295 - elsapy.elsclient - INFO - Sending GET request to https://api.elsevier.com/content/search/scopus?start=150&count=25&query=AF-ID%2860006314%29+AND+PUBYEAR+%3D+2020
2020-04-01 09:09:23,152 - elsapy.elsclient - INFO - Sending GET request to https://api.elsevier.com/content/search/scopus?start=175&count=25&query=AF-ID%2860006314%29+AND+PUBYEAR+%3D+2020
2020-04-01 09:09:25,953 - elsapy.elsclient - INFO - Sending GET request to https://api.elsevier.com/content/search/scopus?start=200&count=25&query=AF-ID%2860006314%29+AND+PUBYEAR+%3D+2020
2020-04-01 09:09:28,651 - elsapy.elsclient - INFO - Sending GET request to https://api.elsevier.com/content/search/scopus?start=225&count=25&query=AF-ID%2860006314%29+AND+PUBYEAR+%3D+2020
2020-04-01 09:09:31,466 - elsapy.elsclient - INFO - Sending GET request to https://api.elsevier.com/content/search/scopus?start=250&count=25&query=AF-ID%2860006314%29+AND+PUBYEAR+%3D+2020
2020-04-01 09:09:34,338 - elsapy.elsclient - INFO - Sending GET request to https://api.elsevier.com/content/search/scopus?start=275&count=25&query=AF-ID%2860006314%29+AND+PUBYEAR+%3D+2020
2020-04-01 09:09:37,119 - elsapy.elsclient - INFO - Sending GET request to https://api.elsevier.com/content/search/scopus?start=300&count=25&query=AF-ID%2860006314%29+AND+PUBYEAR+%3D+2020
2020-04-01 09:09:57,099 - elsapy.elsclient - INFO - Sending GET request to https://api.elsevier.com/content/affiliation/affiliation_id/60006314
2020-04-01 09:10:12,527 - elsapy.elsentity - WARNING - HTTPSConnectionPool(host='api.elsevier.com', port=443): Max retries exceeded with url: /content/affiliation/affiliation_id/60006314 (Caused by SSLError(SSLError("bad handshake: SysCallError(-1, 'Unexpected EOF')")))
2020-04-01 09:10:12,528 - elsapy.elsclient - INFO - Sending GET request to https://api.elsevier.com/content/search/scopus?query=AF-ID%2860006314%29+AND+PUBYEAR+%3D+2020
2020-04-01 09:38:21,695 - elsapy.elsclient - INFO - Module loaded.
2020-04-01 09:38:21,696 - elsapy.elsentity - INFO - Module loaded.
2020-04-01 09:38:21,697 - elsapy.utils - INFO - Module loaded.
2020-04-01 09:38:21,697 - elsapy.elsprofile - INFO - Module loaded.
2020-04-01 09:38:21,698 - elsapy.elsdoc - INFO - Module loaded.
2020-04-01 09:38:21,699 - elsapy.elssearch - INFO - Module loaded.
2020-04-01 09:38:41,156 - elsapy.elsclient - INFO - Sending GET request to https://api.elsevier.com/content/affiliation/affiliation_id/60006314
2020-04-01 09:38:53,364 - elsapy.elsentity - WARNING - HTTPSConnectionPool(host='api.elsevier.com', port=443): Max retries exceeded with url: /content/affiliation/affiliation_id/60006314 (Caused by SSLError(SSLError("bad handshake: SysCallError(-1, 'Unexpected EOF')")))
2020-04-01 09:40:30,314 - elsapy.elsclient - INFO - Sending GET request to https://api.elsevier.com/content/affiliation/affiliation_id/60006314
2020-04-01 09:40:43,427 - elsapy.elsentity - WARNING - HTTPSConnectionPool(host='api.elsevier.com', port=443): Max retries exceeded with url: /content/affiliation/affiliation_id/60006314 (Caused by SSLError(SSLError("bad handshake: SysCallError(-1, 'Unexpected EOF')")))
2020-04-01 09:46:18,222 - elsapy.elsclient - INFO - Module loaded.
2020-04-01 09:46:18,223 - elsapy.elsentity - INFO - Module loaded.
2020-04-01 09:46:18,224 - elsapy.utils - INFO - Module loaded.
2020-04-01 09:46:18,224 - elsapy.elsprofile - INFO - Module loaded.
2020-04-01 09:46:18,225 - elsapy.elsdoc - INFO - Module loaded.
2020-04-01 09:46:18,226 - elsapy.elssearch - INFO - Module loaded.
2020-04-01 09:49:04,577 - elsapy.elsclient - INFO - Module loaded.
2020-04-01 09:49:04,579 - elsapy.elsentity - INFO - Module loaded.
2020-04-01 09:49:04,579 - elsapy.utils - INFO - Module loaded.
2020-04-01 09:49:04,580 - elsapy.elsprofile - INFO - Module loaded.
2020-04-01 09:49:04,581 - elsapy.elsdoc - INFO - Module loaded.
2020-04-01 09:49:04,582 - elsapy.elssearch - INFO - Module loaded.
2020-04-01 09:53:55,313 - elsapy.elsclient - INFO - Module loaded.
2020-04-01 09:53:55,315 - elsapy.elsentity - INFO - Module loaded.
2020-04-01 09:53:55,316 - elsapy.utils - INFO - Module loaded.
2020-04-01 09:53:55,316 - elsapy.elsprofile - INFO - Module loaded.
2020-04-01 09:53:55,317 - elsapy.elsdoc - INFO - Module loaded.
2020-04-01 09:53:55,318 - elsapy.elssearch - INFO - Module loaded.
2020-04-01 09:58:46,264 - elsapy.elsclient - INFO - Module loaded.
2020-04-01 09:58:46,266 - elsapy.elsentity - INFO - Module loaded.
2020-04-01 09:58:46,267 - elsapy.utils - INFO - Module loaded.
2020-04-01 09:58:46,267 - elsapy.elsprofile - INFO - Module loaded.
2020-04-01 09:58:46,268 - elsapy.elsdoc - INFO - Module loaded.
2020-04-01 09:58:46,269 - elsapy.elssearch - INFO - Module loaded.
2020-04-01 10:04:44,352 - elsapy.elsclient - INFO - Module loaded.
2020-04-01 10:04:44,354 - elsapy.elsentity - INFO - Module loaded.
2020-04-01 10:04:44,355 - elsapy.utils - INFO - Module loaded.
2020-04-01 10:04:44,355 - elsapy.elsprofile - INFO - Module loaded.
2020-04-01 10:04:44,356 - elsapy.elsdoc - INFO - Module loaded.
2020-04-01 10:04:44,357 - elsapy.elssearch - INFO - Module loaded.
2020-04-01 10:05:11,171 - elsapy.elsclient - INFO - Module loaded.
2020-04-01 10:05:11,173 - elsapy.elsentity - INFO - Module loaded.
2020-04-01 10:05:11,174 - elsapy.utils - INFO - Module loaded.
2020-04-01 10:05:11,174 - elsapy.elsprofile - INFO - Module loaded.
2020-04-01 10:05:11,175 - elsapy.elsdoc - INFO - Module loaded.
2020-04-01 10:05:11,176 - elsapy.elssearch - INFO - Module loaded.
2020-04-01 10:05:26,010 - elsapy.elsclient - INFO - Module loaded.
2020-04-01 10:05:26,012 - elsapy.elsentity - INFO - Module loaded.
2020-04-01 10:05:26,013 - elsapy.utils - INFO - Module loaded.
2020-04-01 10:05:26,013 - elsapy.elsprofile - INFO - Module loaded.
2020-04-01 10:05:26,014 - elsapy.elsdoc - INFO - Module loaded.
2020-04-01 10:05:26,015 - elsapy.elssearch - INFO - Module loaded.
2020-04-01 10:18:08,014 - elsapy.elsclient - INFO - Module loaded.
2020-04-01 10:18:08,016 - elsapy.elsentity - INFO - Module loaded.
2020-04-01 10:18:08,017 - elsapy.utils - INFO - Module loaded.
2020-04-01 10:18:08,017 - elsapy.elsprofile - INFO - Module loaded.
2020-04-01 10:18:08,018 - elsapy.elsdoc - INFO - Module loaded.
2020-04-01 10:18:08,019 - elsapy.elssearch - INFO - Module loaded.
2020-04-01 10:18:15,228 - elsapy.elsclient - INFO - Module loaded.
2020-04-01 10:18:15,229 - elsapy.elsentity - INFO - Module loaded.
2020-04-01 10:18:15,230 - elsapy.utils - INFO - Module loaded.
2020-04-01 10:18:15,231 - elsapy.elsprofile - INFO - Module loaded.
2020-04-01 10:18:15,232 - elsapy.elsdoc - INFO - Module loaded.
2020-04-01 10:18:15,233 - elsapy.elssearch - INFO - Module loaded.
2020-04-01 10:21:24,809 - elsapy.elsclient - INFO - Module loaded.
2020-04-01 10:21:24,810 - elsapy.elsentity - INFO - Module loaded.
2020-04-01 10:21:24,811 - elsapy.utils - INFO - Module loaded.
2020-04-01 10:21:24,812 - elsapy.elsprofile - INFO - Module loaded.
2020-04-01 10:21:24,813 - elsapy.elsdoc - INFO - Module loaded.
2020-04-01 10:21:24,814 - elsapy.elssearch - INFO - Module loaded.
2020-04-01 10:22:07,343 - elsapy.elsclient - INFO - Module loaded.
2020-04-01 10:22:07,345 - elsapy.elsentity - INFO - Module loaded.
2020-04-01 10:22:07,346 - elsapy.utils - INFO - Module loaded.
2020-04-01 10:22:07,347 - elsapy.elsprofile - INFO - Module loaded.
2020-04-01 10:22:07,348 - elsapy.elsdoc - INFO - Module loaded.
2020-04-01 10:22:07,349 - elsapy.elssearch - INFO - Module loaded.
2020-04-01 10:22:13,604 - elsapy.elsclient - INFO - Sending GET request to https://api.elsevier.com/content/affiliation/affiliation_id/60006314
2020-04-01 10:22:16,931 - elsapy.elsentity - INFO - Data loaded for https://api.elsevier.com/content/affiliation/affiliation_id/60006314
2020-04-01 10:22:16,933 - elsapy.elsentity - INFO - Wrote https://api.elsevier.com/content/affiliation/affiliation_id/60006314 to file
2020-04-01 10:28:04,469 - elsapy.elsclient - INFO - Module loaded.
2020-04-01 10:28:04,471 - elsapy.elsentity - INFO - Module loaded.
2020-04-01 10:28:04,472 - elsapy.utils - INFO - Module loaded.
2020-04-01 10:28:04,472 - elsapy.elsprofile - INFO - Module loaded.
2020-04-01 10:28:04,473 - elsapy.elsdoc - INFO - Module loaded.
2020-04-01 10:28:04,474 - elsapy.elssearch - INFO - Module loaded.
2020-04-01 10:28:16,569 - elsapy.elsclient - INFO - Sending GET request to https://api.elsevier.com/content/affiliation/affiliation_id/60006314
2020-04-01 10:28:18,825 - elsapy.elsentity - INFO - Data loaded for https://api.elsevier.com/content/affiliation/affiliation_id/60006314
2020-04-01 10:28:18,827 - elsapy.elsentity - INFO - Wrote https://api.elsevier.com/content/affiliation/affiliation_id/60006314 to file
2020-04-01 10:29:11,899 - elsapy.elsclient - INFO - Module loaded.
2020-04-01 10:29:11,900 - elsapy.elsentity - INFO - Module loaded.
2020-04-01 10:29:11,901 - elsapy.utils - INFO - Module loaded.
2020-04-01 10:29:11,901 - elsapy.elsprofile - INFO - Module loaded.
2020-04-01 10:29:11,902 - elsapy.elsdoc - INFO - Module loaded.
2020-04-01 10:29:11,903 - elsapy.elssearch - INFO - Module loaded.
2020-04-01 10:29:20,603 - elsapy.elsclient - INFO - Sending GET request to https://api.elsevier.com/content/affiliation/affiliation_id/60006314
2020-04-01 10:29:34,373 - elsapy.elsentity - WARNING - HTTPSConnectionPool(host='api.elsevier.com', port=443): Max retries exceeded with url: /content/affiliation/affiliation_id/60006314 (Caused by SSLError(SSLError("bad handshake: SysCallError(-1, 'Unexpected EOF')")))
2020-04-01 10:30:44,330 - elsapy.elsclient - INFO - Module loaded.
2020-04-01 10:30:44,331 - elsapy.elsentity - INFO - Module loaded.
2020-04-01 10:30:44,332 - elsapy.utils - INFO - Module loaded.
2020-04-01 10:30:44,333 - elsapy.elsprofile - INFO - Module loaded.
2020-04-01 10:30:44,334 - elsapy.elsdoc - INFO - Module loaded.
2020-04-01 10:30:44,335 - elsapy.elssearch - INFO - Module loaded.
2020-04-01 10:31:03,840 - elsapy.elsclient - INFO - Module loaded.
2020-04-01 10:31:03,841 - elsapy.elsentity - INFO - Module loaded.
2020-04-01 10:31:03,842 - elsapy.utils - INFO - Module loaded.
2020-04-01 10:31:03,843 - elsapy.elsprofile - INFO - Module loaded.
2020-04-01 10:31:03,844 - elsapy.elsdoc - INFO - Module loaded.
2020-04-01 10:31:03,844 - elsapy.elssearch - INFO - Module loaded.
2020-04-01 10:31:14,061 - elsapy.elsclient - INFO - Sending GET request to https://api.elsevier.com/content/affiliation/affiliation_id/60006314
2020-04-01 10:31:24,371 - elsapy.elsentity - WARNING - HTTPSConnectionPool(host='api.elsevier.com', port=443): Max retries exceeded with url: /content/affiliation/affiliation_id/60006314 (Caused by SSLError(SSLError("bad handshake: SysCallError(-1, 'Unexpected EOF')")))
2020-04-01 10:40:26,047 - elsapy.elsclient - INFO - Module loaded.
2020-04-01 10:40:26,048 - elsapy.elsentity - INFO - Module loaded.
2020-04-01 10:40:26,049 - elsapy.utils - INFO - Module loaded.
2020-04-01 10:40:26,050 - elsapy.elsprofile - INFO - Module loaded.
2020-04-01 10:40:26,051 - elsapy.elsdoc - INFO - Module loaded.
2020-04-01 10:40:26,053 - elsapy.elssearch - INFO - Module loaded.
2020-04-01 10:40:38,907 - elsapy.elsclient - INFO - Sending GET request to https://api.elsevier.com/content/affiliation/affiliation_id/60006314
2020-04-01 10:40:40,485 - elsapy.elsentity - INFO - Data loaded for https://api.elsevier.com/content/affiliation/affiliation_id/60006314
2020-04-01 10:40:40,489 - elsapy.elsentity - INFO - Wrote https://api.elsevier.com/content/affiliation/affiliation_id/60006314 to file
2020-04-01 10:41:50,808 - elsapy.elsclient - INFO - Module loaded.
2020-04-01 10:41:50,809 - elsapy.elsentity - INFO - Module loaded.
2020-04-01 10:41:50,810 - elsapy.utils - INFO - Module loaded.
2020-04-01 10:41:50,811 - elsapy.elsprofile - INFO - Module loaded.
2020-04-01 10:41:50,812 - elsapy.elsdoc - INFO - Module loaded.
2020-04-01 10:41:50,812 - elsapy.elssearch - INFO - Module loaded.
2020-04-01 10:42:01,151 - elsapy.elsclient - INFO - Module loaded.
2020-04-01 10:42:01,153 - elsapy.elsentity - INFO - Module loaded.
2020-04-01 10:42:01,154 - elsapy.utils - INFO - Module loaded.
2020-04-01 10:42:01,154 - elsapy.elsprofile - INFO - Module loaded.
2020-04-01 10:42:01,155 - elsapy.elsdoc - INFO - Module loaded.
2020-04-01 10:42:01,156 - elsapy.elssearch - INFO - Module loaded.
2020-04-01 10:43:20,550 - elsapy.elsclient - INFO - Module loaded.
2020-04-01 10:43:20,552 - elsapy.elsentity - INFO - Module loaded.
2020-04-01 10:43:20,553 - elsapy.utils - INFO - Module loaded.
2020-04-01 10:43:20,553 - elsapy.elsprofile - INFO - Module loaded.
2020-04-01 10:43:20,554 - elsapy.elsdoc - INFO - Module loaded.
2020-04-01 10:43:20,555 - elsapy.elssearch - INFO - Module loaded.
2020-04-01 10:43:28,708 - elsapy.elsclient - INFO - Module loaded.
2020-04-01 10:43:28,709 - elsapy.elsentity - INFO - Module loaded.
2020-04-01 10:43:28,710 - elsapy.utils - INFO - Module loaded.
2020-04-01 10:43:28,711 - elsapy.elsprofile - INFO - Module loaded.
2020-04-01 10:43:28,711 - elsapy.elsdoc - INFO - Module loaded.
2020-04-01 10:43:28,712 - elsapy.elssearch - INFO - Module loaded.
2020-04-01 10:45:45,932 - elsapy.elsclient - INFO - Module loaded.
2020-04-01 10:45:45,933 - elsapy.elsentity - INFO - Module loaded.
2020-04-01 10:45:45,934 - elsapy.utils - INFO - Module loaded.
2020-04-01 10:45:45,935 - elsapy.elsprofile - INFO - Module loaded.
2020-04-01 10:45:45,936 - elsapy.elsdoc - INFO - Module loaded.
2020-04-01 10:45:45,937 - elsapy.elssearch - INFO - Module loaded.
2020-04-01 10:45:56,390 - elsapy.elsclient - INFO - Sending GET request to https://api.elsevier.com/content/affiliation/affiliation_id/60006314
2020-04-01 10:45:57,823 - elsapy.elsentity - INFO - Data loaded for https://api.elsevier.com/content/affiliation/affiliation_id/60006314
2020-04-01 10:45:57,825 - elsapy.elsentity - INFO - Wrote https://api.elsevier.com/content/affiliation/affiliation_id/60006314 to file
2020-04-01 10:46:15,695 - elsapy.elsclient - INFO - Module loaded.
2020-04-01 10:46:15,697 - elsapy.elsentity - INFO - Module loaded.
2020-04-01 10:46:15,698 - elsapy.utils - INFO - Module loaded.
2020-04-01 10:46:15,698 - elsapy.elsprofile - INFO - Module loaded.
2020-04-01 10:46:15,699 - elsapy.elsdoc - INFO - Module loaded.
2020-04-01 10:46:15,700 - elsapy.elssearch - INFO - Module loaded.
2020-04-01 10:46:24,444 - elsapy.elsclient - INFO - Sending GET request to https://api.elsevier.com/content/affiliation/affiliation_id/60006314
2020-04-01 10:46:25,701 - elsapy.elsentity - INFO - Data loaded for https://api.elsevier.com/content/affiliation/affiliation_id/60006314
2020-04-01 10:46:25,707 - elsapy.elsentity - INFO - Wrote https://api.elsevier.com/content/affiliation/affiliation_id/60006314 to file
2020-04-01 10:56:14,032 - elsapy.elsclient - INFO - Module loaded.
2020-04-01 10:56:14,034 - elsapy.elsentity - INFO - Module loaded.
2020-04-01 10:56:14,035 - elsapy.utils - INFO - Module loaded.
2020-04-01 10:56:14,035 - elsapy.elsprofile - INFO - Module loaded.
2020-04-01 10:56:14,036 - elsapy.elsdoc - INFO - Module loaded.
2020-04-01 10:56:14,037 - elsapy.elssearch - INFO - Module loaded.
2020-04-01 10:56:35,687 - elsapy.elsclient - INFO - Sending GET request to https://api.elsevier.com/content/affiliation/affiliation_id/60006314
2020-04-01 10:56:54,892 - elsapy.elsentity - WARNING - HTTPSConnectionPool(host='api.elsevier.com', port=443): Max retries exceeded with url: /content/affiliation/affiliation_id/60006314 (Caused by SSLError(SSLError("bad handshake: SysCallError(-1, 'Unexpected EOF')")))
2020-04-01 10:57:23,356 - elsapy.elsclient - INFO - Module loaded.
2020-04-01 10:57:23,358 - elsapy.elsentity - INFO - Module loaded.
2020-04-01 10:57:23,360 - elsapy.utils - INFO - Module loaded.
2020-04-01 10:57:23,360 - elsapy.elsprofile - INFO - Module loaded.
2020-04-01 10:57:23,361 - elsapy.elsdoc - INFO - Module loaded.
2020-04-01 10:57:23,362 - elsapy.elssearch - INFO - Module loaded.
2020-04-01 11:01:25,706 - elsapy.elsclient - INFO - Module loaded.
2020-04-01 11:01:25,708 - elsapy.elsentity - INFO - Module loaded.
2020-04-01 11:01:25,708 - elsapy.utils - INFO - Module loaded.
2020-04-01 11:01:25,709 - elsapy.elsprofile - INFO - Module loaded.
2020-04-01 11:01:25,710 - elsapy.elsdoc - INFO - Module loaded.
2020-04-01 11:01:25,711 - elsapy.elssearch - INFO - Module loaded.
2020-04-01 11:01:43,303 - elsapy.elsclient - INFO - Sending GET request to https://api.elsevier.com/content/affiliation/affiliation_id/60006314
2020-04-01 11:01:54,921 - elsapy.elsentity - WARNING - HTTPSConnectionPool(host='api.elsevier.com', port=443): Max retries exceeded with url: /content/affiliation/affiliation_id/60006314 (Caused by SSLError(SSLError("bad handshake: SysCallError(-1, 'Unexpected EOF')")))
2020-04-01 11:21:03,801 - elsapy.elsclient - INFO - Module loaded.
2020-04-01 11:21:03,802 - elsapy.elsentity - INFO - Module loaded.
2020-04-01 11:21:03,803 - elsapy.utils - INFO - Module loaded.
2020-04-01 11:21:03,803 - elsapy.elsprofile - INFO - Module loaded.
2020-04-01 11:21:03,804 - elsapy.elsdoc - INFO - Module loaded.
2020-04-01 11:21:03,806 - elsapy.elssearch - INFO - Module loaded.
2020-04-01 11:21:11,102 - elsapy.elsclient - INFO - Sending GET request to https://api.elsevier.com/content/affiliation/affiliation_id/60006314
2020-04-01 11:21:12,756 - elsapy.elsentity - INFO - Data loaded for https://api.elsevier.com/content/affiliation/affiliation_id/60006314
2020-04-01 11:21:12,759 - elsapy.elsentity - INFO - Wrote https://api.elsevier.com/content/affiliation/affiliation_id/60006314 to file
2020-04-01 11:26:49,763 - elsapy.elsclient - INFO - Module loaded.
2020-04-01 11:26:49,765 - elsapy.elsentity - INFO - Module loaded.
2020-04-01 11:26:49,766 - elsapy.utils - INFO - Module loaded.
2020-04-01 11:26:49,766 - elsapy.elsprofile - INFO - Module loaded.
2020-04-01 11:26:49,767 - elsapy.elsdoc - INFO - Module loaded.
2020-04-01 11:26:49,768 - elsapy.elssearch - INFO - Module loaded.
2020-04-01 11:27:04,316 - elsapy.elsclient - INFO - Sending GET request to https://api.elsevier.com/content/affiliation/affiliation_id/60006314
2020-04-01 11:27:15,151 - elsapy.elsentity - WARNING - HTTPSConnectionPool(host='api.elsevier.com', port=443): Max retries exceeded with url: /content/affiliation/affiliation_id/60006314 (Caused by SSLError(SSLError("bad handshake: SysCallError(-1, 'Unexpected EOF')")))
2020-04-01 11:32:08,792 - elsapy.elsclient - INFO - Module loaded.
2020-04-01 11:32:08,793 - elsapy.elsentity - INFO - Module loaded.
2020-04-01 11:32:08,795 - elsapy.utils - INFO - Module loaded.
2020-04-01 11:32:08,795 - elsapy.elsprofile - INFO - Module loaded.
2020-04-01 11:32:08,796 - elsapy.elsdoc - INFO - Module loaded.
2020-04-01 11:32:08,797 - elsapy.elssearch - INFO - Module loaded.
2020-04-01 11:32:27,570 - elsapy.elsclient - INFO - Sending GET request to https://api.elsevier.com/content/affiliation/affiliation_id/60006314
2020-04-01 11:32:29,116 - elsapy.elsentity - INFO - Data loaded for https://api.elsevier.com/content/affiliation/affiliation_id/60006314
2020-04-01 11:32:29,117 - elsapy.elsentity - INFO - Wrote https://api.elsevier.com/content/affiliation/affiliation_id/60006314 to file
2020-04-01 11:33:24,179 - elsapy.elsclient - INFO - Module loaded.
2020-04-01 11:33:24,181 - elsapy.elsentity - INFO - Module loaded.
2020-04-01 11:33:24,182 - elsapy.utils - INFO - Module loaded.
2020-04-01 11:33:24,182 - elsapy.elsprofile - INFO - Module loaded.
2020-04-01 11:33:24,183 - elsapy.elsdoc - INFO - Module loaded.
2020-04-01 11:33:24,184 - elsapy.elssearch - INFO - Module loaded.
2020-04-01 11:33:29,409 - elsapy.elsclient - INFO - Sending GET request to https://api.elsevier.com/content/affiliation/affiliation_id/60006314
2020-04-01 11:33:45,175 - elsapy.elsentity - WARNING - HTTPSConnectionPool(host='api.elsevier.com', port=443): Max retries exceeded with url: /content/affiliation/affiliation_id/60006314 (Caused by SSLError(SSLError("bad handshake: SysCallError(-1, 'Unexpected EOF')")))
2020-04-01 14:45:43,354 - elsapy.elsclient - INFO - Module loaded.
2020-04-01 14:45:43,355 - elsapy.elsentity - INFO - Module loaded.
2020-04-01 14:45:43,356 - elsapy.utils - INFO - Module loaded.
2020-04-01 14:45:43,356 - elsapy.elsprofile - INFO - Module loaded.
2020-04-01 14:45:43,357 - elsapy.elsdoc - INFO - Module loaded.
2020-04-01 14:45:43,358 - elsapy.elssearch - INFO - Module loaded.
2020-04-01 14:45:55,505 - elsapy.elsclient - INFO - Sending GET request to https://api.elsevier.com/content/affiliation/affiliation_id/60006314
2020-04-01 14:45:57,458 - elsapy.elsentity - INFO - Data loaded for https://api.elsevier.com/content/affiliation/affiliation_id/60006314
2020-04-01 14:45:57,462 - elsapy.elsentity - INFO - Wrote https://api.elsevier.com/content/affiliation/affiliation_id/60006314 to file
2020-04-01 14:47:55,694 - elsapy.elsclient - INFO - Module loaded.
2020-04-01 14:47:55,696 - elsapy.elsentity - INFO - Module loaded.
2020-04-01 14:47:55,697 - elsapy.utils - INFO - Module loaded.
2020-04-01 14:47:55,697 - elsapy.elsprofile - INFO - Module loaded.
2020-04-01 14:47:55,698 - elsapy.elsdoc - INFO - Module loaded.
2020-04-01 14:47:55,699 - elsapy.elssearch - INFO - Module loaded.
2020-04-01 14:48:05,640 - elsapy.elsclient - INFO - Sending GET request to https://api.elsevier.com/content/affiliation/affiliation_id/60006314
2020-04-01 14:48:07,081 - elsapy.elsentity - INFO - Data loaded for https://api.elsevier.com/content/affiliation/affiliation_id/60006314
2020-04-01 14:48:07,083 - elsapy.elsentity - INFO - Wrote https://api.elsevier.com/content/affiliation/affiliation_id/60006314 to file
2020-04-01 14:49:04,682 - elsapy.elsclient - INFO - Sending GET request to https://api.elsevier.com/content/affiliation/affiliation_id/60006314
2020-04-01 14:49:05,997 - elsapy.elsentity - INFO - Data loaded for https://api.elsevier.com/content/affiliation/affiliation_id/60006314
2020-04-01 14:49:06,001 - elsapy.elsentity - INFO - Wrote https://api.elsevier.com/content/affiliation/affiliation_id/60006314 to file
2020-04-01 14:55:21,960 - elsapy.elsclient - INFO - Module loaded.
2020-04-01 14:55:21,961 - elsapy.elsentity - INFO - Module loaded.
2020-04-01 14:55:21,962 - elsapy.utils - INFO - Module loaded.
2020-04-01 14:55:21,963 - elsapy.elsprofile - INFO - Module loaded.
2020-04-01 14:55:21,964 - elsapy.elsdoc - INFO - Module loaded.
2020-04-01 14:55:21,965 - elsapy.elssearch - INFO - Module loaded.
2020-04-01 14:55:31,359 - elsapy.elsclient - INFO - Module loaded.
2020-04-01 14:55:31,361 - elsapy.elsentity - INFO - Module loaded.
2020-04-01 14:55:31,362 - elsapy.utils - INFO - Module loaded.
2020-04-01 14:55:31,362 - elsapy.elsprofile - INFO - Module loaded.
2020-04-01 14:55:31,363 - elsapy.elsdoc - INFO - Module loaded.
2020-04-01 14:55:31,364 - elsapy.elssearch - INFO - Module loaded.
2020-04-01 14:56:05,131 - elsapy.elsclient - INFO - Module loaded.
2020-04-01 14:56:05,132 - elsapy.elsentity - INFO - Module loaded.
2020-04-01 14:56:05,133 - elsapy.utils - INFO - Module loaded.
2020-04-01 14:56:05,134 - elsapy.elsprofile - INFO - Module loaded.
2020-04-01 14:56:05,134 - elsapy.elsdoc - INFO - Module loaded.
2020-04-01 14:56:05,135 - elsapy.elssearch - INFO - Module loaded.
2020-04-01 14:56:56,848 - elsapy.elsclient - INFO - Module loaded.
2020-04-01 14:56:56,850 - elsapy.elsentity - INFO - Module loaded.
2020-04-01 14:56:56,850 - elsapy.utils - INFO - Module loaded.
2020-04-01 14:56:56,851 - elsapy.elsprofile - INFO - Module loaded.
2020-04-01 14:56:56,852 - elsapy.elsdoc - INFO - Module loaded.
2020-04-01 14:56:56,853 - elsapy.elssearch - INFO - Module loaded.
2020-04-01 14:57:07,155 - elsapy.elsclient - INFO - Sending GET request to https://api.elsevier.com/content/affiliation/affiliation_id/60006314
2020-04-01 14:57:08,529 - elsapy.elsentity - INFO - Data loaded for https://api.elsevier.com/content/affiliation/affiliation_id/60006314
2020-04-01 14:57:08,533 - elsapy.elsentity - INFO - Wrote https://api.elsevier.com/content/affiliation/affiliation_id/60006314 to file
2020-04-01 14:57:34,560 - elsapy.elsclient - INFO - Sending GET request to https://api.elsevier.com/content/affiliation/affiliation_id/60006314
2020-04-01 14:57:36,491 - elsapy.elsentity - INFO - Data loaded for https://api.elsevier.com/content/affiliation/affiliation_id/60006314
2020-04-01 14:57:36,494 - elsapy.elsentity - INFO - Wrote https://api.elsevier.com/content/affiliation/affiliation_id/60006314 to file
2020-04-01 14:57:52,326 - elsapy.elsclient - INFO - Sending GET request to https://api.elsevier.com/content/affiliation/affiliation_id/60006314
2020-04-01 14:58:09,903 - elsapy.elsentity - WARNING - HTTPSConnectionPool(host='api.elsevier.com', port=443): Max retries exceeded with url: /content/affiliation/affiliation_id/60006314 (Caused by SSLError(SSLError("bad handshake: SysCallError(-1, 'Unexpected EOF')")))
2020-04-01 14:59:55,392 - elsapy.elsclient - INFO - Module loaded.
2020-04-01 14:59:55,393 - elsapy.elsentity - INFO - Module loaded.
2020-04-01 14:59:55,394 - elsapy.utils - INFO - Module loaded.
2020-04-01 14:59:55,395 - elsapy.elsprofile - INFO - Module loaded.
2020-04-01 14:59:55,396 - elsapy.elsdoc - INFO - Module loaded.
2020-04-01 14:59:55,397 - elsapy.elssearch - INFO - Module loaded.
2020-04-01 15:00:26,114 - elsapy.elsclient - INFO - Sending GET request to https://api.elsevier.com/content/affiliation/affiliation_id/60006314
2020-04-01 15:00:39,924 - elsapy.elsentity - WARNING - HTTPSConnectionPool(host='api.elsevier.com', port=443): Max retries exceeded with url: /content/affiliation/affiliation_id/60006314 (Caused by SSLError(SSLError("bad handshake: SysCallError(-1, 'Unexpected EOF')")))
2020-04-01 15:01:31,437 - elsapy.elsclient - INFO - Sending GET request to https://api.elsevier.com/content/affiliation/affiliation_id/60006314
2020-04-01 15:01:32,749 - elsapy.elsentity - INFO - Data loaded for https://api.elsevier.com/content/affiliation/affiliation_id/60006314
2020-04-01 15:01:32,754 - elsapy.elsentity - INFO - Wrote https://api.elsevier.com/content/affiliation/affiliation_id/60006314 to file
2020-04-01 15:39:02,008 - elsapy.elsclient - INFO - Module loaded.
2020-04-01 15:39:02,010 - elsapy.elsentity - INFO - Module loaded.
2020-04-01 15:39:02,012 - elsapy.utils - INFO - Module loaded.
2020-04-01 15:39:02,013 - elsapy.elsprofile - INFO - Module loaded.
2020-04-01 15:39:02,015 - elsapy.elsdoc - INFO - Module loaded.
2020-04-01 15:39:02,016 - elsapy.elssearch - INFO - Module loaded.
2020-04-01 15:39:23,423 - elsapy.elsclient - INFO - Sending GET request to https://api.elsevier.com/content/affiliation/affiliation_id/60006314
2020-04-01 15:39:24,802 - elsapy.elsentity - INFO - Data loaded for https://api.elsevier.com/content/affiliation/affiliation_id/60006314
2020-04-01 15:39:24,804 - elsapy.elsentity - INFO - Wrote https://api.elsevier.com/content/affiliation/affiliation_id/60006314 to file
2020-04-01 16:04:56,954 - elsapy.elsclient - INFO - Module loaded.
2020-04-01 16:04:56,958 - elsapy.elsentity - INFO - Module loaded.
2020-04-01 16:04:56,959 - elsapy.utils - INFO - Module loaded.
2020-04-01 16:04:56,960 - elsapy.elsprofile - INFO - Module loaded.
2020-04-01 16:04:56,962 - elsapy.elsdoc - INFO - Module loaded.
2020-04-01 16:04:56,963 - elsapy.elssearch - INFO - Module loaded.
2020-04-01 16:05:30,888 - elsapy.elsclient - INFO - Module loaded.
2020-04-01 16:05:30,891 - elsapy.elsentity - INFO - Module loaded.
2020-04-01 16:05:30,893 - elsapy.utils - INFO - Module loaded.
2020-04-01 16:05:30,894 - elsapy.elsprofile - INFO - Module loaded.
2020-04-01 16:05:30,896 - elsapy.elsdoc - INFO - Module loaded.
2020-04-01 16:05:30,898 - elsapy.elssearch - INFO - Module loaded.
2020-04-01 16:53:44,817 - elsapy.elsclient - INFO - Module loaded.
2020-04-01 16:53:44,819 - elsapy.elsentity - INFO - Module loaded.
2020-04-01 16:53:44,820 - elsapy.utils - INFO - Module loaded.
2020-04-01 16:53:44,820 - elsapy.elsprofile - INFO - Module loaded.
2020-04-01 16:53:44,821 - elsapy.elsdoc - INFO - Module loaded.
2020-04-01 16:53:44,822 - elsapy.elssearch - INFO - Module loaded.
