2020-04-05 12:41:05,733 - elsapy.elsclient - INFO - Module loaded.
2020-04-05 12:41:05,735 - elsapy.elsentity - INFO - Module loaded.
2020-04-05 12:41:05,737 - elsapy.utils - INFO - Module loaded.
2020-04-05 12:41:05,737 - elsapy.elsprofile - INFO - Module loaded.
2020-04-05 12:41:05,738 - elsapy.elsdoc - INFO - Module loaded.
2020-04-05 12:41:05,740 - elsapy.elssearch - INFO - Module loaded.
2020-04-05 12:41:22,529 - elsapy.elsclient - INFO - Module loaded.
2020-04-05 12:41:22,530 - elsapy.elsentity - INFO - Module loaded.
2020-04-05 12:41:22,531 - elsapy.utils - INFO - Module loaded.
2020-04-05 12:41:22,532 - elsapy.elsprofile - INFO - Module loaded.
2020-04-05 12:41:22,532 - elsapy.elsdoc - INFO - Module loaded.
2020-04-05 12:41:22,533 - elsapy.elssearch - INFO - Module loaded.
2020-04-05 16:50:04,405 - elsapy.elsclient - INFO - Module loaded.
2020-04-05 16:50:04,406 - elsapy.elsentity - INFO - Module loaded.
2020-04-05 16:50:04,407 - elsapy.utils - INFO - Module loaded.
2020-04-05 16:50:04,407 - elsapy.elsprofile - INFO - Module loaded.
2020-04-05 16:50:04,408 - elsapy.elsdoc - INFO - Module loaded.
2020-04-05 16:50:04,409 - elsapy.elssearch - INFO - Module loaded.
2020-04-05 18:05:59,157 - elsapy.elsclient - INFO - Module loaded.
2020-04-05 18:05:59,158 - elsapy.elsentity - INFO - Module loaded.
2020-04-05 18:05:59,159 - elsapy.utils - INFO - Module loaded.
2020-04-05 18:05:59,159 - elsapy.elsprofile - INFO - Module loaded.
2020-04-05 18:05:59,160 - elsapy.elsdoc - INFO - Module loaded.
2020-04-05 18:05:59,161 - elsapy.elssearch - INFO - Module loaded.
2020-04-05 18:34:08,936 - elsapy.elsclient - INFO - Module loaded.
2020-04-05 18:34:08,937 - elsapy.elsentity - INFO - Module loaded.
2020-04-05 18:34:08,938 - elsapy.utils - INFO - Module loaded.
2020-04-05 18:34:08,938 - elsapy.elsprofile - INFO - Module loaded.
2020-04-05 18:34:08,939 - elsapy.elsdoc - INFO - Module loaded.
2020-04-05 18:34:08,940 - elsapy.elssearch - INFO - Module loaded.
