2020-04-16 08:53:02,624 - elsapy.elsclient - INFO - Module loaded.
2020-04-16 08:53:02,627 - elsapy.elsentity - INFO - Module loaded.
2020-04-16 08:53:02,628 - elsapy.utils - INFO - Module loaded.
2020-04-16 08:53:02,628 - elsapy.elsprofile - INFO - Module loaded.
2020-04-16 08:53:02,630 - elsapy.elsdoc - INFO - Module loaded.
2020-04-16 08:53:02,631 - elsapy.elssearch - INFO - Module loaded.
2020-04-16 08:53:27,932 - elsapy.elsclient - INFO - Module loaded.
2020-04-16 08:53:27,934 - elsapy.elsentity - INFO - Module loaded.
2020-04-16 08:53:27,935 - elsapy.utils - INFO - Module loaded.
2020-04-16 08:53:27,935 - elsapy.elsprofile - INFO - Module loaded.
2020-04-16 08:53:27,937 - elsapy.elsdoc - INFO - Module loaded.
2020-04-16 08:53:27,937 - elsapy.elssearch - INFO - Module loaded.
2020-04-16 09:32:42,301 - elsapy.elsclient - INFO - Module loaded.
2020-04-16 09:32:42,302 - elsapy.elsentity - INFO - Module loaded.
2020-04-16 09:32:42,302 - elsapy.utils - INFO - Module loaded.
2020-04-16 09:32:42,303 - elsapy.elsprofile - INFO - Module loaded.
2020-04-16 09:32:42,303 - elsapy.elsdoc - INFO - Module loaded.
2020-04-16 09:32:42,304 - elsapy.elssearch - INFO - Module loaded.
2020-04-16 11:32:52,462 - elsapy.elsclient - INFO - Module loaded.
2020-04-16 11:32:52,464 - elsapy.elsentity - INFO - Module loaded.
2020-04-16 11:32:52,464 - elsapy.utils - INFO - Module loaded.
2020-04-16 11:32:52,465 - elsapy.elsprofile - INFO - Module loaded.
2020-04-16 11:32:52,466 - elsapy.elsdoc - INFO - Module loaded.
2020-04-16 11:32:52,467 - elsapy.elssearch - INFO - Module loaded.
2020-04-16 13:12:58,936 - elsapy.elsclient - INFO - Module loaded.
2020-04-16 13:12:58,937 - elsapy.elsentity - INFO - Module loaded.
2020-04-16 13:12:58,938 - elsapy.utils - INFO - Module loaded.
2020-04-16 13:12:58,938 - elsapy.elsprofile - INFO - Module loaded.
2020-04-16 13:12:58,939 - elsapy.elsdoc - INFO - Module loaded.
2020-04-16 13:12:58,940 - elsapy.elssearch - INFO - Module loaded.
2020-04-16 13:28:00,429 - elsapy.elsclient - INFO - Module loaded.
2020-04-16 13:28:00,430 - elsapy.elsentity - INFO - Module loaded.
2020-04-16 13:28:00,430 - elsapy.utils - INFO - Module loaded.
2020-04-16 13:28:00,431 - elsapy.elsprofile - INFO - Module loaded.
2020-04-16 13:28:00,432 - elsapy.elsdoc - INFO - Module loaded.
2020-04-16 13:28:00,433 - elsapy.elssearch - INFO - Module loaded.
2020-04-16 13:31:18,242 - elsapy.elsclient - INFO - Module loaded.
2020-04-16 13:31:18,243 - elsapy.elsentity - INFO - Module loaded.
2020-04-16 13:31:18,243 - elsapy.utils - INFO - Module loaded.
2020-04-16 13:31:18,244 - elsapy.elsprofile - INFO - Module loaded.
2020-04-16 13:31:18,244 - elsapy.elsdoc - INFO - Module loaded.
2020-04-16 13:31:18,245 - elsapy.elssearch - INFO - Module loaded.
2020-04-16 14:30:00,358 - elsapy.elsclient - INFO - Module loaded.
2020-04-16 14:30:00,359 - elsapy.elsentity - INFO - Module loaded.
2020-04-16 14:30:00,359 - elsapy.utils - INFO - Module loaded.
2020-04-16 14:30:00,359 - elsapy.elsprofile - INFO - Module loaded.
2020-04-16 14:30:00,360 - elsapy.elsdoc - INFO - Module loaded.
2020-04-16 14:30:00,361 - elsapy.elssearch - INFO - Module loaded.
2020-04-16 14:30:17,331 - elsapy.elsclient - INFO - Module loaded.
2020-04-16 14:30:17,333 - elsapy.elsentity - INFO - Module loaded.
2020-04-16 14:30:17,333 - elsapy.utils - INFO - Module loaded.
2020-04-16 14:30:17,333 - elsapy.elsprofile - INFO - Module loaded.
2020-04-16 14:30:17,334 - elsapy.elsdoc - INFO - Module loaded.
2020-04-16 14:30:17,335 - elsapy.elssearch - INFO - Module loaded.
2020-04-16 14:32:26,043 - elsapy.elsclient - INFO - Module loaded.
2020-04-16 14:32:26,044 - elsapy.elsentity - INFO - Module loaded.
2020-04-16 14:32:26,045 - elsapy.utils - INFO - Module loaded.
2020-04-16 14:32:26,046 - elsapy.elsprofile - INFO - Module loaded.
2020-04-16 14:32:26,047 - elsapy.elsdoc - INFO - Module loaded.
2020-04-16 14:32:26,048 - elsapy.elssearch - INFO - Module loaded.
2020-04-16 14:33:19,769 - elsapy.elsclient - INFO - Module loaded.
2020-04-16 14:33:19,771 - elsapy.elsentity - INFO - Module loaded.
2020-04-16 14:33:19,772 - elsapy.utils - INFO - Module loaded.
2020-04-16 14:33:19,772 - elsapy.elsprofile - INFO - Module loaded.
2020-04-16 14:33:19,773 - elsapy.elsdoc - INFO - Module loaded.
2020-04-16 14:33:19,773 - elsapy.elssearch - INFO - Module loaded.
2020-04-16 14:39:31,406 - elsapy.elsclient - INFO - Module loaded.
2020-04-16 14:39:31,407 - elsapy.elsentity - INFO - Module loaded.
2020-04-16 14:39:31,408 - elsapy.utils - INFO - Module loaded.
2020-04-16 14:39:31,408 - elsapy.elsprofile - INFO - Module loaded.
2020-04-16 14:39:31,409 - elsapy.elsdoc - INFO - Module loaded.
2020-04-16 14:39:31,409 - elsapy.elssearch - INFO - Module loaded.
2020-04-16 14:41:16,154 - elsapy.elsclient - INFO - Module loaded.
2020-04-16 14:41:16,155 - elsapy.elsentity - INFO - Module loaded.
2020-04-16 14:41:16,155 - elsapy.utils - INFO - Module loaded.
2020-04-16 14:41:16,156 - elsapy.elsprofile - INFO - Module loaded.
2020-04-16 14:41:16,157 - elsapy.elsdoc - INFO - Module loaded.
2020-04-16 14:41:16,157 - elsapy.elssearch - INFO - Module loaded.
2020-04-16 14:41:31,865 - elsapy.elsclient - INFO - Module loaded.
2020-04-16 14:41:31,866 - elsapy.elsentity - INFO - Module loaded.
2020-04-16 14:41:31,866 - elsapy.utils - INFO - Module loaded.
2020-04-16 14:41:31,867 - elsapy.elsprofile - INFO - Module loaded.
2020-04-16 14:41:31,867 - elsapy.elsdoc - INFO - Module loaded.
2020-04-16 14:41:31,868 - elsapy.elssearch - INFO - Module loaded.
2020-04-16 14:41:47,740 - elsapy.elsclient - INFO - Module loaded.
2020-04-16 14:41:47,741 - elsapy.elsentity - INFO - Module loaded.
2020-04-16 14:41:47,742 - elsapy.utils - INFO - Module loaded.
2020-04-16 14:41:47,742 - elsapy.elsprofile - INFO - Module loaded.
2020-04-16 14:41:47,743 - elsapy.elsdoc - INFO - Module loaded.
2020-04-16 14:41:47,743 - elsapy.elssearch - INFO - Module loaded.
2020-04-16 14:42:02,529 - elsapy.elsclient - INFO - Module loaded.
2020-04-16 14:42:02,530 - elsapy.elsentity - INFO - Module loaded.
2020-04-16 14:42:02,531 - elsapy.utils - INFO - Module loaded.
2020-04-16 14:42:02,531 - elsapy.elsprofile - INFO - Module loaded.
2020-04-16 14:42:02,532 - elsapy.elsdoc - INFO - Module loaded.
2020-04-16 14:42:02,533 - elsapy.elssearch - INFO - Module loaded.
2020-04-16 14:42:11,910 - elsapy.elsclient - INFO - Module loaded.
2020-04-16 14:42:11,911 - elsapy.elsentity - INFO - Module loaded.
2020-04-16 14:42:11,911 - elsapy.utils - INFO - Module loaded.
2020-04-16 14:42:11,912 - elsapy.elsprofile - INFO - Module loaded.
2020-04-16 14:42:11,912 - elsapy.elsdoc - INFO - Module loaded.
2020-04-16 14:42:11,913 - elsapy.elssearch - INFO - Module loaded.
2020-04-16 14:42:34,454 - elsapy.elsclient - INFO - Module loaded.
2020-04-16 14:42:34,455 - elsapy.elsentity - INFO - Module loaded.
2020-04-16 14:42:34,455 - elsapy.utils - INFO - Module loaded.
2020-04-16 14:42:34,456 - elsapy.elsprofile - INFO - Module loaded.
2020-04-16 14:42:34,456 - elsapy.elsdoc - INFO - Module loaded.
2020-04-16 14:42:34,457 - elsapy.elssearch - INFO - Module loaded.
2020-04-16 14:42:46,421 - elsapy.elsclient - INFO - Module loaded.
2020-04-16 14:42:46,423 - elsapy.elsentity - INFO - Module loaded.
2020-04-16 14:42:46,423 - elsapy.utils - INFO - Module loaded.
2020-04-16 14:42:46,423 - elsapy.elsprofile - INFO - Module loaded.
2020-04-16 14:42:46,424 - elsapy.elsdoc - INFO - Module loaded.
2020-04-16 14:42:46,425 - elsapy.elssearch - INFO - Module loaded.
2020-04-16 14:42:57,842 - elsapy.elsclient - INFO - Module loaded.
2020-04-16 14:42:57,843 - elsapy.elsentity - INFO - Module loaded.
2020-04-16 14:42:57,844 - elsapy.utils - INFO - Module loaded.
2020-04-16 14:42:57,844 - elsapy.elsprofile - INFO - Module loaded.
2020-04-16 14:42:57,846 - elsapy.elsdoc - INFO - Module loaded.
2020-04-16 14:42:57,846 - elsapy.elssearch - INFO - Module loaded.
2020-04-16 14:43:08,031 - elsapy.elsclient - INFO - Module loaded.
2020-04-16 14:43:08,032 - elsapy.elsentity - INFO - Module loaded.
2020-04-16 14:43:08,033 - elsapy.utils - INFO - Module loaded.
2020-04-16 14:43:08,033 - elsapy.elsprofile - INFO - Module loaded.
2020-04-16 14:43:08,034 - elsapy.elsdoc - INFO - Module loaded.
2020-04-16 14:43:08,035 - elsapy.elssearch - INFO - Module loaded.
2020-04-16 14:43:20,774 - elsapy.elsclient - INFO - Module loaded.
2020-04-16 14:43:20,775 - elsapy.elsentity - INFO - Module loaded.
2020-04-16 14:43:20,776 - elsapy.utils - INFO - Module loaded.
2020-04-16 14:43:20,776 - elsapy.elsprofile - INFO - Module loaded.
2020-04-16 14:43:20,777 - elsapy.elsdoc - INFO - Module loaded.
2020-04-16 14:43:20,778 - elsapy.elssearch - INFO - Module loaded.
2020-04-16 14:44:01,107 - elsapy.elsclient - INFO - Module loaded.
2020-04-16 14:44:01,110 - elsapy.elsentity - INFO - Module loaded.
2020-04-16 14:44:01,110 - elsapy.utils - INFO - Module loaded.
2020-04-16 14:44:01,111 - elsapy.elsprofile - INFO - Module loaded.
2020-04-16 14:44:01,112 - elsapy.elsdoc - INFO - Module loaded.
2020-04-16 14:44:01,113 - elsapy.elssearch - INFO - Module loaded.
2020-04-16 14:44:26,355 - elsapy.elsclient - INFO - Module loaded.
2020-04-16 14:44:26,356 - elsapy.elsentity - INFO - Module loaded.
2020-04-16 14:44:26,357 - elsapy.utils - INFO - Module loaded.
2020-04-16 14:44:26,357 - elsapy.elsprofile - INFO - Module loaded.
2020-04-16 14:44:26,358 - elsapy.elsdoc - INFO - Module loaded.
2020-04-16 14:44:26,359 - elsapy.elssearch - INFO - Module loaded.
2020-04-16 14:45:07,933 - elsapy.elsclient - INFO - Module loaded.
2020-04-16 14:45:07,934 - elsapy.elsentity - INFO - Module loaded.
2020-04-16 14:45:07,935 - elsapy.utils - INFO - Module loaded.
2020-04-16 14:45:07,935 - elsapy.elsprofile - INFO - Module loaded.
2020-04-16 14:45:07,936 - elsapy.elsdoc - INFO - Module loaded.
2020-04-16 14:45:07,936 - elsapy.elssearch - INFO - Module loaded.
2020-04-16 14:46:53,754 - elsapy.elsclient - INFO - Module loaded.
2020-04-16 14:46:53,756 - elsapy.elsentity - INFO - Module loaded.
2020-04-16 14:46:53,756 - elsapy.utils - INFO - Module loaded.
2020-04-16 14:46:53,756 - elsapy.elsprofile - INFO - Module loaded.
2020-04-16 14:46:53,757 - elsapy.elsdoc - INFO - Module loaded.
2020-04-16 14:46:53,758 - elsapy.elssearch - INFO - Module loaded.
2020-04-16 14:47:49,646 - elsapy.elsclient - INFO - Module loaded.
2020-04-16 14:47:49,647 - elsapy.elsentity - INFO - Module loaded.
2020-04-16 14:47:49,648 - elsapy.utils - INFO - Module loaded.
2020-04-16 14:47:49,648 - elsapy.elsprofile - INFO - Module loaded.
2020-04-16 14:47:49,649 - elsapy.elsdoc - INFO - Module loaded.
2020-04-16 14:47:49,649 - elsapy.elssearch - INFO - Module loaded.
2020-04-16 14:53:17,796 - elsapy.elsclient - INFO - Module loaded.
2020-04-16 14:53:17,798 - elsapy.elsentity - INFO - Module loaded.
2020-04-16 14:53:17,798 - elsapy.utils - INFO - Module loaded.
2020-04-16 14:53:17,799 - elsapy.elsprofile - INFO - Module loaded.
2020-04-16 14:53:17,799 - elsapy.elsdoc - INFO - Module loaded.
2020-04-16 14:53:17,800 - elsapy.elssearch - INFO - Module loaded.
2020-04-16 14:54:03,218 - elsapy.elsclient - INFO - Module loaded.
2020-04-16 14:54:03,219 - elsapy.elsentity - INFO - Module loaded.
2020-04-16 14:54:03,220 - elsapy.utils - INFO - Module loaded.
2020-04-16 14:54:03,220 - elsapy.elsprofile - INFO - Module loaded.
2020-04-16 14:54:03,221 - elsapy.elsdoc - INFO - Module loaded.
2020-04-16 14:54:03,222 - elsapy.elssearch - INFO - Module loaded.
2020-04-16 14:54:36,391 - elsapy.elsclient - INFO - Module loaded.
2020-04-16 14:54:36,392 - elsapy.elsentity - INFO - Module loaded.
2020-04-16 14:54:36,392 - elsapy.utils - INFO - Module loaded.
2020-04-16 14:54:36,393 - elsapy.elsprofile - INFO - Module loaded.
2020-04-16 14:54:36,393 - elsapy.elsdoc - INFO - Module loaded.
2020-04-16 14:54:36,394 - elsapy.elssearch - INFO - Module loaded.
2020-04-16 14:59:08,772 - elsapy.elsclient - INFO - Module loaded.
2020-04-16 14:59:08,773 - elsapy.elsentity - INFO - Module loaded.
2020-04-16 14:59:08,773 - elsapy.utils - INFO - Module loaded.
2020-04-16 14:59:08,774 - elsapy.elsprofile - INFO - Module loaded.
2020-04-16 14:59:08,774 - elsapy.elsdoc - INFO - Module loaded.
2020-04-16 14:59:08,775 - elsapy.elssearch - INFO - Module loaded.
2020-04-16 14:59:38,706 - elsapy.elsclient - INFO - Module loaded.
2020-04-16 14:59:38,707 - elsapy.elsentity - INFO - Module loaded.
2020-04-16 14:59:38,708 - elsapy.utils - INFO - Module loaded.
2020-04-16 14:59:38,708 - elsapy.elsprofile - INFO - Module loaded.
2020-04-16 14:59:38,709 - elsapy.elsdoc - INFO - Module loaded.
2020-04-16 14:59:38,710 - elsapy.elssearch - INFO - Module loaded.
2020-04-16 14:59:58,100 - elsapy.elsclient - INFO - Module loaded.
2020-04-16 14:59:58,101 - elsapy.elsentity - INFO - Module loaded.
2020-04-16 14:59:58,102 - elsapy.utils - INFO - Module loaded.
2020-04-16 14:59:58,102 - elsapy.elsprofile - INFO - Module loaded.
2020-04-16 14:59:58,103 - elsapy.elsdoc - INFO - Module loaded.
2020-04-16 14:59:58,104 - elsapy.elssearch - INFO - Module loaded.
2020-04-16 15:01:40,545 - elsapy.elsclient - INFO - Module loaded.
2020-04-16 15:01:40,546 - elsapy.elsentity - INFO - Module loaded.
2020-04-16 15:01:40,546 - elsapy.utils - INFO - Module loaded.
2020-04-16 15:01:40,547 - elsapy.elsprofile - INFO - Module loaded.
2020-04-16 15:01:40,547 - elsapy.elsdoc - INFO - Module loaded.
2020-04-16 15:01:40,548 - elsapy.elssearch - INFO - Module loaded.
2020-04-16 15:04:47,630 - elsapy.elsclient - INFO - Module loaded.
2020-04-16 15:04:47,631 - elsapy.elsentity - INFO - Module loaded.
2020-04-16 15:04:47,633 - elsapy.utils - INFO - Module loaded.
2020-04-16 15:04:47,633 - elsapy.elsprofile - INFO - Module loaded.
2020-04-16 15:04:47,634 - elsapy.elsdoc - INFO - Module loaded.
2020-04-16 15:04:47,635 - elsapy.elssearch - INFO - Module loaded.
2020-04-16 15:04:56,196 - elsapy.elsclient - INFO - Module loaded.
2020-04-16 15:04:56,197 - elsapy.elsentity - INFO - Module loaded.
2020-04-16 15:04:56,198 - elsapy.utils - INFO - Module loaded.
2020-04-16 15:04:56,198 - elsapy.elsprofile - INFO - Module loaded.
2020-04-16 15:04:56,199 - elsapy.elsdoc - INFO - Module loaded.
2020-04-16 15:04:56,199 - elsapy.elssearch - INFO - Module loaded.
2020-04-16 15:40:00,416 - elsapy.elsclient - INFO - Module loaded.
2020-04-16 15:40:00,417 - elsapy.elsentity - INFO - Module loaded.
2020-04-16 15:40:00,418 - elsapy.utils - INFO - Module loaded.
2020-04-16 15:40:00,418 - elsapy.elsprofile - INFO - Module loaded.
2020-04-16 15:40:00,419 - elsapy.elsdoc - INFO - Module loaded.
2020-04-16 15:40:00,420 - elsapy.elssearch - INFO - Module loaded.
2020-04-16 15:48:20,689 - elsapy.elsclient - INFO - Module loaded.
2020-04-16 15:48:20,690 - elsapy.elsentity - INFO - Module loaded.
2020-04-16 15:48:20,691 - elsapy.utils - INFO - Module loaded.
2020-04-16 15:48:20,691 - elsapy.elsprofile - INFO - Module loaded.
2020-04-16 15:48:20,692 - elsapy.elsdoc - INFO - Module loaded.
2020-04-16 15:48:20,693 - elsapy.elssearch - INFO - Module loaded.
2020-04-16 15:48:39,465 - elsapy.elsclient - INFO - Module loaded.
2020-04-16 15:48:39,466 - elsapy.elsentity - INFO - Module loaded.
2020-04-16 15:48:39,467 - elsapy.utils - INFO - Module loaded.
2020-04-16 15:48:39,467 - elsapy.elsprofile - INFO - Module loaded.
2020-04-16 15:48:39,468 - elsapy.elsdoc - INFO - Module loaded.
2020-04-16 15:48:39,469 - elsapy.elssearch - INFO - Module loaded.
2020-04-16 15:50:13,277 - elsapy.elsclient - INFO - Module loaded.
2020-04-16 15:50:13,278 - elsapy.elsentity - INFO - Module loaded.
2020-04-16 15:50:13,279 - elsapy.utils - INFO - Module loaded.
2020-04-16 15:50:13,279 - elsapy.elsprofile - INFO - Module loaded.
2020-04-16 15:50:13,280 - elsapy.elsdoc - INFO - Module loaded.
2020-04-16 15:50:13,281 - elsapy.elssearch - INFO - Module loaded.
2020-04-16 15:51:22,742 - elsapy.elsclient - INFO - Module loaded.
2020-04-16 15:51:22,743 - elsapy.elsentity - INFO - Module loaded.
2020-04-16 15:51:22,744 - elsapy.utils - INFO - Module loaded.
2020-04-16 15:51:22,744 - elsapy.elsprofile - INFO - Module loaded.
2020-04-16 15:51:22,745 - elsapy.elsdoc - INFO - Module loaded.
2020-04-16 15:51:22,746 - elsapy.elssearch - INFO - Module loaded.
2020-04-16 15:54:13,788 - elsapy.elsclient - INFO - Module loaded.
2020-04-16 15:54:13,789 - elsapy.elsentity - INFO - Module loaded.
2020-04-16 15:54:13,789 - elsapy.utils - INFO - Module loaded.
2020-04-16 15:54:13,790 - elsapy.elsprofile - INFO - Module loaded.
2020-04-16 15:54:13,790 - elsapy.elsdoc - INFO - Module loaded.
2020-04-16 15:54:13,791 - elsapy.elssearch - INFO - Module loaded.
2020-04-16 15:57:52,010 - elsapy.elsclient - INFO - Module loaded.
2020-04-16 15:57:52,011 - elsapy.elsentity - INFO - Module loaded.
2020-04-16 15:57:52,012 - elsapy.utils - INFO - Module loaded.
2020-04-16 15:57:52,012 - elsapy.elsprofile - INFO - Module loaded.
2020-04-16 15:57:52,013 - elsapy.elsdoc - INFO - Module loaded.
2020-04-16 15:57:52,013 - elsapy.elssearch - INFO - Module loaded.
2020-04-16 15:59:42,830 - elsapy.elsclient - INFO - Module loaded.
2020-04-16 15:59:42,832 - elsapy.elsentity - INFO - Module loaded.
2020-04-16 15:59:42,832 - elsapy.utils - INFO - Module loaded.
2020-04-16 15:59:42,832 - elsapy.elsprofile - INFO - Module loaded.
2020-04-16 15:59:42,833 - elsapy.elsdoc - INFO - Module loaded.
2020-04-16 15:59:42,834 - elsapy.elssearch - INFO - Module loaded.
2020-04-16 16:39:43,061 - elsapy.elsclient - INFO - Module loaded.
2020-04-16 16:39:43,062 - elsapy.elsentity - INFO - Module loaded.
2020-04-16 16:39:43,063 - elsapy.utils - INFO - Module loaded.
2020-04-16 16:39:43,063 - elsapy.elsprofile - INFO - Module loaded.
2020-04-16 16:39:43,064 - elsapy.elsdoc - INFO - Module loaded.
2020-04-16 16:39:43,065 - elsapy.elssearch - INFO - Module loaded.
2020-04-16 16:40:02,562 - elsapy.elsclient - INFO - Module loaded.
2020-04-16 16:40:02,564 - elsapy.elsentity - INFO - Module loaded.
2020-04-16 16:40:02,565 - elsapy.utils - INFO - Module loaded.
2020-04-16 16:40:02,566 - elsapy.elsprofile - INFO - Module loaded.
2020-04-16 16:40:02,566 - elsapy.elsdoc - INFO - Module loaded.
2020-04-16 16:40:02,567 - elsapy.elssearch - INFO - Module loaded.
