2020-04-29 08:50:48,880 - elsapy.elsclient - INFO - Module loaded.
2020-04-29 08:50:48,881 - elsapy.elsentity - INFO - Module loaded.
2020-04-29 08:50:48,882 - elsapy.utils - INFO - Module loaded.
2020-04-29 08:50:48,883 - elsapy.elsprofile - INFO - Module loaded.
2020-04-29 08:50:48,884 - elsapy.elsdoc - INFO - Module loaded.
2020-04-29 08:50:48,885 - elsapy.elssearch - INFO - Module loaded.
2020-04-29 08:57:39,983 - elsapy.elsclient - INFO - Module loaded.
2020-04-29 08:57:39,984 - elsapy.elsentity - INFO - Module loaded.
2020-04-29 08:57:39,985 - elsapy.utils - INFO - Module loaded.
2020-04-29 08:57:39,986 - elsapy.elsprofile - INFO - Module loaded.
2020-04-29 08:57:39,986 - elsapy.elsdoc - INFO - Module loaded.
2020-04-29 08:57:39,987 - elsapy.elssearch - INFO - Module loaded.
2020-04-29 08:58:25,682 - elsapy.elsclient - INFO - Module loaded.
2020-04-29 08:58:25,684 - elsapy.elsentity - INFO - Module loaded.
2020-04-29 08:58:25,685 - elsapy.utils - INFO - Module loaded.
2020-04-29 08:58:25,685 - elsapy.elsprofile - INFO - Module loaded.
2020-04-29 08:58:25,686 - elsapy.elsdoc - INFO - Module loaded.
2020-04-29 08:58:25,687 - elsapy.elssearch - INFO - Module loaded.
2020-04-29 08:58:41,167 - elsapy.elsclient - INFO - Module loaded.
2020-04-29 08:58:41,168 - elsapy.elsentity - INFO - Module loaded.
2020-04-29 08:58:41,169 - elsapy.utils - INFO - Module loaded.
2020-04-29 08:58:41,169 - elsapy.elsprofile - INFO - Module loaded.
2020-04-29 08:58:41,170 - elsapy.elsdoc - INFO - Module loaded.
2020-04-29 08:58:41,171 - elsapy.elssearch - INFO - Module loaded.
2020-04-29 08:59:00,369 - elsapy.elsclient - INFO - Module loaded.
2020-04-29 08:59:00,370 - elsapy.elsentity - INFO - Module loaded.
2020-04-29 08:59:00,371 - elsapy.utils - INFO - Module loaded.
2020-04-29 08:59:00,371 - elsapy.elsprofile - INFO - Module loaded.
2020-04-29 08:59:00,372 - elsapy.elsdoc - INFO - Module loaded.
2020-04-29 08:59:00,373 - elsapy.elssearch - INFO - Module loaded.
2020-04-29 08:59:16,308 - elsapy.elsclient - INFO - Module loaded.
2020-04-29 08:59:16,309 - elsapy.elsentity - INFO - Module loaded.
2020-04-29 08:59:16,310 - elsapy.utils - INFO - Module loaded.
2020-04-29 08:59:16,311 - elsapy.elsprofile - INFO - Module loaded.
2020-04-29 08:59:16,311 - elsapy.elsdoc - INFO - Module loaded.
2020-04-29 08:59:16,312 - elsapy.elssearch - INFO - Module loaded.
2020-04-29 09:01:13,219 - elsapy.elsclient - INFO - Module loaded.
2020-04-29 09:01:13,221 - elsapy.elsentity - INFO - Module loaded.
2020-04-29 09:01:13,222 - elsapy.utils - INFO - Module loaded.
2020-04-29 09:01:13,222 - elsapy.elsprofile - INFO - Module loaded.
2020-04-29 09:01:13,223 - elsapy.elsdoc - INFO - Module loaded.
2020-04-29 09:01:13,223 - elsapy.elssearch - INFO - Module loaded.
2020-04-29 09:01:25,345 - elsapy.elsclient - INFO - Module loaded.
2020-04-29 09:01:25,346 - elsapy.elsentity - INFO - Module loaded.
2020-04-29 09:01:25,347 - elsapy.utils - INFO - Module loaded.
2020-04-29 09:01:25,347 - elsapy.elsprofile - INFO - Module loaded.
2020-04-29 09:01:25,348 - elsapy.elsdoc - INFO - Module loaded.
2020-04-29 09:01:25,349 - elsapy.elssearch - INFO - Module loaded.
2020-04-29 10:44:11,500 - elsapy.elsclient - INFO - Module loaded.
2020-04-29 10:44:11,501 - elsapy.elsentity - INFO - Module loaded.
2020-04-29 10:44:11,501 - elsapy.utils - INFO - Module loaded.
2020-04-29 10:44:11,502 - elsapy.elsprofile - INFO - Module loaded.
2020-04-29 10:44:11,502 - elsapy.elsdoc - INFO - Module loaded.
2020-04-29 10:44:11,503 - elsapy.elssearch - INFO - Module loaded.
2020-04-29 13:12:02,441 - elsapy.elsclient - INFO - Module loaded.
2020-04-29 13:12:02,442 - elsapy.elsentity - INFO - Module loaded.
2020-04-29 13:12:02,442 - elsapy.utils - INFO - Module loaded.
2020-04-29 13:12:02,443 - elsapy.elsprofile - INFO - Module loaded.
2020-04-29 13:12:02,443 - elsapy.elsdoc - INFO - Module loaded.
2020-04-29 13:12:02,444 - elsapy.elssearch - INFO - Module loaded.
2020-04-29 13:15:09,412 - elsapy.elsclient - INFO - Module loaded.
2020-04-29 13:15:09,413 - elsapy.elsentity - INFO - Module loaded.
2020-04-29 13:15:09,414 - elsapy.utils - INFO - Module loaded.
2020-04-29 13:15:09,414 - elsapy.elsprofile - INFO - Module loaded.
2020-04-29 13:15:09,415 - elsapy.elsdoc - INFO - Module loaded.
2020-04-29 13:15:09,416 - elsapy.elssearch - INFO - Module loaded.
2020-04-29 13:28:33,524 - elsapy.elsclient - INFO - Module loaded.
2020-04-29 13:28:33,525 - elsapy.elsentity - INFO - Module loaded.
2020-04-29 13:28:33,526 - elsapy.utils - INFO - Module loaded.
2020-04-29 13:28:33,526 - elsapy.elsprofile - INFO - Module loaded.
2020-04-29 13:28:33,527 - elsapy.elsdoc - INFO - Module loaded.
2020-04-29 13:28:33,528 - elsapy.elssearch - INFO - Module loaded.
2020-04-29 13:35:28,372 - elsapy.elsclient - INFO - Module loaded.
2020-04-29 13:35:28,373 - elsapy.elsentity - INFO - Module loaded.
2020-04-29 13:35:28,374 - elsapy.utils - INFO - Module loaded.
2020-04-29 13:35:28,374 - elsapy.elsprofile - INFO - Module loaded.
2020-04-29 13:35:28,375 - elsapy.elsdoc - INFO - Module loaded.
2020-04-29 13:35:28,376 - elsapy.elssearch - INFO - Module loaded.
2020-04-29 13:37:27,233 - elsapy.elsclient - INFO - Module loaded.
2020-04-29 13:37:27,235 - elsapy.elsentity - INFO - Module loaded.
2020-04-29 13:37:27,236 - elsapy.utils - INFO - Module loaded.
2020-04-29 13:37:27,236 - elsapy.elsprofile - INFO - Module loaded.
2020-04-29 13:37:27,237 - elsapy.elsdoc - INFO - Module loaded.
2020-04-29 13:37:27,238 - elsapy.elssearch - INFO - Module loaded.
2020-04-29 13:40:13,381 - elsapy.elsclient - INFO - Module loaded.
2020-04-29 13:40:13,382 - elsapy.elsentity - INFO - Module loaded.
2020-04-29 13:40:13,383 - elsapy.utils - INFO - Module loaded.
2020-04-29 13:40:13,383 - elsapy.elsprofile - INFO - Module loaded.
2020-04-29 13:40:13,384 - elsapy.elsdoc - INFO - Module loaded.
2020-04-29 13:40:13,385 - elsapy.elssearch - INFO - Module loaded.
2020-04-29 13:41:16,257 - elsapy.elsclient - INFO - Module loaded.
2020-04-29 13:41:16,258 - elsapy.elsentity - INFO - Module loaded.
2020-04-29 13:41:16,259 - elsapy.utils - INFO - Module loaded.
2020-04-29 13:41:16,259 - elsapy.elsprofile - INFO - Module loaded.
2020-04-29 13:41:16,263 - elsapy.elsdoc - INFO - Module loaded.
2020-04-29 13:41:16,264 - elsapy.elssearch - INFO - Module loaded.
2020-04-29 13:59:50,771 - elsapy.elsclient - INFO - Module loaded.
2020-04-29 13:59:50,773 - elsapy.elsentity - INFO - Module loaded.
2020-04-29 13:59:50,773 - elsapy.utils - INFO - Module loaded.
2020-04-29 13:59:50,774 - elsapy.elsprofile - INFO - Module loaded.
2020-04-29 13:59:50,774 - elsapy.elsdoc - INFO - Module loaded.
2020-04-29 13:59:50,775 - elsapy.elssearch - INFO - Module loaded.
2020-04-29 14:00:50,443 - elsapy.elsclient - INFO - Module loaded.
2020-04-29 14:00:50,444 - elsapy.elsentity - INFO - Module loaded.
2020-04-29 14:00:50,445 - elsapy.utils - INFO - Module loaded.
2020-04-29 14:00:50,446 - elsapy.elsprofile - INFO - Module loaded.
2020-04-29 14:00:50,446 - elsapy.elsdoc - INFO - Module loaded.
2020-04-29 14:00:50,447 - elsapy.elssearch - INFO - Module loaded.
2020-04-29 14:27:10,191 - elsapy.elsclient - INFO - Module loaded.
2020-04-29 14:27:10,192 - elsapy.elsentity - INFO - Module loaded.
2020-04-29 14:27:10,192 - elsapy.utils - INFO - Module loaded.
2020-04-29 14:27:10,193 - elsapy.elsprofile - INFO - Module loaded.
2020-04-29 14:27:10,193 - elsapy.elsdoc - INFO - Module loaded.
2020-04-29 14:27:10,194 - elsapy.elssearch - INFO - Module loaded.
2020-04-29 14:29:16,744 - elsapy.elsclient - INFO - Module loaded.
2020-04-29 14:29:16,746 - elsapy.elsentity - INFO - Module loaded.
2020-04-29 14:29:16,746 - elsapy.utils - INFO - Module loaded.
2020-04-29 14:29:16,747 - elsapy.elsprofile - INFO - Module loaded.
2020-04-29 14:29:16,747 - elsapy.elsdoc - INFO - Module loaded.
2020-04-29 14:29:16,748 - elsapy.elssearch - INFO - Module loaded.
2020-04-29 14:29:47,758 - elsapy.elsclient - INFO - Module loaded.
2020-04-29 14:29:47,759 - elsapy.elsentity - INFO - Module loaded.
2020-04-29 14:29:47,760 - elsapy.utils - INFO - Module loaded.
2020-04-29 14:29:47,761 - elsapy.elsprofile - INFO - Module loaded.
2020-04-29 14:29:47,761 - elsapy.elsdoc - INFO - Module loaded.
2020-04-29 14:29:47,762 - elsapy.elssearch - INFO - Module loaded.
2020-04-29 14:29:57,096 - elsapy.elsclient - INFO - Module loaded.
2020-04-29 14:29:57,097 - elsapy.elsentity - INFO - Module loaded.
2020-04-29 14:29:57,098 - elsapy.utils - INFO - Module loaded.
2020-04-29 14:29:57,098 - elsapy.elsprofile - INFO - Module loaded.
2020-04-29 14:29:57,099 - elsapy.elsdoc - INFO - Module loaded.
2020-04-29 14:29:57,100 - elsapy.elssearch - INFO - Module loaded.
2020-04-29 14:43:20,781 - elsapy.elsclient - INFO - Module loaded.
2020-04-29 14:43:20,782 - elsapy.elsentity - INFO - Module loaded.
2020-04-29 14:43:20,783 - elsapy.utils - INFO - Module loaded.
2020-04-29 14:43:20,783 - elsapy.elsprofile - INFO - Module loaded.
2020-04-29 14:43:20,784 - elsapy.elsdoc - INFO - Module loaded.
2020-04-29 14:43:20,785 - elsapy.elssearch - INFO - Module loaded.
2020-04-29 14:43:37,156 - elsapy.elsclient - INFO - Module loaded.
2020-04-29 14:43:37,158 - elsapy.elsentity - INFO - Module loaded.
2020-04-29 14:43:37,159 - elsapy.utils - INFO - Module loaded.
2020-04-29 14:43:37,159 - elsapy.elsprofile - INFO - Module loaded.
2020-04-29 14:43:37,160 - elsapy.elsdoc - INFO - Module loaded.
2020-04-29 14:43:37,161 - elsapy.elssearch - INFO - Module loaded.
2020-04-29 15:10:17,990 - elsapy.elsclient - INFO - Module loaded.
2020-04-29 15:10:17,991 - elsapy.elsentity - INFO - Module loaded.
2020-04-29 15:10:17,992 - elsapy.utils - INFO - Module loaded.
2020-04-29 15:10:17,992 - elsapy.elsprofile - INFO - Module loaded.
2020-04-29 15:10:17,994 - elsapy.elsdoc - INFO - Module loaded.
2020-04-29 15:10:17,995 - elsapy.elssearch - INFO - Module loaded.
2020-04-29 15:10:58,973 - elsapy.elsclient - INFO - Module loaded.
2020-04-29 15:10:58,974 - elsapy.elsentity - INFO - Module loaded.
2020-04-29 15:10:58,975 - elsapy.utils - INFO - Module loaded.
2020-04-29 15:10:58,975 - elsapy.elsprofile - INFO - Module loaded.
2020-04-29 15:10:58,976 - elsapy.elsdoc - INFO - Module loaded.
2020-04-29 15:10:58,977 - elsapy.elssearch - INFO - Module loaded.
2020-04-29 15:16:19,094 - elsapy.elsclient - INFO - Module loaded.
2020-04-29 15:16:19,096 - elsapy.elsentity - INFO - Module loaded.
2020-04-29 15:16:19,097 - elsapy.utils - INFO - Module loaded.
2020-04-29 15:16:19,097 - elsapy.elsprofile - INFO - Module loaded.
2020-04-29 15:16:19,098 - elsapy.elsdoc - INFO - Module loaded.
2020-04-29 15:16:19,098 - elsapy.elssearch - INFO - Module loaded.
2020-04-29 15:19:35,909 - elsapy.elsclient - INFO - Module loaded.
2020-04-29 15:19:35,910 - elsapy.elsentity - INFO - Module loaded.
2020-04-29 15:19:35,911 - elsapy.utils - INFO - Module loaded.
2020-04-29 15:19:35,911 - elsapy.elsprofile - INFO - Module loaded.
2020-04-29 15:19:35,912 - elsapy.elsdoc - INFO - Module loaded.
2020-04-29 15:19:35,913 - elsapy.elssearch - INFO - Module loaded.
2020-04-29 15:20:00,282 - elsapy.elsclient - INFO - Module loaded.
2020-04-29 15:20:00,283 - elsapy.elsentity - INFO - Module loaded.
2020-04-29 15:20:00,284 - elsapy.utils - INFO - Module loaded.
2020-04-29 15:20:00,284 - elsapy.elsprofile - INFO - Module loaded.
2020-04-29 15:20:00,285 - elsapy.elsdoc - INFO - Module loaded.
2020-04-29 15:20:00,286 - elsapy.elssearch - INFO - Module loaded.
2020-04-29 15:25:04,040 - elsapy.elsclient - INFO - Module loaded.
2020-04-29 15:25:04,041 - elsapy.elsentity - INFO - Module loaded.
2020-04-29 15:25:04,042 - elsapy.utils - INFO - Module loaded.
2020-04-29 15:25:04,042 - elsapy.elsprofile - INFO - Module loaded.
2020-04-29 15:25:04,043 - elsapy.elsdoc - INFO - Module loaded.
2020-04-29 15:25:04,044 - elsapy.elssearch - INFO - Module loaded.
2020-04-29 15:26:23,704 - elsapy.elsclient - INFO - Module loaded.
2020-04-29 15:26:23,706 - elsapy.elsentity - INFO - Module loaded.
2020-04-29 15:26:23,706 - elsapy.utils - INFO - Module loaded.
2020-04-29 15:26:23,706 - elsapy.elsprofile - INFO - Module loaded.
2020-04-29 15:26:23,707 - elsapy.elsdoc - INFO - Module loaded.
2020-04-29 15:26:23,708 - elsapy.elssearch - INFO - Module loaded.
2020-04-29 15:26:49,033 - elsapy.elsclient - INFO - Module loaded.
2020-04-29 15:26:49,035 - elsapy.elsentity - INFO - Module loaded.
2020-04-29 15:26:49,036 - elsapy.utils - INFO - Module loaded.
2020-04-29 15:26:49,036 - elsapy.elsprofile - INFO - Module loaded.
2020-04-29 15:26:49,037 - elsapy.elsdoc - INFO - Module loaded.
2020-04-29 15:26:49,037 - elsapy.elssearch - INFO - Module loaded.
2020-04-29 15:27:07,231 - elsapy.elsclient - INFO - Module loaded.
2020-04-29 15:27:07,232 - elsapy.elsentity - INFO - Module loaded.
2020-04-29 15:27:07,233 - elsapy.utils - INFO - Module loaded.
2020-04-29 15:27:07,233 - elsapy.elsprofile - INFO - Module loaded.
2020-04-29 15:27:07,234 - elsapy.elsdoc - INFO - Module loaded.
2020-04-29 15:27:07,234 - elsapy.elssearch - INFO - Module loaded.
