2020-05-01 08:45:02,146 - elsapy.elsclient - INFO - Module loaded.
2020-05-01 08:45:02,147 - elsapy.elsentity - INFO - Module loaded.
2020-05-01 08:45:02,148 - elsapy.utils - INFO - Module loaded.
2020-05-01 08:45:02,149 - elsapy.elsprofile - INFO - Module loaded.
2020-05-01 08:45:02,150 - elsapy.elsdoc - INFO - Module loaded.
2020-05-01 08:45:02,151 - elsapy.elssearch - INFO - Module loaded.
2020-05-01 09:19:33,686 - elsapy.elsclient - INFO - Module loaded.
2020-05-01 09:19:33,687 - elsapy.elsentity - INFO - Module loaded.
2020-05-01 09:19:33,688 - elsapy.utils - INFO - Module loaded.
2020-05-01 09:19:33,688 - elsapy.elsprofile - INFO - Module loaded.
2020-05-01 09:19:33,689 - elsapy.elsdoc - INFO - Module loaded.
2020-05-01 09:19:33,690 - elsapy.elssearch - INFO - Module loaded.
2020-05-01 09:20:39,101 - elsapy.elsclient - INFO - Module loaded.
2020-05-01 09:20:39,102 - elsapy.elsentity - INFO - Module loaded.
2020-05-01 09:20:39,103 - elsapy.utils - INFO - Module loaded.
2020-05-01 09:20:39,103 - elsapy.elsprofile - INFO - Module loaded.
2020-05-01 09:20:39,104 - elsapy.elsdoc - INFO - Module loaded.
2020-05-01 09:20:39,104 - elsapy.elssearch - INFO - Module loaded.
2020-05-01 09:22:55,092 - elsapy.elsclient - INFO - Module loaded.
2020-05-01 09:22:55,093 - elsapy.elsentity - INFO - Module loaded.
2020-05-01 09:22:55,094 - elsapy.utils - INFO - Module loaded.
2020-05-01 09:22:55,094 - elsapy.elsprofile - INFO - Module loaded.
2020-05-01 09:22:55,095 - elsapy.elsdoc - INFO - Module loaded.
2020-05-01 09:22:55,096 - elsapy.elssearch - INFO - Module loaded.
2020-05-01 09:23:07,211 - elsapy.elsclient - INFO - Module loaded.
2020-05-01 09:23:07,212 - elsapy.elsentity - INFO - Module loaded.
2020-05-01 09:23:07,213 - elsapy.utils - INFO - Module loaded.
2020-05-01 09:23:07,213 - elsapy.elsprofile - INFO - Module loaded.
2020-05-01 09:23:07,214 - elsapy.elsdoc - INFO - Module loaded.
2020-05-01 09:23:07,215 - elsapy.elssearch - INFO - Module loaded.
2020-05-01 09:23:21,217 - elsapy.elsclient - INFO - Module loaded.
2020-05-01 09:23:21,218 - elsapy.elsentity - INFO - Module loaded.
2020-05-01 09:23:21,219 - elsapy.utils - INFO - Module loaded.
2020-05-01 09:23:21,219 - elsapy.elsprofile - INFO - Module loaded.
2020-05-01 09:23:21,220 - elsapy.elsdoc - INFO - Module loaded.
2020-05-01 09:23:21,220 - elsapy.elssearch - INFO - Module loaded.
2020-05-01 09:23:47,891 - elsapy.elsclient - INFO - Module loaded.
2020-05-01 09:23:47,894 - elsapy.elsentity - INFO - Module loaded.
2020-05-01 09:23:47,895 - elsapy.utils - INFO - Module loaded.
2020-05-01 09:23:47,895 - elsapy.elsprofile - INFO - Module loaded.
2020-05-01 09:23:47,896 - elsapy.elsdoc - INFO - Module loaded.
2020-05-01 09:23:47,897 - elsapy.elssearch - INFO - Module loaded.
